[0.145s] Invoking command in '/home/mp4d/ros2_ws/build/image_processor': /usr/bin/cmake --build /home/mp4d/ros2_ws/build/image_processor -- -j4 -l4
[0.503s] [35m[1mScanning dependencies of target image_processor_node[0m
[0.928s] [ 50%] [32mBuilding CXX object CMakeFiles/image_processor_node.dir/src/image_processor_node.cpp.o[0m
[63.224s] [100%] [32m[1mLinking CXX executable image_processor_node[0m
[71.466s] [100%] Built target image_processor_node
[71.550s] Invoked command in '/home/mp4d/ros2_ws/build/image_processor' returned '0': /usr/bin/cmake --build /home/mp4d/ros2_ws/build/image_processor -- -j4 -l4
[71.852s] Invoking command in '/home/mp4d/ros2_ws/build/image_processor': /usr/bin/cmake --install /home/mp4d/ros2_ws/build/image_processor
[71.920s] -- Install configuration: ""
[71.922s] -- Installing: /home/mp4d/ros2_ws/install/image_processor/lib/image_processor/image_processor_node
[71.940s] -- Set runtime path of "/home/mp4d/ros2_ws/install/image_processor/lib/image_processor/image_processor_node" to ""
[71.946s] -- Up-to-date: /home/mp4d/ros2_ws/install/image_processor/share/ament_index/resource_index/package_run_dependencies/image_processor
[71.948s] -- Up-to-date: /home/mp4d/ros2_ws/install/image_processor/share/ament_index/resource_index/parent_prefix_path/image_processor
[71.949s] -- Up-to-date: /home/mp4d/ros2_ws/install/image_processor/share/image_processor/environment/ament_prefix_path.sh
[71.950s] -- Up-to-date: /home/mp4d/ros2_ws/install/image_processor/share/image_processor/environment/ament_prefix_path.dsv
[71.951s] -- Up-to-date: /home/mp4d/ros2_ws/install/image_processor/share/image_processor/environment/path.sh
[71.952s] -- Up-to-date: /home/mp4d/ros2_ws/install/image_processor/share/image_processor/environment/path.dsv
[71.953s] -- Up-to-date: /home/mp4d/ros2_ws/install/image_processor/share/image_processor/local_setup.bash
[71.954s] -- Up-to-date: /home/mp4d/ros2_ws/install/image_processor/share/image_processor/local_setup.sh
[71.956s] -- Up-to-date: /home/mp4d/ros2_ws/install/image_processor/share/image_processor/local_setup.zsh
[71.956s] -- Up-to-date: /home/mp4d/ros2_ws/install/image_processor/share/image_processor/local_setup.dsv
[71.957s] -- Installing: /home/mp4d/ros2_ws/install/image_processor/share/image_processor/package.dsv
[71.958s] -- Up-to-date: /home/mp4d/ros2_ws/install/image_processor/share/ament_index/resource_index/packages/image_processor
[71.959s] -- Up-to-date: /home/mp4d/ros2_ws/install/image_processor/share/image_processor/cmake/image_processorConfig.cmake
[71.959s] -- Up-to-date: /home/mp4d/ros2_ws/install/image_processor/share/image_processor/cmake/image_processorConfig-version.cmake
[71.960s] -- Up-to-date: /home/mp4d/ros2_ws/install/image_processor/share/image_processor/package.xml
[71.970s] Invoked command in '/home/mp4d/ros2_ws/build/image_processor' returned '0': /usr/bin/cmake --install /home/mp4d/ros2_ws/build/image_processor
