Performing C SOURCE FILE Test CMAKE_HAVE_LIBC_PTHREAD failed with the following output:
Change Dir: /home/mp4d/ros2_ws/build/image_processor/CMakeFiles/CMakeTmp

Run Build Command(s):/usr/bin/make cmTC_5bb6f/fast && /usr/bin/make -f CMakeFiles/cmTC_5bb6f.dir/build.make CMakeFiles/cmTC_5bb6f.dir/build
make[1]: Entering directory '/home/mp4d/ros2_ws/build/image_processor/CMakeFiles/CMakeTmp'
Building C object CMakeFiles/cmTC_5bb6f.dir/src.c.o
/usr/bin/cc   -DCMAKE_HAVE_LIBC_PTHREAD   -o CMakeFiles/cmTC_5bb6f.dir/src.c.o   -c /home/mp4d/ros2_ws/build/image_processor/CMakeFiles/CMakeTmp/src.c
Linking C executable cmTC_5bb6f
/usr/bin/cmake -E cmake_link_script CMakeFiles/cmTC_5bb6f.dir/link.txt --verbose=1
/usr/bin/cc  -DCMAKE_HAVE_LIBC_PTHREAD    CMakeFiles/cmTC_5bb6f.dir/src.c.o  -o cmTC_5bb6f 
/usr/bin/ld: CMakeFiles/cmTC_5bb6f.dir/src.c.o: in function `main':
src.c:(.text+0x48): undefined reference to `pthread_create'
/usr/bin/ld: src.c:(.text+0x50): undefined reference to `pthread_detach'
/usr/bin/ld: src.c:(.text+0x5c): undefined reference to `pthread_join'
collect2: error: ld returned 1 exit status
make[1]: *** [CMakeFiles/cmTC_5bb6f.dir/build.make:87: cmTC_5bb6f] Error 1
make[1]: Leaving directory '/home/mp4d/ros2_ws/build/image_processor/CMakeFiles/CMakeTmp'
make: *** [Makefile:121: cmTC_5bb6f/fast] Error 2


Source file was:
#include <pthread.h>

void* test_func(void* data)
{
  return data;
}

int main(void)
{
  pthread_t thread;
  pthread_create(&thread, NULL, test_func, NULL);
  pthread_detach(thread);
  pthread_join(thread, NULL);
  pthread_atfork(NULL, NULL, NULL);
  pthread_exit(NULL);

  return 0;
}

Determining if the function pthread_create exists in the pthreads failed with the following output:
Change Dir: /home/mp4d/ros2_ws/build/image_processor/CMakeFiles/CMakeTmp

Run Build Command(s):/usr/bin/make cmTC_5cd65/fast && /usr/bin/make -f CMakeFiles/cmTC_5cd65.dir/build.make CMakeFiles/cmTC_5cd65.dir/build
make[1]: Entering directory '/home/mp4d/ros2_ws/build/image_processor/CMakeFiles/CMakeTmp'
Building C object CMakeFiles/cmTC_5cd65.dir/CheckFunctionExists.c.o
/usr/bin/cc   -DCHECK_FUNCTION_EXISTS=pthread_create   -o CMakeFiles/cmTC_5cd65.dir/CheckFunctionExists.c.o   -c /usr/share/cmake-3.16/Modules/CheckFunctionExists.c
Linking C executable cmTC_5cd65
/usr/bin/cmake -E cmake_link_script CMakeFiles/cmTC_5cd65.dir/link.txt --verbose=1
/usr/bin/cc  -DCHECK_FUNCTION_EXISTS=pthread_create    CMakeFiles/cmTC_5cd65.dir/CheckFunctionExists.c.o  -o cmTC_5cd65  -lpthreads 
/usr/bin/ld: cannot find -lpthreads
collect2: error: ld returned 1 exit status
make[1]: *** [CMakeFiles/cmTC_5cd65.dir/build.make:87: cmTC_5cd65] Error 1
make[1]: Leaving directory '/home/mp4d/ros2_ws/build/image_processor/CMakeFiles/CMakeTmp'
make: *** [Makefile:121: cmTC_5cd65/fast] Error 2



Performing C SOURCE FILE Test CMAKE_HAVE_LIBC_PTHREAD failed with the following output:
Change Dir: /home/mp4d/ros2_ws/build/image_processor/CMakeFiles/CMakeTmp

Run Build Command(s):/usr/bin/make cmTC_d415b/fast && /usr/bin/make -f CMakeFiles/cmTC_d415b.dir/build.make CMakeFiles/cmTC_d415b.dir/build
make[1]: Entering directory '/home/mp4d/ros2_ws/build/image_processor/CMakeFiles/CMakeTmp'
Building C object CMakeFiles/cmTC_d415b.dir/src.c.o
/usr/bin/cc   -DCMAKE_HAVE_LIBC_PTHREAD   -o CMakeFiles/cmTC_d415b.dir/src.c.o   -c /home/mp4d/ros2_ws/build/image_processor/CMakeFiles/CMakeTmp/src.c
Linking C executable cmTC_d415b
/usr/bin/cmake -E cmake_link_script CMakeFiles/cmTC_d415b.dir/link.txt --verbose=1
/usr/bin/cc  -DCMAKE_HAVE_LIBC_PTHREAD    CMakeFiles/cmTC_d415b.dir/src.c.o  -o cmTC_d415b 
/usr/bin/ld: CMakeFiles/cmTC_d415b.dir/src.c.o: in function `main':
src.c:(.text+0x48): undefined reference to `pthread_create'
/usr/bin/ld: src.c:(.text+0x50): undefined reference to `pthread_detach'
/usr/bin/ld: src.c:(.text+0x5c): undefined reference to `pthread_join'
collect2: error: ld returned 1 exit status
make[1]: *** [CMakeFiles/cmTC_d415b.dir/build.make:87: cmTC_d415b] Error 1
make[1]: Leaving directory '/home/mp4d/ros2_ws/build/image_processor/CMakeFiles/CMakeTmp'
make: *** [Makefile:121: cmTC_d415b/fast] Error 2


Source file was:
#include <pthread.h>

void* test_func(void* data)
{
  return data;
}

int main(void)
{
  pthread_t thread;
  pthread_create(&thread, NULL, test_func, NULL);
  pthread_detach(thread);
  pthread_join(thread, NULL);
  pthread_atfork(NULL, NULL, NULL);
  pthread_exit(NULL);

  return 0;
}

Determining if the function pthread_create exists in the pthreads failed with the following output:
Change Dir: /home/mp4d/ros2_ws/build/image_processor/CMakeFiles/CMakeTmp

Run Build Command(s):/usr/bin/make cmTC_4a7bf/fast && /usr/bin/make -f CMakeFiles/cmTC_4a7bf.dir/build.make CMakeFiles/cmTC_4a7bf.dir/build
make[1]: Entering directory '/home/mp4d/ros2_ws/build/image_processor/CMakeFiles/CMakeTmp'
Building C object CMakeFiles/cmTC_4a7bf.dir/CheckFunctionExists.c.o
/usr/bin/cc   -DCHECK_FUNCTION_EXISTS=pthread_create   -o CMakeFiles/cmTC_4a7bf.dir/CheckFunctionExists.c.o   -c /usr/share/cmake-3.16/Modules/CheckFunctionExists.c
Linking C executable cmTC_4a7bf
/usr/bin/cmake -E cmake_link_script CMakeFiles/cmTC_4a7bf.dir/link.txt --verbose=1
/usr/bin/cc  -DCHECK_FUNCTION_EXISTS=pthread_create    CMakeFiles/cmTC_4a7bf.dir/CheckFunctionExists.c.o  -o cmTC_4a7bf  -lpthreads 
/usr/bin/ld: cannot find -lpthreads
collect2: error: ld returned 1 exit status
make[1]: *** [CMakeFiles/cmTC_4a7bf.dir/build.make:87: cmTC_4a7bf] Error 1
make[1]: Leaving directory '/home/mp4d/ros2_ws/build/image_processor/CMakeFiles/CMakeTmp'
make: *** [Makefile:121: cmTC_4a7bf/fast] Error 2



