[0.012s] Invoking command in '/home/alexander/ros2_foxy/build/dynamixel_sdk_examples': CMAKE_PREFIX_PATH=/home/alexander/ros2_foxy/install/dynamixel_sdk_custom_interfaces:/home/alexander/ros2_foxy/install/dynamixel_sdk:/home/alexander/ros2_foxy/install/dynamixel_sdk_examples:/opt/ros/foxy /usr/bin/cmake /home/alexander/ros2_foxy/src/DynamixelSDK/dynamixel_sdk_examples -DCMAKE_INSTALL_PREFIX=/home/alexander/ros2_foxy/install/dynamixel_sdk_examples
[0.064s] -- The C compiler identification is GNU 9.4.0
[0.113s] -- The CXX compiler identification is GNU 9.4.0
[0.118s] -- Check for working C compiler: /usr/bin/cc
[0.188s] -- Check for working C compiler: /usr/bin/cc -- works
[0.190s] -- Detecting C compiler ABI info
[0.267s] -- Detecting C compiler ABI info - done
[0.277s] -- Detecting C compile features
[0.278s] -- Detecting C compile features - done
[0.279s] -- Check for working CXX compiler: /usr/bin/c++
[0.363s] -- Check for working CXX compiler: /usr/bin/c++ -- works
[0.365s] -- Detecting CXX compiler ABI info
[0.454s] -- Detecting CXX compiler ABI info - done
[0.467s] -- Detecting CXX compile features
[0.467s] -- Detecting CXX compile features - done
[0.469s] -- Found ament_cmake: 0.9.12 (/opt/ros/foxy/share/ament_cmake/cmake)
[0.487s] -- Found PythonInterp: /usr/bin/python3 (found suitable version "3.8.10", minimum required is "3") 
[0.487s] -- Using PYTHON_EXECUTABLE: /usr/bin/python3
[0.621s] -- Found dynamixel_sdk: 3.7.40 (/home/alexander/ros2_foxy/install/dynamixel_sdk/share/dynamixel_sdk/cmake)
[0.622s] -- Found dynamixel_sdk_custom_interfaces: 3.7.40 (/home/alexander/ros2_foxy/install/dynamixel_sdk_custom_interfaces/share/dynamixel_sdk_custom_interfaces/cmake)
[0.638s] -- Using all available rosidl_typesupport_c: rosidl_typesupport_fastrtps_c;rosidl_typesupport_introspection_c
[0.642s] -- Found rosidl_adapter: 1.3.1 (/opt/ros/foxy/share/rosidl_adapter/cmake)
[0.697s] -- Found OpenSSL: /usr/lib/x86_64-linux-gnu/libcrypto.so (found version "1.1.1f")  
[0.714s] -- Found FastRTPS: /opt/ros/foxy/include  
[0.760s] -- Using all available rosidl_typesupport_cpp: rosidl_typesupport_fastrtps_cpp;rosidl_typesupport_introspection_cpp
[0.788s] -- Found rclcpp: 2.4.3 (/opt/ros/foxy/share/rclcpp/cmake)
[0.813s] -- Found rmw_implementation_cmake: 1.0.4 (/opt/ros/foxy/share/rmw_implementation_cmake/cmake)
[0.814s] -- Using RMW implementation 'rmw_fastrtps_cpp' as default
[0.814s] -- Looking for pthread.h
[0.880s] -- Looking for pthread.h - found
[0.880s] -- Performing Test CMAKE_HAVE_LIBC_PTHREAD
[0.975s] -- Performing Test CMAKE_HAVE_LIBC_PTHREAD - Failed
[0.975s] -- Looking for pthread_create in pthreads
[1.052s] -- Looking for pthread_create in pthreads - not found
[1.052s] -- Looking for pthread_create in pthread
[1.132s] -- Looking for pthread_create in pthread - found
[1.134s] -- Found Threads: TRUE  
[1.242s] -- Found ament_lint_auto: 0.9.8 (/opt/ros/foxy/share/ament_lint_auto/cmake)
[1.306s] -- Added test 'copyright' to check source files copyright and LICENSE
[1.307s] -- Added test 'cppcheck' to perform static code analysis on C / C++ code
[1.307s] -- Configured cppcheck include dirs: /home/alexander/ros2_foxy/src/DynamixelSDK/dynamixel_sdk_examples/include
[1.307s] -- Configured cppcheck exclude dirs and/or files: 
[1.308s] -- Added test 'cpplint' to check C / C++ code against the Google style
[1.308s] -- Configured cpplint exclude dirs and/or files: 
[1.308s] -- Added test 'lint_cmake' to check CMake code style
[1.308s] -- Added test 'uncrustify' to check C / C++ code style
[1.309s] -- Configured uncrustify additional arguments: 
[1.309s] -- Added test 'xmllint' to check XML markup files
[1.310s] -- Configuring done
[1.320s] -- Generating done
[1.325s] -- Build files have been written to: /home/alexander/ros2_foxy/build/dynamixel_sdk_examples
[1.331s] Invoked command in '/home/alexander/ros2_foxy/build/dynamixel_sdk_examples' returned '0': CMAKE_PREFIX_PATH=/home/alexander/ros2_foxy/install/dynamixel_sdk_custom_interfaces:/home/alexander/ros2_foxy/install/dynamixel_sdk:/home/alexander/ros2_foxy/install/dynamixel_sdk_examples:/opt/ros/foxy /usr/bin/cmake /home/alexander/ros2_foxy/src/DynamixelSDK/dynamixel_sdk_examples -DCMAKE_INSTALL_PREFIX=/home/alexander/ros2_foxy/install/dynamixel_sdk_examples
[1.334s] Invoking command in '/home/alexander/ros2_foxy/build/dynamixel_sdk_examples': CMAKE_PREFIX_PATH=/home/alexander/ros2_foxy/install/dynamixel_sdk_custom_interfaces:/home/alexander/ros2_foxy/install/dynamixel_sdk:/home/alexander/ros2_foxy/install/dynamixel_sdk_examples:/opt/ros/foxy /usr/bin/cmake --build /home/alexander/ros2_foxy/build/dynamixel_sdk_examples -- -j16 -l16
[1.370s] [35m[1mScanning dependencies of target motor_controller[0m
[1.374s] [35m[1mScanning dependencies of target read_write_node[0m
[1.374s] [35m[1mScanning dependencies of target digit_publisher[0m
[1.376s] [35m[1mScanning dependencies of target draw_digit[0m
[1.400s] [ 12%] [32mBuilding CXX object CMakeFiles/motor_controller.dir/src/motor_controller.cpp.o[0m
[1.408s] [ 25%] [32mBuilding CXX object CMakeFiles/digit_publisher.dir/src/digit_publisher.cpp.o[0m
[1.411s] [ 37%] [32mBuilding CXX object CMakeFiles/read_write_node.dir/src/read_write_node.cpp.o[0m
[1.411s] [ 50%] [32mBuilding CXX object CMakeFiles/draw_digit.dir/src/draw_eight.cpp.o[0m
[4.093s] [ 62%] [32m[1mLinking CXX executable motor_controller[0m
[4.117s] [ 75%] [32m[1mLinking CXX executable digit_publisher[0m
[4.236s] [ 75%] Built target motor_controller
[4.267s] [ 75%] Built target digit_publisher
[5.439s] [ 87%] [32m[1mLinking CXX executable read_write_node[0m
[5.633s] [ 87%] Built target read_write_node
[5.846s] [100%] [32m[1mLinking CXX executable draw_digit[0m
[6.002s] [100%] Built target draw_digit
[6.010s] Invoked command in '/home/alexander/ros2_foxy/build/dynamixel_sdk_examples' returned '0': CMAKE_PREFIX_PATH=/home/alexander/ros2_foxy/install/dynamixel_sdk_custom_interfaces:/home/alexander/ros2_foxy/install/dynamixel_sdk:/home/alexander/ros2_foxy/install/dynamixel_sdk_examples:/opt/ros/foxy /usr/bin/cmake --build /home/alexander/ros2_foxy/build/dynamixel_sdk_examples -- -j16 -l16
[6.014s] Invoking command in '/home/alexander/ros2_foxy/build/dynamixel_sdk_examples': CMAKE_PREFIX_PATH=/home/alexander/ros2_foxy/install/dynamixel_sdk_custom_interfaces:/home/alexander/ros2_foxy/install/dynamixel_sdk:/home/alexander/ros2_foxy/install/dynamixel_sdk_examples:/opt/ros/foxy /usr/bin/cmake --install /home/alexander/ros2_foxy/build/dynamixel_sdk_examples
[6.018s] -- Install configuration: ""
[6.018s] -- Installing: /home/alexander/ros2_foxy/install/dynamixel_sdk_examples/lib/dynamixel_sdk_examples/read_write_node
[6.019s] -- Set runtime path of "/home/alexander/ros2_foxy/install/dynamixel_sdk_examples/lib/dynamixel_sdk_examples/read_write_node" to ""
[6.019s] -- Installing: /home/alexander/ros2_foxy/install/dynamixel_sdk_examples/lib/dynamixel_sdk_examples/motor_controller
[6.019s] -- Set runtime path of "/home/alexander/ros2_foxy/install/dynamixel_sdk_examples/lib/dynamixel_sdk_examples/motor_controller" to ""
[6.019s] -- Installing: /home/alexander/ros2_foxy/install/dynamixel_sdk_examples/lib/dynamixel_sdk_examples/draw_digit
[6.021s] -- Set runtime path of "/home/alexander/ros2_foxy/install/dynamixel_sdk_examples/lib/dynamixel_sdk_examples/draw_digit" to ""
[6.021s] -- Installing: /home/alexander/ros2_foxy/install/dynamixel_sdk_examples/lib/dynamixel_sdk_examples/digit_publisher
[6.021s] -- Set runtime path of "/home/alexander/ros2_foxy/install/dynamixel_sdk_examples/lib/dynamixel_sdk_examples/digit_publisher" to ""
[6.021s] -- Installing: /home/alexander/ros2_foxy/install/dynamixel_sdk_examples/include/
[6.021s] -- Installing: /home/alexander/ros2_foxy/install/dynamixel_sdk_examples/include//read_write_node.hpp
[6.021s] -- Installing: /home/alexander/ros2_foxy/install/dynamixel_sdk_examples/share/ament_index/resource_index/package_run_dependencies/dynamixel_sdk_examples
[6.022s] -- Installing: /home/alexander/ros2_foxy/install/dynamixel_sdk_examples/share/ament_index/resource_index/parent_prefix_path/dynamixel_sdk_examples
[6.022s] -- Installing: /home/alexander/ros2_foxy/install/dynamixel_sdk_examples/share/dynamixel_sdk_examples/environment/ament_prefix_path.sh
[6.022s] -- Installing: /home/alexander/ros2_foxy/install/dynamixel_sdk_examples/share/dynamixel_sdk_examples/environment/ament_prefix_path.dsv
[6.022s] -- Installing: /home/alexander/ros2_foxy/install/dynamixel_sdk_examples/share/dynamixel_sdk_examples/environment/path.sh
[6.022s] -- Installing: /home/alexander/ros2_foxy/install/dynamixel_sdk_examples/share/dynamixel_sdk_examples/environment/path.dsv
[6.022s] -- Installing: /home/alexander/ros2_foxy/install/dynamixel_sdk_examples/share/dynamixel_sdk_examples/local_setup.bash
[6.022s] -- Installing: /home/alexander/ros2_foxy/install/dynamixel_sdk_examples/share/dynamixel_sdk_examples/local_setup.sh
[6.022s] -- Installing: /home/alexander/ros2_foxy/install/dynamixel_sdk_examples/share/dynamixel_sdk_examples/local_setup.zsh
[6.022s] -- Installing: /home/alexander/ros2_foxy/install/dynamixel_sdk_examples/share/dynamixel_sdk_examples/local_setup.dsv
[6.022s] -- Installing: /home/alexander/ros2_foxy/install/dynamixel_sdk_examples/share/dynamixel_sdk_examples/package.dsv
[6.022s] -- Installing: /home/alexander/ros2_foxy/install/dynamixel_sdk_examples/share/ament_index/resource_index/packages/dynamixel_sdk_examples
[6.023s] -- Installing: /home/alexander/ros2_foxy/install/dynamixel_sdk_examples/share/dynamixel_sdk_examples/cmake/dynamixel_sdk_examplesConfig.cmake
[6.023s] -- Installing: /home/alexander/ros2_foxy/install/dynamixel_sdk_examples/share/dynamixel_sdk_examples/cmake/dynamixel_sdk_examplesConfig-version.cmake
[6.023s] -- Installing: /home/alexander/ros2_foxy/install/dynamixel_sdk_examples/share/dynamixel_sdk_examples/package.xml
[6.024s] Invoked command in '/home/alexander/ros2_foxy/build/dynamixel_sdk_examples' returned '0': CMAKE_PREFIX_PATH=/home/alexander/ros2_foxy/install/dynamixel_sdk_custom_interfaces:/home/alexander/ros2_foxy/install/dynamixel_sdk:/home/alexander/ros2_foxy/install/dynamixel_sdk_examples:/opt/ros/foxy /usr/bin/cmake --install /home/alexander/ros2_foxy/build/dynamixel_sdk_examples
