[1.763s] DEBUG:colcon:Command line arguments: ['/usr/bin/colcon', 'build']
[1.765s] DEBUG:colcon:Parsed command line arguments: Namespace(allow_overriding=[], ament_cmake_args=None, base_paths=['.'], build_base='build', catkin_cmake_args=None, catkin_skip_building_tests=False, cmake_args=None, cmake_clean_cache=False, cmake_clean_first=False, cmake_force_configure=False, cmake_target=None, cmake_target_skip_unavailable=False, continue_on_error=False, event_handlers=None, executor='parallel', ignore_user_meta=False, install_base='install', log_base=None, log_level=None, main=<bound method BuildVerb.main of <colcon_core.verb.build.BuildVerb object at 0xffff973f40d0>>, merge_install=False, metas=['./colcon.meta'], packages_above=None, packages_above_and_dependencies=None, packages_above_depth=None, packages_end=None, packages_ignore=None, packages_ignore_regex=None, packages_select=None, packages_select_build_failed=False, packages_select_by_dep=None, packages_select_regex=None, packages_select_test_failures=False, packages_skip=None, packages_skip_build_finished=False, packages_skip_by_dep=None, packages_skip_regex=None, packages_skip_test_passed=False, packages_skip_up_to=None, packages_start=None, packages_up_to=None, packages_up_to_regex=None, parallel_workers=4, paths=None, symlink_install=False, test_result_base=None, verb_extension=<colcon_core.verb.build.BuildVerb object at 0xffff973f40d0>, verb_name='build', verb_parser=<colcon_defaults.argument_parser.defaults.DefaultArgumentsDecorator object at 0xffff973f4550>)
[2.388s] Level 1:colcon.colcon_core.package_discovery:discover_packages(colcon_meta) check parameters
[2.390s] Level 1:colcon.colcon_core.package_discovery:discover_packages(recursive) check parameters
[2.405s] Level 1:colcon.colcon_core.package_discovery:discover_packages(ignore) check parameters
[2.405s] Level 1:colcon.colcon_core.package_discovery:discover_packages(path) check parameters
[2.405s] Level 1:colcon.colcon_core.package_discovery:discover_packages(colcon_meta) discover
[2.406s] Level 1:colcon.colcon_core.package_discovery:discover_packages(recursive) discover
[2.406s] INFO:colcon.colcon_core.package_discovery:Crawling recursively for packages in '/home/mp4d/ros2_ws'
[2.407s] Level 1:colcon.colcon_core.package_identification:_identify(.) by extensions ['ignore', 'ignore_ament_install']
[2.408s] Level 1:colcon.colcon_core.package_identification:_identify(.) by extension 'ignore'
[2.409s] Level 1:colcon.colcon_core.package_identification:_identify(.) by extension 'ignore_ament_install'
[2.410s] Level 1:colcon.colcon_core.package_identification:_identify(.) by extensions ['colcon_pkg']
[2.411s] Level 1:colcon.colcon_core.package_identification:_identify(.) by extension 'colcon_pkg'
[2.413s] Level 1:colcon.colcon_core.package_identification:_identify(.) by extensions ['colcon_meta']
[2.413s] Level 1:colcon.colcon_core.package_identification:_identify(.) by extension 'colcon_meta'
[2.414s] Level 1:colcon.colcon_core.package_identification:_identify(.) by extensions ['ros']
[2.416s] Level 1:colcon.colcon_core.package_identification:_identify(.) by extension 'ros'
[2.445s] Level 1:colcon.colcon_core.package_identification:_identify(.) by extensions ['cmake', 'python']
[2.446s] Level 1:colcon.colcon_core.package_identification:_identify(.) by extension 'cmake'
[2.447s] Level 1:colcon.colcon_core.package_identification:_identify(.) by extension 'python'
[2.447s] Level 1:colcon.colcon_core.package_identification:_identify(.) by extensions ['python_setup_py']
[2.447s] Level 1:colcon.colcon_core.package_identification:_identify(.) by extension 'python_setup_py'
[2.448s] Level 1:colcon.colcon_core.package_identification:_identify(build) by extensions ['ignore', 'ignore_ament_install']
[2.450s] Level 1:colcon.colcon_core.package_identification:_identify(build) by extension 'ignore'
[2.451s] Level 1:colcon.colcon_core.package_identification:_identify(build) ignored
[2.452s] Level 1:colcon.colcon_core.package_identification:_identify(install) by extensions ['ignore', 'ignore_ament_install']
[2.453s] Level 1:colcon.colcon_core.package_identification:_identify(install) by extension 'ignore'
[2.453s] Level 1:colcon.colcon_core.package_identification:_identify(install) ignored
[2.454s] Level 1:colcon.colcon_core.package_identification:_identify(log) by extensions ['ignore', 'ignore_ament_install']
[2.456s] Level 1:colcon.colcon_core.package_identification:_identify(log) by extension 'ignore'
[2.457s] Level 1:colcon.colcon_core.package_identification:_identify(log) ignored
[2.459s] Level 1:colcon.colcon_core.package_identification:_identify(src) by extensions ['ignore', 'ignore_ament_install']
[2.461s] Level 1:colcon.colcon_core.package_identification:_identify(src) by extension 'ignore'
[2.463s] Level 1:colcon.colcon_core.package_identification:_identify(src) by extension 'ignore_ament_install'
[2.463s] Level 1:colcon.colcon_core.package_identification:_identify(src) by extensions ['colcon_pkg']
[2.464s] Level 1:colcon.colcon_core.package_identification:_identify(src) by extension 'colcon_pkg'
[2.464s] Level 1:colcon.colcon_core.package_identification:_identify(src) by extensions ['colcon_meta']
[2.464s] Level 1:colcon.colcon_core.package_identification:_identify(src) by extension 'colcon_meta'
[2.465s] Level 1:colcon.colcon_core.package_identification:_identify(src) by extensions ['ros']
[2.465s] Level 1:colcon.colcon_core.package_identification:_identify(src) by extension 'ros'
[2.466s] Level 1:colcon.colcon_core.package_identification:_identify(src) by extensions ['cmake', 'python']
[2.466s] Level 1:colcon.colcon_core.package_identification:_identify(src) by extension 'cmake'
[2.467s] Level 1:colcon.colcon_core.package_identification:_identify(src) by extension 'python'
[2.467s] Level 1:colcon.colcon_core.package_identification:_identify(src) by extensions ['python_setup_py']
[2.468s] Level 1:colcon.colcon_core.package_identification:_identify(src) by extension 'python_setup_py'
[2.469s] Level 1:colcon.colcon_core.package_identification:_identify(src/image_processor) by extensions ['ignore', 'ignore_ament_install']
[2.470s] Level 1:colcon.colcon_core.package_identification:_identify(src/image_processor) by extension 'ignore'
[2.470s] Level 1:colcon.colcon_core.package_identification:_identify(src/image_processor) by extension 'ignore_ament_install'
[2.470s] Level 1:colcon.colcon_core.package_identification:_identify(src/image_processor) by extensions ['colcon_pkg']
[2.471s] Level 1:colcon.colcon_core.package_identification:_identify(src/image_processor) by extension 'colcon_pkg'
[2.471s] Level 1:colcon.colcon_core.package_identification:_identify(src/image_processor) by extensions ['colcon_meta']
[2.471s] Level 1:colcon.colcon_core.package_identification:_identify(src/image_processor) by extension 'colcon_meta'
[2.472s] Level 1:colcon.colcon_core.package_identification:_identify(src/image_processor) by extensions ['ros']
[2.472s] Level 1:colcon.colcon_core.package_identification:_identify(src/image_processor) by extension 'ros'
[2.500s] DEBUG:colcon.colcon_core.package_identification:Package 'src/image_processor' with type 'ros.catkin' and name 'image_processor'
[2.502s] Level 1:colcon.colcon_core.package_identification:_identify(src/project_ros2_pkg) by extensions ['ignore', 'ignore_ament_install']
[2.503s] Level 1:colcon.colcon_core.package_identification:_identify(src/project_ros2_pkg) by extension 'ignore'
[2.504s] Level 1:colcon.colcon_core.package_identification:_identify(src/project_ros2_pkg) by extension 'ignore_ament_install'
[2.504s] Level 1:colcon.colcon_core.package_identification:_identify(src/project_ros2_pkg) by extensions ['colcon_pkg']
[2.504s] Level 1:colcon.colcon_core.package_identification:_identify(src/project_ros2_pkg) by extension 'colcon_pkg'
[2.505s] Level 1:colcon.colcon_core.package_identification:_identify(src/project_ros2_pkg) by extensions ['colcon_meta']
[2.505s] Level 1:colcon.colcon_core.package_identification:_identify(src/project_ros2_pkg) by extension 'colcon_meta'
[2.505s] Level 1:colcon.colcon_core.package_identification:_identify(src/project_ros2_pkg) by extensions ['ros']
[2.506s] Level 1:colcon.colcon_core.package_identification:_identify(src/project_ros2_pkg) by extension 'ros'
[2.514s] DEBUG:colcon.colcon_core.package_identification:Package 'src/project_ros2_pkg' with type 'ros.ament_cmake' and name 'project_ros2_pkg'
[2.515s] Level 1:colcon.colcon_core.package_identification:_identify(src/ros2) by extensions ['ignore', 'ignore_ament_install']
[2.516s] Level 1:colcon.colcon_core.package_identification:_identify(src/ros2) by extension 'ignore'
[2.516s] Level 1:colcon.colcon_core.package_identification:_identify(src/ros2) by extension 'ignore_ament_install'
[2.517s] Level 1:colcon.colcon_core.package_identification:_identify(src/ros2) by extensions ['colcon_pkg']
[2.517s] Level 1:colcon.colcon_core.package_identification:_identify(src/ros2) by extension 'colcon_pkg'
[2.517s] Level 1:colcon.colcon_core.package_identification:_identify(src/ros2) by extensions ['colcon_meta']
[2.518s] Level 1:colcon.colcon_core.package_identification:_identify(src/ros2) by extension 'colcon_meta'
[2.518s] Level 1:colcon.colcon_core.package_identification:_identify(src/ros2) by extensions ['ros']
[2.518s] Level 1:colcon.colcon_core.package_identification:_identify(src/ros2) by extension 'ros'
[2.519s] Level 1:colcon.colcon_core.package_identification:_identify(src/ros2) by extensions ['cmake', 'python']
[2.519s] Level 1:colcon.colcon_core.package_identification:_identify(src/ros2) by extension 'cmake'
[2.519s] Level 1:colcon.colcon_core.package_identification:_identify(src/ros2) by extension 'python'
[2.520s] Level 1:colcon.colcon_core.package_identification:_identify(src/ros2) by extensions ['python_setup_py']
[2.520s] Level 1:colcon.colcon_core.package_identification:_identify(src/ros2) by extension 'python_setup_py'
[2.521s] Level 1:colcon.colcon_core.package_identification:_identify(src/ros2/cross_compile) by extensions ['ignore', 'ignore_ament_install']
[2.521s] Level 1:colcon.colcon_core.package_identification:_identify(src/ros2/cross_compile) by extension 'ignore'
[2.522s] Level 1:colcon.colcon_core.package_identification:_identify(src/ros2/cross_compile) by extension 'ignore_ament_install'
[2.522s] Level 1:colcon.colcon_core.package_identification:_identify(src/ros2/cross_compile) by extensions ['colcon_pkg']
[2.522s] Level 1:colcon.colcon_core.package_identification:_identify(src/ros2/cross_compile) by extension 'colcon_pkg'
[2.523s] Level 1:colcon.colcon_core.package_identification:_identify(src/ros2/cross_compile) by extensions ['colcon_meta']
[2.523s] Level 1:colcon.colcon_core.package_identification:_identify(src/ros2/cross_compile) by extension 'colcon_meta'
[2.523s] Level 1:colcon.colcon_core.package_identification:_identify(src/ros2/cross_compile) by extensions ['ros']
[2.523s] Level 1:colcon.colcon_core.package_identification:_identify(src/ros2/cross_compile) by extension 'ros'
[2.524s] Level 1:colcon.colcon_core.package_identification:_identify(src/ros2/cross_compile) by extensions ['cmake', 'python']
[2.524s] Level 1:colcon.colcon_core.package_identification:_identify(src/ros2/cross_compile) by extension 'cmake'
[2.525s] Level 1:colcon.colcon_core.package_identification:_identify(src/ros2/cross_compile) by extension 'python'
[2.525s] Level 1:colcon.colcon_core.package_identification:_identify(src/ros2/cross_compile) by extensions ['python_setup_py']
[2.525s] Level 1:colcon.colcon_core.package_identification:_identify(src/ros2/cross_compile) by extension 'python_setup_py'
[2.526s] Level 1:colcon.colcon_core.package_identification:_identify(src/ros2/cross_compile/cmake-toolchains) by extensions ['ignore', 'ignore_ament_install']
[2.527s] Level 1:colcon.colcon_core.package_identification:_identify(src/ros2/cross_compile/cmake-toolchains) by extension 'ignore'
[2.527s] Level 1:colcon.colcon_core.package_identification:_identify(src/ros2/cross_compile/cmake-toolchains) by extension 'ignore_ament_install'
[2.527s] Level 1:colcon.colcon_core.package_identification:_identify(src/ros2/cross_compile/cmake-toolchains) by extensions ['colcon_pkg']
[2.528s] Level 1:colcon.colcon_core.package_identification:_identify(src/ros2/cross_compile/cmake-toolchains) by extension 'colcon_pkg'
[2.528s] Level 1:colcon.colcon_core.package_identification:_identify(src/ros2/cross_compile/cmake-toolchains) by extensions ['colcon_meta']
[2.528s] Level 1:colcon.colcon_core.package_identification:_identify(src/ros2/cross_compile/cmake-toolchains) by extension 'colcon_meta'
[2.529s] Level 1:colcon.colcon_core.package_identification:_identify(src/ros2/cross_compile/cmake-toolchains) by extensions ['ros']
[2.529s] Level 1:colcon.colcon_core.package_identification:_identify(src/ros2/cross_compile/cmake-toolchains) by extension 'ros'
[2.529s] Level 1:colcon.colcon_core.package_identification:_identify(src/ros2/cross_compile/cmake-toolchains) by extensions ['cmake', 'python']
[2.530s] Level 1:colcon.colcon_core.package_identification:_identify(src/ros2/cross_compile/cmake-toolchains) by extension 'cmake'
[2.530s] Level 1:colcon.colcon_core.package_identification:_identify(src/ros2/cross_compile/cmake-toolchains) by extension 'python'
[2.530s] Level 1:colcon.colcon_core.package_identification:_identify(src/ros2/cross_compile/cmake-toolchains) by extensions ['python_setup_py']
[2.530s] Level 1:colcon.colcon_core.package_identification:_identify(src/ros2/cross_compile/cmake-toolchains) by extension 'python_setup_py'
[2.531s] Level 1:colcon.colcon_core.package_identification:_identify(src/ros2/cross_compile/sysroot) by extensions ['ignore', 'ignore_ament_install']
[2.532s] Level 1:colcon.colcon_core.package_identification:_identify(src/ros2/cross_compile/sysroot) by extension 'ignore'
[2.532s] Level 1:colcon.colcon_core.package_identification:_identify(src/ros2/cross_compile/sysroot) by extension 'ignore_ament_install'
[2.533s] Level 1:colcon.colcon_core.package_identification:_identify(src/ros2/cross_compile/sysroot) by extensions ['colcon_pkg']
[2.533s] Level 1:colcon.colcon_core.package_identification:_identify(src/ros2/cross_compile/sysroot) by extension 'colcon_pkg'
[2.533s] Level 1:colcon.colcon_core.package_identification:_identify(src/ros2/cross_compile/sysroot) by extensions ['colcon_meta']
[2.533s] Level 1:colcon.colcon_core.package_identification:_identify(src/ros2/cross_compile/sysroot) by extension 'colcon_meta'
[2.534s] Level 1:colcon.colcon_core.package_identification:_identify(src/ros2/cross_compile/sysroot) by extensions ['ros']
[2.534s] Level 1:colcon.colcon_core.package_identification:_identify(src/ros2/cross_compile/sysroot) by extension 'ros'
[2.535s] Level 1:colcon.colcon_core.package_identification:_identify(src/ros2/cross_compile/sysroot) by extensions ['cmake', 'python']
[2.535s] Level 1:colcon.colcon_core.package_identification:_identify(src/ros2/cross_compile/sysroot) by extension 'cmake'
[2.535s] Level 1:colcon.colcon_core.package_identification:_identify(src/ros2/cross_compile/sysroot) by extension 'python'
[2.535s] Level 1:colcon.colcon_core.package_identification:_identify(src/ros2/cross_compile/sysroot) by extensions ['python_setup_py']
[2.536s] Level 1:colcon.colcon_core.package_identification:_identify(src/ros2/cross_compile/sysroot) by extension 'python_setup_py'
[2.536s] Level 1:colcon.colcon_core.package_discovery:discover_packages(recursive) using defaults
[2.536s] Level 1:colcon.colcon_core.package_discovery:discover_packages(ignore) discover
[2.536s] Level 1:colcon.colcon_core.package_discovery:discover_packages(ignore) using defaults
[2.537s] Level 1:colcon.colcon_core.package_discovery:discover_packages(path) discover
[2.537s] Level 1:colcon.colcon_core.package_discovery:discover_packages(path) using defaults
[2.734s] Level 1:colcon.colcon_core.package_discovery:discover_packages(prefix_path) check parameters
[2.735s] Level 1:colcon.colcon_core.package_discovery:discover_packages(prefix_path) discover
[2.748s] DEBUG:colcon.colcon_installed_package_information.package_discovery:Found 2 installed packages in /home/mp4d/ros2_ws/install
[2.758s] DEBUG:colcon.colcon_installed_package_information.package_discovery:Found 188 installed packages in /opt/ros/foxy
[2.770s] Level 1:colcon.colcon_core.package_discovery:discover_packages(prefix_path) using defaults
[3.070s] Level 5:colcon.colcon_core.verb:set package 'image_processor' build argument 'cmake_args' from command line to 'None'
[3.071s] Level 5:colcon.colcon_core.verb:set package 'image_processor' build argument 'cmake_target' from command line to 'None'
[3.071s] Level 5:colcon.colcon_core.verb:set package 'image_processor' build argument 'cmake_target_skip_unavailable' from command line to 'False'
[3.071s] Level 5:colcon.colcon_core.verb:set package 'image_processor' build argument 'cmake_clean_cache' from command line to 'False'
[3.071s] Level 5:colcon.colcon_core.verb:set package 'image_processor' build argument 'cmake_clean_first' from command line to 'False'
[3.072s] Level 5:colcon.colcon_core.verb:set package 'image_processor' build argument 'cmake_force_configure' from command line to 'False'
[3.072s] Level 5:colcon.colcon_core.verb:set package 'image_processor' build argument 'ament_cmake_args' from command line to 'None'
[3.072s] Level 5:colcon.colcon_core.verb:set package 'image_processor' build argument 'catkin_cmake_args' from command line to 'None'
[3.072s] Level 5:colcon.colcon_core.verb:set package 'image_processor' build argument 'catkin_skip_building_tests' from command line to 'False'
[3.073s] DEBUG:colcon.colcon_core.verb:Building package 'image_processor' with the following arguments: {'ament_cmake_args': None, 'build_base': '/home/mp4d/ros2_ws/build/image_processor', 'catkin_cmake_args': None, 'catkin_skip_building_tests': False, 'cmake_args': None, 'cmake_clean_cache': False, 'cmake_clean_first': False, 'cmake_force_configure': False, 'cmake_target': None, 'cmake_target_skip_unavailable': False, 'install_base': '/home/mp4d/ros2_ws/install/image_processor', 'merge_install': False, 'path': '/home/mp4d/ros2_ws/src/image_processor', 'symlink_install': False, 'test_result_base': None}
[3.076s] Level 5:colcon.colcon_core.verb:set package 'project_ros2_pkg' build argument 'cmake_args' from command line to 'None'
[3.076s] Level 5:colcon.colcon_core.verb:set package 'project_ros2_pkg' build argument 'cmake_target' from command line to 'None'
[3.077s] Level 5:colcon.colcon_core.verb:set package 'project_ros2_pkg' build argument 'cmake_target_skip_unavailable' from command line to 'False'
[3.077s] Level 5:colcon.colcon_core.verb:set package 'project_ros2_pkg' build argument 'cmake_clean_cache' from command line to 'False'
[3.077s] Level 5:colcon.colcon_core.verb:set package 'project_ros2_pkg' build argument 'cmake_clean_first' from command line to 'False'
[3.077s] Level 5:colcon.colcon_core.verb:set package 'project_ros2_pkg' build argument 'cmake_force_configure' from command line to 'False'
[3.077s] Level 5:colcon.colcon_core.verb:set package 'project_ros2_pkg' build argument 'ament_cmake_args' from command line to 'None'
[3.078s] Level 5:colcon.colcon_core.verb:set package 'project_ros2_pkg' build argument 'catkin_cmake_args' from command line to 'None'
[3.078s] Level 5:colcon.colcon_core.verb:set package 'project_ros2_pkg' build argument 'catkin_skip_building_tests' from command line to 'False'
[3.078s] DEBUG:colcon.colcon_core.verb:Building package 'project_ros2_pkg' with the following arguments: {'ament_cmake_args': None, 'build_base': '/home/mp4d/ros2_ws/build/project_ros2_pkg', 'catkin_cmake_args': None, 'catkin_skip_building_tests': False, 'cmake_args': None, 'cmake_clean_cache': False, 'cmake_clean_first': False, 'cmake_force_configure': False, 'cmake_target': None, 'cmake_target_skip_unavailable': False, 'install_base': '/home/mp4d/ros2_ws/install/project_ros2_pkg', 'merge_install': False, 'path': '/home/mp4d/ros2_ws/src/project_ros2_pkg', 'symlink_install': False, 'test_result_base': None}
[3.079s] INFO:colcon.colcon_core.executor:Executing jobs using 'parallel' executor
[3.088s] DEBUG:colcon.colcon_parallel_executor.executor.parallel:run_until_complete
[3.090s] INFO:colcon.colcon_ros.task.catkin.build:Building ROS package in '/home/mp4d/ros2_ws/src/image_processor' with build type 'catkin'
[3.092s] INFO:colcon.colcon_cmake.task.cmake.build:Building CMake package in '/home/mp4d/ros2_ws/src/image_processor'
[3.105s] INFO:colcon.colcon_core.plugin_system:Skipping extension 'colcon_core.shell.bat': Not used on non-Windows systems
[3.107s] INFO:colcon.colcon_core.shell:Skip shell extension 'powershell' for command environment: Not usable outside of PowerShell
[3.107s] DEBUG:colcon.colcon_core.shell:Skip shell extension 'dsv' for command environment
[3.152s] INFO:colcon.colcon_ros.task.ament_cmake.build:Building ROS package in '/home/mp4d/ros2_ws/src/project_ros2_pkg' with build type 'ament_cmake'
[3.154s] INFO:colcon.colcon_cmake.task.cmake.build:Building CMake package in '/home/mp4d/ros2_ws/src/project_ros2_pkg'
[3.158s] INFO:colcon.colcon_core.shell:Skip shell extension 'powershell' for command environment: Not usable outside of PowerShell
[3.159s] DEBUG:colcon.colcon_core.shell:Skip shell extension 'dsv' for command environment
[3.238s] DEBUG:colcon.colcon_core.event_handler.log_command:Invoking command in '/home/mp4d/ros2_ws/build/image_processor': /usr/bin/cmake --build /home/mp4d/ros2_ws/build/image_processor -- -j4 -l4
[3.288s] DEBUG:colcon.colcon_core.event_handler.log_command:Invoking command in '/home/mp4d/ros2_ws/build/project_ros2_pkg': CMAKE_PREFIX_PATH=/home/mp4d/ros2_ws/install/image_processor:/opt/ros/foxy /usr/bin/cmake --build /home/mp4d/ros2_ws/build/project_ros2_pkg -- -j4 -l4
[4.121s] DEBUG:colcon.colcon_core.event_handler.log_command:Invoked command in '/home/mp4d/ros2_ws/build/project_ros2_pkg' returned '0': CMAKE_PREFIX_PATH=/home/mp4d/ros2_ws/install/image_processor:/opt/ros/foxy /usr/bin/cmake --build /home/mp4d/ros2_ws/build/project_ros2_pkg -- -j4 -l4
[4.559s] DEBUG:colcon.colcon_core.event_handler.log_command:Invoking command in '/home/mp4d/ros2_ws/build/project_ros2_pkg': CMAKE_PREFIX_PATH=/home/mp4d/ros2_ws/install/image_processor:/opt/ros/foxy /usr/bin/cmake --install /home/mp4d/ros2_ws/build/project_ros2_pkg
[4.654s] Level 1:colcon.colcon_core.environment:create_environment_scripts_only(project_ros2_pkg)
[4.678s] DEBUG:colcon.colcon_core.event_handler.log_command:Invoked command in '/home/mp4d/ros2_ws/build/project_ros2_pkg' returned '0': CMAKE_PREFIX_PATH=/home/mp4d/ros2_ws/install/image_processor:/opt/ros/foxy /usr/bin/cmake --install /home/mp4d/ros2_ws/build/project_ros2_pkg
[4.692s] Level 1:colcon.colcon_core.environment:checking '/home/mp4d/ros2_ws/install/project_ros2_pkg' for CMake module files
[4.699s] Level 1:colcon.colcon_core.environment:checking '/home/mp4d/ros2_ws/install/project_ros2_pkg' for CMake config files
[4.700s] Level 1:colcon.colcon_core.shell:create_environment_hook('project_ros2_pkg', 'cmake_prefix_path')
[4.703s] INFO:colcon.colcon_core.shell:Creating environment hook '/home/mp4d/ros2_ws/install/project_ros2_pkg/share/project_ros2_pkg/hook/cmake_prefix_path.ps1'
[4.712s] INFO:colcon.colcon_core.shell:Creating environment descriptor '/home/mp4d/ros2_ws/install/project_ros2_pkg/share/project_ros2_pkg/hook/cmake_prefix_path.dsv'
[4.722s] INFO:colcon.colcon_core.shell:Creating environment hook '/home/mp4d/ros2_ws/install/project_ros2_pkg/share/project_ros2_pkg/hook/cmake_prefix_path.sh'
[4.740s] Level 1:colcon.colcon_core.environment:checking '/home/mp4d/ros2_ws/install/project_ros2_pkg/lib'
[4.742s] Level 1:colcon.colcon_core.environment:checking '/home/mp4d/ros2_ws/install/project_ros2_pkg/bin'
[4.743s] Level 1:colcon.colcon_core.environment:checking '/home/mp4d/ros2_ws/install/project_ros2_pkg/lib/pkgconfig/project_ros2_pkg.pc'
[4.746s] Level 1:colcon.colcon_core.environment:checking '/home/mp4d/ros2_ws/install/project_ros2_pkg/lib/python3.8/site-packages'
[4.749s] Level 1:colcon.colcon_core.environment:checking '/home/mp4d/ros2_ws/install/project_ros2_pkg/bin'
[4.754s] INFO:colcon.colcon_core.shell:Creating package script '/home/mp4d/ros2_ws/install/project_ros2_pkg/share/project_ros2_pkg/package.ps1'
[4.790s] INFO:colcon.colcon_core.shell:Creating package descriptor '/home/mp4d/ros2_ws/install/project_ros2_pkg/share/project_ros2_pkg/package.dsv'
[4.804s] INFO:colcon.colcon_core.shell:Creating package script '/home/mp4d/ros2_ws/install/project_ros2_pkg/share/project_ros2_pkg/package.sh'
[4.822s] INFO:colcon.colcon_core.shell:Creating package script '/home/mp4d/ros2_ws/install/project_ros2_pkg/share/project_ros2_pkg/package.bash'
[4.841s] INFO:colcon.colcon_core.shell:Creating package script '/home/mp4d/ros2_ws/install/project_ros2_pkg/share/project_ros2_pkg/package.zsh'
[4.863s] Level 1:colcon.colcon_core.environment:create_file_with_runtime_dependencies(/home/mp4d/ros2_ws/install/project_ros2_pkg/share/colcon-core/packages/project_ros2_pkg)
[5.120s] Level 1:colcon.colcon_core.environment:create_environment_scripts_only(project_ros2_pkg)
[5.125s] Level 1:colcon.colcon_core.environment:checking '/home/mp4d/ros2_ws/install/project_ros2_pkg' for CMake module files
[5.130s] Level 1:colcon.colcon_core.environment:checking '/home/mp4d/ros2_ws/install/project_ros2_pkg' for CMake config files
[5.132s] Level 1:colcon.colcon_core.shell:create_environment_hook('project_ros2_pkg', 'cmake_prefix_path')
[5.135s] INFO:colcon.colcon_core.shell:Creating environment hook '/home/mp4d/ros2_ws/install/project_ros2_pkg/share/project_ros2_pkg/hook/cmake_prefix_path.ps1'
[5.153s] INFO:colcon.colcon_core.shell:Creating environment descriptor '/home/mp4d/ros2_ws/install/project_ros2_pkg/share/project_ros2_pkg/hook/cmake_prefix_path.dsv'
[5.162s] INFO:colcon.colcon_core.shell:Creating environment hook '/home/mp4d/ros2_ws/install/project_ros2_pkg/share/project_ros2_pkg/hook/cmake_prefix_path.sh'
[5.176s] Level 1:colcon.colcon_core.environment:checking '/home/mp4d/ros2_ws/install/project_ros2_pkg/lib'
[5.177s] Level 1:colcon.colcon_core.environment:checking '/home/mp4d/ros2_ws/install/project_ros2_pkg/bin'
[5.177s] Level 1:colcon.colcon_core.environment:checking '/home/mp4d/ros2_ws/install/project_ros2_pkg/lib/pkgconfig/project_ros2_pkg.pc'
[5.179s] Level 1:colcon.colcon_core.environment:checking '/home/mp4d/ros2_ws/install/project_ros2_pkg/lib/python3.8/site-packages'
[5.181s] Level 1:colcon.colcon_core.environment:checking '/home/mp4d/ros2_ws/install/project_ros2_pkg/bin'
[5.185s] INFO:colcon.colcon_core.shell:Creating package script '/home/mp4d/ros2_ws/install/project_ros2_pkg/share/project_ros2_pkg/package.ps1'
[5.199s] INFO:colcon.colcon_core.shell:Creating package descriptor '/home/mp4d/ros2_ws/install/project_ros2_pkg/share/project_ros2_pkg/package.dsv'
[5.214s] INFO:colcon.colcon_core.shell:Creating package script '/home/mp4d/ros2_ws/install/project_ros2_pkg/share/project_ros2_pkg/package.sh'
[5.232s] INFO:colcon.colcon_core.shell:Creating package script '/home/mp4d/ros2_ws/install/project_ros2_pkg/share/project_ros2_pkg/package.bash'
[5.240s] INFO:colcon.colcon_core.shell:Creating package script '/home/mp4d/ros2_ws/install/project_ros2_pkg/share/project_ros2_pkg/package.zsh'
[5.248s] Level 1:colcon.colcon_core.environment:create_file_with_runtime_dependencies(/home/mp4d/ros2_ws/install/project_ros2_pkg/share/colcon-core/packages/project_ros2_pkg)
[74.643s] DEBUG:colcon.colcon_core.event_handler.log_command:Invoked command in '/home/mp4d/ros2_ws/build/image_processor' returned '0': /usr/bin/cmake --build /home/mp4d/ros2_ws/build/image_processor -- -j4 -l4
[74.947s] DEBUG:colcon.colcon_core.event_handler.log_command:Invoking command in '/home/mp4d/ros2_ws/build/image_processor': /usr/bin/cmake --install /home/mp4d/ros2_ws/build/image_processor
[75.063s] DEBUG:colcon.colcon_core.event_handler.log_command:Invoked command in '/home/mp4d/ros2_ws/build/image_processor' returned '0': /usr/bin/cmake --install /home/mp4d/ros2_ws/build/image_processor
[75.253s] Level 1:colcon.colcon_core.shell:create_environment_hook('image_processor', 'ros_package_path')
[75.257s] INFO:colcon.colcon_core.shell:Creating environment hook '/home/mp4d/ros2_ws/install/image_processor/share/image_processor/hook/ros_package_path.ps1'
[75.266s] INFO:colcon.colcon_core.shell:Creating environment descriptor '/home/mp4d/ros2_ws/install/image_processor/share/image_processor/hook/ros_package_path.dsv'
[75.273s] INFO:colcon.colcon_core.shell:Creating environment hook '/home/mp4d/ros2_ws/install/image_processor/share/image_processor/hook/ros_package_path.sh'
[75.283s] Level 1:colcon.colcon_core.shell:create_environment_hook('image_processor', 'pkg_config_path')
[75.286s] INFO:colcon.colcon_core.shell:Creating environment hook '/home/mp4d/ros2_ws/install/image_processor/share/image_processor/hook/pkg_config_path.ps1'
[75.292s] INFO:colcon.colcon_core.shell:Creating environment descriptor '/home/mp4d/ros2_ws/install/image_processor/share/image_processor/hook/pkg_config_path.dsv'
[75.299s] INFO:colcon.colcon_core.shell:Creating environment hook '/home/mp4d/ros2_ws/install/image_processor/share/image_processor/hook/pkg_config_path.sh'
[75.329s] Level 1:colcon.colcon_core.shell:create_environment_hook('image_processor', 'pkg_config_path_multiarch')
[75.334s] INFO:colcon.colcon_core.shell:Creating environment hook '/home/mp4d/ros2_ws/install/image_processor/share/image_processor/hook/pkg_config_path_multiarch.ps1'
[75.343s] INFO:colcon.colcon_core.shell:Creating environment descriptor '/home/mp4d/ros2_ws/install/image_processor/share/image_processor/hook/pkg_config_path_multiarch.dsv'
[75.350s] INFO:colcon.colcon_core.shell:Creating environment hook '/home/mp4d/ros2_ws/install/image_processor/share/image_processor/hook/pkg_config_path_multiarch.sh'
[75.365s] Level 1:colcon.colcon_core.environment:create_environment_scripts_only(image_processor)
[75.369s] Level 1:colcon.colcon_core.environment:checking '/home/mp4d/ros2_ws/install/image_processor' for CMake module files
[75.373s] Level 1:colcon.colcon_core.environment:checking '/home/mp4d/ros2_ws/install/image_processor' for CMake config files
[75.375s] Level 1:colcon.colcon_core.shell:create_environment_hook('image_processor', 'cmake_prefix_path')
[75.377s] INFO:colcon.colcon_core.shell:Creating environment hook '/home/mp4d/ros2_ws/install/image_processor/share/image_processor/hook/cmake_prefix_path.ps1'
[75.390s] INFO:colcon.colcon_core.shell:Creating environment descriptor '/home/mp4d/ros2_ws/install/image_processor/share/image_processor/hook/cmake_prefix_path.dsv'
[75.404s] INFO:colcon.colcon_core.shell:Creating environment hook '/home/mp4d/ros2_ws/install/image_processor/share/image_processor/hook/cmake_prefix_path.sh'
[75.414s] Level 1:colcon.colcon_core.environment:checking '/home/mp4d/ros2_ws/install/image_processor/lib'
[75.415s] Level 1:colcon.colcon_core.environment:checking '/home/mp4d/ros2_ws/install/image_processor/bin'
[75.416s] Level 1:colcon.colcon_core.environment:checking '/home/mp4d/ros2_ws/install/image_processor/lib/pkgconfig/image_processor.pc'
[75.418s] Level 1:colcon.colcon_core.environment:checking '/home/mp4d/ros2_ws/install/image_processor/lib/python3.8/site-packages'
[75.419s] Level 1:colcon.colcon_core.environment:checking '/home/mp4d/ros2_ws/install/image_processor/bin'
[75.424s] INFO:colcon.colcon_core.shell:Creating package script '/home/mp4d/ros2_ws/install/image_processor/share/image_processor/package.ps1'
[75.436s] INFO:colcon.colcon_core.shell:Creating package descriptor '/home/mp4d/ros2_ws/install/image_processor/share/image_processor/package.dsv'
[75.447s] INFO:colcon.colcon_core.shell:Creating package script '/home/mp4d/ros2_ws/install/image_processor/share/image_processor/package.sh'
[75.457s] INFO:colcon.colcon_core.shell:Creating package script '/home/mp4d/ros2_ws/install/image_processor/share/image_processor/package.bash'
[75.464s] INFO:colcon.colcon_core.shell:Creating package script '/home/mp4d/ros2_ws/install/image_processor/share/image_processor/package.zsh'
[75.470s] Level 1:colcon.colcon_core.environment:create_file_with_runtime_dependencies(/home/mp4d/ros2_ws/install/image_processor/share/colcon-core/packages/image_processor)
[75.474s] DEBUG:colcon.colcon_parallel_executor.executor.parallel:closing loop
[75.476s] DEBUG:colcon.colcon_parallel_executor.executor.parallel:loop closed
[75.477s] DEBUG:colcon.colcon_parallel_executor.executor.parallel:run_until_complete finished with '0'
[75.477s] DEBUG:colcon.colcon_core.event_reactor:joining thread
[75.531s] INFO:colcon.colcon_core.plugin_system:Skipping extension 'colcon_notification.desktop_notification.notify_send': Could not find 'notify-send'
[75.533s] INFO:colcon.colcon_core.plugin_system:Skipping extension 'colcon_notification.desktop_notification.terminal_notifier': Not used on non-Darwin systems
[75.533s] INFO:colcon.colcon_core.plugin_system:Skipping extension 'colcon_notification.desktop_notification.win32': Not used on non-Windows systems
[75.534s] INFO:colcon.colcon_notification.desktop_notification:Sending desktop notification using 'notify2'
[75.540s] DEBUG:colcon.colcon_notification.desktop_notification.notify2:Failed to initialize notify2: org.freedesktop.DBus.Error.ServiceUnknown: The name org.freedesktop.Notifications was not provided by any .service files
[75.542s] DEBUG:colcon.colcon_core.event_reactor:joined thread
[75.544s] INFO:colcon.colcon_core.shell:Creating prefix script '/home/mp4d/ros2_ws/install/local_setup.ps1'
[75.560s] INFO:colcon.colcon_core.shell:Creating prefix util module '/home/mp4d/ros2_ws/install/_local_setup_util_ps1.py'
[75.582s] INFO:colcon.colcon_core.shell:Creating prefix chain script '/home/mp4d/ros2_ws/install/setup.ps1'
[75.598s] INFO:colcon.colcon_core.shell:Creating prefix script '/home/mp4d/ros2_ws/install/local_setup.sh'
[75.608s] INFO:colcon.colcon_core.shell:Creating prefix util module '/home/mp4d/ros2_ws/install/_local_setup_util_sh.py'
[75.616s] INFO:colcon.colcon_core.shell:Creating prefix chain script '/home/mp4d/ros2_ws/install/setup.sh'
[75.633s] INFO:colcon.colcon_core.shell:Creating prefix script '/home/mp4d/ros2_ws/install/local_setup.bash'
[75.641s] INFO:colcon.colcon_core.shell:Creating prefix chain script '/home/mp4d/ros2_ws/install/setup.bash'
[75.654s] INFO:colcon.colcon_core.shell:Creating prefix script '/home/mp4d/ros2_ws/install/local_setup.zsh'
[75.663s] INFO:colcon.colcon_core.shell:Creating prefix chain script '/home/mp4d/ros2_ws/install/setup.zsh'
