[0.167s] Invoking command in '/home/mp4d/ros2_ws/build/image_processor': /usr/bin/cmake --build /home/mp4d/ros2_ws/build/image_processor -- -j4 -l4
[0.649s] [35m[1mScanning dependencies of target image_processor_node[0m
[1.015s] [ 50%] [32mBuilding CXX object CMakeFiles/image_processor_node.dir/src/image_processor_node.cpp.o[0m
[62.531s] [100%] [32m[1mLinking CXX executable image_processor_node[0m
[70.628s] [100%] Built target image_processor_node
[70.708s] Invoked command in '/home/mp4d/ros2_ws/build/image_processor' returned '0': /usr/bin/cmake --build /home/mp4d/ros2_ws/build/image_processor -- -j4 -l4
[71.030s] Invoking command in '/home/mp4d/ros2_ws/build/image_processor': /usr/bin/cmake --install /home/mp4d/ros2_ws/build/image_processor
[71.120s] -- Install configuration: ""
[71.121s] -- Installing: /home/mp4d/ros2_ws/install/image_processor/lib/image_processor/image_processor_node
[71.129s] -- Set runtime path of "/home/mp4d/ros2_ws/install/image_processor/lib/image_processor/image_processor_node" to ""
[71.134s] -- Up-to-date: /home/mp4d/ros2_ws/install/image_processor/share/ament_index/resource_index/package_run_dependencies/image_processor
[71.139s] -- Up-to-date: /home/mp4d/ros2_ws/install/image_processor/share/ament_index/resource_index/parent_prefix_path/image_processor
[71.164s] -- Up-to-date: /home/mp4d/ros2_ws/install/image_processor/share/image_processor/environment/ament_prefix_path.sh
[71.171s] -- Up-to-date: /home/mp4d/ros2_ws/install/image_processor/share/image_processor/environment/ament_prefix_path.dsv
[71.173s] -- Up-to-date: /home/mp4d/ros2_ws/install/image_processor/share/image_processor/environment/path.sh
[71.190s] -- Up-to-date: /home/mp4d/ros2_ws/install/image_processor/share/image_processor/environment/path.dsv
[71.195s] -- Up-to-date: /home/mp4d/ros2_ws/install/image_processor/share/image_processor/local_setup.bash
[71.198s] -- Up-to-date: /home/mp4d/ros2_ws/install/image_processor/share/image_processor/local_setup.sh
[71.201s] -- Up-to-date: /home/mp4d/ros2_ws/install/image_processor/share/image_processor/local_setup.zsh
[71.205s] -- Up-to-date: /home/mp4d/ros2_ws/install/image_processor/share/image_processor/local_setup.dsv
[71.217s] -- Installing: /home/mp4d/ros2_ws/install/image_processor/share/image_processor/package.dsv
[71.219s] -- Up-to-date: /home/mp4d/ros2_ws/install/image_processor/share/ament_index/resource_index/packages/image_processor
[71.222s] -- Up-to-date: /home/mp4d/ros2_ws/install/image_processor/share/image_processor/cmake/image_processorConfig.cmake
[71.224s] -- Up-to-date: /home/mp4d/ros2_ws/install/image_processor/share/image_processor/cmake/image_processorConfig-version.cmake
[71.228s] -- Up-to-date: /home/mp4d/ros2_ws/install/image_processor/share/image_processor/package.xml
[71.230s] Invoked command in '/home/mp4d/ros2_ws/build/image_processor' returned '0': /usr/bin/cmake --install /home/mp4d/ros2_ws/build/image_processor
