[0.074s] Invoking command in '/home/mp4d/ros2_ws/build/image_processor': /usr/bin/cmake /home/mp4d/ros2_ws/src/image_processor -DCATKIN_INSTALL_INTO_PREFIX_ROOT=0 -DCMAKE_INSTALL_PREFIX=/home/mp4d/ros2_ws/install/image_processor
[0.616s] -- The C compiler identification is GNU 9.4.0
[1.212s] -- The CXX compiler identification is GNU 9.4.0
[1.250s] -- Check for working C compiler: /usr/bin/cc
[1.908s] -- Check for working C compiler: /usr/bin/cc -- works
[1.914s] -- Detecting C compiler ABI info
[2.574s] -- Detecting C compiler ABI info - done
[2.686s] -- Detecting C compile features
[2.690s] -- Detecting C compile features - done
[2.717s] -- Check for working CXX compiler: /usr/bin/c++
[3.424s] -- Check for working CXX compiler: /usr/bin/c++ -- works
[3.432s] -- Detecting CXX compiler ABI info
[4.160s] -- Detecting CXX compiler ABI info - done
[4.263s] -- Detecting CXX compile features
[4.268s] -- Detecting CXX compile features - done
[4.286s] -- Found ament_cmake: 0.9.12 (/opt/ros/foxy/share/ament_cmake/cmake)
[4.459s] -- Found PythonInterp: /usr/bin/python3 (found suitable version "3.8.10", minimum required is "3") 
[4.461s] -- Using PYTHON_EXECUTABLE: /usr/bin/python3
[6.116s] -- Found rclcpp: 2.4.3 (/opt/ros/foxy/share/rclcpp/cmake)
[6.361s] -- Using all available rosidl_typesupport_c: rosidl_typesupport_fastrtps_c;rosidl_typesupport_introspection_c
[6.395s] -- Found rosidl_adapter: 1.3.1 (/opt/ros/foxy/share/rosidl_adapter/cmake)
[6.791s] -- Found OpenSSL: /usr/lib/aarch64-linux-gnu/libcrypto.so (found version "1.1.1f")  
[6.941s] -- Found FastRTPS: /opt/ros/foxy/include  
[7.442s] -- Using all available rosidl_typesupport_cpp: rosidl_typesupport_fastrtps_cpp;rosidl_typesupport_introspection_cpp
[7.865s] -- Found rmw_implementation_cmake: 1.0.4 (/opt/ros/foxy/share/rmw_implementation_cmake/cmake)
[7.876s] -- Using RMW implementation 'rmw_fastrtps_cpp' as default
[7.881s] -- Looking for pthread.h
[8.521s] -- Looking for pthread.h - found
[8.523s] -- Performing Test CMAKE_HAVE_LIBC_PTHREAD
[9.216s] -- Performing Test CMAKE_HAVE_LIBC_PTHREAD - Failed
[9.218s] -- Looking for pthread_create in pthreads
[9.674s] -- Looking for pthread_create in pthreads - not found
[9.675s] -- Looking for pthread_create in pthread
[10.351s] -- Looking for pthread_create in pthread - found
[10.358s] -- Found Threads: TRUE  
[11.706s] -- Found sensor_msgs: 2.0.5 (/opt/ros/foxy/share/sensor_msgs/cmake)
[12.704s] -- Found cv_bridge: 3.0.7 (/opt/ros/foxy/share/cv_bridge/cmake)
[13.643s] -- Configuring done
[13.778s] -- Generating done
[13.788s] CMake Warning:
[13.789s]   Manually-specified variables were not used by the project:
[13.789s] 
[13.790s]     CATKIN_INSTALL_INTO_PREFIX_ROOT
[13.791s] 
[13.791s] 
[13.794s] -- Build files have been written to: /home/mp4d/ros2_ws/build/image_processor
[13.920s] Invoked command in '/home/mp4d/ros2_ws/build/image_processor' returned '0': /usr/bin/cmake /home/mp4d/ros2_ws/src/image_processor -DCATKIN_INSTALL_INTO_PREFIX_ROOT=0 -DCMAKE_INSTALL_PREFIX=/home/mp4d/ros2_ws/install/image_processor
[13.945s] Invoking command in '/home/mp4d/ros2_ws/build/image_processor': /usr/bin/cmake --build /home/mp4d/ros2_ws/build/image_processor -- -j4 -l4
[14.286s] [35m[1mScanning dependencies of target image_processor_node[0m
[14.519s] [ 50%] [32mBuilding CXX object CMakeFiles/image_processor_node.dir/src/image_processor_node.cpp.o[0m
[72.830s] [100%] [32m[1mLinking CXX executable image_processor_node[0m
[81.723s] [100%] Built target image_processor_node
[81.800s] Invoked command in '/home/mp4d/ros2_ws/build/image_processor' returned '0': /usr/bin/cmake --build /home/mp4d/ros2_ws/build/image_processor -- -j4 -l4
[82.155s] Invoking command in '/home/mp4d/ros2_ws/build/image_processor': /usr/bin/cmake --install /home/mp4d/ros2_ws/build/image_processor
[82.230s] -- Install configuration: ""
[82.231s] -- Installing: /home/mp4d/ros2_ws/install/image_processor/lib/image_processor/image_processor_node
[82.247s] -- Set runtime path of "/home/mp4d/ros2_ws/install/image_processor/lib/image_processor/image_processor_node" to ""
[82.250s] -- Up-to-date: /home/mp4d/ros2_ws/install/image_processor/share/ament_index/resource_index/package_run_dependencies/image_processor
[82.252s] -- Installing: /home/mp4d/ros2_ws/install/image_processor/share/ament_index/resource_index/parent_prefix_path/image_processor
[82.254s] -- Up-to-date: /home/mp4d/ros2_ws/install/image_processor/share/image_processor/environment/ament_prefix_path.sh
[82.255s] -- Installing: /home/mp4d/ros2_ws/install/image_processor/share/image_processor/environment/ament_prefix_path.dsv
[82.256s] -- Up-to-date: /home/mp4d/ros2_ws/install/image_processor/share/image_processor/environment/path.sh
[82.257s] -- Installing: /home/mp4d/ros2_ws/install/image_processor/share/image_processor/environment/path.dsv
[82.259s] -- Up-to-date: /home/mp4d/ros2_ws/install/image_processor/share/image_processor/local_setup.bash
[82.262s] -- Up-to-date: /home/mp4d/ros2_ws/install/image_processor/share/image_processor/local_setup.sh
[82.264s] -- Up-to-date: /home/mp4d/ros2_ws/install/image_processor/share/image_processor/local_setup.zsh
[82.265s] -- Installing: /home/mp4d/ros2_ws/install/image_processor/share/image_processor/local_setup.dsv
[82.265s] -- Installing: /home/mp4d/ros2_ws/install/image_processor/share/image_processor/package.dsv
[82.266s] -- Up-to-date: /home/mp4d/ros2_ws/install/image_processor/share/ament_index/resource_index/packages/image_processor
[82.267s] -- Up-to-date: /home/mp4d/ros2_ws/install/image_processor/share/image_processor/cmake/image_processorConfig.cmake
[82.267s] -- Up-to-date: /home/mp4d/ros2_ws/install/image_processor/share/image_processor/cmake/image_processorConfig-version.cmake
[82.268s] -- Up-to-date: /home/mp4d/ros2_ws/install/image_processor/share/image_processor/package.xml
[82.277s] Invoked command in '/home/mp4d/ros2_ws/build/image_processor' returned '0': /usr/bin/cmake --install /home/mp4d/ros2_ws/build/image_processor
