-- Found ament_cmake: 0.9.12 (/opt/ros/foxy/share/ament_cmake/cmake)
-- Using PYTHON_EXECUTABLE: /usr/bin/python3
-- Override CMake install command with custom implementation using symlinks instead of copying resources
-- Found dynamixel_sdk: 3.7.40 (/home/alexander/ros2_foxy/src/install/dynamixel_sdk/share/dynamixel_sdk/cmake)
-- Found dynamixel_sdk_custom_interfaces: 3.7.40 (/home/alexander/ros2_foxy/src/install/dynamixel_sdk_custom_interfaces/share/dynamixel_sdk_custom_interfaces/cmake)
-- Using all available rosidl_typesupport_c: rosidl_typesupport_fastrtps_c;rosidl_typesupport_introspection_c
-- Found rosidl_adapter: 1.3.1 (/opt/ros/foxy/share/rosidl_adapter/cmake)
-- Using all available rosidl_typesupport_cpp: rosidl_typesupport_fastrtps_cpp;rosidl_typesupport_introspection_cpp
-- Found rclcpp: 2.4.3 (/opt/ros/foxy/share/rclcpp/cmake)
-- Found rmw_implementation_cmake: 1.0.4 (/opt/ros/foxy/share/rmw_implementation_cmake/cmake)
-- Using RMW implementation 'rmw_fastrtps_cpp' as default
-- Found ament_lint_auto: 0.9.8 (/opt/ros/foxy/share/ament_lint_auto/cmake)
-- Added test 'copyright' to check source files copyright and LICENSE
-- Added test 'cppcheck' to perform static code analysis on C / C++ code
-- Configured cppcheck include dirs: /home/alexander/ros2_foxy/src/DynamixelSDK/dynamixel_sdk_examples/include
-- Configured cppcheck exclude dirs and/or files: 
-- Added test 'cpplint' to check C / C++ code against the Google style
-- Configured cpplint exclude dirs and/or files: 
-- Added test 'flake8' to check Python code syntax and style conventions
-- Added test 'lint_cmake' to check CMake code style
-- Added test 'pep257' to check Python code against some of the style conventions in PEP 257
-- Added test 'uncrustify' to check C / C++ code style
-- Configured uncrustify additional arguments: 
-- Added test 'xmllint' to check XML markup files
-- Configuring done
-- Generating done
-- Build files have been written to: /home/alexander/ros2_foxy/src/build/dynamixel_sdk_examples
[35m[1mScanning dependencies of target motor_controller[0m
[35m[1mScanning dependencies of target digit_publisher[0m
[35m[1mScanning dependencies of target cross_drawer[0m
[35m[1mScanning dependencies of target draw_digit[0m
[35m[1mScanning dependencies of target read_write_node[0m
[ 10%] [32mBuilding CXX object CMakeFiles/cross_drawer.dir/src/cross_drawer.cpp.o[0m
[ 20%] [32mBuilding CXX object CMakeFiles/digit_publisher.dir/src/digit_publisher.cpp.o[0m
[ 30%] [32mBuilding CXX object CMakeFiles/motor_controller.dir/src/motor_controller.cpp.o[0m
[ 40%] [32mBuilding CXX object CMakeFiles/draw_digit.dir/src/draw_eight.cpp.o[0m
[ 50%] [32mBuilding CXX object CMakeFiles/read_write_node.dir/src/read_write_node.cpp.o[0m
[ 60%] [32m[1mLinking CXX executable digit_publisher[0m
[ 70%] [32m[1mLinking CXX executable cross_drawer[0m
[ 80%] [32m[1mLinking CXX executable motor_controller[0m
[ 80%] Built target digit_publisher
[ 80%] Built target cross_drawer
[ 80%] Built target motor_controller
[ 90%] [32m[1mLinking CXX executable read_write_node[0m
[ 90%] Built target read_write_node
[100%] [32m[1mLinking CXX executable draw_digit[0m
[100%] Built target draw_digit
-- Install configuration: ""
-- Execute custom install script
-- Symlinking: /home/alexander/ros2_foxy/src/install/dynamixel_sdk_examples/lib/dynamixel_sdk_examples/read_write_node
-- Symlinking: /home/alexander/ros2_foxy/src/install/dynamixel_sdk_examples/lib/dynamixel_sdk_examples/motor_controller
-- Symlinking: /home/alexander/ros2_foxy/src/install/dynamixel_sdk_examples/lib/dynamixel_sdk_examples/draw_digit
-- Symlinking: /home/alexander/ros2_foxy/src/install/dynamixel_sdk_examples/lib/dynamixel_sdk_examples/digit_publisher
-- Symlinking: /home/alexander/ros2_foxy/src/install/dynamixel_sdk_examples/lib/dynamixel_sdk_examples/cross_drawer
-- Symlinking: /home/alexander/ros2_foxy/src/install/dynamixel_sdk_examples/include//read_write_node.hpp
-- Symlinking: /home/alexander/ros2_foxy/src/install/dynamixel_sdk_examples/share/ament_index/resource_index/package_run_dependencies/dynamixel_sdk_examples
-- Symlinking: /home/alexander/ros2_foxy/src/install/dynamixel_sdk_examples/share/ament_index/resource_index/parent_prefix_path/dynamixel_sdk_examples
-- Symlinking: /home/alexander/ros2_foxy/src/install/dynamixel_sdk_examples/share/dynamixel_sdk_examples/environment/ament_prefix_path.sh
-- Symlinking: /home/alexander/ros2_foxy/src/install/dynamixel_sdk_examples/share/dynamixel_sdk_examples/environment/ament_prefix_path.dsv
-- Symlinking: /home/alexander/ros2_foxy/src/install/dynamixel_sdk_examples/share/dynamixel_sdk_examples/environment/path.sh
-- Symlinking: /home/alexander/ros2_foxy/src/install/dynamixel_sdk_examples/share/dynamixel_sdk_examples/environment/path.dsv
-- Symlinking: /home/alexander/ros2_foxy/src/install/dynamixel_sdk_examples/share/dynamixel_sdk_examples/local_setup.bash
-- Symlinking: /home/alexander/ros2_foxy/src/install/dynamixel_sdk_examples/share/dynamixel_sdk_examples/local_setup.sh
-- Symlinking: /home/alexander/ros2_foxy/src/install/dynamixel_sdk_examples/share/dynamixel_sdk_examples/local_setup.zsh
-- Symlinking: /home/alexander/ros2_foxy/src/install/dynamixel_sdk_examples/share/dynamixel_sdk_examples/local_setup.dsv
-- Symlinking: /home/alexander/ros2_foxy/src/install/dynamixel_sdk_examples/share/dynamixel_sdk_examples/package.dsv
-- Symlinking: /home/alexander/ros2_foxy/src/install/dynamixel_sdk_examples/share/ament_index/resource_index/packages/dynamixel_sdk_examples
-- Symlinking: /home/alexander/ros2_foxy/src/install/dynamixel_sdk_examples/share/dynamixel_sdk_examples/cmake/dynamixel_sdk_examplesConfig.cmake
-- Symlinking: /home/alexander/ros2_foxy/src/install/dynamixel_sdk_examples/share/dynamixel_sdk_examples/cmake/dynamixel_sdk_examplesConfig-version.cmake
-- Symlinking: /home/alexander/ros2_foxy/src/install/dynamixel_sdk_examples/share/dynamixel_sdk_examples/package.xml
