[0.020s] Invoking command in '/home/alexander/ros2_foxy/src/build/dynamixel_sdk_examples': AMENT_PREFIX_PATH=/home/alexander/ros2_foxy/src/install/dynamixel_sdk_custom_interfaces:/home/alexander/ros2_foxy/src/install/dynamixel_sdk:${AMENT_PREFIX_PATH} CMAKE_PREFIX_PATH=/home/alexander/ros2_foxy/src/install/dynamixel_sdk_custom_interfaces:/home/alexander/ros2_foxy/src/install/dynamixel_sdk:/home/alexander/ros2_foxy/install/dynamixel_sdk_examples:/home/alexander/ros2_foxy/install/dynamixel_sdk_custom_interfaces:/home/alexander/ros2_foxy/install/dynamixel_sdk:/opt/ros/foxy LD_LIBRARY_PATH=/home/alexander/ros2_foxy/src/install/dynamixel_sdk_custom_interfaces/lib:/home/alexander/ros2_foxy/src/install/dynamixel_sdk/lib:${LD_LIBRARY_PATH} PYTHONPATH=/home/alexander/ros2_foxy/src/install/dynamixel_sdk_custom_interfaces/lib/python3.8/site-packages:${PYTHONPATH} /usr/bin/cmake /home/alexander/ros2_foxy/src/DynamixelSDK/dynamixel_sdk_examples -DCMAKE_INSTALL_PREFIX=/home/alexander/ros2_foxy/src/install/dynamixel_sdk_examples
[0.028s] -- Found ament_cmake: 0.9.12 (/opt/ros/foxy/share/ament_cmake/cmake)
[0.048s] -- Using PYTHON_EXECUTABLE: /usr/bin/python3
[0.159s] -- Override CMake install command with custom implementation using symlinks instead of copying resources
[0.168s] -- Found dynamixel_sdk: 3.7.40 (/home/alexander/ros2_foxy/src/install/dynamixel_sdk/share/dynamixel_sdk/cmake)
[0.169s] -- Found dynamixel_sdk_custom_interfaces: 3.7.40 (/home/alexander/ros2_foxy/src/install/dynamixel_sdk_custom_interfaces/share/dynamixel_sdk_custom_interfaces/cmake)
[0.182s] -- Using all available rosidl_typesupport_c: rosidl_typesupport_fastrtps_c;rosidl_typesupport_introspection_c
[0.184s] -- Found rosidl_adapter: 1.3.1 (/opt/ros/foxy/share/rosidl_adapter/cmake)
[0.268s] -- Using all available rosidl_typesupport_cpp: rosidl_typesupport_fastrtps_cpp;rosidl_typesupport_introspection_cpp
[0.296s] -- Found rclcpp: 2.4.3 (/opt/ros/foxy/share/rclcpp/cmake)
[0.320s] -- Found rmw_implementation_cmake: 1.0.4 (/opt/ros/foxy/share/rmw_implementation_cmake/cmake)
[0.321s] -- Using RMW implementation 'rmw_fastrtps_cpp' as default
[0.418s] -- Found ament_lint_auto: 0.9.8 (/opt/ros/foxy/share/ament_lint_auto/cmake)
[0.498s] -- Added test 'copyright' to check source files copyright and LICENSE
[0.498s] -- Added test 'cppcheck' to perform static code analysis on C / C++ code
[0.498s] -- Configured cppcheck include dirs: /home/alexander/ros2_foxy/src/DynamixelSDK/dynamixel_sdk_examples/include
[0.498s] -- Configured cppcheck exclude dirs and/or files: 
[0.499s] -- Added test 'cpplint' to check C / C++ code against the Google style
[0.499s] -- Configured cpplint exclude dirs and/or files: 
[0.499s] -- Added test 'flake8' to check Python code syntax and style conventions
[0.500s] -- Added test 'lint_cmake' to check CMake code style
[0.500s] -- Added test 'pep257' to check Python code against some of the style conventions in PEP 257
[0.500s] -- Added test 'uncrustify' to check C / C++ code style
[0.501s] -- Configured uncrustify additional arguments: 
[0.501s] -- Added test 'xmllint' to check XML markup files
[0.503s] -- Configuring done
[0.516s] -- Generating done
[0.522s] -- Build files have been written to: /home/alexander/ros2_foxy/src/build/dynamixel_sdk_examples
[0.531s] Invoked command in '/home/alexander/ros2_foxy/src/build/dynamixel_sdk_examples' returned '0': AMENT_PREFIX_PATH=/home/alexander/ros2_foxy/src/install/dynamixel_sdk_custom_interfaces:/home/alexander/ros2_foxy/src/install/dynamixel_sdk:${AMENT_PREFIX_PATH} CMAKE_PREFIX_PATH=/home/alexander/ros2_foxy/src/install/dynamixel_sdk_custom_interfaces:/home/alexander/ros2_foxy/src/install/dynamixel_sdk:/home/alexander/ros2_foxy/install/dynamixel_sdk_examples:/home/alexander/ros2_foxy/install/dynamixel_sdk_custom_interfaces:/home/alexander/ros2_foxy/install/dynamixel_sdk:/opt/ros/foxy LD_LIBRARY_PATH=/home/alexander/ros2_foxy/src/install/dynamixel_sdk_custom_interfaces/lib:/home/alexander/ros2_foxy/src/install/dynamixel_sdk/lib:${LD_LIBRARY_PATH} PYTHONPATH=/home/alexander/ros2_foxy/src/install/dynamixel_sdk_custom_interfaces/lib/python3.8/site-packages:${PYTHONPATH} /usr/bin/cmake /home/alexander/ros2_foxy/src/DynamixelSDK/dynamixel_sdk_examples -DCMAKE_INSTALL_PREFIX=/home/alexander/ros2_foxy/src/install/dynamixel_sdk_examples
[0.533s] Invoking command in '/home/alexander/ros2_foxy/src/build/dynamixel_sdk_examples': AMENT_PREFIX_PATH=/home/alexander/ros2_foxy/src/install/dynamixel_sdk_custom_interfaces:/home/alexander/ros2_foxy/src/install/dynamixel_sdk:${AMENT_PREFIX_PATH} CMAKE_PREFIX_PATH=/home/alexander/ros2_foxy/src/install/dynamixel_sdk_custom_interfaces:/home/alexander/ros2_foxy/src/install/dynamixel_sdk:/home/alexander/ros2_foxy/install/dynamixel_sdk_examples:/home/alexander/ros2_foxy/install/dynamixel_sdk_custom_interfaces:/home/alexander/ros2_foxy/install/dynamixel_sdk:/opt/ros/foxy LD_LIBRARY_PATH=/home/alexander/ros2_foxy/src/install/dynamixel_sdk_custom_interfaces/lib:/home/alexander/ros2_foxy/src/install/dynamixel_sdk/lib:${LD_LIBRARY_PATH} PYTHONPATH=/home/alexander/ros2_foxy/src/install/dynamixel_sdk_custom_interfaces/lib/python3.8/site-packages:${PYTHONPATH} /usr/bin/cmake --build /home/alexander/ros2_foxy/src/build/dynamixel_sdk_examples -- -j16 -l16
[0.576s] [35m[1mScanning dependencies of target motor_controller[0m
[0.577s] [35m[1mScanning dependencies of target digit_publisher[0m
[0.578s] [35m[1mScanning dependencies of target cross_drawer[0m
[0.579s] [35m[1mScanning dependencies of target draw_digit[0m
[0.579s] [35m[1mScanning dependencies of target read_write_node[0m
[0.616s] [ 10%] [32mBuilding CXX object CMakeFiles/cross_drawer.dir/src/cross_drawer.cpp.o[0m
[0.617s] [ 20%] [32mBuilding CXX object CMakeFiles/digit_publisher.dir/src/digit_publisher.cpp.o[0m
[0.617s] [ 30%] [32mBuilding CXX object CMakeFiles/motor_controller.dir/src/motor_controller.cpp.o[0m
[0.620s] [ 40%] [32mBuilding CXX object CMakeFiles/draw_digit.dir/src/draw_eight.cpp.o[0m
[0.620s] [ 50%] [32mBuilding CXX object CMakeFiles/read_write_node.dir/src/read_write_node.cpp.o[0m
[3.683s] [ 60%] [32m[1mLinking CXX executable digit_publisher[0m
[3.769s] [ 70%] [32m[1mLinking CXX executable cross_drawer[0m
[3.827s] [ 80%] [32m[1mLinking CXX executable motor_controller[0m
[3.841s] [ 80%] Built target digit_publisher
[3.916s] [ 80%] Built target cross_drawer
[3.966s] [ 80%] Built target motor_controller
[5.184s] [ 90%] [32m[1mLinking CXX executable read_write_node[0m
[5.378s] [ 90%] Built target read_write_node
[5.466s] [100%] [32m[1mLinking CXX executable draw_digit[0m
[5.623s] [100%] Built target draw_digit
[5.632s] Invoked command in '/home/alexander/ros2_foxy/src/build/dynamixel_sdk_examples' returned '0': AMENT_PREFIX_PATH=/home/alexander/ros2_foxy/src/install/dynamixel_sdk_custom_interfaces:/home/alexander/ros2_foxy/src/install/dynamixel_sdk:${AMENT_PREFIX_PATH} CMAKE_PREFIX_PATH=/home/alexander/ros2_foxy/src/install/dynamixel_sdk_custom_interfaces:/home/alexander/ros2_foxy/src/install/dynamixel_sdk:/home/alexander/ros2_foxy/install/dynamixel_sdk_examples:/home/alexander/ros2_foxy/install/dynamixel_sdk_custom_interfaces:/home/alexander/ros2_foxy/install/dynamixel_sdk:/opt/ros/foxy LD_LIBRARY_PATH=/home/alexander/ros2_foxy/src/install/dynamixel_sdk_custom_interfaces/lib:/home/alexander/ros2_foxy/src/install/dynamixel_sdk/lib:${LD_LIBRARY_PATH} PYTHONPATH=/home/alexander/ros2_foxy/src/install/dynamixel_sdk_custom_interfaces/lib/python3.8/site-packages:${PYTHONPATH} /usr/bin/cmake --build /home/alexander/ros2_foxy/src/build/dynamixel_sdk_examples -- -j16 -l16
[5.638s] Invoking command in '/home/alexander/ros2_foxy/src/build/dynamixel_sdk_examples': AMENT_PREFIX_PATH=/home/alexander/ros2_foxy/src/install/dynamixel_sdk_custom_interfaces:/home/alexander/ros2_foxy/src/install/dynamixel_sdk:${AMENT_PREFIX_PATH} CMAKE_PREFIX_PATH=/home/alexander/ros2_foxy/src/install/dynamixel_sdk_custom_interfaces:/home/alexander/ros2_foxy/src/install/dynamixel_sdk:/home/alexander/ros2_foxy/install/dynamixel_sdk_examples:/home/alexander/ros2_foxy/install/dynamixel_sdk_custom_interfaces:/home/alexander/ros2_foxy/install/dynamixel_sdk:/opt/ros/foxy LD_LIBRARY_PATH=/home/alexander/ros2_foxy/src/install/dynamixel_sdk_custom_interfaces/lib:/home/alexander/ros2_foxy/src/install/dynamixel_sdk/lib:${LD_LIBRARY_PATH} PYTHONPATH=/home/alexander/ros2_foxy/src/install/dynamixel_sdk_custom_interfaces/lib/python3.8/site-packages:${PYTHONPATH} /usr/bin/cmake --install /home/alexander/ros2_foxy/src/build/dynamixel_sdk_examples
[5.642s] -- Install configuration: ""
[5.642s] -- Execute custom install script
[5.643s] -- Symlinking: /home/alexander/ros2_foxy/src/install/dynamixel_sdk_examples/lib/dynamixel_sdk_examples/read_write_node
[5.656s] -- Symlinking: /home/alexander/ros2_foxy/src/install/dynamixel_sdk_examples/lib/dynamixel_sdk_examples/motor_controller
[5.663s] -- Symlinking: /home/alexander/ros2_foxy/src/install/dynamixel_sdk_examples/lib/dynamixel_sdk_examples/draw_digit
[5.670s] -- Symlinking: /home/alexander/ros2_foxy/src/install/dynamixel_sdk_examples/lib/dynamixel_sdk_examples/digit_publisher
[5.677s] -- Symlinking: /home/alexander/ros2_foxy/src/install/dynamixel_sdk_examples/lib/dynamixel_sdk_examples/cross_drawer
[5.684s] -- Symlinking: /home/alexander/ros2_foxy/src/install/dynamixel_sdk_examples/include//read_write_node.hpp
[5.691s] -- Symlinking: /home/alexander/ros2_foxy/src/install/dynamixel_sdk_examples/share/ament_index/resource_index/package_run_dependencies/dynamixel_sdk_examples
[5.697s] -- Symlinking: /home/alexander/ros2_foxy/src/install/dynamixel_sdk_examples/share/ament_index/resource_index/parent_prefix_path/dynamixel_sdk_examples
[5.704s] -- Symlinking: /home/alexander/ros2_foxy/src/install/dynamixel_sdk_examples/share/dynamixel_sdk_examples/environment/ament_prefix_path.sh
[5.710s] -- Symlinking: /home/alexander/ros2_foxy/src/install/dynamixel_sdk_examples/share/dynamixel_sdk_examples/environment/ament_prefix_path.dsv
[5.722s] -- Symlinking: /home/alexander/ros2_foxy/src/install/dynamixel_sdk_examples/share/dynamixel_sdk_examples/environment/path.sh
[5.731s] -- Symlinking: /home/alexander/ros2_foxy/src/install/dynamixel_sdk_examples/share/dynamixel_sdk_examples/environment/path.dsv
[5.738s] -- Symlinking: /home/alexander/ros2_foxy/src/install/dynamixel_sdk_examples/share/dynamixel_sdk_examples/local_setup.bash
[5.745s] -- Symlinking: /home/alexander/ros2_foxy/src/install/dynamixel_sdk_examples/share/dynamixel_sdk_examples/local_setup.sh
[5.752s] -- Symlinking: /home/alexander/ros2_foxy/src/install/dynamixel_sdk_examples/share/dynamixel_sdk_examples/local_setup.zsh
[5.763s] -- Symlinking: /home/alexander/ros2_foxy/src/install/dynamixel_sdk_examples/share/dynamixel_sdk_examples/local_setup.dsv
[5.770s] -- Symlinking: /home/alexander/ros2_foxy/src/install/dynamixel_sdk_examples/share/dynamixel_sdk_examples/package.dsv
[5.782s] -- Symlinking: /home/alexander/ros2_foxy/src/install/dynamixel_sdk_examples/share/ament_index/resource_index/packages/dynamixel_sdk_examples
[5.789s] -- Symlinking: /home/alexander/ros2_foxy/src/install/dynamixel_sdk_examples/share/dynamixel_sdk_examples/cmake/dynamixel_sdk_examplesConfig.cmake
[5.796s] -- Symlinking: /home/alexander/ros2_foxy/src/install/dynamixel_sdk_examples/share/dynamixel_sdk_examples/cmake/dynamixel_sdk_examplesConfig-version.cmake
[5.802s] -- Symlinking: /home/alexander/ros2_foxy/src/install/dynamixel_sdk_examples/share/dynamixel_sdk_examples/package.xml
[5.812s] Invoked command in '/home/alexander/ros2_foxy/src/build/dynamixel_sdk_examples' returned '0': AMENT_PREFIX_PATH=/home/alexander/ros2_foxy/src/install/dynamixel_sdk_custom_interfaces:/home/alexander/ros2_foxy/src/install/dynamixel_sdk:${AMENT_PREFIX_PATH} CMAKE_PREFIX_PATH=/home/alexander/ros2_foxy/src/install/dynamixel_sdk_custom_interfaces:/home/alexander/ros2_foxy/src/install/dynamixel_sdk:/home/alexander/ros2_foxy/install/dynamixel_sdk_examples:/home/alexander/ros2_foxy/install/dynamixel_sdk_custom_interfaces:/home/alexander/ros2_foxy/install/dynamixel_sdk:/opt/ros/foxy LD_LIBRARY_PATH=/home/alexander/ros2_foxy/src/install/dynamixel_sdk_custom_interfaces/lib:/home/alexander/ros2_foxy/src/install/dynamixel_sdk/lib:${LD_LIBRARY_PATH} PYTHONPATH=/home/alexander/ros2_foxy/src/install/dynamixel_sdk_custom_interfaces/lib/python3.8/site-packages:${PYTHONPATH} /usr/bin/cmake --install /home/alexander/ros2_foxy/src/build/dynamixel_sdk_examples
