[1.289s] DEBUG:colcon:Command line arguments: ['/usr/bin/colcon', 'build']
[1.290s] DEBUG:colcon:Parsed command line arguments: Namespace(allow_overriding=[], ament_cmake_args=None, base_paths=['.'], build_base='build', catkin_cmake_args=None, catkin_skip_building_tests=False, cmake_args=None, cmake_clean_cache=False, cmake_clean_first=False, cmake_force_configure=False, cmake_target=None, cmake_target_skip_unavailable=False, continue_on_error=False, event_handlers=None, executor='parallel', ignore_user_meta=False, install_base='install', log_base=None, log_level=None, main=<bound method BuildVerb.main of <colcon_core.verb.build.BuildVerb object at 0xffffb984c0d0>>, merge_install=False, metas=['./colcon.meta'], packages_above=None, packages_above_and_dependencies=None, packages_above_depth=None, packages_end=None, packages_ignore=None, packages_ignore_regex=None, packages_select=None, packages_select_build_failed=False, packages_select_by_dep=None, packages_select_regex=None, packages_select_test_failures=False, packages_skip=None, packages_skip_build_finished=False, packages_skip_by_dep=None, packages_skip_regex=None, packages_skip_test_passed=False, packages_skip_up_to=None, packages_start=None, packages_up_to=None, packages_up_to_regex=None, parallel_workers=4, paths=None, symlink_install=False, test_result_base=None, verb_extension=<colcon_core.verb.build.BuildVerb object at 0xffffb984c0d0>, verb_name='build', verb_parser=<colcon_defaults.argument_parser.defaults.DefaultArgumentsDecorator object at 0xffffb984c550>)
[1.813s] Level 1:colcon.colcon_core.package_discovery:discover_packages(colcon_meta) check parameters
[1.815s] Level 1:colcon.colcon_core.package_discovery:discover_packages(recursive) check parameters
[1.815s] Level 1:colcon.colcon_core.package_discovery:discover_packages(ignore) check parameters
[1.815s] Level 1:colcon.colcon_core.package_discovery:discover_packages(path) check parameters
[1.815s] Level 1:colcon.colcon_core.package_discovery:discover_packages(colcon_meta) discover
[1.816s] Level 1:colcon.colcon_core.package_discovery:discover_packages(recursive) discover
[1.816s] INFO:colcon.colcon_core.package_discovery:Crawling recursively for packages in '/home/mp4d/ros2_ws'
[1.817s] Level 1:colcon.colcon_core.package_identification:_identify(.) by extensions ['ignore', 'ignore_ament_install']
[1.818s] Level 1:colcon.colcon_core.package_identification:_identify(.) by extension 'ignore'
[1.818s] Level 1:colcon.colcon_core.package_identification:_identify(.) by extension 'ignore_ament_install'
[1.819s] Level 1:colcon.colcon_core.package_identification:_identify(.) by extensions ['colcon_pkg']
[1.819s] Level 1:colcon.colcon_core.package_identification:_identify(.) by extension 'colcon_pkg'
[1.819s] Level 1:colcon.colcon_core.package_identification:_identify(.) by extensions ['colcon_meta']
[1.819s] Level 1:colcon.colcon_core.package_identification:_identify(.) by extension 'colcon_meta'
[1.820s] Level 1:colcon.colcon_core.package_identification:_identify(.) by extensions ['ros']
[1.820s] Level 1:colcon.colcon_core.package_identification:_identify(.) by extension 'ros'
[1.851s] Level 1:colcon.colcon_core.package_identification:_identify(.) by extensions ['cmake', 'python']
[1.852s] Level 1:colcon.colcon_core.package_identification:_identify(.) by extension 'cmake'
[1.852s] Level 1:colcon.colcon_core.package_identification:_identify(.) by extension 'python'
[1.852s] Level 1:colcon.colcon_core.package_identification:_identify(.) by extensions ['python_setup_py']
[1.852s] Level 1:colcon.colcon_core.package_identification:_identify(.) by extension 'python_setup_py'
[1.853s] Level 1:colcon.colcon_core.package_identification:_identify(build) by extensions ['ignore', 'ignore_ament_install']
[1.854s] Level 1:colcon.colcon_core.package_identification:_identify(build) by extension 'ignore'
[1.855s] Level 1:colcon.colcon_core.package_identification:_identify(build) ignored
[1.856s] Level 1:colcon.colcon_core.package_identification:_identify(install) by extensions ['ignore', 'ignore_ament_install']
[1.856s] Level 1:colcon.colcon_core.package_identification:_identify(install) by extension 'ignore'
[1.856s] Level 1:colcon.colcon_core.package_identification:_identify(install) ignored
[1.857s] Level 1:colcon.colcon_core.package_identification:_identify(log) by extensions ['ignore', 'ignore_ament_install']
[1.858s] Level 1:colcon.colcon_core.package_identification:_identify(log) by extension 'ignore'
[1.858s] Level 1:colcon.colcon_core.package_identification:_identify(log) ignored
[1.859s] Level 1:colcon.colcon_core.package_identification:_identify(src) by extensions ['ignore', 'ignore_ament_install']
[1.859s] Level 1:colcon.colcon_core.package_identification:_identify(src) by extension 'ignore'
[1.860s] Level 1:colcon.colcon_core.package_identification:_identify(src) by extension 'ignore_ament_install'
[1.860s] Level 1:colcon.colcon_core.package_identification:_identify(src) by extensions ['colcon_pkg']
[1.860s] Level 1:colcon.colcon_core.package_identification:_identify(src) by extension 'colcon_pkg'
[1.860s] Level 1:colcon.colcon_core.package_identification:_identify(src) by extensions ['colcon_meta']
[1.861s] Level 1:colcon.colcon_core.package_identification:_identify(src) by extension 'colcon_meta'
[1.861s] Level 1:colcon.colcon_core.package_identification:_identify(src) by extensions ['ros']
[1.861s] Level 1:colcon.colcon_core.package_identification:_identify(src) by extension 'ros'
[1.862s] Level 1:colcon.colcon_core.package_identification:_identify(src) by extensions ['cmake', 'python']
[1.862s] Level 1:colcon.colcon_core.package_identification:_identify(src) by extension 'cmake'
[1.862s] Level 1:colcon.colcon_core.package_identification:_identify(src) by extension 'python'
[1.863s] Level 1:colcon.colcon_core.package_identification:_identify(src) by extensions ['python_setup_py']
[1.863s] Level 1:colcon.colcon_core.package_identification:_identify(src) by extension 'python_setup_py'
[1.864s] Level 1:colcon.colcon_core.package_identification:_identify(src/image_processor) by extensions ['ignore', 'ignore_ament_install']
[1.864s] Level 1:colcon.colcon_core.package_identification:_identify(src/image_processor) by extension 'ignore'
[1.865s] Level 1:colcon.colcon_core.package_identification:_identify(src/image_processor) by extension 'ignore_ament_install'
[1.865s] Level 1:colcon.colcon_core.package_identification:_identify(src/image_processor) by extensions ['colcon_pkg']
[1.865s] Level 1:colcon.colcon_core.package_identification:_identify(src/image_processor) by extension 'colcon_pkg'
[1.866s] Level 1:colcon.colcon_core.package_identification:_identify(src/image_processor) by extensions ['colcon_meta']
[1.866s] Level 1:colcon.colcon_core.package_identification:_identify(src/image_processor) by extension 'colcon_meta'
[1.866s] Level 1:colcon.colcon_core.package_identification:_identify(src/image_processor) by extensions ['ros']
[1.866s] Level 1:colcon.colcon_core.package_identification:_identify(src/image_processor) by extension 'ros'
[1.888s] DEBUG:colcon.colcon_core.package_identification:Package 'src/image_processor' with type 'ros.catkin' and name 'image_processor'
[1.889s] Level 1:colcon.colcon_core.package_identification:_identify(src/project_ros2_pkg) by extensions ['ignore', 'ignore_ament_install']
[1.890s] Level 1:colcon.colcon_core.package_identification:_identify(src/project_ros2_pkg) by extension 'ignore'
[1.891s] Level 1:colcon.colcon_core.package_identification:_identify(src/project_ros2_pkg) by extension 'ignore_ament_install'
[1.891s] Level 1:colcon.colcon_core.package_identification:_identify(src/project_ros2_pkg) by extensions ['colcon_pkg']
[1.891s] Level 1:colcon.colcon_core.package_identification:_identify(src/project_ros2_pkg) by extension 'colcon_pkg'
[1.892s] Level 1:colcon.colcon_core.package_identification:_identify(src/project_ros2_pkg) by extensions ['colcon_meta']
[1.892s] Level 1:colcon.colcon_core.package_identification:_identify(src/project_ros2_pkg) by extension 'colcon_meta'
[1.892s] Level 1:colcon.colcon_core.package_identification:_identify(src/project_ros2_pkg) by extensions ['ros']
[1.892s] Level 1:colcon.colcon_core.package_identification:_identify(src/project_ros2_pkg) by extension 'ros'
[1.900s] DEBUG:colcon.colcon_core.package_identification:Package 'src/project_ros2_pkg' with type 'ros.ament_cmake' and name 'project_ros2_pkg'
[1.901s] Level 1:colcon.colcon_core.package_identification:_identify(src/ros2) by extensions ['ignore', 'ignore_ament_install']
[1.902s] Level 1:colcon.colcon_core.package_identification:_identify(src/ros2) by extension 'ignore'
[1.902s] Level 1:colcon.colcon_core.package_identification:_identify(src/ros2) by extension 'ignore_ament_install'
[1.903s] Level 1:colcon.colcon_core.package_identification:_identify(src/ros2) by extensions ['colcon_pkg']
[1.903s] Level 1:colcon.colcon_core.package_identification:_identify(src/ros2) by extension 'colcon_pkg'
[1.903s] Level 1:colcon.colcon_core.package_identification:_identify(src/ros2) by extensions ['colcon_meta']
[1.903s] Level 1:colcon.colcon_core.package_identification:_identify(src/ros2) by extension 'colcon_meta'
[1.904s] Level 1:colcon.colcon_core.package_identification:_identify(src/ros2) by extensions ['ros']
[1.904s] Level 1:colcon.colcon_core.package_identification:_identify(src/ros2) by extension 'ros'
[1.904s] Level 1:colcon.colcon_core.package_identification:_identify(src/ros2) by extensions ['cmake', 'python']
[1.905s] Level 1:colcon.colcon_core.package_identification:_identify(src/ros2) by extension 'cmake'
[1.905s] Level 1:colcon.colcon_core.package_identification:_identify(src/ros2) by extension 'python'
[1.905s] Level 1:colcon.colcon_core.package_identification:_identify(src/ros2) by extensions ['python_setup_py']
[1.906s] Level 1:colcon.colcon_core.package_identification:_identify(src/ros2) by extension 'python_setup_py'
[1.906s] Level 1:colcon.colcon_core.package_identification:_identify(src/ros2/cross_compile) by extensions ['ignore', 'ignore_ament_install']
[1.907s] Level 1:colcon.colcon_core.package_identification:_identify(src/ros2/cross_compile) by extension 'ignore'
[1.907s] Level 1:colcon.colcon_core.package_identification:_identify(src/ros2/cross_compile) by extension 'ignore_ament_install'
[1.908s] Level 1:colcon.colcon_core.package_identification:_identify(src/ros2/cross_compile) by extensions ['colcon_pkg']
[1.908s] Level 1:colcon.colcon_core.package_identification:_identify(src/ros2/cross_compile) by extension 'colcon_pkg'
[1.908s] Level 1:colcon.colcon_core.package_identification:_identify(src/ros2/cross_compile) by extensions ['colcon_meta']
[1.909s] Level 1:colcon.colcon_core.package_identification:_identify(src/ros2/cross_compile) by extension 'colcon_meta'
[1.909s] Level 1:colcon.colcon_core.package_identification:_identify(src/ros2/cross_compile) by extensions ['ros']
[1.909s] Level 1:colcon.colcon_core.package_identification:_identify(src/ros2/cross_compile) by extension 'ros'
[1.910s] Level 1:colcon.colcon_core.package_identification:_identify(src/ros2/cross_compile) by extensions ['cmake', 'python']
[1.910s] Level 1:colcon.colcon_core.package_identification:_identify(src/ros2/cross_compile) by extension 'cmake'
[1.910s] Level 1:colcon.colcon_core.package_identification:_identify(src/ros2/cross_compile) by extension 'python'
[1.911s] Level 1:colcon.colcon_core.package_identification:_identify(src/ros2/cross_compile) by extensions ['python_setup_py']
[1.911s] Level 1:colcon.colcon_core.package_identification:_identify(src/ros2/cross_compile) by extension 'python_setup_py'
[1.912s] Level 1:colcon.colcon_core.package_identification:_identify(src/ros2/cross_compile/cmake-toolchains) by extensions ['ignore', 'ignore_ament_install']
[1.913s] Level 1:colcon.colcon_core.package_identification:_identify(src/ros2/cross_compile/cmake-toolchains) by extension 'ignore'
[1.913s] Level 1:colcon.colcon_core.package_identification:_identify(src/ros2/cross_compile/cmake-toolchains) by extension 'ignore_ament_install'
[1.914s] Level 1:colcon.colcon_core.package_identification:_identify(src/ros2/cross_compile/cmake-toolchains) by extensions ['colcon_pkg']
[1.914s] Level 1:colcon.colcon_core.package_identification:_identify(src/ros2/cross_compile/cmake-toolchains) by extension 'colcon_pkg'
[1.914s] Level 1:colcon.colcon_core.package_identification:_identify(src/ros2/cross_compile/cmake-toolchains) by extensions ['colcon_meta']
[1.915s] Level 1:colcon.colcon_core.package_identification:_identify(src/ros2/cross_compile/cmake-toolchains) by extension 'colcon_meta'
[1.915s] Level 1:colcon.colcon_core.package_identification:_identify(src/ros2/cross_compile/cmake-toolchains) by extensions ['ros']
[1.915s] Level 1:colcon.colcon_core.package_identification:_identify(src/ros2/cross_compile/cmake-toolchains) by extension 'ros'
[1.916s] Level 1:colcon.colcon_core.package_identification:_identify(src/ros2/cross_compile/cmake-toolchains) by extensions ['cmake', 'python']
[1.916s] Level 1:colcon.colcon_core.package_identification:_identify(src/ros2/cross_compile/cmake-toolchains) by extension 'cmake'
[1.916s] Level 1:colcon.colcon_core.package_identification:_identify(src/ros2/cross_compile/cmake-toolchains) by extension 'python'
[1.917s] Level 1:colcon.colcon_core.package_identification:_identify(src/ros2/cross_compile/cmake-toolchains) by extensions ['python_setup_py']
[1.917s] Level 1:colcon.colcon_core.package_identification:_identify(src/ros2/cross_compile/cmake-toolchains) by extension 'python_setup_py'
[1.918s] Level 1:colcon.colcon_core.package_identification:_identify(src/ros2/cross_compile/sysroot) by extensions ['ignore', 'ignore_ament_install']
[1.919s] Level 1:colcon.colcon_core.package_identification:_identify(src/ros2/cross_compile/sysroot) by extension 'ignore'
[1.919s] Level 1:colcon.colcon_core.package_identification:_identify(src/ros2/cross_compile/sysroot) by extension 'ignore_ament_install'
[1.919s] Level 1:colcon.colcon_core.package_identification:_identify(src/ros2/cross_compile/sysroot) by extensions ['colcon_pkg']
[1.920s] Level 1:colcon.colcon_core.package_identification:_identify(src/ros2/cross_compile/sysroot) by extension 'colcon_pkg'
[1.920s] Level 1:colcon.colcon_core.package_identification:_identify(src/ros2/cross_compile/sysroot) by extensions ['colcon_meta']
[1.920s] Level 1:colcon.colcon_core.package_identification:_identify(src/ros2/cross_compile/sysroot) by extension 'colcon_meta'
[1.920s] Level 1:colcon.colcon_core.package_identification:_identify(src/ros2/cross_compile/sysroot) by extensions ['ros']
[1.921s] Level 1:colcon.colcon_core.package_identification:_identify(src/ros2/cross_compile/sysroot) by extension 'ros'
[1.921s] Level 1:colcon.colcon_core.package_identification:_identify(src/ros2/cross_compile/sysroot) by extensions ['cmake', 'python']
[1.922s] Level 1:colcon.colcon_core.package_identification:_identify(src/ros2/cross_compile/sysroot) by extension 'cmake'
[1.922s] Level 1:colcon.colcon_core.package_identification:_identify(src/ros2/cross_compile/sysroot) by extension 'python'
[1.922s] Level 1:colcon.colcon_core.package_identification:_identify(src/ros2/cross_compile/sysroot) by extensions ['python_setup_py']
[1.922s] Level 1:colcon.colcon_core.package_identification:_identify(src/ros2/cross_compile/sysroot) by extension 'python_setup_py'
[1.923s] Level 1:colcon.colcon_core.package_discovery:discover_packages(recursive) using defaults
[1.923s] Level 1:colcon.colcon_core.package_discovery:discover_packages(ignore) discover
[1.923s] Level 1:colcon.colcon_core.package_discovery:discover_packages(ignore) using defaults
[1.923s] Level 1:colcon.colcon_core.package_discovery:discover_packages(path) discover
[1.924s] Level 1:colcon.colcon_core.package_discovery:discover_packages(path) using defaults
[2.143s] Level 1:colcon.colcon_core.package_discovery:discover_packages(prefix_path) check parameters
[2.143s] Level 1:colcon.colcon_core.package_discovery:discover_packages(prefix_path) discover
[2.160s] DEBUG:colcon.colcon_installed_package_information.package_discovery:Found 2 installed packages in /home/mp4d/ros2_ws/install
[2.170s] DEBUG:colcon.colcon_installed_package_information.package_discovery:Found 188 installed packages in /opt/ros/foxy
[2.182s] Level 1:colcon.colcon_core.package_discovery:discover_packages(prefix_path) using defaults
[2.483s] Level 5:colcon.colcon_core.verb:set package 'image_processor' build argument 'cmake_args' from command line to 'None'
[2.483s] Level 5:colcon.colcon_core.verb:set package 'image_processor' build argument 'cmake_target' from command line to 'None'
[2.484s] Level 5:colcon.colcon_core.verb:set package 'image_processor' build argument 'cmake_target_skip_unavailable' from command line to 'False'
[2.484s] Level 5:colcon.colcon_core.verb:set package 'image_processor' build argument 'cmake_clean_cache' from command line to 'False'
[2.484s] Level 5:colcon.colcon_core.verb:set package 'image_processor' build argument 'cmake_clean_first' from command line to 'False'
[2.484s] Level 5:colcon.colcon_core.verb:set package 'image_processor' build argument 'cmake_force_configure' from command line to 'False'
[2.484s] Level 5:colcon.colcon_core.verb:set package 'image_processor' build argument 'ament_cmake_args' from command line to 'None'
[2.485s] Level 5:colcon.colcon_core.verb:set package 'image_processor' build argument 'catkin_cmake_args' from command line to 'None'
[2.485s] Level 5:colcon.colcon_core.verb:set package 'image_processor' build argument 'catkin_skip_building_tests' from command line to 'False'
[2.485s] DEBUG:colcon.colcon_core.verb:Building package 'image_processor' with the following arguments: {'ament_cmake_args': None, 'build_base': '/home/mp4d/ros2_ws/build/image_processor', 'catkin_cmake_args': None, 'catkin_skip_building_tests': False, 'cmake_args': None, 'cmake_clean_cache': False, 'cmake_clean_first': False, 'cmake_force_configure': False, 'cmake_target': None, 'cmake_target_skip_unavailable': False, 'install_base': '/home/mp4d/ros2_ws/install/image_processor', 'merge_install': False, 'path': '/home/mp4d/ros2_ws/src/image_processor', 'symlink_install': False, 'test_result_base': None}
[2.489s] Level 5:colcon.colcon_core.verb:set package 'project_ros2_pkg' build argument 'cmake_args' from command line to 'None'
[2.489s] Level 5:colcon.colcon_core.verb:set package 'project_ros2_pkg' build argument 'cmake_target' from command line to 'None'
[2.489s] Level 5:colcon.colcon_core.verb:set package 'project_ros2_pkg' build argument 'cmake_target_skip_unavailable' from command line to 'False'
[2.490s] Level 5:colcon.colcon_core.verb:set package 'project_ros2_pkg' build argument 'cmake_clean_cache' from command line to 'False'
[2.490s] Level 5:colcon.colcon_core.verb:set package 'project_ros2_pkg' build argument 'cmake_clean_first' from command line to 'False'
[2.490s] Level 5:colcon.colcon_core.verb:set package 'project_ros2_pkg' build argument 'cmake_force_configure' from command line to 'False'
[2.490s] Level 5:colcon.colcon_core.verb:set package 'project_ros2_pkg' build argument 'ament_cmake_args' from command line to 'None'
[2.490s] Level 5:colcon.colcon_core.verb:set package 'project_ros2_pkg' build argument 'catkin_cmake_args' from command line to 'None'
[2.491s] Level 5:colcon.colcon_core.verb:set package 'project_ros2_pkg' build argument 'catkin_skip_building_tests' from command line to 'False'
[2.491s] DEBUG:colcon.colcon_core.verb:Building package 'project_ros2_pkg' with the following arguments: {'ament_cmake_args': None, 'build_base': '/home/mp4d/ros2_ws/build/project_ros2_pkg', 'catkin_cmake_args': None, 'catkin_skip_building_tests': False, 'cmake_args': None, 'cmake_clean_cache': False, 'cmake_clean_first': False, 'cmake_force_configure': False, 'cmake_target': None, 'cmake_target_skip_unavailable': False, 'install_base': '/home/mp4d/ros2_ws/install/project_ros2_pkg', 'merge_install': False, 'path': '/home/mp4d/ros2_ws/src/project_ros2_pkg', 'symlink_install': False, 'test_result_base': None}
[2.492s] INFO:colcon.colcon_core.executor:Executing jobs using 'parallel' executor
[2.500s] DEBUG:colcon.colcon_parallel_executor.executor.parallel:run_until_complete
[2.503s] INFO:colcon.colcon_ros.task.catkin.build:Building ROS package in '/home/mp4d/ros2_ws/src/image_processor' with build type 'catkin'
[2.504s] INFO:colcon.colcon_cmake.task.cmake.build:Building CMake package in '/home/mp4d/ros2_ws/src/image_processor'
[2.518s] INFO:colcon.colcon_core.plugin_system:Skipping extension 'colcon_core.shell.bat': Not used on non-Windows systems
[2.520s] INFO:colcon.colcon_core.shell:Skip shell extension 'powershell' for command environment: Not usable outside of PowerShell
[2.520s] DEBUG:colcon.colcon_core.shell:Skip shell extension 'dsv' for command environment
[2.561s] INFO:colcon.colcon_ros.task.ament_cmake.build:Building ROS package in '/home/mp4d/ros2_ws/src/project_ros2_pkg' with build type 'ament_cmake'
[2.563s] INFO:colcon.colcon_cmake.task.cmake.build:Building CMake package in '/home/mp4d/ros2_ws/src/project_ros2_pkg'
[2.566s] INFO:colcon.colcon_core.shell:Skip shell extension 'powershell' for command environment: Not usable outside of PowerShell
[2.568s] DEBUG:colcon.colcon_core.shell:Skip shell extension 'dsv' for command environment
[2.650s] DEBUG:colcon.colcon_core.event_handler.log_command:Invoking command in '/home/mp4d/ros2_ws/build/image_processor': /usr/bin/cmake --build /home/mp4d/ros2_ws/build/image_processor -- -j4 -l4
[2.714s] DEBUG:colcon.colcon_core.event_handler.log_command:Invoking command in '/home/mp4d/ros2_ws/build/project_ros2_pkg': CMAKE_PREFIX_PATH=/home/mp4d/ros2_ws/install/image_processor:/opt/ros/foxy /usr/bin/cmake --build /home/mp4d/ros2_ws/build/project_ros2_pkg -- -j4 -l4
[3.391s] DEBUG:colcon.colcon_core.event_handler.log_command:Invoked command in '/home/mp4d/ros2_ws/build/project_ros2_pkg' returned '0': CMAKE_PREFIX_PATH=/home/mp4d/ros2_ws/install/image_processor:/opt/ros/foxy /usr/bin/cmake --build /home/mp4d/ros2_ws/build/project_ros2_pkg -- -j4 -l4
[3.719s] DEBUG:colcon.colcon_core.event_handler.log_command:Invoking command in '/home/mp4d/ros2_ws/build/project_ros2_pkg': CMAKE_PREFIX_PATH=/home/mp4d/ros2_ws/install/image_processor:/opt/ros/foxy /usr/bin/cmake --install /home/mp4d/ros2_ws/build/project_ros2_pkg
[3.803s] Level 1:colcon.colcon_core.environment:create_environment_scripts_only(project_ros2_pkg)
[3.824s] DEBUG:colcon.colcon_core.event_handler.log_command:Invoked command in '/home/mp4d/ros2_ws/build/project_ros2_pkg' returned '0': CMAKE_PREFIX_PATH=/home/mp4d/ros2_ws/install/image_processor:/opt/ros/foxy /usr/bin/cmake --install /home/mp4d/ros2_ws/build/project_ros2_pkg
[3.846s] Level 1:colcon.colcon_core.environment:checking '/home/mp4d/ros2_ws/install/project_ros2_pkg' for CMake module files
[3.853s] Level 1:colcon.colcon_core.environment:checking '/home/mp4d/ros2_ws/install/project_ros2_pkg' for CMake config files
[3.859s] Level 1:colcon.colcon_core.shell:create_environment_hook('project_ros2_pkg', 'cmake_prefix_path')
[3.866s] INFO:colcon.colcon_core.shell:Creating environment hook '/home/mp4d/ros2_ws/install/project_ros2_pkg/share/project_ros2_pkg/hook/cmake_prefix_path.ps1'
[3.881s] INFO:colcon.colcon_core.shell:Creating environment descriptor '/home/mp4d/ros2_ws/install/project_ros2_pkg/share/project_ros2_pkg/hook/cmake_prefix_path.dsv'
[3.900s] INFO:colcon.colcon_core.shell:Creating environment hook '/home/mp4d/ros2_ws/install/project_ros2_pkg/share/project_ros2_pkg/hook/cmake_prefix_path.sh'
[3.929s] Level 1:colcon.colcon_core.environment:checking '/home/mp4d/ros2_ws/install/project_ros2_pkg/lib'
[3.934s] Level 1:colcon.colcon_core.environment:checking '/home/mp4d/ros2_ws/install/project_ros2_pkg/bin'
[3.937s] Level 1:colcon.colcon_core.environment:checking '/home/mp4d/ros2_ws/install/project_ros2_pkg/lib/pkgconfig/project_ros2_pkg.pc'
[3.941s] Level 1:colcon.colcon_core.environment:checking '/home/mp4d/ros2_ws/install/project_ros2_pkg/lib/python3.8/site-packages'
[3.949s] Level 1:colcon.colcon_core.environment:checking '/home/mp4d/ros2_ws/install/project_ros2_pkg/bin'
[3.955s] INFO:colcon.colcon_core.shell:Creating package script '/home/mp4d/ros2_ws/install/project_ros2_pkg/share/project_ros2_pkg/package.ps1'
[3.979s] INFO:colcon.colcon_core.shell:Creating package descriptor '/home/mp4d/ros2_ws/install/project_ros2_pkg/share/project_ros2_pkg/package.dsv'
[3.995s] INFO:colcon.colcon_core.shell:Creating package script '/home/mp4d/ros2_ws/install/project_ros2_pkg/share/project_ros2_pkg/package.sh'
[4.013s] INFO:colcon.colcon_core.shell:Creating package script '/home/mp4d/ros2_ws/install/project_ros2_pkg/share/project_ros2_pkg/package.bash'
[4.028s] INFO:colcon.colcon_core.shell:Creating package script '/home/mp4d/ros2_ws/install/project_ros2_pkg/share/project_ros2_pkg/package.zsh'
[4.041s] Level 1:colcon.colcon_core.environment:create_file_with_runtime_dependencies(/home/mp4d/ros2_ws/install/project_ros2_pkg/share/colcon-core/packages/project_ros2_pkg)
[4.235s] Level 1:colcon.colcon_core.environment:create_environment_scripts_only(project_ros2_pkg)
[4.240s] Level 1:colcon.colcon_core.environment:checking '/home/mp4d/ros2_ws/install/project_ros2_pkg' for CMake module files
[4.246s] Level 1:colcon.colcon_core.environment:checking '/home/mp4d/ros2_ws/install/project_ros2_pkg' for CMake config files
[4.248s] Level 1:colcon.colcon_core.shell:create_environment_hook('project_ros2_pkg', 'cmake_prefix_path')
[4.251s] INFO:colcon.colcon_core.shell:Creating environment hook '/home/mp4d/ros2_ws/install/project_ros2_pkg/share/project_ros2_pkg/hook/cmake_prefix_path.ps1'
[4.263s] INFO:colcon.colcon_core.shell:Creating environment descriptor '/home/mp4d/ros2_ws/install/project_ros2_pkg/share/project_ros2_pkg/hook/cmake_prefix_path.dsv'
[4.271s] INFO:colcon.colcon_core.shell:Creating environment hook '/home/mp4d/ros2_ws/install/project_ros2_pkg/share/project_ros2_pkg/hook/cmake_prefix_path.sh'
[4.282s] Level 1:colcon.colcon_core.environment:checking '/home/mp4d/ros2_ws/install/project_ros2_pkg/lib'
[4.284s] Level 1:colcon.colcon_core.environment:checking '/home/mp4d/ros2_ws/install/project_ros2_pkg/bin'
[4.285s] Level 1:colcon.colcon_core.environment:checking '/home/mp4d/ros2_ws/install/project_ros2_pkg/lib/pkgconfig/project_ros2_pkg.pc'
[4.288s] Level 1:colcon.colcon_core.environment:checking '/home/mp4d/ros2_ws/install/project_ros2_pkg/lib/python3.8/site-packages'
[4.290s] Level 1:colcon.colcon_core.environment:checking '/home/mp4d/ros2_ws/install/project_ros2_pkg/bin'
[4.295s] INFO:colcon.colcon_core.shell:Creating package script '/home/mp4d/ros2_ws/install/project_ros2_pkg/share/project_ros2_pkg/package.ps1'
[4.305s] INFO:colcon.colcon_core.shell:Creating package descriptor '/home/mp4d/ros2_ws/install/project_ros2_pkg/share/project_ros2_pkg/package.dsv'
[4.316s] INFO:colcon.colcon_core.shell:Creating package script '/home/mp4d/ros2_ws/install/project_ros2_pkg/share/project_ros2_pkg/package.sh'
[4.335s] INFO:colcon.colcon_core.shell:Creating package script '/home/mp4d/ros2_ws/install/project_ros2_pkg/share/project_ros2_pkg/package.bash'
[4.344s] INFO:colcon.colcon_core.shell:Creating package script '/home/mp4d/ros2_ws/install/project_ros2_pkg/share/project_ros2_pkg/package.zsh'
[4.354s] Level 1:colcon.colcon_core.environment:create_file_with_runtime_dependencies(/home/mp4d/ros2_ws/install/project_ros2_pkg/share/colcon-core/packages/project_ros2_pkg)
[70.681s] DEBUG:colcon.colcon_core.event_handler.log_command:Invoked command in '/home/mp4d/ros2_ws/build/image_processor' returned '0': /usr/bin/cmake --build /home/mp4d/ros2_ws/build/image_processor -- -j4 -l4
[70.995s] DEBUG:colcon.colcon_core.event_handler.log_command:Invoking command in '/home/mp4d/ros2_ws/build/image_processor': /usr/bin/cmake --install /home/mp4d/ros2_ws/build/image_processor
[71.099s] DEBUG:colcon.colcon_core.event_handler.log_command:Invoked command in '/home/mp4d/ros2_ws/build/image_processor' returned '0': /usr/bin/cmake --install /home/mp4d/ros2_ws/build/image_processor
[71.242s] Level 1:colcon.colcon_core.shell:create_environment_hook('image_processor', 'ros_package_path')
[71.246s] INFO:colcon.colcon_core.shell:Creating environment hook '/home/mp4d/ros2_ws/install/image_processor/share/image_processor/hook/ros_package_path.ps1'
[71.254s] INFO:colcon.colcon_core.shell:Creating environment descriptor '/home/mp4d/ros2_ws/install/image_processor/share/image_processor/hook/ros_package_path.dsv'
[71.260s] INFO:colcon.colcon_core.shell:Creating environment hook '/home/mp4d/ros2_ws/install/image_processor/share/image_processor/hook/ros_package_path.sh'
[71.276s] Level 1:colcon.colcon_core.shell:create_environment_hook('image_processor', 'pkg_config_path')
[71.280s] INFO:colcon.colcon_core.shell:Creating environment hook '/home/mp4d/ros2_ws/install/image_processor/share/image_processor/hook/pkg_config_path.ps1'
[71.289s] INFO:colcon.colcon_core.shell:Creating environment descriptor '/home/mp4d/ros2_ws/install/image_processor/share/image_processor/hook/pkg_config_path.dsv'
[71.296s] INFO:colcon.colcon_core.shell:Creating environment hook '/home/mp4d/ros2_ws/install/image_processor/share/image_processor/hook/pkg_config_path.sh'
[71.324s] Level 1:colcon.colcon_core.shell:create_environment_hook('image_processor', 'pkg_config_path_multiarch')
[71.328s] INFO:colcon.colcon_core.shell:Creating environment hook '/home/mp4d/ros2_ws/install/image_processor/share/image_processor/hook/pkg_config_path_multiarch.ps1'
[71.336s] INFO:colcon.colcon_core.shell:Creating environment descriptor '/home/mp4d/ros2_ws/install/image_processor/share/image_processor/hook/pkg_config_path_multiarch.dsv'
[71.345s] INFO:colcon.colcon_core.shell:Creating environment hook '/home/mp4d/ros2_ws/install/image_processor/share/image_processor/hook/pkg_config_path_multiarch.sh'
[71.359s] Level 1:colcon.colcon_core.environment:create_environment_scripts_only(image_processor)
[71.362s] Level 1:colcon.colcon_core.environment:checking '/home/mp4d/ros2_ws/install/image_processor' for CMake module files
[71.367s] Level 1:colcon.colcon_core.environment:checking '/home/mp4d/ros2_ws/install/image_processor' for CMake config files
[71.368s] Level 1:colcon.colcon_core.shell:create_environment_hook('image_processor', 'cmake_prefix_path')
[71.371s] INFO:colcon.colcon_core.shell:Creating environment hook '/home/mp4d/ros2_ws/install/image_processor/share/image_processor/hook/cmake_prefix_path.ps1'
[71.379s] INFO:colcon.colcon_core.shell:Creating environment descriptor '/home/mp4d/ros2_ws/install/image_processor/share/image_processor/hook/cmake_prefix_path.dsv'
[71.388s] INFO:colcon.colcon_core.shell:Creating environment hook '/home/mp4d/ros2_ws/install/image_processor/share/image_processor/hook/cmake_prefix_path.sh'
[71.397s] Level 1:colcon.colcon_core.environment:checking '/home/mp4d/ros2_ws/install/image_processor/lib'
[71.398s] Level 1:colcon.colcon_core.environment:checking '/home/mp4d/ros2_ws/install/image_processor/bin'
[71.399s] Level 1:colcon.colcon_core.environment:checking '/home/mp4d/ros2_ws/install/image_processor/lib/pkgconfig/image_processor.pc'
[71.401s] Level 1:colcon.colcon_core.environment:checking '/home/mp4d/ros2_ws/install/image_processor/lib/python3.8/site-packages'
[71.402s] Level 1:colcon.colcon_core.environment:checking '/home/mp4d/ros2_ws/install/image_processor/bin'
[71.408s] INFO:colcon.colcon_core.shell:Creating package script '/home/mp4d/ros2_ws/install/image_processor/share/image_processor/package.ps1'
[71.422s] INFO:colcon.colcon_core.shell:Creating package descriptor '/home/mp4d/ros2_ws/install/image_processor/share/image_processor/package.dsv'
[71.431s] INFO:colcon.colcon_core.shell:Creating package script '/home/mp4d/ros2_ws/install/image_processor/share/image_processor/package.sh'
[71.440s] INFO:colcon.colcon_core.shell:Creating package script '/home/mp4d/ros2_ws/install/image_processor/share/image_processor/package.bash'
[71.448s] INFO:colcon.colcon_core.shell:Creating package script '/home/mp4d/ros2_ws/install/image_processor/share/image_processor/package.zsh'
[71.456s] Level 1:colcon.colcon_core.environment:create_file_with_runtime_dependencies(/home/mp4d/ros2_ws/install/image_processor/share/colcon-core/packages/image_processor)
[71.461s] DEBUG:colcon.colcon_parallel_executor.executor.parallel:closing loop
[71.463s] DEBUG:colcon.colcon_parallel_executor.executor.parallel:loop closed
[71.464s] DEBUG:colcon.colcon_parallel_executor.executor.parallel:run_until_complete finished with '0'
[71.466s] DEBUG:colcon.colcon_core.event_reactor:joining thread
[71.521s] INFO:colcon.colcon_core.plugin_system:Skipping extension 'colcon_notification.desktop_notification.notify_send': Could not find 'notify-send'
[71.522s] INFO:colcon.colcon_core.plugin_system:Skipping extension 'colcon_notification.desktop_notification.terminal_notifier': Not used on non-Darwin systems
[71.522s] INFO:colcon.colcon_core.plugin_system:Skipping extension 'colcon_notification.desktop_notification.win32': Not used on non-Windows systems
[71.523s] INFO:colcon.colcon_notification.desktop_notification:Sending desktop notification using 'notify2'
[71.527s] DEBUG:colcon.colcon_notification.desktop_notification.notify2:Failed to initialize notify2: org.freedesktop.DBus.Error.ServiceUnknown: The name org.freedesktop.Notifications was not provided by any .service files
[71.528s] DEBUG:colcon.colcon_core.event_reactor:joined thread
[71.531s] INFO:colcon.colcon_core.shell:Creating prefix script '/home/mp4d/ros2_ws/install/local_setup.ps1'
[71.546s] INFO:colcon.colcon_core.shell:Creating prefix util module '/home/mp4d/ros2_ws/install/_local_setup_util_ps1.py'
[71.568s] INFO:colcon.colcon_core.shell:Creating prefix chain script '/home/mp4d/ros2_ws/install/setup.ps1'
[71.583s] INFO:colcon.colcon_core.shell:Creating prefix script '/home/mp4d/ros2_ws/install/local_setup.sh'
[71.593s] INFO:colcon.colcon_core.shell:Creating prefix util module '/home/mp4d/ros2_ws/install/_local_setup_util_sh.py'
[71.604s] INFO:colcon.colcon_core.shell:Creating prefix chain script '/home/mp4d/ros2_ws/install/setup.sh'
[71.622s] INFO:colcon.colcon_core.shell:Creating prefix script '/home/mp4d/ros2_ws/install/local_setup.bash'
[71.631s] INFO:colcon.colcon_core.shell:Creating prefix chain script '/home/mp4d/ros2_ws/install/setup.bash'
[71.646s] INFO:colcon.colcon_core.shell:Creating prefix script '/home/mp4d/ros2_ws/install/local_setup.zsh'
[71.655s] INFO:colcon.colcon_core.shell:Creating prefix chain script '/home/mp4d/ros2_ws/install/setup.zsh'
