[0.021s] Invoking command in '/home/alexander/ros2_foxy/build/dynamixel_sdk_examples': CMAKE_PREFIX_PATH=/home/alexander/ros2_foxy/install/dynamixel_sdk_custom_interfaces:/home/alexander/ros2_foxy/install/dynamixel_sdk:/home/alexander/ros2_foxy/install/dynamixel_sdk_examples:/opt/ros/foxy /usr/bin/cmake --build /home/alexander/ros2_foxy/build/dynamixel_sdk_examples -- -j16 -l16
[0.044s] -- Found ament_cmake: 0.9.12 (/opt/ros/foxy/share/ament_cmake/cmake)
[0.066s] -- Using PYTHON_EXECUTABLE: /usr/bin/python3
[0.188s] -- Found dynamixel_sdk: 3.7.40 (/home/alexander/ros2_foxy/install/dynamixel_sdk/share/dynamixel_sdk/cmake)
[0.189s] -- Found dynamixel_sdk_custom_interfaces: 3.7.40 (/home/alexander/ros2_foxy/install/dynamixel_sdk_custom_interfaces/share/dynamixel_sdk_custom_interfaces/cmake)
[0.203s] -- Using all available rosidl_typesupport_c: rosidl_typesupport_fastrtps_c;rosidl_typesupport_introspection_c
[0.206s] -- Found rosidl_adapter: 1.3.1 (/opt/ros/foxy/share/rosidl_adapter/cmake)
[0.288s] -- Using all available rosidl_typesupport_cpp: rosidl_typesupport_fastrtps_cpp;rosidl_typesupport_introspection_cpp
[0.318s] -- Found rclcpp: 2.4.3 (/opt/ros/foxy/share/rclcpp/cmake)
[0.343s] -- Found rmw_implementation_cmake: 1.0.4 (/opt/ros/foxy/share/rmw_implementation_cmake/cmake)
[0.344s] -- Using RMW implementation 'rmw_fastrtps_cpp' as default
[0.446s] -- Found ament_lint_auto: 0.9.8 (/opt/ros/foxy/share/ament_lint_auto/cmake)
[0.506s] -- Added test 'copyright' to check source files copyright and LICENSE
[0.507s] -- Added test 'cppcheck' to perform static code analysis on C / C++ code
[0.507s] -- Configured cppcheck include dirs: /home/alexander/ros2_foxy/src/DynamixelSDK/dynamixel_sdk_examples/include
[0.507s] -- Configured cppcheck exclude dirs and/or files: 
[0.507s] -- Added test 'cpplint' to check C / C++ code against the Google style
[0.507s] -- Configured cpplint exclude dirs and/or files: 
[0.508s] -- Added test 'lint_cmake' to check CMake code style
[0.508s] -- Added test 'uncrustify' to check C / C++ code style
[0.508s] -- Configured uncrustify additional arguments: 
[0.509s] -- Added test 'xmllint' to check XML markup files
[0.510s] -- Configuring done
[0.522s] -- Generating done
[0.528s] -- Build files have been written to: /home/alexander/ros2_foxy/build/dynamixel_sdk_examples
[0.553s] [35m[1mScanning dependencies of target cross_drawer[0m
[0.574s] [ 20%] Built target digit_publisher
[0.576s] [ 40%] Built target draw_digit
[0.577s] [ 60%] Built target motor_controller
[0.577s] [ 80%] Built target read_write_node
[0.590s] [ 90%] [32mBuilding CXX object CMakeFiles/cross_drawer.dir/src/cross_drawer.cpp.o[0m
[2.441s] [100%] [32m[1mLinking CXX executable cross_drawer[0m
[2.547s] [100%] Built target cross_drawer
[2.559s] Invoked command in '/home/alexander/ros2_foxy/build/dynamixel_sdk_examples' returned '0': CMAKE_PREFIX_PATH=/home/alexander/ros2_foxy/install/dynamixel_sdk_custom_interfaces:/home/alexander/ros2_foxy/install/dynamixel_sdk:/home/alexander/ros2_foxy/install/dynamixel_sdk_examples:/opt/ros/foxy /usr/bin/cmake --build /home/alexander/ros2_foxy/build/dynamixel_sdk_examples -- -j16 -l16
[2.574s] Invoking command in '/home/alexander/ros2_foxy/build/dynamixel_sdk_examples': CMAKE_PREFIX_PATH=/home/alexander/ros2_foxy/install/dynamixel_sdk_custom_interfaces:/home/alexander/ros2_foxy/install/dynamixel_sdk:/home/alexander/ros2_foxy/install/dynamixel_sdk_examples:/opt/ros/foxy /usr/bin/cmake --install /home/alexander/ros2_foxy/build/dynamixel_sdk_examples
[2.584s] -- Install configuration: ""
[2.584s] -- Up-to-date: /home/alexander/ros2_foxy/install/dynamixel_sdk_examples/lib/dynamixel_sdk_examples/read_write_node
[2.584s] -- Up-to-date: /home/alexander/ros2_foxy/install/dynamixel_sdk_examples/lib/dynamixel_sdk_examples/motor_controller
[2.585s] -- Up-to-date: /home/alexander/ros2_foxy/install/dynamixel_sdk_examples/lib/dynamixel_sdk_examples/draw_digit
[2.585s] -- Up-to-date: /home/alexander/ros2_foxy/install/dynamixel_sdk_examples/lib/dynamixel_sdk_examples/digit_publisher
[2.586s] -- Installing: /home/alexander/ros2_foxy/install/dynamixel_sdk_examples/lib/dynamixel_sdk_examples/cross_drawer
[2.587s] -- Set runtime path of "/home/alexander/ros2_foxy/install/dynamixel_sdk_examples/lib/dynamixel_sdk_examples/cross_drawer" to ""
[2.587s] -- Up-to-date: /home/alexander/ros2_foxy/install/dynamixel_sdk_examples/include/
[2.587s] -- Up-to-date: /home/alexander/ros2_foxy/install/dynamixel_sdk_examples/include//read_write_node.hpp
[2.587s] -- Up-to-date: /home/alexander/ros2_foxy/install/dynamixel_sdk_examples/share/ament_index/resource_index/package_run_dependencies/dynamixel_sdk_examples
[2.587s] -- Up-to-date: /home/alexander/ros2_foxy/install/dynamixel_sdk_examples/share/ament_index/resource_index/parent_prefix_path/dynamixel_sdk_examples
[2.587s] -- Up-to-date: /home/alexander/ros2_foxy/install/dynamixel_sdk_examples/share/dynamixel_sdk_examples/environment/ament_prefix_path.sh
[2.587s] -- Installing: /home/alexander/ros2_foxy/install/dynamixel_sdk_examples/share/dynamixel_sdk_examples/environment/ament_prefix_path.dsv
[2.588s] -- Up-to-date: /home/alexander/ros2_foxy/install/dynamixel_sdk_examples/share/dynamixel_sdk_examples/environment/path.sh
[2.588s] -- Installing: /home/alexander/ros2_foxy/install/dynamixel_sdk_examples/share/dynamixel_sdk_examples/environment/path.dsv
[2.588s] -- Up-to-date: /home/alexander/ros2_foxy/install/dynamixel_sdk_examples/share/dynamixel_sdk_examples/local_setup.bash
[2.588s] -- Up-to-date: /home/alexander/ros2_foxy/install/dynamixel_sdk_examples/share/dynamixel_sdk_examples/local_setup.sh
[2.588s] -- Up-to-date: /home/alexander/ros2_foxy/install/dynamixel_sdk_examples/share/dynamixel_sdk_examples/local_setup.zsh
[2.588s] -- Installing: /home/alexander/ros2_foxy/install/dynamixel_sdk_examples/share/dynamixel_sdk_examples/local_setup.dsv
[2.588s] -- Installing: /home/alexander/ros2_foxy/install/dynamixel_sdk_examples/share/dynamixel_sdk_examples/package.dsv
[2.588s] -- Up-to-date: /home/alexander/ros2_foxy/install/dynamixel_sdk_examples/share/ament_index/resource_index/packages/dynamixel_sdk_examples
[2.588s] -- Up-to-date: /home/alexander/ros2_foxy/install/dynamixel_sdk_examples/share/dynamixel_sdk_examples/cmake/dynamixel_sdk_examplesConfig.cmake
[2.589s] -- Up-to-date: /home/alexander/ros2_foxy/install/dynamixel_sdk_examples/share/dynamixel_sdk_examples/cmake/dynamixel_sdk_examplesConfig-version.cmake
[2.589s] -- Up-to-date: /home/alexander/ros2_foxy/install/dynamixel_sdk_examples/share/dynamixel_sdk_examples/package.xml
[2.590s] Invoked command in '/home/alexander/ros2_foxy/build/dynamixel_sdk_examples' returned '0': CMAKE_PREFIX_PATH=/home/alexander/ros2_foxy/install/dynamixel_sdk_custom_interfaces:/home/alexander/ros2_foxy/install/dynamixel_sdk:/home/alexander/ros2_foxy/install/dynamixel_sdk_examples:/opt/ros/foxy /usr/bin/cmake --install /home/alexander/ros2_foxy/build/dynamixel_sdk_examples
