[0.014s] Invoking command in '/home/alexander/ros2_foxy/src/build/dynamixel_sdk': CMAKE_PREFIX_PATH=${CMAKE_PREFIX_PATH}:/opt/ros/foxy /usr/bin/cmake /home/alexander/ros2_foxy/src/DynamixelSDK/dynamixel_sdk -DAMENT_CMAKE_SYMLINK_INSTALL=1 -DCMAKE_INSTALL_PREFIX=/home/alexander/ros2_foxy/src/install/dynamixel_sdk
[0.148s] -- The C compiler identification is GNU 9.4.0
[0.196s] -- The CXX compiler identification is GNU 9.4.0
[0.203s] -- Check for working C compiler: /usr/bin/cc
[0.270s] -- Check for working C compiler: /usr/bin/cc -- works
[0.271s] -- Detecting C compiler ABI info
[0.338s] -- Detecting C compiler ABI info - done
[0.345s] -- Detecting C compile features
[0.346s] -- Detecting C compile features - done
[0.347s] -- Check for working CXX compiler: /usr/bin/c++
[0.429s] -- Check for working CXX compiler: /usr/bin/c++ -- works
[0.431s] -- Detecting CXX compiler ABI info
[0.507s] -- Detecting CXX compiler ABI info - done
[0.522s] -- Detecting CXX compile features
[0.522s] -- Detecting CXX compile features - done
[0.530s] -- Found ament_cmake: 0.9.12 (/opt/ros/foxy/share/ament_cmake/cmake)
[0.555s] -- Found PythonInterp: /usr/bin/python3 (found suitable version "3.8.10", minimum required is "3") 
[0.555s] -- Using PYTHON_EXECUTABLE: /usr/bin/python3
[0.678s] -- Override CMake install command with custom implementation using symlinks instead of copying resources
[0.762s] -- Configuring done
[0.765s] -- Generating done
[0.766s] -- Build files have been written to: /home/alexander/ros2_foxy/src/build/dynamixel_sdk
[0.768s] Invoked command in '/home/alexander/ros2_foxy/src/build/dynamixel_sdk' returned '0': CMAKE_PREFIX_PATH=${CMAKE_PREFIX_PATH}:/opt/ros/foxy /usr/bin/cmake /home/alexander/ros2_foxy/src/DynamixelSDK/dynamixel_sdk -DAMENT_CMAKE_SYMLINK_INSTALL=1 -DCMAKE_INSTALL_PREFIX=/home/alexander/ros2_foxy/src/install/dynamixel_sdk
[0.773s] Invoking command in '/home/alexander/ros2_foxy/src/build/dynamixel_sdk': CMAKE_PREFIX_PATH=${CMAKE_PREFIX_PATH}:/opt/ros/foxy /usr/bin/cmake --build /home/alexander/ros2_foxy/src/build/dynamixel_sdk -- -j16 -l16
[0.812s] [35m[1mScanning dependencies of target dynamixel_sdk[0m
[0.829s] [ 10%] [32mBuilding CXX object CMakeFiles/dynamixel_sdk.dir/src/dynamixel_sdk/protocol2_packet_handler.cpp.o[0m
[0.832s] [ 20%] [32mBuilding CXX object CMakeFiles/dynamixel_sdk.dir/src/dynamixel_sdk/group_bulk_read.cpp.o[0m
[0.832s] [ 30%] [32mBuilding CXX object CMakeFiles/dynamixel_sdk.dir/src/dynamixel_sdk/protocol1_packet_handler.cpp.o[0m
[0.833s] [ 40%] [32mBuilding CXX object CMakeFiles/dynamixel_sdk.dir/src/dynamixel_sdk/group_sync_read.cpp.o[0m
[0.833s] [ 50%] [32mBuilding CXX object CMakeFiles/dynamixel_sdk.dir/src/dynamixel_sdk/port_handler_linux.cpp.o[0m
[0.834s] [ 60%] [32mBuilding CXX object CMakeFiles/dynamixel_sdk.dir/src/dynamixel_sdk/packet_handler.cpp.o[0m
[0.835s] [ 80%] [32mBuilding CXX object CMakeFiles/dynamixel_sdk.dir/src/dynamixel_sdk/port_handler.cpp.o[0m
[0.835s] [ 80%] [32mBuilding CXX object CMakeFiles/dynamixel_sdk.dir/src/dynamixel_sdk/group_sync_write.cpp.o[0m
[0.835s] [ 90%] [32mBuilding CXX object CMakeFiles/dynamixel_sdk.dir/src/dynamixel_sdk/group_bulk_write.cpp.o[0m
[1.334s] [100%] [32m[1mLinking CXX shared library libdynamixel_sdk.so[0m
[1.394s] [100%] Built target dynamixel_sdk
[1.404s] Invoked command in '/home/alexander/ros2_foxy/src/build/dynamixel_sdk' returned '0': CMAKE_PREFIX_PATH=${CMAKE_PREFIX_PATH}:/opt/ros/foxy /usr/bin/cmake --build /home/alexander/ros2_foxy/src/build/dynamixel_sdk -- -j16 -l16
[1.414s] Invoking command in '/home/alexander/ros2_foxy/src/build/dynamixel_sdk': CMAKE_PREFIX_PATH=${CMAKE_PREFIX_PATH}:/opt/ros/foxy /usr/bin/cmake --install /home/alexander/ros2_foxy/src/build/dynamixel_sdk
[1.419s] -- Install configuration: ""
[1.419s] -- Execute custom install script
[1.420s] -- Symlinking: /home/alexander/ros2_foxy/src/install/dynamixel_sdk/include//dynamixel_sdk/dynamixel_sdk.h
[1.428s] -- Symlinking: /home/alexander/ros2_foxy/src/install/dynamixel_sdk/include//dynamixel_sdk/group_bulk_read.h
[1.434s] -- Symlinking: /home/alexander/ros2_foxy/src/install/dynamixel_sdk/include//dynamixel_sdk/group_bulk_write.h
[1.440s] -- Symlinking: /home/alexander/ros2_foxy/src/install/dynamixel_sdk/include//dynamixel_sdk/group_sync_read.h
[1.447s] -- Symlinking: /home/alexander/ros2_foxy/src/install/dynamixel_sdk/include//dynamixel_sdk/group_sync_write.h
[1.454s] -- Symlinking: /home/alexander/ros2_foxy/src/install/dynamixel_sdk/include//dynamixel_sdk/packet_handler.h
[1.460s] -- Symlinking: /home/alexander/ros2_foxy/src/install/dynamixel_sdk/include//dynamixel_sdk/port_handler.h
[1.466s] -- Symlinking: /home/alexander/ros2_foxy/src/install/dynamixel_sdk/include//dynamixel_sdk/port_handler_arduino.h
[1.471s] -- Symlinking: /home/alexander/ros2_foxy/src/install/dynamixel_sdk/include//dynamixel_sdk/port_handler_linux.h
[1.477s] -- Symlinking: /home/alexander/ros2_foxy/src/install/dynamixel_sdk/include//dynamixel_sdk/port_handler_mac.h
[1.484s] -- Symlinking: /home/alexander/ros2_foxy/src/install/dynamixel_sdk/include//dynamixel_sdk/port_handler_windows.h
[1.488s] -- Symlinking: /home/alexander/ros2_foxy/src/install/dynamixel_sdk/include//dynamixel_sdk/protocol1_packet_handler.h
[1.493s] -- Symlinking: /home/alexander/ros2_foxy/src/install/dynamixel_sdk/include//dynamixel_sdk/protocol2_packet_handler.h
[1.499s] -- Symlinking: /home/alexander/ros2_foxy/src/install/dynamixel_sdk/lib/libdynamixel_sdk.so
[1.504s] -- Symlinking: /home/alexander/ros2_foxy/src/install/dynamixel_sdk/share/dynamixel_sdk/environment/library_path.sh
[1.509s] -- Symlinking: /home/alexander/ros2_foxy/src/install/dynamixel_sdk/share/dynamixel_sdk/environment/library_path.dsv
[1.517s] -- Symlinking: /home/alexander/ros2_foxy/src/install/dynamixel_sdk/share/ament_index/resource_index/package_run_dependencies/dynamixel_sdk
[1.522s] -- Symlinking: /home/alexander/ros2_foxy/src/install/dynamixel_sdk/share/ament_index/resource_index/parent_prefix_path/dynamixel_sdk
[1.532s] -- Symlinking: /home/alexander/ros2_foxy/src/install/dynamixel_sdk/share/dynamixel_sdk/environment/ament_prefix_path.sh
[1.538s] -- Symlinking: /home/alexander/ros2_foxy/src/install/dynamixel_sdk/share/dynamixel_sdk/environment/ament_prefix_path.dsv
[1.551s] -- Symlinking: /home/alexander/ros2_foxy/src/install/dynamixel_sdk/share/dynamixel_sdk/environment/path.sh
[1.558s] -- Symlinking: /home/alexander/ros2_foxy/src/install/dynamixel_sdk/share/dynamixel_sdk/environment/path.dsv
[1.564s] -- Symlinking: /home/alexander/ros2_foxy/src/install/dynamixel_sdk/share/dynamixel_sdk/local_setup.bash
[1.571s] -- Symlinking: /home/alexander/ros2_foxy/src/install/dynamixel_sdk/share/dynamixel_sdk/local_setup.sh
[1.578s] -- Symlinking: /home/alexander/ros2_foxy/src/install/dynamixel_sdk/share/dynamixel_sdk/local_setup.zsh
[1.585s] -- Symlinking: /home/alexander/ros2_foxy/src/install/dynamixel_sdk/share/dynamixel_sdk/local_setup.dsv
[1.592s] -- Symlinking: /home/alexander/ros2_foxy/src/install/dynamixel_sdk/share/dynamixel_sdk/package.dsv
[1.598s] -- Symlinking: /home/alexander/ros2_foxy/src/install/dynamixel_sdk/share/ament_index/resource_index/packages/dynamixel_sdk
[1.605s] -- Symlinking: /home/alexander/ros2_foxy/src/install/dynamixel_sdk/share/dynamixel_sdk/cmake/ament_cmake_export_include_directories-extras.cmake
[1.612s] -- Symlinking: /home/alexander/ros2_foxy/src/install/dynamixel_sdk/share/dynamixel_sdk/cmake/ament_cmake_export_libraries-extras.cmake
[1.618s] -- Symlinking: /home/alexander/ros2_foxy/src/install/dynamixel_sdk/share/dynamixel_sdk/cmake/dynamixel_sdkConfig.cmake
[1.624s] -- Symlinking: /home/alexander/ros2_foxy/src/install/dynamixel_sdk/share/dynamixel_sdk/cmake/dynamixel_sdkConfig-version.cmake
[1.631s] -- Symlinking: /home/alexander/ros2_foxy/src/install/dynamixel_sdk/share/dynamixel_sdk/package.xml
[1.640s] Invoked command in '/home/alexander/ros2_foxy/src/build/dynamixel_sdk' returned '0': CMAKE_PREFIX_PATH=${CMAKE_PREFIX_PATH}:/opt/ros/foxy /usr/bin/cmake --install /home/alexander/ros2_foxy/src/build/dynamixel_sdk
