[0.204s] Invoking command in '/home/mp4d/ros2_ws/build/project_ros2_pkg': CMAKE_PREFIX_PATH=/home/mp4d/ros2_ws/install/image_processor:/opt/ros/foxy /usr/bin/cmake --build /home/mp4d/ros2_ws/build/project_ros2_pkg -- -j4 -l4
[1.231s] [100%] Built target image_subscriber
[1.466s] Invoked command in '/home/mp4d/ros2_ws/build/project_ros2_pkg' returned '0': CMAKE_PREFIX_PATH=/home/mp4d/ros2_ws/install/image_processor:/opt/ros/foxy /usr/bin/cmake --build /home/mp4d/ros2_ws/build/project_ros2_pkg -- -j4 -l4
[1.737s] Invoking command in '/home/mp4d/ros2_ws/build/project_ros2_pkg': CMAKE_PREFIX_PATH=/home/mp4d/ros2_ws/install/image_processor:/opt/ros/foxy /usr/bin/cmake --install /home/mp4d/ros2_ws/build/project_ros2_pkg
[1.829s] -- Install configuration: ""
[1.833s] -- Up-to-date: /home/mp4d/ros2_ws/install/project_ros2_pkg/lib/project_ros2_pkg/image_subscriber
[1.834s] -- Up-to-date: /home/mp4d/ros2_ws/install/project_ros2_pkg/share/ament_index/resource_index/package_run_dependencies/project_ros2_pkg
[1.835s] -- Up-to-date: /home/mp4d/ros2_ws/install/project_ros2_pkg/share/ament_index/resource_index/parent_prefix_path/project_ros2_pkg
[1.837s] -- Up-to-date: /home/mp4d/ros2_ws/install/project_ros2_pkg/share/project_ros2_pkg/environment/ament_prefix_path.sh
[1.838s] -- Up-to-date: /home/mp4d/ros2_ws/install/project_ros2_pkg/share/project_ros2_pkg/environment/ament_prefix_path.dsv
[1.839s] -- Up-to-date: /home/mp4d/ros2_ws/install/project_ros2_pkg/share/project_ros2_pkg/environment/path.sh
[1.840s] -- Up-to-date: /home/mp4d/ros2_ws/install/project_ros2_pkg/share/project_ros2_pkg/environment/path.dsv
[1.841s] -- Up-to-date: /home/mp4d/ros2_ws/install/project_ros2_pkg/share/project_ros2_pkg/local_setup.bash
[1.845s] -- Up-to-date: /home/mp4d/ros2_ws/install/project_ros2_pkg/share/project_ros2_pkg/local_setup.sh
[1.867s] -- Up-to-date: /home/mp4d/ros2_ws/install/project_ros2_pkg/share/project_ros2_pkg/local_setup.zsh
[1.868s] -- Up-to-date: /home/mp4d/ros2_ws/install/project_ros2_pkg/share/project_ros2_pkg/local_setup.dsv
[1.871s] -- Installing: /home/mp4d/ros2_ws/install/project_ros2_pkg/share/project_ros2_pkg/package.dsv
[1.872s] -- Up-to-date: /home/mp4d/ros2_ws/install/project_ros2_pkg/share/ament_index/resource_index/packages/project_ros2_pkg
[1.873s] -- Up-to-date: /home/mp4d/ros2_ws/install/project_ros2_pkg/share/project_ros2_pkg/cmake/project_ros2_pkgConfig.cmake
[1.876s] -- Up-to-date: /home/mp4d/ros2_ws/install/project_ros2_pkg/share/project_ros2_pkg/cmake/project_ros2_pkgConfig-version.cmake
[1.877s] -- Up-to-date: /home/mp4d/ros2_ws/install/project_ros2_pkg/share/project_ros2_pkg/package.xml
[1.881s] Invoked command in '/home/mp4d/ros2_ws/build/project_ros2_pkg' returned '0': CMAKE_PREFIX_PATH=/home/mp4d/ros2_ws/install/image_processor:/opt/ros/foxy /usr/bin/cmake --install /home/mp4d/ros2_ws/build/project_ros2_pkg
