[1.307s] DEBUG:colcon:Command line arguments: ['/usr/bin/colcon', 'build']
[1.308s] DEBUG:colcon:Parsed command line arguments: Namespace(allow_overriding=[], ament_cmake_args=None, base_paths=['.'], build_base='build', catkin_cmake_args=None, catkin_skip_building_tests=False, cmake_args=None, cmake_clean_cache=False, cmake_clean_first=False, cmake_force_configure=False, cmake_target=None, cmake_target_skip_unavailable=False, continue_on_error=False, event_handlers=None, executor='parallel', ignore_user_meta=False, install_base='install', log_base=None, log_level=None, main=<bound method BuildVerb.main of <colcon_core.verb.build.BuildVerb object at 0xffff9755b0d0>>, merge_install=False, metas=['./colcon.meta'], packages_above=None, packages_above_and_dependencies=None, packages_above_depth=None, packages_end=None, packages_ignore=None, packages_ignore_regex=None, packages_select=None, packages_select_build_failed=False, packages_select_by_dep=None, packages_select_regex=None, packages_select_test_failures=False, packages_skip=None, packages_skip_build_finished=False, packages_skip_by_dep=None, packages_skip_regex=None, packages_skip_test_passed=False, packages_skip_up_to=None, packages_start=None, packages_up_to=None, packages_up_to_regex=None, parallel_workers=4, paths=None, symlink_install=False, test_result_base=None, verb_extension=<colcon_core.verb.build.BuildVerb object at 0xffff9755b0d0>, verb_name='build', verb_parser=<colcon_defaults.argument_parser.defaults.DefaultArgumentsDecorator object at 0xffff9755b550>)
[1.897s] Level 1:colcon.colcon_core.package_discovery:discover_packages(colcon_meta) check parameters
[1.898s] Level 1:colcon.colcon_core.package_discovery:discover_packages(recursive) check parameters
[1.899s] Level 1:colcon.colcon_core.package_discovery:discover_packages(ignore) check parameters
[1.899s] Level 1:colcon.colcon_core.package_discovery:discover_packages(path) check parameters
[1.899s] Level 1:colcon.colcon_core.package_discovery:discover_packages(colcon_meta) discover
[1.900s] Level 1:colcon.colcon_core.package_discovery:discover_packages(recursive) discover
[1.900s] INFO:colcon.colcon_core.package_discovery:Crawling recursively for packages in '/home/mp4d/ros2_ws'
[1.901s] Level 1:colcon.colcon_core.package_identification:_identify(.) by extensions ['ignore', 'ignore_ament_install']
[1.901s] Level 1:colcon.colcon_core.package_identification:_identify(.) by extension 'ignore'
[1.902s] Level 1:colcon.colcon_core.package_identification:_identify(.) by extension 'ignore_ament_install'
[1.903s] Level 1:colcon.colcon_core.package_identification:_identify(.) by extensions ['colcon_pkg']
[1.903s] Level 1:colcon.colcon_core.package_identification:_identify(.) by extension 'colcon_pkg'
[1.903s] Level 1:colcon.colcon_core.package_identification:_identify(.) by extensions ['colcon_meta']
[1.904s] Level 1:colcon.colcon_core.package_identification:_identify(.) by extension 'colcon_meta'
[1.904s] Level 1:colcon.colcon_core.package_identification:_identify(.) by extensions ['ros']
[1.904s] Level 1:colcon.colcon_core.package_identification:_identify(.) by extension 'ros'
[1.930s] Level 1:colcon.colcon_core.package_identification:_identify(.) by extensions ['cmake', 'python']
[1.931s] Level 1:colcon.colcon_core.package_identification:_identify(.) by extension 'cmake'
[1.931s] Level 1:colcon.colcon_core.package_identification:_identify(.) by extension 'python'
[1.932s] Level 1:colcon.colcon_core.package_identification:_identify(.) by extensions ['python_setup_py']
[1.932s] Level 1:colcon.colcon_core.package_identification:_identify(.) by extension 'python_setup_py'
[1.933s] Level 1:colcon.colcon_core.package_identification:_identify(build) by extensions ['ignore', 'ignore_ament_install']
[1.933s] Level 1:colcon.colcon_core.package_identification:_identify(build) by extension 'ignore'
[1.934s] Level 1:colcon.colcon_core.package_identification:_identify(build) ignored
[1.935s] Level 1:colcon.colcon_core.package_identification:_identify(install) by extensions ['ignore', 'ignore_ament_install']
[1.935s] Level 1:colcon.colcon_core.package_identification:_identify(install) by extension 'ignore'
[1.936s] Level 1:colcon.colcon_core.package_identification:_identify(install) ignored
[1.936s] Level 1:colcon.colcon_core.package_identification:_identify(log) by extensions ['ignore', 'ignore_ament_install']
[1.937s] Level 1:colcon.colcon_core.package_identification:_identify(log) by extension 'ignore'
[1.937s] Level 1:colcon.colcon_core.package_identification:_identify(log) ignored
[1.938s] Level 1:colcon.colcon_core.package_identification:_identify(src) by extensions ['ignore', 'ignore_ament_install']
[1.938s] Level 1:colcon.colcon_core.package_identification:_identify(src) by extension 'ignore'
[1.939s] Level 1:colcon.colcon_core.package_identification:_identify(src) by extension 'ignore_ament_install'
[1.939s] Level 1:colcon.colcon_core.package_identification:_identify(src) by extensions ['colcon_pkg']
[1.940s] Level 1:colcon.colcon_core.package_identification:_identify(src) by extension 'colcon_pkg'
[1.940s] Level 1:colcon.colcon_core.package_identification:_identify(src) by extensions ['colcon_meta']
[1.940s] Level 1:colcon.colcon_core.package_identification:_identify(src) by extension 'colcon_meta'
[1.940s] Level 1:colcon.colcon_core.package_identification:_identify(src) by extensions ['ros']
[1.941s] Level 1:colcon.colcon_core.package_identification:_identify(src) by extension 'ros'
[1.941s] Level 1:colcon.colcon_core.package_identification:_identify(src) by extensions ['cmake', 'python']
[1.941s] Level 1:colcon.colcon_core.package_identification:_identify(src) by extension 'cmake'
[1.942s] Level 1:colcon.colcon_core.package_identification:_identify(src) by extension 'python'
[1.942s] Level 1:colcon.colcon_core.package_identification:_identify(src) by extensions ['python_setup_py']
[1.942s] Level 1:colcon.colcon_core.package_identification:_identify(src) by extension 'python_setup_py'
[1.943s] Level 1:colcon.colcon_core.package_identification:_identify(src/image_processor) by extensions ['ignore', 'ignore_ament_install']
[1.944s] Level 1:colcon.colcon_core.package_identification:_identify(src/image_processor) by extension 'ignore'
[1.944s] Level 1:colcon.colcon_core.package_identification:_identify(src/image_processor) by extension 'ignore_ament_install'
[1.944s] Level 1:colcon.colcon_core.package_identification:_identify(src/image_processor) by extensions ['colcon_pkg']
[1.945s] Level 1:colcon.colcon_core.package_identification:_identify(src/image_processor) by extension 'colcon_pkg'
[1.945s] Level 1:colcon.colcon_core.package_identification:_identify(src/image_processor) by extensions ['colcon_meta']
[1.945s] Level 1:colcon.colcon_core.package_identification:_identify(src/image_processor) by extension 'colcon_meta'
[1.945s] Level 1:colcon.colcon_core.package_identification:_identify(src/image_processor) by extensions ['ros']
[1.946s] Level 1:colcon.colcon_core.package_identification:_identify(src/image_processor) by extension 'ros'
[1.966s] DEBUG:colcon.colcon_core.package_identification:Package 'src/image_processor' with type 'ros.catkin' and name 'image_processor'
[1.968s] Level 1:colcon.colcon_core.package_identification:_identify(src/project_ros2_pkg) by extensions ['ignore', 'ignore_ament_install']
[1.969s] Level 1:colcon.colcon_core.package_identification:_identify(src/project_ros2_pkg) by extension 'ignore'
[1.970s] Level 1:colcon.colcon_core.package_identification:_identify(src/project_ros2_pkg) by extension 'ignore_ament_install'
[1.970s] Level 1:colcon.colcon_core.package_identification:_identify(src/project_ros2_pkg) by extensions ['colcon_pkg']
[1.970s] Level 1:colcon.colcon_core.package_identification:_identify(src/project_ros2_pkg) by extension 'colcon_pkg'
[1.971s] Level 1:colcon.colcon_core.package_identification:_identify(src/project_ros2_pkg) by extensions ['colcon_meta']
[1.971s] Level 1:colcon.colcon_core.package_identification:_identify(src/project_ros2_pkg) by extension 'colcon_meta'
[1.972s] Level 1:colcon.colcon_core.package_identification:_identify(src/project_ros2_pkg) by extensions ['ros']
[1.972s] Level 1:colcon.colcon_core.package_identification:_identify(src/project_ros2_pkg) by extension 'ros'
[1.980s] DEBUG:colcon.colcon_core.package_identification:Package 'src/project_ros2_pkg' with type 'ros.ament_cmake' and name 'project_ros2_pkg'
[1.981s] Level 1:colcon.colcon_core.package_identification:_identify(src/ros2) by extensions ['ignore', 'ignore_ament_install']
[1.982s] Level 1:colcon.colcon_core.package_identification:_identify(src/ros2) by extension 'ignore'
[1.982s] Level 1:colcon.colcon_core.package_identification:_identify(src/ros2) by extension 'ignore_ament_install'
[1.983s] Level 1:colcon.colcon_core.package_identification:_identify(src/ros2) by extensions ['colcon_pkg']
[1.983s] Level 1:colcon.colcon_core.package_identification:_identify(src/ros2) by extension 'colcon_pkg'
[1.983s] Level 1:colcon.colcon_core.package_identification:_identify(src/ros2) by extensions ['colcon_meta']
[1.984s] Level 1:colcon.colcon_core.package_identification:_identify(src/ros2) by extension 'colcon_meta'
[1.984s] Level 1:colcon.colcon_core.package_identification:_identify(src/ros2) by extensions ['ros']
[1.984s] Level 1:colcon.colcon_core.package_identification:_identify(src/ros2) by extension 'ros'
[1.985s] Level 1:colcon.colcon_core.package_identification:_identify(src/ros2) by extensions ['cmake', 'python']
[1.985s] Level 1:colcon.colcon_core.package_identification:_identify(src/ros2) by extension 'cmake'
[1.985s] Level 1:colcon.colcon_core.package_identification:_identify(src/ros2) by extension 'python'
[1.986s] Level 1:colcon.colcon_core.package_identification:_identify(src/ros2) by extensions ['python_setup_py']
[1.986s] Level 1:colcon.colcon_core.package_identification:_identify(src/ros2) by extension 'python_setup_py'
[1.987s] Level 1:colcon.colcon_core.package_identification:_identify(src/ros2/cross_compile) by extensions ['ignore', 'ignore_ament_install']
[1.987s] Level 1:colcon.colcon_core.package_identification:_identify(src/ros2/cross_compile) by extension 'ignore'
[1.988s] Level 1:colcon.colcon_core.package_identification:_identify(src/ros2/cross_compile) by extension 'ignore_ament_install'
[1.988s] Level 1:colcon.colcon_core.package_identification:_identify(src/ros2/cross_compile) by extensions ['colcon_pkg']
[1.988s] Level 1:colcon.colcon_core.package_identification:_identify(src/ros2/cross_compile) by extension 'colcon_pkg'
[1.989s] Level 1:colcon.colcon_core.package_identification:_identify(src/ros2/cross_compile) by extensions ['colcon_meta']
[1.989s] Level 1:colcon.colcon_core.package_identification:_identify(src/ros2/cross_compile) by extension 'colcon_meta'
[1.989s] Level 1:colcon.colcon_core.package_identification:_identify(src/ros2/cross_compile) by extensions ['ros']
[1.990s] Level 1:colcon.colcon_core.package_identification:_identify(src/ros2/cross_compile) by extension 'ros'
[1.990s] Level 1:colcon.colcon_core.package_identification:_identify(src/ros2/cross_compile) by extensions ['cmake', 'python']
[1.990s] Level 1:colcon.colcon_core.package_identification:_identify(src/ros2/cross_compile) by extension 'cmake'
[1.991s] Level 1:colcon.colcon_core.package_identification:_identify(src/ros2/cross_compile) by extension 'python'
[1.991s] Level 1:colcon.colcon_core.package_identification:_identify(src/ros2/cross_compile) by extensions ['python_setup_py']
[1.991s] Level 1:colcon.colcon_core.package_identification:_identify(src/ros2/cross_compile) by extension 'python_setup_py'
[1.992s] Level 1:colcon.colcon_core.package_identification:_identify(src/ros2/cross_compile/cmake-toolchains) by extensions ['ignore', 'ignore_ament_install']
[1.993s] Level 1:colcon.colcon_core.package_identification:_identify(src/ros2/cross_compile/cmake-toolchains) by extension 'ignore'
[1.993s] Level 1:colcon.colcon_core.package_identification:_identify(src/ros2/cross_compile/cmake-toolchains) by extension 'ignore_ament_install'
[1.993s] Level 1:colcon.colcon_core.package_identification:_identify(src/ros2/cross_compile/cmake-toolchains) by extensions ['colcon_pkg']
[1.994s] Level 1:colcon.colcon_core.package_identification:_identify(src/ros2/cross_compile/cmake-toolchains) by extension 'colcon_pkg'
[1.994s] Level 1:colcon.colcon_core.package_identification:_identify(src/ros2/cross_compile/cmake-toolchains) by extensions ['colcon_meta']
[1.994s] Level 1:colcon.colcon_core.package_identification:_identify(src/ros2/cross_compile/cmake-toolchains) by extension 'colcon_meta'
[1.995s] Level 1:colcon.colcon_core.package_identification:_identify(src/ros2/cross_compile/cmake-toolchains) by extensions ['ros']
[1.995s] Level 1:colcon.colcon_core.package_identification:_identify(src/ros2/cross_compile/cmake-toolchains) by extension 'ros'
[1.996s] Level 1:colcon.colcon_core.package_identification:_identify(src/ros2/cross_compile/cmake-toolchains) by extensions ['cmake', 'python']
[1.996s] Level 1:colcon.colcon_core.package_identification:_identify(src/ros2/cross_compile/cmake-toolchains) by extension 'cmake'
[1.996s] Level 1:colcon.colcon_core.package_identification:_identify(src/ros2/cross_compile/cmake-toolchains) by extension 'python'
[1.996s] Level 1:colcon.colcon_core.package_identification:_identify(src/ros2/cross_compile/cmake-toolchains) by extensions ['python_setup_py']
[1.997s] Level 1:colcon.colcon_core.package_identification:_identify(src/ros2/cross_compile/cmake-toolchains) by extension 'python_setup_py'
[1.997s] Level 1:colcon.colcon_core.package_identification:_identify(src/ros2/cross_compile/sysroot) by extensions ['ignore', 'ignore_ament_install']
[1.998s] Level 1:colcon.colcon_core.package_identification:_identify(src/ros2/cross_compile/sysroot) by extension 'ignore'
[1.998s] Level 1:colcon.colcon_core.package_identification:_identify(src/ros2/cross_compile/sysroot) by extension 'ignore_ament_install'
[1.999s] Level 1:colcon.colcon_core.package_identification:_identify(src/ros2/cross_compile/sysroot) by extensions ['colcon_pkg']
[1.999s] Level 1:colcon.colcon_core.package_identification:_identify(src/ros2/cross_compile/sysroot) by extension 'colcon_pkg'
[2.000s] Level 1:colcon.colcon_core.package_identification:_identify(src/ros2/cross_compile/sysroot) by extensions ['colcon_meta']
[2.000s] Level 1:colcon.colcon_core.package_identification:_identify(src/ros2/cross_compile/sysroot) by extension 'colcon_meta'
[2.000s] Level 1:colcon.colcon_core.package_identification:_identify(src/ros2/cross_compile/sysroot) by extensions ['ros']
[2.001s] Level 1:colcon.colcon_core.package_identification:_identify(src/ros2/cross_compile/sysroot) by extension 'ros'
[2.001s] Level 1:colcon.colcon_core.package_identification:_identify(src/ros2/cross_compile/sysroot) by extensions ['cmake', 'python']
[2.002s] Level 1:colcon.colcon_core.package_identification:_identify(src/ros2/cross_compile/sysroot) by extension 'cmake'
[2.002s] Level 1:colcon.colcon_core.package_identification:_identify(src/ros2/cross_compile/sysroot) by extension 'python'
[2.002s] Level 1:colcon.colcon_core.package_identification:_identify(src/ros2/cross_compile/sysroot) by extensions ['python_setup_py']
[2.002s] Level 1:colcon.colcon_core.package_identification:_identify(src/ros2/cross_compile/sysroot) by extension 'python_setup_py'
[2.003s] Level 1:colcon.colcon_core.package_discovery:discover_packages(recursive) using defaults
[2.004s] Level 1:colcon.colcon_core.package_discovery:discover_packages(ignore) discover
[2.004s] Level 1:colcon.colcon_core.package_discovery:discover_packages(ignore) using defaults
[2.004s] Level 1:colcon.colcon_core.package_discovery:discover_packages(path) discover
[2.004s] Level 1:colcon.colcon_core.package_discovery:discover_packages(path) using defaults
[2.200s] Level 1:colcon.colcon_core.package_discovery:discover_packages(prefix_path) check parameters
[2.202s] Level 1:colcon.colcon_core.package_discovery:discover_packages(prefix_path) discover
[2.226s] DEBUG:colcon.colcon_installed_package_information.package_discovery:Found 2 installed packages in /home/mp4d/ros2_ws/install
[2.240s] DEBUG:colcon.colcon_installed_package_information.package_discovery:Found 188 installed packages in /opt/ros/foxy
[2.252s] Level 1:colcon.colcon_core.package_discovery:discover_packages(prefix_path) using defaults
[2.563s] Level 5:colcon.colcon_core.verb:set package 'image_processor' build argument 'cmake_args' from command line to 'None'
[2.564s] Level 5:colcon.colcon_core.verb:set package 'image_processor' build argument 'cmake_target' from command line to 'None'
[2.564s] Level 5:colcon.colcon_core.verb:set package 'image_processor' build argument 'cmake_target_skip_unavailable' from command line to 'False'
[2.565s] Level 5:colcon.colcon_core.verb:set package 'image_processor' build argument 'cmake_clean_cache' from command line to 'False'
[2.565s] Level 5:colcon.colcon_core.verb:set package 'image_processor' build argument 'cmake_clean_first' from command line to 'False'
[2.565s] Level 5:colcon.colcon_core.verb:set package 'image_processor' build argument 'cmake_force_configure' from command line to 'False'
[2.565s] Level 5:colcon.colcon_core.verb:set package 'image_processor' build argument 'ament_cmake_args' from command line to 'None'
[2.565s] Level 5:colcon.colcon_core.verb:set package 'image_processor' build argument 'catkin_cmake_args' from command line to 'None'
[2.566s] Level 5:colcon.colcon_core.verb:set package 'image_processor' build argument 'catkin_skip_building_tests' from command line to 'False'
[2.566s] DEBUG:colcon.colcon_core.verb:Building package 'image_processor' with the following arguments: {'ament_cmake_args': None, 'build_base': '/home/mp4d/ros2_ws/build/image_processor', 'catkin_cmake_args': None, 'catkin_skip_building_tests': False, 'cmake_args': None, 'cmake_clean_cache': False, 'cmake_clean_first': False, 'cmake_force_configure': False, 'cmake_target': None, 'cmake_target_skip_unavailable': False, 'install_base': '/home/mp4d/ros2_ws/install/image_processor', 'merge_install': False, 'path': '/home/mp4d/ros2_ws/src/image_processor', 'symlink_install': False, 'test_result_base': None}
[2.570s] Level 5:colcon.colcon_core.verb:set package 'project_ros2_pkg' build argument 'cmake_args' from command line to 'None'
[2.570s] Level 5:colcon.colcon_core.verb:set package 'project_ros2_pkg' build argument 'cmake_target' from command line to 'None'
[2.570s] Level 5:colcon.colcon_core.verb:set package 'project_ros2_pkg' build argument 'cmake_target_skip_unavailable' from command line to 'False'
[2.570s] Level 5:colcon.colcon_core.verb:set package 'project_ros2_pkg' build argument 'cmake_clean_cache' from command line to 'False'
[2.570s] Level 5:colcon.colcon_core.verb:set package 'project_ros2_pkg' build argument 'cmake_clean_first' from command line to 'False'
[2.571s] Level 5:colcon.colcon_core.verb:set package 'project_ros2_pkg' build argument 'cmake_force_configure' from command line to 'False'
[2.571s] Level 5:colcon.colcon_core.verb:set package 'project_ros2_pkg' build argument 'ament_cmake_args' from command line to 'None'
[2.571s] Level 5:colcon.colcon_core.verb:set package 'project_ros2_pkg' build argument 'catkin_cmake_args' from command line to 'None'
[2.571s] Level 5:colcon.colcon_core.verb:set package 'project_ros2_pkg' build argument 'catkin_skip_building_tests' from command line to 'False'
[2.571s] DEBUG:colcon.colcon_core.verb:Building package 'project_ros2_pkg' with the following arguments: {'ament_cmake_args': None, 'build_base': '/home/mp4d/ros2_ws/build/project_ros2_pkg', 'catkin_cmake_args': None, 'catkin_skip_building_tests': False, 'cmake_args': None, 'cmake_clean_cache': False, 'cmake_clean_first': False, 'cmake_force_configure': False, 'cmake_target': None, 'cmake_target_skip_unavailable': False, 'install_base': '/home/mp4d/ros2_ws/install/project_ros2_pkg', 'merge_install': False, 'path': '/home/mp4d/ros2_ws/src/project_ros2_pkg', 'symlink_install': False, 'test_result_base': None}
[2.573s] INFO:colcon.colcon_core.executor:Executing jobs using 'parallel' executor
[2.582s] DEBUG:colcon.colcon_parallel_executor.executor.parallel:run_until_complete
[2.584s] INFO:colcon.colcon_ros.task.catkin.build:Building ROS package in '/home/mp4d/ros2_ws/src/image_processor' with build type 'catkin'
[2.585s] INFO:colcon.colcon_cmake.task.cmake.build:Building CMake package in '/home/mp4d/ros2_ws/src/image_processor'
[2.599s] INFO:colcon.colcon_core.plugin_system:Skipping extension 'colcon_core.shell.bat': Not used on non-Windows systems
[2.601s] INFO:colcon.colcon_core.shell:Skip shell extension 'powershell' for command environment: Not usable outside of PowerShell
[2.601s] DEBUG:colcon.colcon_core.shell:Skip shell extension 'dsv' for command environment
[2.642s] INFO:colcon.colcon_ros.task.ament_cmake.build:Building ROS package in '/home/mp4d/ros2_ws/src/project_ros2_pkg' with build type 'ament_cmake'
[2.645s] INFO:colcon.colcon_cmake.task.cmake.build:Building CMake package in '/home/mp4d/ros2_ws/src/project_ros2_pkg'
[2.648s] INFO:colcon.colcon_core.shell:Skip shell extension 'powershell' for command environment: Not usable outside of PowerShell
[2.649s] DEBUG:colcon.colcon_core.shell:Skip shell extension 'dsv' for command environment
[2.721s] DEBUG:colcon.colcon_core.event_handler.log_command:Invoking command in '/home/mp4d/ros2_ws/build/image_processor': /usr/bin/cmake --build /home/mp4d/ros2_ws/build/image_processor -- -j4 -l4
[2.789s] DEBUG:colcon.colcon_core.event_handler.log_command:Invoking command in '/home/mp4d/ros2_ws/build/project_ros2_pkg': CMAKE_PREFIX_PATH=/home/mp4d/ros2_ws/install/image_processor:/opt/ros/foxy /usr/bin/cmake --build /home/mp4d/ros2_ws/build/project_ros2_pkg -- -j4 -l4
[3.470s] DEBUG:colcon.colcon_core.event_handler.log_command:Invoked command in '/home/mp4d/ros2_ws/build/project_ros2_pkg' returned '0': CMAKE_PREFIX_PATH=/home/mp4d/ros2_ws/install/image_processor:/opt/ros/foxy /usr/bin/cmake --build /home/mp4d/ros2_ws/build/project_ros2_pkg -- -j4 -l4
[3.720s] DEBUG:colcon.colcon_core.event_handler.log_command:Invoking command in '/home/mp4d/ros2_ws/build/project_ros2_pkg': CMAKE_PREFIX_PATH=/home/mp4d/ros2_ws/install/image_processor:/opt/ros/foxy /usr/bin/cmake --install /home/mp4d/ros2_ws/build/project_ros2_pkg
[3.832s] Level 1:colcon.colcon_core.environment:create_environment_scripts_only(project_ros2_pkg)
[3.871s] DEBUG:colcon.colcon_core.event_handler.log_command:Invoked command in '/home/mp4d/ros2_ws/build/project_ros2_pkg' returned '0': CMAKE_PREFIX_PATH=/home/mp4d/ros2_ws/install/image_processor:/opt/ros/foxy /usr/bin/cmake --install /home/mp4d/ros2_ws/build/project_ros2_pkg
[3.881s] Level 1:colcon.colcon_core.environment:checking '/home/mp4d/ros2_ws/install/project_ros2_pkg' for CMake module files
[3.887s] Level 1:colcon.colcon_core.environment:checking '/home/mp4d/ros2_ws/install/project_ros2_pkg' for CMake config files
[3.888s] Level 1:colcon.colcon_core.shell:create_environment_hook('project_ros2_pkg', 'cmake_prefix_path')
[3.891s] INFO:colcon.colcon_core.shell:Creating environment hook '/home/mp4d/ros2_ws/install/project_ros2_pkg/share/project_ros2_pkg/hook/cmake_prefix_path.ps1'
[3.901s] INFO:colcon.colcon_core.shell:Creating environment descriptor '/home/mp4d/ros2_ws/install/project_ros2_pkg/share/project_ros2_pkg/hook/cmake_prefix_path.dsv'
[3.910s] INFO:colcon.colcon_core.shell:Creating environment hook '/home/mp4d/ros2_ws/install/project_ros2_pkg/share/project_ros2_pkg/hook/cmake_prefix_path.sh'
[3.924s] Level 1:colcon.colcon_core.environment:checking '/home/mp4d/ros2_ws/install/project_ros2_pkg/lib'
[3.926s] Level 1:colcon.colcon_core.environment:checking '/home/mp4d/ros2_ws/install/project_ros2_pkg/bin'
[3.927s] Level 1:colcon.colcon_core.environment:checking '/home/mp4d/ros2_ws/install/project_ros2_pkg/lib/pkgconfig/project_ros2_pkg.pc'
[3.929s] Level 1:colcon.colcon_core.environment:checking '/home/mp4d/ros2_ws/install/project_ros2_pkg/lib/python3.8/site-packages'
[3.931s] Level 1:colcon.colcon_core.environment:checking '/home/mp4d/ros2_ws/install/project_ros2_pkg/bin'
[3.934s] INFO:colcon.colcon_core.shell:Creating package script '/home/mp4d/ros2_ws/install/project_ros2_pkg/share/project_ros2_pkg/package.ps1'
[3.948s] INFO:colcon.colcon_core.shell:Creating package descriptor '/home/mp4d/ros2_ws/install/project_ros2_pkg/share/project_ros2_pkg/package.dsv'
[3.959s] INFO:colcon.colcon_core.shell:Creating package script '/home/mp4d/ros2_ws/install/project_ros2_pkg/share/project_ros2_pkg/package.sh'
[3.977s] INFO:colcon.colcon_core.shell:Creating package script '/home/mp4d/ros2_ws/install/project_ros2_pkg/share/project_ros2_pkg/package.bash'
[3.997s] INFO:colcon.colcon_core.shell:Creating package script '/home/mp4d/ros2_ws/install/project_ros2_pkg/share/project_ros2_pkg/package.zsh'
[4.042s] Level 1:colcon.colcon_core.environment:create_file_with_runtime_dependencies(/home/mp4d/ros2_ws/install/project_ros2_pkg/share/colcon-core/packages/project_ros2_pkg)
[4.314s] Level 1:colcon.colcon_core.environment:create_environment_scripts_only(project_ros2_pkg)
[4.318s] Level 1:colcon.colcon_core.environment:checking '/home/mp4d/ros2_ws/install/project_ros2_pkg' for CMake module files
[4.324s] Level 1:colcon.colcon_core.environment:checking '/home/mp4d/ros2_ws/install/project_ros2_pkg' for CMake config files
[4.327s] Level 1:colcon.colcon_core.shell:create_environment_hook('project_ros2_pkg', 'cmake_prefix_path')
[4.330s] INFO:colcon.colcon_core.shell:Creating environment hook '/home/mp4d/ros2_ws/install/project_ros2_pkg/share/project_ros2_pkg/hook/cmake_prefix_path.ps1'
[4.345s] INFO:colcon.colcon_core.shell:Creating environment descriptor '/home/mp4d/ros2_ws/install/project_ros2_pkg/share/project_ros2_pkg/hook/cmake_prefix_path.dsv'
[4.357s] INFO:colcon.colcon_core.shell:Creating environment hook '/home/mp4d/ros2_ws/install/project_ros2_pkg/share/project_ros2_pkg/hook/cmake_prefix_path.sh'
[4.371s] Level 1:colcon.colcon_core.environment:checking '/home/mp4d/ros2_ws/install/project_ros2_pkg/lib'
[4.372s] Level 1:colcon.colcon_core.environment:checking '/home/mp4d/ros2_ws/install/project_ros2_pkg/bin'
[4.373s] Level 1:colcon.colcon_core.environment:checking '/home/mp4d/ros2_ws/install/project_ros2_pkg/lib/pkgconfig/project_ros2_pkg.pc'
[4.375s] Level 1:colcon.colcon_core.environment:checking '/home/mp4d/ros2_ws/install/project_ros2_pkg/lib/python3.8/site-packages'
[4.378s] Level 1:colcon.colcon_core.environment:checking '/home/mp4d/ros2_ws/install/project_ros2_pkg/bin'
[4.384s] INFO:colcon.colcon_core.shell:Creating package script '/home/mp4d/ros2_ws/install/project_ros2_pkg/share/project_ros2_pkg/package.ps1'
[4.401s] INFO:colcon.colcon_core.shell:Creating package descriptor '/home/mp4d/ros2_ws/install/project_ros2_pkg/share/project_ros2_pkg/package.dsv'
[4.411s] INFO:colcon.colcon_core.shell:Creating package script '/home/mp4d/ros2_ws/install/project_ros2_pkg/share/project_ros2_pkg/package.sh'
[4.438s] INFO:colcon.colcon_core.shell:Creating package script '/home/mp4d/ros2_ws/install/project_ros2_pkg/share/project_ros2_pkg/package.bash'
[4.454s] INFO:colcon.colcon_core.shell:Creating package script '/home/mp4d/ros2_ws/install/project_ros2_pkg/share/project_ros2_pkg/package.zsh'
[4.466s] Level 1:colcon.colcon_core.environment:create_file_with_runtime_dependencies(/home/mp4d/ros2_ws/install/project_ros2_pkg/share/colcon-core/packages/project_ros2_pkg)
[70.691s] DEBUG:colcon.colcon_core.event_handler.log_command:Invoked command in '/home/mp4d/ros2_ws/build/image_processor' returned '0': /usr/bin/cmake --build /home/mp4d/ros2_ws/build/image_processor -- -j4 -l4
[70.985s] DEBUG:colcon.colcon_core.event_handler.log_command:Invoking command in '/home/mp4d/ros2_ws/build/image_processor': /usr/bin/cmake --install /home/mp4d/ros2_ws/build/image_processor
[71.102s] DEBUG:colcon.colcon_core.event_handler.log_command:Invoked command in '/home/mp4d/ros2_ws/build/image_processor' returned '0': /usr/bin/cmake --install /home/mp4d/ros2_ws/build/image_processor
[71.225s] Level 1:colcon.colcon_core.shell:create_environment_hook('image_processor', 'ros_package_path')
[71.228s] INFO:colcon.colcon_core.shell:Creating environment hook '/home/mp4d/ros2_ws/install/image_processor/share/image_processor/hook/ros_package_path.ps1'
[71.237s] INFO:colcon.colcon_core.shell:Creating environment descriptor '/home/mp4d/ros2_ws/install/image_processor/share/image_processor/hook/ros_package_path.dsv'
[71.243s] INFO:colcon.colcon_core.shell:Creating environment hook '/home/mp4d/ros2_ws/install/image_processor/share/image_processor/hook/ros_package_path.sh'
[71.251s] Level 1:colcon.colcon_core.shell:create_environment_hook('image_processor', 'pkg_config_path')
[71.254s] INFO:colcon.colcon_core.shell:Creating environment hook '/home/mp4d/ros2_ws/install/image_processor/share/image_processor/hook/pkg_config_path.ps1'
[71.262s] INFO:colcon.colcon_core.shell:Creating environment descriptor '/home/mp4d/ros2_ws/install/image_processor/share/image_processor/hook/pkg_config_path.dsv'
[71.270s] INFO:colcon.colcon_core.shell:Creating environment hook '/home/mp4d/ros2_ws/install/image_processor/share/image_processor/hook/pkg_config_path.sh'
[71.299s] Level 1:colcon.colcon_core.shell:create_environment_hook('image_processor', 'pkg_config_path_multiarch')
[71.304s] INFO:colcon.colcon_core.shell:Creating environment hook '/home/mp4d/ros2_ws/install/image_processor/share/image_processor/hook/pkg_config_path_multiarch.ps1'
[71.316s] INFO:colcon.colcon_core.shell:Creating environment descriptor '/home/mp4d/ros2_ws/install/image_processor/share/image_processor/hook/pkg_config_path_multiarch.dsv'
[71.322s] INFO:colcon.colcon_core.shell:Creating environment hook '/home/mp4d/ros2_ws/install/image_processor/share/image_processor/hook/pkg_config_path_multiarch.sh'
[71.336s] Level 1:colcon.colcon_core.environment:create_environment_scripts_only(image_processor)
[71.340s] Level 1:colcon.colcon_core.environment:checking '/home/mp4d/ros2_ws/install/image_processor' for CMake module files
[71.344s] Level 1:colcon.colcon_core.environment:checking '/home/mp4d/ros2_ws/install/image_processor' for CMake config files
[71.345s] Level 1:colcon.colcon_core.shell:create_environment_hook('image_processor', 'cmake_prefix_path')
[71.347s] INFO:colcon.colcon_core.shell:Creating environment hook '/home/mp4d/ros2_ws/install/image_processor/share/image_processor/hook/cmake_prefix_path.ps1'
[71.353s] INFO:colcon.colcon_core.shell:Creating environment descriptor '/home/mp4d/ros2_ws/install/image_processor/share/image_processor/hook/cmake_prefix_path.dsv'
[71.359s] INFO:colcon.colcon_core.shell:Creating environment hook '/home/mp4d/ros2_ws/install/image_processor/share/image_processor/hook/cmake_prefix_path.sh'
[71.367s] Level 1:colcon.colcon_core.environment:checking '/home/mp4d/ros2_ws/install/image_processor/lib'
[71.369s] Level 1:colcon.colcon_core.environment:checking '/home/mp4d/ros2_ws/install/image_processor/bin'
[71.370s] Level 1:colcon.colcon_core.environment:checking '/home/mp4d/ros2_ws/install/image_processor/lib/pkgconfig/image_processor.pc'
[71.372s] Level 1:colcon.colcon_core.environment:checking '/home/mp4d/ros2_ws/install/image_processor/lib/python3.8/site-packages'
[71.373s] Level 1:colcon.colcon_core.environment:checking '/home/mp4d/ros2_ws/install/image_processor/bin'
[71.377s] INFO:colcon.colcon_core.shell:Creating package script '/home/mp4d/ros2_ws/install/image_processor/share/image_processor/package.ps1'
[71.385s] INFO:colcon.colcon_core.shell:Creating package descriptor '/home/mp4d/ros2_ws/install/image_processor/share/image_processor/package.dsv'
[71.393s] INFO:colcon.colcon_core.shell:Creating package script '/home/mp4d/ros2_ws/install/image_processor/share/image_processor/package.sh'
[71.401s] INFO:colcon.colcon_core.shell:Creating package script '/home/mp4d/ros2_ws/install/image_processor/share/image_processor/package.bash'
[71.408s] INFO:colcon.colcon_core.shell:Creating package script '/home/mp4d/ros2_ws/install/image_processor/share/image_processor/package.zsh'
[71.414s] Level 1:colcon.colcon_core.environment:create_file_with_runtime_dependencies(/home/mp4d/ros2_ws/install/image_processor/share/colcon-core/packages/image_processor)
[71.418s] DEBUG:colcon.colcon_parallel_executor.executor.parallel:closing loop
[71.420s] DEBUG:colcon.colcon_parallel_executor.executor.parallel:loop closed
[71.421s] DEBUG:colcon.colcon_parallel_executor.executor.parallel:run_until_complete finished with '0'
[71.422s] DEBUG:colcon.colcon_core.event_reactor:joining thread
[71.480s] INFO:colcon.colcon_core.plugin_system:Skipping extension 'colcon_notification.desktop_notification.notify_send': Could not find 'notify-send'
[71.482s] INFO:colcon.colcon_core.plugin_system:Skipping extension 'colcon_notification.desktop_notification.terminal_notifier': Not used on non-Darwin systems
[71.482s] INFO:colcon.colcon_core.plugin_system:Skipping extension 'colcon_notification.desktop_notification.win32': Not used on non-Windows systems
[71.483s] INFO:colcon.colcon_notification.desktop_notification:Sending desktop notification using 'notify2'
[71.487s] DEBUG:colcon.colcon_notification.desktop_notification.notify2:Failed to initialize notify2: org.freedesktop.DBus.Error.ServiceUnknown: The name org.freedesktop.Notifications was not provided by any .service files
[71.487s] DEBUG:colcon.colcon_core.event_reactor:joined thread
[71.490s] INFO:colcon.colcon_core.shell:Creating prefix script '/home/mp4d/ros2_ws/install/local_setup.ps1'
[71.504s] INFO:colcon.colcon_core.shell:Creating prefix util module '/home/mp4d/ros2_ws/install/_local_setup_util_ps1.py'
[71.526s] INFO:colcon.colcon_core.shell:Creating prefix chain script '/home/mp4d/ros2_ws/install/setup.ps1'
[71.540s] INFO:colcon.colcon_core.shell:Creating prefix script '/home/mp4d/ros2_ws/install/local_setup.sh'
[71.549s] INFO:colcon.colcon_core.shell:Creating prefix util module '/home/mp4d/ros2_ws/install/_local_setup_util_sh.py'
[71.558s] INFO:colcon.colcon_core.shell:Creating prefix chain script '/home/mp4d/ros2_ws/install/setup.sh'
[71.575s] INFO:colcon.colcon_core.shell:Creating prefix script '/home/mp4d/ros2_ws/install/local_setup.bash'
[71.583s] INFO:colcon.colcon_core.shell:Creating prefix chain script '/home/mp4d/ros2_ws/install/setup.bash'
[71.597s] INFO:colcon.colcon_core.shell:Creating prefix script '/home/mp4d/ros2_ws/install/local_setup.zsh'
[71.606s] INFO:colcon.colcon_core.shell:Creating prefix chain script '/home/mp4d/ros2_ws/install/setup.zsh'
