[1.437s] DEBUG:colcon:Command line arguments: ['/usr/bin/colcon', 'build']
[1.438s] DEBUG:colcon:Parsed command line arguments: Namespace(allow_overriding=[], ament_cmake_args=None, base_paths=['.'], build_base='build', catkin_cmake_args=None, catkin_skip_building_tests=False, cmake_args=None, cmake_clean_cache=False, cmake_clean_first=False, cmake_force_configure=False, cmake_target=None, cmake_target_skip_unavailable=False, continue_on_error=False, event_handlers=None, executor='parallel', ignore_user_meta=False, install_base='install', log_base=None, log_level=None, main=<bound method BuildVerb.main of <colcon_core.verb.build.BuildVerb object at 0xffffba3d30d0>>, merge_install=False, metas=['./colcon.meta'], packages_above=None, packages_above_and_dependencies=None, packages_above_depth=None, packages_end=None, packages_ignore=None, packages_ignore_regex=None, packages_select=None, packages_select_build_failed=False, packages_select_by_dep=None, packages_select_regex=None, packages_select_test_failures=False, packages_skip=None, packages_skip_build_finished=False, packages_skip_by_dep=None, packages_skip_regex=None, packages_skip_test_passed=False, packages_skip_up_to=None, packages_start=None, packages_up_to=None, packages_up_to_regex=None, parallel_workers=4, paths=None, symlink_install=False, test_result_base=None, verb_extension=<colcon_core.verb.build.BuildVerb object at 0xffffba3d30d0>, verb_name='build', verb_parser=<colcon_defaults.argument_parser.defaults.DefaultArgumentsDecorator object at 0xffffba3d3550>)
[2.040s] Level 1:colcon.colcon_core.package_discovery:discover_packages(colcon_meta) check parameters
[2.042s] Level 1:colcon.colcon_core.package_discovery:discover_packages(recursive) check parameters
[2.042s] Level 1:colcon.colcon_core.package_discovery:discover_packages(ignore) check parameters
[2.042s] Level 1:colcon.colcon_core.package_discovery:discover_packages(path) check parameters
[2.042s] Level 1:colcon.colcon_core.package_discovery:discover_packages(colcon_meta) discover
[2.043s] Level 1:colcon.colcon_core.package_discovery:discover_packages(recursive) discover
[2.043s] INFO:colcon.colcon_core.package_discovery:Crawling recursively for packages in '/home/mp4d/ros2_ws'
[2.044s] Level 1:colcon.colcon_core.package_identification:_identify(.) by extensions ['ignore', 'ignore_ament_install']
[2.045s] Level 1:colcon.colcon_core.package_identification:_identify(.) by extension 'ignore'
[2.045s] Level 1:colcon.colcon_core.package_identification:_identify(.) by extension 'ignore_ament_install'
[2.046s] Level 1:colcon.colcon_core.package_identification:_identify(.) by extensions ['colcon_pkg']
[2.046s] Level 1:colcon.colcon_core.package_identification:_identify(.) by extension 'colcon_pkg'
[2.046s] Level 1:colcon.colcon_core.package_identification:_identify(.) by extensions ['colcon_meta']
[2.047s] Level 1:colcon.colcon_core.package_identification:_identify(.) by extension 'colcon_meta'
[2.047s] Level 1:colcon.colcon_core.package_identification:_identify(.) by extensions ['ros']
[2.047s] Level 1:colcon.colcon_core.package_identification:_identify(.) by extension 'ros'
[2.096s] Level 1:colcon.colcon_core.package_identification:_identify(.) by extensions ['cmake', 'python']
[2.097s] Level 1:colcon.colcon_core.package_identification:_identify(.) by extension 'cmake'
[2.098s] Level 1:colcon.colcon_core.package_identification:_identify(.) by extension 'python'
[2.098s] Level 1:colcon.colcon_core.package_identification:_identify(.) by extensions ['python_setup_py']
[2.098s] Level 1:colcon.colcon_core.package_identification:_identify(.) by extension 'python_setup_py'
[2.099s] Level 1:colcon.colcon_core.package_identification:_identify(build) by extensions ['ignore', 'ignore_ament_install']
[2.100s] Level 1:colcon.colcon_core.package_identification:_identify(build) by extension 'ignore'
[2.100s] Level 1:colcon.colcon_core.package_identification:_identify(build) ignored
[2.101s] Level 1:colcon.colcon_core.package_identification:_identify(install) by extensions ['ignore', 'ignore_ament_install']
[2.102s] Level 1:colcon.colcon_core.package_identification:_identify(install) by extension 'ignore'
[2.102s] Level 1:colcon.colcon_core.package_identification:_identify(install) ignored
[2.104s] Level 1:colcon.colcon_core.package_identification:_identify(log) by extensions ['ignore', 'ignore_ament_install']
[2.106s] Level 1:colcon.colcon_core.package_identification:_identify(log) by extension 'ignore'
[2.107s] Level 1:colcon.colcon_core.package_identification:_identify(log) ignored
[2.108s] Level 1:colcon.colcon_core.package_identification:_identify(src) by extensions ['ignore', 'ignore_ament_install']
[2.109s] Level 1:colcon.colcon_core.package_identification:_identify(src) by extension 'ignore'
[2.109s] Level 1:colcon.colcon_core.package_identification:_identify(src) by extension 'ignore_ament_install'
[2.110s] Level 1:colcon.colcon_core.package_identification:_identify(src) by extensions ['colcon_pkg']
[2.110s] Level 1:colcon.colcon_core.package_identification:_identify(src) by extension 'colcon_pkg'
[2.110s] Level 1:colcon.colcon_core.package_identification:_identify(src) by extensions ['colcon_meta']
[2.111s] Level 1:colcon.colcon_core.package_identification:_identify(src) by extension 'colcon_meta'
[2.111s] Level 1:colcon.colcon_core.package_identification:_identify(src) by extensions ['ros']
[2.111s] Level 1:colcon.colcon_core.package_identification:_identify(src) by extension 'ros'
[2.112s] Level 1:colcon.colcon_core.package_identification:_identify(src) by extensions ['cmake', 'python']
[2.112s] Level 1:colcon.colcon_core.package_identification:_identify(src) by extension 'cmake'
[2.112s] Level 1:colcon.colcon_core.package_identification:_identify(src) by extension 'python'
[2.113s] Level 1:colcon.colcon_core.package_identification:_identify(src) by extensions ['python_setup_py']
[2.113s] Level 1:colcon.colcon_core.package_identification:_identify(src) by extension 'python_setup_py'
[2.114s] Level 1:colcon.colcon_core.package_identification:_identify(src/image_processor) by extensions ['ignore', 'ignore_ament_install']
[2.115s] Level 1:colcon.colcon_core.package_identification:_identify(src/image_processor) by extension 'ignore'
[2.115s] Level 1:colcon.colcon_core.package_identification:_identify(src/image_processor) by extension 'ignore_ament_install'
[2.115s] Level 1:colcon.colcon_core.package_identification:_identify(src/image_processor) by extensions ['colcon_pkg']
[2.116s] Level 1:colcon.colcon_core.package_identification:_identify(src/image_processor) by extension 'colcon_pkg'
[2.116s] Level 1:colcon.colcon_core.package_identification:_identify(src/image_processor) by extensions ['colcon_meta']
[2.116s] Level 1:colcon.colcon_core.package_identification:_identify(src/image_processor) by extension 'colcon_meta'
[2.117s] Level 1:colcon.colcon_core.package_identification:_identify(src/image_processor) by extensions ['ros']
[2.117s] Level 1:colcon.colcon_core.package_identification:_identify(src/image_processor) by extension 'ros'
[2.144s] DEBUG:colcon.colcon_core.package_identification:Package 'src/image_processor' with type 'ros.catkin' and name 'image_processor'
[2.146s] Level 1:colcon.colcon_core.package_identification:_identify(src/project_ros2_pkg) by extensions ['ignore', 'ignore_ament_install']
[2.147s] Level 1:colcon.colcon_core.package_identification:_identify(src/project_ros2_pkg) by extension 'ignore'
[2.148s] Level 1:colcon.colcon_core.package_identification:_identify(src/project_ros2_pkg) by extension 'ignore_ament_install'
[2.148s] Level 1:colcon.colcon_core.package_identification:_identify(src/project_ros2_pkg) by extensions ['colcon_pkg']
[2.149s] Level 1:colcon.colcon_core.package_identification:_identify(src/project_ros2_pkg) by extension 'colcon_pkg'
[2.150s] Level 1:colcon.colcon_core.package_identification:_identify(src/project_ros2_pkg) by extensions ['colcon_meta']
[2.150s] Level 1:colcon.colcon_core.package_identification:_identify(src/project_ros2_pkg) by extension 'colcon_meta'
[2.150s] Level 1:colcon.colcon_core.package_identification:_identify(src/project_ros2_pkg) by extensions ['ros']
[2.151s] Level 1:colcon.colcon_core.package_identification:_identify(src/project_ros2_pkg) by extension 'ros'
[2.159s] DEBUG:colcon.colcon_core.package_identification:Package 'src/project_ros2_pkg' with type 'ros.ament_cmake' and name 'project_ros2_pkg'
[2.161s] Level 1:colcon.colcon_core.package_identification:_identify(src/ros2) by extensions ['ignore', 'ignore_ament_install']
[2.162s] Level 1:colcon.colcon_core.package_identification:_identify(src/ros2) by extension 'ignore'
[2.162s] Level 1:colcon.colcon_core.package_identification:_identify(src/ros2) by extension 'ignore_ament_install'
[2.163s] Level 1:colcon.colcon_core.package_identification:_identify(src/ros2) by extensions ['colcon_pkg']
[2.163s] Level 1:colcon.colcon_core.package_identification:_identify(src/ros2) by extension 'colcon_pkg'
[2.163s] Level 1:colcon.colcon_core.package_identification:_identify(src/ros2) by extensions ['colcon_meta']
[2.163s] Level 1:colcon.colcon_core.package_identification:_identify(src/ros2) by extension 'colcon_meta'
[2.164s] Level 1:colcon.colcon_core.package_identification:_identify(src/ros2) by extensions ['ros']
[2.164s] Level 1:colcon.colcon_core.package_identification:_identify(src/ros2) by extension 'ros'
[2.165s] Level 1:colcon.colcon_core.package_identification:_identify(src/ros2) by extensions ['cmake', 'python']
[2.165s] Level 1:colcon.colcon_core.package_identification:_identify(src/ros2) by extension 'cmake'
[2.165s] Level 1:colcon.colcon_core.package_identification:_identify(src/ros2) by extension 'python'
[2.165s] Level 1:colcon.colcon_core.package_identification:_identify(src/ros2) by extensions ['python_setup_py']
[2.166s] Level 1:colcon.colcon_core.package_identification:_identify(src/ros2) by extension 'python_setup_py'
[2.166s] Level 1:colcon.colcon_core.package_identification:_identify(src/ros2/cross_compile) by extensions ['ignore', 'ignore_ament_install']
[2.167s] Level 1:colcon.colcon_core.package_identification:_identify(src/ros2/cross_compile) by extension 'ignore'
[2.168s] Level 1:colcon.colcon_core.package_identification:_identify(src/ros2/cross_compile) by extension 'ignore_ament_install'
[2.168s] Level 1:colcon.colcon_core.package_identification:_identify(src/ros2/cross_compile) by extensions ['colcon_pkg']
[2.168s] Level 1:colcon.colcon_core.package_identification:_identify(src/ros2/cross_compile) by extension 'colcon_pkg'
[2.169s] Level 1:colcon.colcon_core.package_identification:_identify(src/ros2/cross_compile) by extensions ['colcon_meta']
[2.169s] Level 1:colcon.colcon_core.package_identification:_identify(src/ros2/cross_compile) by extension 'colcon_meta'
[2.169s] Level 1:colcon.colcon_core.package_identification:_identify(src/ros2/cross_compile) by extensions ['ros']
[2.169s] Level 1:colcon.colcon_core.package_identification:_identify(src/ros2/cross_compile) by extension 'ros'
[2.170s] Level 1:colcon.colcon_core.package_identification:_identify(src/ros2/cross_compile) by extensions ['cmake', 'python']
[2.170s] Level 1:colcon.colcon_core.package_identification:_identify(src/ros2/cross_compile) by extension 'cmake'
[2.170s] Level 1:colcon.colcon_core.package_identification:_identify(src/ros2/cross_compile) by extension 'python'
[2.171s] Level 1:colcon.colcon_core.package_identification:_identify(src/ros2/cross_compile) by extensions ['python_setup_py']
[2.171s] Level 1:colcon.colcon_core.package_identification:_identify(src/ros2/cross_compile) by extension 'python_setup_py'
[2.172s] Level 1:colcon.colcon_core.package_identification:_identify(src/ros2/cross_compile/cmake-toolchains) by extensions ['ignore', 'ignore_ament_install']
[2.173s] Level 1:colcon.colcon_core.package_identification:_identify(src/ros2/cross_compile/cmake-toolchains) by extension 'ignore'
[2.173s] Level 1:colcon.colcon_core.package_identification:_identify(src/ros2/cross_compile/cmake-toolchains) by extension 'ignore_ament_install'
[2.173s] Level 1:colcon.colcon_core.package_identification:_identify(src/ros2/cross_compile/cmake-toolchains) by extensions ['colcon_pkg']
[2.174s] Level 1:colcon.colcon_core.package_identification:_identify(src/ros2/cross_compile/cmake-toolchains) by extension 'colcon_pkg'
[2.174s] Level 1:colcon.colcon_core.package_identification:_identify(src/ros2/cross_compile/cmake-toolchains) by extensions ['colcon_meta']
[2.174s] Level 1:colcon.colcon_core.package_identification:_identify(src/ros2/cross_compile/cmake-toolchains) by extension 'colcon_meta'
[2.175s] Level 1:colcon.colcon_core.package_identification:_identify(src/ros2/cross_compile/cmake-toolchains) by extensions ['ros']
[2.175s] Level 1:colcon.colcon_core.package_identification:_identify(src/ros2/cross_compile/cmake-toolchains) by extension 'ros'
[2.175s] Level 1:colcon.colcon_core.package_identification:_identify(src/ros2/cross_compile/cmake-toolchains) by extensions ['cmake', 'python']
[2.176s] Level 1:colcon.colcon_core.package_identification:_identify(src/ros2/cross_compile/cmake-toolchains) by extension 'cmake'
[2.176s] Level 1:colcon.colcon_core.package_identification:_identify(src/ros2/cross_compile/cmake-toolchains) by extension 'python'
[2.176s] Level 1:colcon.colcon_core.package_identification:_identify(src/ros2/cross_compile/cmake-toolchains) by extensions ['python_setup_py']
[2.176s] Level 1:colcon.colcon_core.package_identification:_identify(src/ros2/cross_compile/cmake-toolchains) by extension 'python_setup_py'
[2.177s] Level 1:colcon.colcon_core.package_identification:_identify(src/ros2/cross_compile/sysroot) by extensions ['ignore', 'ignore_ament_install']
[2.178s] Level 1:colcon.colcon_core.package_identification:_identify(src/ros2/cross_compile/sysroot) by extension 'ignore'
[2.178s] Level 1:colcon.colcon_core.package_identification:_identify(src/ros2/cross_compile/sysroot) by extension 'ignore_ament_install'
[2.179s] Level 1:colcon.colcon_core.package_identification:_identify(src/ros2/cross_compile/sysroot) by extensions ['colcon_pkg']
[2.179s] Level 1:colcon.colcon_core.package_identification:_identify(src/ros2/cross_compile/sysroot) by extension 'colcon_pkg'
[2.179s] Level 1:colcon.colcon_core.package_identification:_identify(src/ros2/cross_compile/sysroot) by extensions ['colcon_meta']
[2.179s] Level 1:colcon.colcon_core.package_identification:_identify(src/ros2/cross_compile/sysroot) by extension 'colcon_meta'
[2.180s] Level 1:colcon.colcon_core.package_identification:_identify(src/ros2/cross_compile/sysroot) by extensions ['ros']
[2.180s] Level 1:colcon.colcon_core.package_identification:_identify(src/ros2/cross_compile/sysroot) by extension 'ros'
[2.181s] Level 1:colcon.colcon_core.package_identification:_identify(src/ros2/cross_compile/sysroot) by extensions ['cmake', 'python']
[2.181s] Level 1:colcon.colcon_core.package_identification:_identify(src/ros2/cross_compile/sysroot) by extension 'cmake'
[2.181s] Level 1:colcon.colcon_core.package_identification:_identify(src/ros2/cross_compile/sysroot) by extension 'python'
[2.182s] Level 1:colcon.colcon_core.package_identification:_identify(src/ros2/cross_compile/sysroot) by extensions ['python_setup_py']
[2.182s] Level 1:colcon.colcon_core.package_identification:_identify(src/ros2/cross_compile/sysroot) by extension 'python_setup_py'
[2.182s] Level 1:colcon.colcon_core.package_discovery:discover_packages(recursive) using defaults
[2.182s] Level 1:colcon.colcon_core.package_discovery:discover_packages(ignore) discover
[2.183s] Level 1:colcon.colcon_core.package_discovery:discover_packages(ignore) using defaults
[2.183s] Level 1:colcon.colcon_core.package_discovery:discover_packages(path) discover
[2.183s] Level 1:colcon.colcon_core.package_discovery:discover_packages(path) using defaults
[2.387s] Level 1:colcon.colcon_core.package_discovery:discover_packages(prefix_path) check parameters
[2.388s] Level 1:colcon.colcon_core.package_discovery:discover_packages(prefix_path) discover
[2.420s] DEBUG:colcon.colcon_installed_package_information.package_discovery:Found 2 installed packages in /home/mp4d/ros2_ws/install
[2.432s] DEBUG:colcon.colcon_installed_package_information.package_discovery:Found 188 installed packages in /opt/ros/foxy
[2.444s] Level 1:colcon.colcon_core.package_discovery:discover_packages(prefix_path) using defaults
[2.793s] Level 5:colcon.colcon_core.verb:set package 'image_processor' build argument 'cmake_args' from command line to 'None'
[2.793s] Level 5:colcon.colcon_core.verb:set package 'image_processor' build argument 'cmake_target' from command line to 'None'
[2.794s] Level 5:colcon.colcon_core.verb:set package 'image_processor' build argument 'cmake_target_skip_unavailable' from command line to 'False'
[2.794s] Level 5:colcon.colcon_core.verb:set package 'image_processor' build argument 'cmake_clean_cache' from command line to 'False'
[2.794s] Level 5:colcon.colcon_core.verb:set package 'image_processor' build argument 'cmake_clean_first' from command line to 'False'
[2.794s] Level 5:colcon.colcon_core.verb:set package 'image_processor' build argument 'cmake_force_configure' from command line to 'False'
[2.794s] Level 5:colcon.colcon_core.verb:set package 'image_processor' build argument 'ament_cmake_args' from command line to 'None'
[2.795s] Level 5:colcon.colcon_core.verb:set package 'image_processor' build argument 'catkin_cmake_args' from command line to 'None'
[2.795s] Level 5:colcon.colcon_core.verb:set package 'image_processor' build argument 'catkin_skip_building_tests' from command line to 'False'
[2.795s] DEBUG:colcon.colcon_core.verb:Building package 'image_processor' with the following arguments: {'ament_cmake_args': None, 'build_base': '/home/mp4d/ros2_ws/build/image_processor', 'catkin_cmake_args': None, 'catkin_skip_building_tests': False, 'cmake_args': None, 'cmake_clean_cache': False, 'cmake_clean_first': False, 'cmake_force_configure': False, 'cmake_target': None, 'cmake_target_skip_unavailable': False, 'install_base': '/home/mp4d/ros2_ws/install/image_processor', 'merge_install': False, 'path': '/home/mp4d/ros2_ws/src/image_processor', 'symlink_install': False, 'test_result_base': None}
[2.799s] Level 5:colcon.colcon_core.verb:set package 'project_ros2_pkg' build argument 'cmake_args' from command line to 'None'
[2.799s] Level 5:colcon.colcon_core.verb:set package 'project_ros2_pkg' build argument 'cmake_target' from command line to 'None'
[2.799s] Level 5:colcon.colcon_core.verb:set package 'project_ros2_pkg' build argument 'cmake_target_skip_unavailable' from command line to 'False'
[2.799s] Level 5:colcon.colcon_core.verb:set package 'project_ros2_pkg' build argument 'cmake_clean_cache' from command line to 'False'
[2.799s] Level 5:colcon.colcon_core.verb:set package 'project_ros2_pkg' build argument 'cmake_clean_first' from command line to 'False'
[2.800s] Level 5:colcon.colcon_core.verb:set package 'project_ros2_pkg' build argument 'cmake_force_configure' from command line to 'False'
[2.800s] Level 5:colcon.colcon_core.verb:set package 'project_ros2_pkg' build argument 'ament_cmake_args' from command line to 'None'
[2.800s] Level 5:colcon.colcon_core.verb:set package 'project_ros2_pkg' build argument 'catkin_cmake_args' from command line to 'None'
[2.800s] Level 5:colcon.colcon_core.verb:set package 'project_ros2_pkg' build argument 'catkin_skip_building_tests' from command line to 'False'
[2.801s] DEBUG:colcon.colcon_core.verb:Building package 'project_ros2_pkg' with the following arguments: {'ament_cmake_args': None, 'build_base': '/home/mp4d/ros2_ws/build/project_ros2_pkg', 'catkin_cmake_args': None, 'catkin_skip_building_tests': False, 'cmake_args': None, 'cmake_clean_cache': False, 'cmake_clean_first': False, 'cmake_force_configure': False, 'cmake_target': None, 'cmake_target_skip_unavailable': False, 'install_base': '/home/mp4d/ros2_ws/install/project_ros2_pkg', 'merge_install': False, 'path': '/home/mp4d/ros2_ws/src/project_ros2_pkg', 'symlink_install': False, 'test_result_base': None}
[2.802s] INFO:colcon.colcon_core.executor:Executing jobs using 'parallel' executor
[2.810s] DEBUG:colcon.colcon_parallel_executor.executor.parallel:run_until_complete
[2.813s] INFO:colcon.colcon_ros.task.catkin.build:Building ROS package in '/home/mp4d/ros2_ws/src/image_processor' with build type 'catkin'
[2.814s] INFO:colcon.colcon_cmake.task.cmake.build:Building CMake package in '/home/mp4d/ros2_ws/src/image_processor'
[2.830s] INFO:colcon.colcon_core.plugin_system:Skipping extension 'colcon_core.shell.bat': Not used on non-Windows systems
[2.831s] INFO:colcon.colcon_core.shell:Skip shell extension 'powershell' for command environment: Not usable outside of PowerShell
[2.832s] DEBUG:colcon.colcon_core.shell:Skip shell extension 'dsv' for command environment
[2.871s] INFO:colcon.colcon_ros.task.ament_cmake.build:Building ROS package in '/home/mp4d/ros2_ws/src/project_ros2_pkg' with build type 'ament_cmake'
[2.874s] INFO:colcon.colcon_cmake.task.cmake.build:Building CMake package in '/home/mp4d/ros2_ws/src/project_ros2_pkg'
[2.877s] INFO:colcon.colcon_core.shell:Skip shell extension 'powershell' for command environment: Not usable outside of PowerShell
[2.879s] DEBUG:colcon.colcon_core.shell:Skip shell extension 'dsv' for command environment
[2.952s] DEBUG:colcon.colcon_core.event_handler.log_command:Invoking command in '/home/mp4d/ros2_ws/build/image_processor': /usr/bin/cmake --build /home/mp4d/ros2_ws/build/image_processor -- -j4 -l4
[3.022s] DEBUG:colcon.colcon_core.event_handler.log_command:Invoking command in '/home/mp4d/ros2_ws/build/project_ros2_pkg': CMAKE_PREFIX_PATH=/home/mp4d/ros2_ws/install/image_processor:/opt/ros/foxy /usr/bin/cmake --build /home/mp4d/ros2_ws/build/project_ros2_pkg -- -j4 -l4
[3.674s] DEBUG:colcon.colcon_core.event_handler.log_command:Invoked command in '/home/mp4d/ros2_ws/build/project_ros2_pkg' returned '0': CMAKE_PREFIX_PATH=/home/mp4d/ros2_ws/install/image_processor:/opt/ros/foxy /usr/bin/cmake --build /home/mp4d/ros2_ws/build/project_ros2_pkg -- -j4 -l4
[4.036s] DEBUG:colcon.colcon_core.event_handler.log_command:Invoking command in '/home/mp4d/ros2_ws/build/project_ros2_pkg': CMAKE_PREFIX_PATH=/home/mp4d/ros2_ws/install/image_processor:/opt/ros/foxy /usr/bin/cmake --install /home/mp4d/ros2_ws/build/project_ros2_pkg
[4.168s] Level 1:colcon.colcon_core.environment:create_environment_scripts_only(project_ros2_pkg)
[4.191s] DEBUG:colcon.colcon_core.event_handler.log_command:Invoked command in '/home/mp4d/ros2_ws/build/project_ros2_pkg' returned '0': CMAKE_PREFIX_PATH=/home/mp4d/ros2_ws/install/image_processor:/opt/ros/foxy /usr/bin/cmake --install /home/mp4d/ros2_ws/build/project_ros2_pkg
[4.276s] Level 1:colcon.colcon_core.environment:checking '/home/mp4d/ros2_ws/install/project_ros2_pkg' for CMake module files
[4.289s] Level 1:colcon.colcon_core.environment:checking '/home/mp4d/ros2_ws/install/project_ros2_pkg' for CMake config files
[4.291s] Level 1:colcon.colcon_core.shell:create_environment_hook('project_ros2_pkg', 'cmake_prefix_path')
[4.294s] INFO:colcon.colcon_core.shell:Creating environment hook '/home/mp4d/ros2_ws/install/project_ros2_pkg/share/project_ros2_pkg/hook/cmake_prefix_path.ps1'
[4.308s] INFO:colcon.colcon_core.shell:Creating environment descriptor '/home/mp4d/ros2_ws/install/project_ros2_pkg/share/project_ros2_pkg/hook/cmake_prefix_path.dsv'
[4.317s] INFO:colcon.colcon_core.shell:Creating environment hook '/home/mp4d/ros2_ws/install/project_ros2_pkg/share/project_ros2_pkg/hook/cmake_prefix_path.sh'
[4.335s] Level 1:colcon.colcon_core.environment:checking '/home/mp4d/ros2_ws/install/project_ros2_pkg/lib'
[4.337s] Level 1:colcon.colcon_core.environment:checking '/home/mp4d/ros2_ws/install/project_ros2_pkg/bin'
[4.338s] Level 1:colcon.colcon_core.environment:checking '/home/mp4d/ros2_ws/install/project_ros2_pkg/lib/pkgconfig/project_ros2_pkg.pc'
[4.340s] Level 1:colcon.colcon_core.environment:checking '/home/mp4d/ros2_ws/install/project_ros2_pkg/lib/python3.8/site-packages'
[4.342s] Level 1:colcon.colcon_core.environment:checking '/home/mp4d/ros2_ws/install/project_ros2_pkg/bin'
[4.346s] INFO:colcon.colcon_core.shell:Creating package script '/home/mp4d/ros2_ws/install/project_ros2_pkg/share/project_ros2_pkg/package.ps1'
[4.361s] INFO:colcon.colcon_core.shell:Creating package descriptor '/home/mp4d/ros2_ws/install/project_ros2_pkg/share/project_ros2_pkg/package.dsv'
[4.376s] INFO:colcon.colcon_core.shell:Creating package script '/home/mp4d/ros2_ws/install/project_ros2_pkg/share/project_ros2_pkg/package.sh'
[4.392s] INFO:colcon.colcon_core.shell:Creating package script '/home/mp4d/ros2_ws/install/project_ros2_pkg/share/project_ros2_pkg/package.bash'
[4.410s] INFO:colcon.colcon_core.shell:Creating package script '/home/mp4d/ros2_ws/install/project_ros2_pkg/share/project_ros2_pkg/package.zsh'
[4.422s] Level 1:colcon.colcon_core.environment:create_file_with_runtime_dependencies(/home/mp4d/ros2_ws/install/project_ros2_pkg/share/colcon-core/packages/project_ros2_pkg)
[4.622s] Level 1:colcon.colcon_core.environment:create_environment_scripts_only(project_ros2_pkg)
[4.625s] Level 1:colcon.colcon_core.environment:checking '/home/mp4d/ros2_ws/install/project_ros2_pkg' for CMake module files
[4.630s] Level 1:colcon.colcon_core.environment:checking '/home/mp4d/ros2_ws/install/project_ros2_pkg' for CMake config files
[4.631s] Level 1:colcon.colcon_core.shell:create_environment_hook('project_ros2_pkg', 'cmake_prefix_path')
[4.634s] INFO:colcon.colcon_core.shell:Creating environment hook '/home/mp4d/ros2_ws/install/project_ros2_pkg/share/project_ros2_pkg/hook/cmake_prefix_path.ps1'
[4.662s] INFO:colcon.colcon_core.shell:Creating environment descriptor '/home/mp4d/ros2_ws/install/project_ros2_pkg/share/project_ros2_pkg/hook/cmake_prefix_path.dsv'
[4.678s] INFO:colcon.colcon_core.shell:Creating environment hook '/home/mp4d/ros2_ws/install/project_ros2_pkg/share/project_ros2_pkg/hook/cmake_prefix_path.sh'
[4.694s] Level 1:colcon.colcon_core.environment:checking '/home/mp4d/ros2_ws/install/project_ros2_pkg/lib'
[4.697s] Level 1:colcon.colcon_core.environment:checking '/home/mp4d/ros2_ws/install/project_ros2_pkg/bin'
[4.701s] Level 1:colcon.colcon_core.environment:checking '/home/mp4d/ros2_ws/install/project_ros2_pkg/lib/pkgconfig/project_ros2_pkg.pc'
[4.707s] Level 1:colcon.colcon_core.environment:checking '/home/mp4d/ros2_ws/install/project_ros2_pkg/lib/python3.8/site-packages'
[4.713s] Level 1:colcon.colcon_core.environment:checking '/home/mp4d/ros2_ws/install/project_ros2_pkg/bin'
[4.720s] INFO:colcon.colcon_core.shell:Creating package script '/home/mp4d/ros2_ws/install/project_ros2_pkg/share/project_ros2_pkg/package.ps1'
[4.728s] INFO:colcon.colcon_core.shell:Creating package descriptor '/home/mp4d/ros2_ws/install/project_ros2_pkg/share/project_ros2_pkg/package.dsv'
[4.737s] INFO:colcon.colcon_core.shell:Creating package script '/home/mp4d/ros2_ws/install/project_ros2_pkg/share/project_ros2_pkg/package.sh'
[4.753s] INFO:colcon.colcon_core.shell:Creating package script '/home/mp4d/ros2_ws/install/project_ros2_pkg/share/project_ros2_pkg/package.bash'
[4.764s] INFO:colcon.colcon_core.shell:Creating package script '/home/mp4d/ros2_ws/install/project_ros2_pkg/share/project_ros2_pkg/package.zsh'
[4.776s] Level 1:colcon.colcon_core.environment:create_file_with_runtime_dependencies(/home/mp4d/ros2_ws/install/project_ros2_pkg/share/colcon-core/packages/project_ros2_pkg)
[74.733s] DEBUG:colcon.colcon_core.event_handler.log_command:Invoked command in '/home/mp4d/ros2_ws/build/image_processor' returned '0': /usr/bin/cmake --build /home/mp4d/ros2_ws/build/image_processor -- -j4 -l4
[75.047s] DEBUG:colcon.colcon_core.event_handler.log_command:Invoking command in '/home/mp4d/ros2_ws/build/image_processor': /usr/bin/cmake --install /home/mp4d/ros2_ws/build/image_processor
[75.223s] DEBUG:colcon.colcon_core.event_handler.log_command:Invoked command in '/home/mp4d/ros2_ws/build/image_processor' returned '0': /usr/bin/cmake --install /home/mp4d/ros2_ws/build/image_processor
[75.384s] Level 1:colcon.colcon_core.shell:create_environment_hook('image_processor', 'ros_package_path')
[75.388s] INFO:colcon.colcon_core.shell:Creating environment hook '/home/mp4d/ros2_ws/install/image_processor/share/image_processor/hook/ros_package_path.ps1'
[75.420s] INFO:colcon.colcon_core.shell:Creating environment descriptor '/home/mp4d/ros2_ws/install/image_processor/share/image_processor/hook/ros_package_path.dsv'
[75.451s] INFO:colcon.colcon_core.shell:Creating environment hook '/home/mp4d/ros2_ws/install/image_processor/share/image_processor/hook/ros_package_path.sh'
[75.462s] Level 1:colcon.colcon_core.shell:create_environment_hook('image_processor', 'pkg_config_path')
[75.465s] INFO:colcon.colcon_core.shell:Creating environment hook '/home/mp4d/ros2_ws/install/image_processor/share/image_processor/hook/pkg_config_path.ps1'
[75.473s] INFO:colcon.colcon_core.shell:Creating environment descriptor '/home/mp4d/ros2_ws/install/image_processor/share/image_processor/hook/pkg_config_path.dsv'
[75.483s] INFO:colcon.colcon_core.shell:Creating environment hook '/home/mp4d/ros2_ws/install/image_processor/share/image_processor/hook/pkg_config_path.sh'
[75.676s] Level 1:colcon.colcon_core.shell:create_environment_hook('image_processor', 'pkg_config_path_multiarch')
[75.680s] INFO:colcon.colcon_core.shell:Creating environment hook '/home/mp4d/ros2_ws/install/image_processor/share/image_processor/hook/pkg_config_path_multiarch.ps1'
[75.688s] INFO:colcon.colcon_core.shell:Creating environment descriptor '/home/mp4d/ros2_ws/install/image_processor/share/image_processor/hook/pkg_config_path_multiarch.dsv'
[75.696s] INFO:colcon.colcon_core.shell:Creating environment hook '/home/mp4d/ros2_ws/install/image_processor/share/image_processor/hook/pkg_config_path_multiarch.sh'
[75.712s] Level 1:colcon.colcon_core.environment:create_environment_scripts_only(image_processor)
[75.715s] Level 1:colcon.colcon_core.environment:checking '/home/mp4d/ros2_ws/install/image_processor' for CMake module files
[75.720s] Level 1:colcon.colcon_core.environment:checking '/home/mp4d/ros2_ws/install/image_processor' for CMake config files
[75.721s] Level 1:colcon.colcon_core.shell:create_environment_hook('image_processor', 'cmake_prefix_path')
[75.723s] INFO:colcon.colcon_core.shell:Creating environment hook '/home/mp4d/ros2_ws/install/image_processor/share/image_processor/hook/cmake_prefix_path.ps1'
[75.730s] INFO:colcon.colcon_core.shell:Creating environment descriptor '/home/mp4d/ros2_ws/install/image_processor/share/image_processor/hook/cmake_prefix_path.dsv'
[75.736s] INFO:colcon.colcon_core.shell:Creating environment hook '/home/mp4d/ros2_ws/install/image_processor/share/image_processor/hook/cmake_prefix_path.sh'
[75.749s] Level 1:colcon.colcon_core.environment:checking '/home/mp4d/ros2_ws/install/image_processor/lib'
[75.750s] Level 1:colcon.colcon_core.environment:checking '/home/mp4d/ros2_ws/install/image_processor/bin'
[75.751s] Level 1:colcon.colcon_core.environment:checking '/home/mp4d/ros2_ws/install/image_processor/lib/pkgconfig/image_processor.pc'
[75.753s] Level 1:colcon.colcon_core.environment:checking '/home/mp4d/ros2_ws/install/image_processor/lib/python3.8/site-packages'
[75.755s] Level 1:colcon.colcon_core.environment:checking '/home/mp4d/ros2_ws/install/image_processor/bin'
[75.761s] INFO:colcon.colcon_core.shell:Creating package script '/home/mp4d/ros2_ws/install/image_processor/share/image_processor/package.ps1'
[75.772s] INFO:colcon.colcon_core.shell:Creating package descriptor '/home/mp4d/ros2_ws/install/image_processor/share/image_processor/package.dsv'
[75.785s] INFO:colcon.colcon_core.shell:Creating package script '/home/mp4d/ros2_ws/install/image_processor/share/image_processor/package.sh'
[75.796s] INFO:colcon.colcon_core.shell:Creating package script '/home/mp4d/ros2_ws/install/image_processor/share/image_processor/package.bash'
[75.807s] INFO:colcon.colcon_core.shell:Creating package script '/home/mp4d/ros2_ws/install/image_processor/share/image_processor/package.zsh'
[75.838s] Level 1:colcon.colcon_core.environment:create_file_with_runtime_dependencies(/home/mp4d/ros2_ws/install/image_processor/share/colcon-core/packages/image_processor)
[75.842s] DEBUG:colcon.colcon_parallel_executor.executor.parallel:closing loop
[75.855s] DEBUG:colcon.colcon_parallel_executor.executor.parallel:loop closed
[75.856s] DEBUG:colcon.colcon_parallel_executor.executor.parallel:run_until_complete finished with '0'
[75.858s] DEBUG:colcon.colcon_core.event_reactor:joining thread
[76.046s] INFO:colcon.colcon_core.plugin_system:Skipping extension 'colcon_notification.desktop_notification.notify_send': Could not find 'notify-send'
[76.047s] INFO:colcon.colcon_core.plugin_system:Skipping extension 'colcon_notification.desktop_notification.terminal_notifier': Not used on non-Darwin systems
[76.047s] INFO:colcon.colcon_core.plugin_system:Skipping extension 'colcon_notification.desktop_notification.win32': Not used on non-Windows systems
[76.048s] INFO:colcon.colcon_notification.desktop_notification:Sending desktop notification using 'notify2'
[76.052s] DEBUG:colcon.colcon_notification.desktop_notification.notify2:Failed to initialize notify2: org.freedesktop.DBus.Error.ServiceUnknown: The name org.freedesktop.Notifications was not provided by any .service files
[76.053s] DEBUG:colcon.colcon_core.event_reactor:joined thread
[76.055s] INFO:colcon.colcon_core.shell:Creating prefix script '/home/mp4d/ros2_ws/install/local_setup.ps1'
[76.071s] INFO:colcon.colcon_core.shell:Creating prefix util module '/home/mp4d/ros2_ws/install/_local_setup_util_ps1.py'
[76.097s] INFO:colcon.colcon_core.shell:Creating prefix chain script '/home/mp4d/ros2_ws/install/setup.ps1'
[76.117s] INFO:colcon.colcon_core.shell:Creating prefix script '/home/mp4d/ros2_ws/install/local_setup.sh'
[76.130s] INFO:colcon.colcon_core.shell:Creating prefix util module '/home/mp4d/ros2_ws/install/_local_setup_util_sh.py'
[76.138s] INFO:colcon.colcon_core.shell:Creating prefix chain script '/home/mp4d/ros2_ws/install/setup.sh'
[76.157s] INFO:colcon.colcon_core.shell:Creating prefix script '/home/mp4d/ros2_ws/install/local_setup.bash'
[76.166s] INFO:colcon.colcon_core.shell:Creating prefix chain script '/home/mp4d/ros2_ws/install/setup.bash'
[76.182s] INFO:colcon.colcon_core.shell:Creating prefix script '/home/mp4d/ros2_ws/install/local_setup.zsh'
[76.192s] INFO:colcon.colcon_core.shell:Creating prefix chain script '/home/mp4d/ros2_ws/install/setup.zsh'
