[0.016s] Invoking command in '/home/alexander/ros2_foxy/build/dynamixel_sdk_examples': CMAKE_PREFIX_PATH=/home/alexander/ros2_foxy/install/dynamixel_sdk_custom_interfaces:/home/alexander/ros2_foxy/install/dynamixel_sdk:/home/alexander/ros2_foxy/install/dynamixel_sdk_examples:/opt/ros/foxy /usr/bin/cmake --build /home/alexander/ros2_foxy/build/dynamixel_sdk_examples -- -j16 -l16
[0.054s] [35m[1mScanning dependencies of target draw_digit[0m
[0.071s] [ 25%] Built target motor_controller
[0.072s] [ 50%] Built target digit_publisher
[0.076s] [ 75%] Built target read_write_node
[0.078s] [ 87%] [32mBuilding CXX object CMakeFiles/draw_digit.dir/src/draw_eight.cpp.o[0m
[3.356s] [100%] [32m[1mLinking CXX executable draw_digit[0m
[3.514s] [100%] Built target draw_digit
[3.527s] Invoked command in '/home/alexander/ros2_foxy/build/dynamixel_sdk_examples' returned '0': CMAKE_PREFIX_PATH=/home/alexander/ros2_foxy/install/dynamixel_sdk_custom_interfaces:/home/alexander/ros2_foxy/install/dynamixel_sdk:/home/alexander/ros2_foxy/install/dynamixel_sdk_examples:/opt/ros/foxy /usr/bin/cmake --build /home/alexander/ros2_foxy/build/dynamixel_sdk_examples -- -j16 -l16
[3.531s] Invoking command in '/home/alexander/ros2_foxy/build/dynamixel_sdk_examples': CMAKE_PREFIX_PATH=/home/alexander/ros2_foxy/install/dynamixel_sdk_custom_interfaces:/home/alexander/ros2_foxy/install/dynamixel_sdk:/home/alexander/ros2_foxy/install/dynamixel_sdk_examples:/opt/ros/foxy /usr/bin/cmake --install /home/alexander/ros2_foxy/build/dynamixel_sdk_examples
[3.535s] -- Install configuration: ""
[3.535s] -- Up-to-date: /home/alexander/ros2_foxy/install/dynamixel_sdk_examples/lib/dynamixel_sdk_examples/read_write_node
[3.536s] -- Up-to-date: /home/alexander/ros2_foxy/install/dynamixel_sdk_examples/lib/dynamixel_sdk_examples/motor_controller
[3.536s] -- Installing: /home/alexander/ros2_foxy/install/dynamixel_sdk_examples/lib/dynamixel_sdk_examples/draw_digit
[3.537s] -- Set runtime path of "/home/alexander/ros2_foxy/install/dynamixel_sdk_examples/lib/dynamixel_sdk_examples/draw_digit" to ""
[3.537s] -- Up-to-date: /home/alexander/ros2_foxy/install/dynamixel_sdk_examples/lib/dynamixel_sdk_examples/digit_publisher
[3.537s] -- Up-to-date: /home/alexander/ros2_foxy/install/dynamixel_sdk_examples/include/
[3.537s] -- Up-to-date: /home/alexander/ros2_foxy/install/dynamixel_sdk_examples/include//read_write_node.hpp
[3.537s] -- Up-to-date: /home/alexander/ros2_foxy/install/dynamixel_sdk_examples/share/ament_index/resource_index/package_run_dependencies/dynamixel_sdk_examples
[3.537s] -- Up-to-date: /home/alexander/ros2_foxy/install/dynamixel_sdk_examples/share/ament_index/resource_index/parent_prefix_path/dynamixel_sdk_examples
[3.537s] -- Up-to-date: /home/alexander/ros2_foxy/install/dynamixel_sdk_examples/share/dynamixel_sdk_examples/environment/ament_prefix_path.sh
[3.537s] -- Up-to-date: /home/alexander/ros2_foxy/install/dynamixel_sdk_examples/share/dynamixel_sdk_examples/environment/ament_prefix_path.dsv
[3.537s] -- Up-to-date: /home/alexander/ros2_foxy/install/dynamixel_sdk_examples/share/dynamixel_sdk_examples/environment/path.sh
[3.538s] -- Up-to-date: /home/alexander/ros2_foxy/install/dynamixel_sdk_examples/share/dynamixel_sdk_examples/environment/path.dsv
[3.538s] -- Up-to-date: /home/alexander/ros2_foxy/install/dynamixel_sdk_examples/share/dynamixel_sdk_examples/local_setup.bash
[3.538s] -- Up-to-date: /home/alexander/ros2_foxy/install/dynamixel_sdk_examples/share/dynamixel_sdk_examples/local_setup.sh
[3.538s] -- Up-to-date: /home/alexander/ros2_foxy/install/dynamixel_sdk_examples/share/dynamixel_sdk_examples/local_setup.zsh
[3.538s] -- Up-to-date: /home/alexander/ros2_foxy/install/dynamixel_sdk_examples/share/dynamixel_sdk_examples/local_setup.dsv
[3.538s] -- Installing: /home/alexander/ros2_foxy/install/dynamixel_sdk_examples/share/dynamixel_sdk_examples/package.dsv
[3.539s] -- Up-to-date: /home/alexander/ros2_foxy/install/dynamixel_sdk_examples/share/ament_index/resource_index/packages/dynamixel_sdk_examples
[3.539s] -- Up-to-date: /home/alexander/ros2_foxy/install/dynamixel_sdk_examples/share/dynamixel_sdk_examples/cmake/dynamixel_sdk_examplesConfig.cmake
[3.539s] -- Up-to-date: /home/alexander/ros2_foxy/install/dynamixel_sdk_examples/share/dynamixel_sdk_examples/cmake/dynamixel_sdk_examplesConfig-version.cmake
[3.539s] -- Up-to-date: /home/alexander/ros2_foxy/install/dynamixel_sdk_examples/share/dynamixel_sdk_examples/package.xml
[3.540s] Invoked command in '/home/alexander/ros2_foxy/build/dynamixel_sdk_examples' returned '0': CMAKE_PREFIX_PATH=/home/alexander/ros2_foxy/install/dynamixel_sdk_custom_interfaces:/home/alexander/ros2_foxy/install/dynamixel_sdk:/home/alexander/ros2_foxy/install/dynamixel_sdk_examples:/opt/ros/foxy /usr/bin/cmake --install /home/alexander/ros2_foxy/build/dynamixel_sdk_examples
