[0.142s] Invoking command in '/home/mp4d/ros2_ws/build/image_processor': /usr/bin/cmake --build /home/mp4d/ros2_ws/build/image_processor -- -j4 -l4
[0.876s] [35m[1mScanning dependencies of target image_processor_node[0m
[1.160s] [ 50%] [32mBuilding CXX object CMakeFiles/image_processor_node.dir/src/image_processor_node.cpp.o[0m
[61.709s] [100%] [32m[1mLinking CXX executable image_processor_node[0m
[70.590s] [100%] Built target image_processor_node
[70.668s] Invoked command in '/home/mp4d/ros2_ws/build/image_processor' returned '0': /usr/bin/cmake --build /home/mp4d/ros2_ws/build/image_processor -- -j4 -l4
[70.933s] Invoking command in '/home/mp4d/ros2_ws/build/image_processor': /usr/bin/cmake --install /home/mp4d/ros2_ws/build/image_processor
[71.010s] -- Install configuration: ""
[71.011s] -- Installing: /home/mp4d/ros2_ws/install/image_processor/lib/image_processor/image_processor_node
[71.013s] -- Set runtime path of "/home/mp4d/ros2_ws/install/image_processor/lib/image_processor/image_processor_node" to ""
[71.017s] -- Up-to-date: /home/mp4d/ros2_ws/install/image_processor/share/ament_index/resource_index/package_run_dependencies/image_processor
[71.018s] -- Up-to-date: /home/mp4d/ros2_ws/install/image_processor/share/ament_index/resource_index/parent_prefix_path/image_processor
[71.019s] -- Up-to-date: /home/mp4d/ros2_ws/install/image_processor/share/image_processor/environment/ament_prefix_path.sh
[71.022s] -- Up-to-date: /home/mp4d/ros2_ws/install/image_processor/share/image_processor/environment/ament_prefix_path.dsv
[71.023s] -- Up-to-date: /home/mp4d/ros2_ws/install/image_processor/share/image_processor/environment/path.sh
[71.024s] -- Up-to-date: /home/mp4d/ros2_ws/install/image_processor/share/image_processor/environment/path.dsv
[71.024s] -- Up-to-date: /home/mp4d/ros2_ws/install/image_processor/share/image_processor/local_setup.bash
[71.025s] -- Up-to-date: /home/mp4d/ros2_ws/install/image_processor/share/image_processor/local_setup.sh
[71.026s] -- Up-to-date: /home/mp4d/ros2_ws/install/image_processor/share/image_processor/local_setup.zsh
[71.026s] -- Up-to-date: /home/mp4d/ros2_ws/install/image_processor/share/image_processor/local_setup.dsv
[71.027s] -- Installing: /home/mp4d/ros2_ws/install/image_processor/share/image_processor/package.dsv
[71.030s] -- Up-to-date: /home/mp4d/ros2_ws/install/image_processor/share/ament_index/resource_index/packages/image_processor
[71.044s] -- Up-to-date: /home/mp4d/ros2_ws/install/image_processor/share/image_processor/cmake/image_processorConfig.cmake
[71.046s] -- Up-to-date: /home/mp4d/ros2_ws/install/image_processor/share/image_processor/cmake/image_processorConfig-version.cmake
[71.047s] -- Up-to-date: /home/mp4d/ros2_ws/install/image_processor/share/image_processor/package.xml
[71.056s] Invoked command in '/home/mp4d/ros2_ws/build/image_processor' returned '0': /usr/bin/cmake --install /home/mp4d/ros2_ws/build/image_processor
