[0.016s] Invoking command in '/home/alexander/ros2_foxy/src/build/dynamixel_sdk_examples': AMENT_PREFIX_PATH=/home/alexander/ros2_foxy/src/install/dynamixel_sdk_custom_interfaces:/home/alexander/ros2_foxy/src/install/dynamixel_sdk:${AMENT_PREFIX_PATH} CMAKE_PREFIX_PATH=/home/alexander/ros2_foxy/src/install/dynamixel_sdk_custom_interfaces:/home/alexander/ros2_foxy/src/install/dynamixel_sdk:/home/alexander/ros2_foxy/install/dynamixel_sdk_examples:/home/alexander/ros2_foxy/install/dynamixel_sdk_custom_interfaces:/home/alexander/ros2_foxy/install/dynamixel_sdk:/opt/ros/foxy LD_LIBRARY_PATH=/home/alexander/ros2_foxy/src/install/dynamixel_sdk_custom_interfaces/lib:/home/alexander/ros2_foxy/src/install/dynamixel_sdk/lib:${LD_LIBRARY_PATH} PYTHONPATH=/home/alexander/ros2_foxy/src/install/dynamixel_sdk_custom_interfaces/lib/python3.8/site-packages:${PYTHONPATH} /usr/bin/cmake /home/alexander/ros2_foxy/src/DynamixelSDK/dynamixel_sdk_examples -DAMENT_CMAKE_SYMLINK_INSTALL=1 -DCMAKE_INSTALL_PREFIX=/home/alexander/ros2_foxy/src/install/dynamixel_sdk_examples
[0.074s] -- The C compiler identification is GNU 9.4.0
[0.127s] -- The CXX compiler identification is GNU 9.4.0
[0.133s] -- Check for working C compiler: /usr/bin/cc
[0.198s] -- Check for working C compiler: /usr/bin/cc -- works
[0.199s] -- Detecting C compiler ABI info
[0.274s] -- Detecting C compiler ABI info - done
[0.287s] -- Detecting C compile features
[0.287s] -- Detecting C compile features - done
[0.289s] -- Check for working CXX compiler: /usr/bin/c++
[0.369s] -- Check for working CXX compiler: /usr/bin/c++ -- works
[0.370s] -- Detecting CXX compiler ABI info
[0.465s] -- Detecting CXX compiler ABI info - done
[0.476s] -- Detecting CXX compile features
[0.477s] -- Detecting CXX compile features - done
[0.478s] -- Found ament_cmake: 0.9.12 (/opt/ros/foxy/share/ament_cmake/cmake)
[0.501s] -- Found PythonInterp: /usr/bin/python3 (found suitable version "3.8.10", minimum required is "3") 
[0.501s] -- Using PYTHON_EXECUTABLE: /usr/bin/python3
[0.610s] -- Override CMake install command with custom implementation using symlinks instead of copying resources
[0.628s] -- Found dynamixel_sdk: 3.7.40 (/home/alexander/ros2_foxy/src/install/dynamixel_sdk/share/dynamixel_sdk/cmake)
[0.629s] -- Found dynamixel_sdk_custom_interfaces: 3.7.40 (/home/alexander/ros2_foxy/src/install/dynamixel_sdk_custom_interfaces/share/dynamixel_sdk_custom_interfaces/cmake)
[0.646s] -- Using all available rosidl_typesupport_c: rosidl_typesupport_fastrtps_c;rosidl_typesupport_introspection_c
[0.650s] -- Found rosidl_adapter: 1.3.1 (/opt/ros/foxy/share/rosidl_adapter/cmake)
[0.710s] -- Found OpenSSL: /usr/lib/x86_64-linux-gnu/libcrypto.so (found version "1.1.1f")  
[0.727s] -- Found FastRTPS: /opt/ros/foxy/include  
[0.775s] -- Using all available rosidl_typesupport_cpp: rosidl_typesupport_fastrtps_cpp;rosidl_typesupport_introspection_cpp
[0.808s] -- Found rclcpp: 2.4.3 (/opt/ros/foxy/share/rclcpp/cmake)
[0.840s] -- Found rmw_implementation_cmake: 1.0.4 (/opt/ros/foxy/share/rmw_implementation_cmake/cmake)
[0.841s] -- Using RMW implementation 'rmw_fastrtps_cpp' as default
[0.842s] -- Looking for pthread.h
[0.925s] -- Looking for pthread.h - found
[0.925s] -- Performing Test CMAKE_HAVE_LIBC_PTHREAD
[1.010s] -- Performing Test CMAKE_HAVE_LIBC_PTHREAD - Failed
[1.010s] -- Looking for pthread_create in pthreads
[1.083s] -- Looking for pthread_create in pthreads - not found
[1.083s] -- Looking for pthread_create in pthread
[1.152s] -- Looking for pthread_create in pthread - found
[1.153s] -- Found Threads: TRUE  
[1.257s] CMake Error at CMakeLists.txt:26 (find_package):
[1.257s]   By not providing "Findserial.cmake" in CMAKE_MODULE_PATH this project has
[1.257s]   asked CMake to find a package configuration file provided by "serial", but
[1.257s]   CMake did not find one.
[1.257s] 
[1.257s]   Could not find a package configuration file provided by "serial" with any
[1.258s]   of the following names:
[1.258s] 
[1.258s]     serialConfig.cmake
[1.258s]     serial-config.cmake
[1.258s] 
[1.258s]   Add the installation prefix of "serial" to CMAKE_PREFIX_PATH or set
[1.258s]   "serial_DIR" to a directory containing one of the above files.  If "serial"
[1.258s]   provides a separate development package or SDK, be sure it has been
[1.258s]   installed.
[1.258s] 
[1.259s] 
[1.259s] -- Configuring incomplete, errors occurred!
[1.259s] See also "/home/alexander/ros2_foxy/src/build/dynamixel_sdk_examples/CMakeFiles/CMakeOutput.log".
[1.259s] See also "/home/alexander/ros2_foxy/src/build/dynamixel_sdk_examples/CMakeFiles/CMakeError.log".
[1.263s] Invoked command in '/home/alexander/ros2_foxy/src/build/dynamixel_sdk_examples' returned '1': AMENT_PREFIX_PATH=/home/alexander/ros2_foxy/src/install/dynamixel_sdk_custom_interfaces:/home/alexander/ros2_foxy/src/install/dynamixel_sdk:${AMENT_PREFIX_PATH} CMAKE_PREFIX_PATH=/home/alexander/ros2_foxy/src/install/dynamixel_sdk_custom_interfaces:/home/alexander/ros2_foxy/src/install/dynamixel_sdk:/home/alexander/ros2_foxy/install/dynamixel_sdk_examples:/home/alexander/ros2_foxy/install/dynamixel_sdk_custom_interfaces:/home/alexander/ros2_foxy/install/dynamixel_sdk:/opt/ros/foxy LD_LIBRARY_PATH=/home/alexander/ros2_foxy/src/install/dynamixel_sdk_custom_interfaces/lib:/home/alexander/ros2_foxy/src/install/dynamixel_sdk/lib:${LD_LIBRARY_PATH} PYTHONPATH=/home/alexander/ros2_foxy/src/install/dynamixel_sdk_custom_interfaces/lib/python3.8/site-packages:${PYTHONPATH} /usr/bin/cmake /home/alexander/ros2_foxy/src/DynamixelSDK/dynamixel_sdk_examples -DAMENT_CMAKE_SYMLINK_INSTALL=1 -DCMAKE_INSTALL_PREFIX=/home/alexander/ros2_foxy/src/install/dynamixel_sdk_examples
