[0.133s] DEBUG:colcon:Command line arguments: ['/usr/bin/colcon', 'build']
[0.133s] DEBUG:colcon:Parsed command line arguments: Namespace(allow_overriding=[], ament_cmake_args=None, base_paths=['.'], build_base='build', catkin_cmake_args=None, catkin_skip_building_tests=False, cmake_args=None, cmake_clean_cache=False, cmake_clean_first=False, cmake_force_configure=False, cmake_target=None, cmake_target_skip_unavailable=False, continue_on_error=False, event_handlers=None, executor='parallel', ignore_user_meta=False, install_base='install', log_base=None, log_level=None, main=<bound method BuildVerb.main of <colcon_core.verb.build.BuildVerb object at 0x7fac619114f0>>, merge_install=False, metas=['./colcon.meta'], mixin=None, mixin_files=None, mixin_verb=('build',), packages_above=None, packages_above_and_dependencies=None, packages_above_depth=None, packages_end=None, packages_ignore=None, packages_ignore_regex=None, packages_select=None, packages_select_build_failed=False, packages_select_by_dep=None, packages_select_regex=None, packages_select_test_failures=False, packages_skip=None, packages_skip_build_finished=False, packages_skip_by_dep=None, packages_skip_regex=None, packages_skip_test_passed=False, packages_skip_up_to=None, packages_start=None, packages_up_to=None, packages_up_to_regex=None, parallel_workers=16, paths=None, symlink_install=False, test_result_base=None, verb_extension=<colcon_core.verb.build.BuildVerb object at 0x7fac619114f0>, verb_name='build', verb_parser=<colcon_mixin.mixin.mixin_argument.MixinArgumentDecorator object at 0x7fac617d1b20>)
[0.233s] Level 1:colcon.colcon_core.package_discovery:discover_packages(colcon_meta) check parameters
[0.233s] Level 1:colcon.colcon_core.package_discovery:discover_packages(recursive) check parameters
[0.233s] Level 1:colcon.colcon_core.package_discovery:discover_packages(ignore) check parameters
[0.233s] Level 1:colcon.colcon_core.package_discovery:discover_packages(path) check parameters
[0.233s] Level 1:colcon.colcon_core.package_discovery:discover_packages(colcon_meta) discover
[0.233s] Level 1:colcon.colcon_core.package_discovery:discover_packages(recursive) discover
[0.233s] INFO:colcon.colcon_core.package_discovery:Crawling recursively for packages in '/home/alexander/ros2_foxy/src'
[0.233s] Level 1:colcon.colcon_core.package_identification:_identify(.) by extensions ['ignore', 'ignore_ament_install']
[0.233s] Level 1:colcon.colcon_core.package_identification:_identify(.) by extension 'ignore'
[0.234s] Level 1:colcon.colcon_core.package_identification:_identify(.) by extension 'ignore_ament_install'
[0.234s] Level 1:colcon.colcon_core.package_identification:_identify(.) by extensions ['colcon_pkg']
[0.234s] Level 1:colcon.colcon_core.package_identification:_identify(.) by extension 'colcon_pkg'
[0.234s] Level 1:colcon.colcon_core.package_identification:_identify(.) by extensions ['colcon_meta']
[0.234s] Level 1:colcon.colcon_core.package_identification:_identify(.) by extension 'colcon_meta'
[0.234s] Level 1:colcon.colcon_core.package_identification:_identify(.) by extensions ['ros']
[0.234s] Level 1:colcon.colcon_core.package_identification:_identify(.) by extension 'ros'
[0.248s] Level 1:colcon.colcon_core.package_identification:_identify(.) by extensions ['cmake', 'python']
[0.248s] Level 1:colcon.colcon_core.package_identification:_identify(.) by extension 'cmake'
[0.248s] Level 1:colcon.colcon_core.package_identification:_identify(.) by extension 'python'
[0.248s] Level 1:colcon.colcon_core.package_identification:_identify(.) by extensions ['python_setup_py']
[0.248s] Level 1:colcon.colcon_core.package_identification:_identify(.) by extension 'python_setup_py'
[0.249s] Level 1:colcon.colcon_core.package_identification:_identify(DynamixelSDK) by extensions ['ignore', 'ignore_ament_install']
[0.249s] Level 1:colcon.colcon_core.package_identification:_identify(DynamixelSDK) by extension 'ignore'
[0.249s] Level 1:colcon.colcon_core.package_identification:_identify(DynamixelSDK) by extension 'ignore_ament_install'
[0.249s] Level 1:colcon.colcon_core.package_identification:_identify(DynamixelSDK) by extensions ['colcon_pkg']
[0.249s] Level 1:colcon.colcon_core.package_identification:_identify(DynamixelSDK) by extension 'colcon_pkg'
[0.249s] Level 1:colcon.colcon_core.package_identification:_identify(DynamixelSDK) by extensions ['colcon_meta']
[0.249s] Level 1:colcon.colcon_core.package_identification:_identify(DynamixelSDK) by extension 'colcon_meta'
[0.249s] Level 1:colcon.colcon_core.package_identification:_identify(DynamixelSDK) by extensions ['ros']
[0.249s] Level 1:colcon.colcon_core.package_identification:_identify(DynamixelSDK) by extension 'ros'
[0.249s] Level 1:colcon.colcon_core.package_identification:_identify(DynamixelSDK) by extensions ['cmake', 'python']
[0.249s] Level 1:colcon.colcon_core.package_identification:_identify(DynamixelSDK) by extension 'cmake'
[0.249s] Level 1:colcon.colcon_core.package_identification:_identify(DynamixelSDK) by extension 'python'
[0.249s] Level 1:colcon.colcon_core.package_identification:_identify(DynamixelSDK) by extensions ['python_setup_py']
[0.249s] Level 1:colcon.colcon_core.package_identification:_identify(DynamixelSDK) by extension 'python_setup_py'
[0.249s] Level 1:colcon.colcon_core.package_identification:_identify(DynamixelSDK/dynamixel_sdk) by extensions ['ignore', 'ignore_ament_install']
[0.249s] Level 1:colcon.colcon_core.package_identification:_identify(DynamixelSDK/dynamixel_sdk) by extension 'ignore'
[0.249s] Level 1:colcon.colcon_core.package_identification:_identify(DynamixelSDK/dynamixel_sdk) by extension 'ignore_ament_install'
[0.249s] Level 1:colcon.colcon_core.package_identification:_identify(DynamixelSDK/dynamixel_sdk) by extensions ['colcon_pkg']
[0.249s] Level 1:colcon.colcon_core.package_identification:_identify(DynamixelSDK/dynamixel_sdk) by extension 'colcon_pkg'
[0.249s] Level 1:colcon.colcon_core.package_identification:_identify(DynamixelSDK/dynamixel_sdk) by extensions ['colcon_meta']
[0.249s] Level 1:colcon.colcon_core.package_identification:_identify(DynamixelSDK/dynamixel_sdk) by extension 'colcon_meta'
[0.249s] Level 1:colcon.colcon_core.package_identification:_identify(DynamixelSDK/dynamixel_sdk) by extensions ['ros']
[0.249s] Level 1:colcon.colcon_core.package_identification:_identify(DynamixelSDK/dynamixel_sdk) by extension 'ros'
[0.251s] DEBUG:colcon.colcon_core.package_identification:Package 'DynamixelSDK/dynamixel_sdk' with type 'ros.ament_cmake' and name 'dynamixel_sdk'
[0.251s] Level 1:colcon.colcon_core.package_identification:_identify(DynamixelSDK/dynamixel_sdk_custom_interfaces) by extensions ['ignore', 'ignore_ament_install']
[0.251s] Level 1:colcon.colcon_core.package_identification:_identify(DynamixelSDK/dynamixel_sdk_custom_interfaces) by extension 'ignore'
[0.251s] Level 1:colcon.colcon_core.package_identification:_identify(DynamixelSDK/dynamixel_sdk_custom_interfaces) by extension 'ignore_ament_install'
[0.251s] Level 1:colcon.colcon_core.package_identification:_identify(DynamixelSDK/dynamixel_sdk_custom_interfaces) by extensions ['colcon_pkg']
[0.251s] Level 1:colcon.colcon_core.package_identification:_identify(DynamixelSDK/dynamixel_sdk_custom_interfaces) by extension 'colcon_pkg'
[0.251s] Level 1:colcon.colcon_core.package_identification:_identify(DynamixelSDK/dynamixel_sdk_custom_interfaces) by extensions ['colcon_meta']
[0.251s] Level 1:colcon.colcon_core.package_identification:_identify(DynamixelSDK/dynamixel_sdk_custom_interfaces) by extension 'colcon_meta'
[0.251s] Level 1:colcon.colcon_core.package_identification:_identify(DynamixelSDK/dynamixel_sdk_custom_interfaces) by extensions ['ros']
[0.251s] Level 1:colcon.colcon_core.package_identification:_identify(DynamixelSDK/dynamixel_sdk_custom_interfaces) by extension 'ros'
[0.258s] DEBUG:colcon.colcon_core.package_identification:Package 'DynamixelSDK/dynamixel_sdk_custom_interfaces' with type 'ros.ament_cmake' and name 'dynamixel_sdk_custom_interfaces'
[0.258s] Level 1:colcon.colcon_core.package_identification:_identify(DynamixelSDK/dynamixel_sdk_examples) by extensions ['ignore', 'ignore_ament_install']
[0.258s] Level 1:colcon.colcon_core.package_identification:_identify(DynamixelSDK/dynamixel_sdk_examples) by extension 'ignore'
[0.258s] Level 1:colcon.colcon_core.package_identification:_identify(DynamixelSDK/dynamixel_sdk_examples) by extension 'ignore_ament_install'
[0.258s] Level 1:colcon.colcon_core.package_identification:_identify(DynamixelSDK/dynamixel_sdk_examples) by extensions ['colcon_pkg']
[0.258s] Level 1:colcon.colcon_core.package_identification:_identify(DynamixelSDK/dynamixel_sdk_examples) by extension 'colcon_pkg'
[0.258s] Level 1:colcon.colcon_core.package_identification:_identify(DynamixelSDK/dynamixel_sdk_examples) by extensions ['colcon_meta']
[0.258s] Level 1:colcon.colcon_core.package_identification:_identify(DynamixelSDK/dynamixel_sdk_examples) by extension 'colcon_meta'
[0.258s] Level 1:colcon.colcon_core.package_identification:_identify(DynamixelSDK/dynamixel_sdk_examples) by extensions ['ros']
[0.258s] Level 1:colcon.colcon_core.package_identification:_identify(DynamixelSDK/dynamixel_sdk_examples) by extension 'ros'
[0.259s] DEBUG:colcon.colcon_core.package_identification:Package 'DynamixelSDK/dynamixel_sdk_examples' with type 'ros.ament_cmake' and name 'dynamixel_sdk_examples'
[0.259s] Level 1:colcon.colcon_core.package_identification:_identify(build) by extensions ['ignore', 'ignore_ament_install']
[0.259s] Level 1:colcon.colcon_core.package_identification:_identify(build) by extension 'ignore'
[0.259s] Level 1:colcon.colcon_core.package_identification:_identify(build) ignored
[0.259s] Level 1:colcon.colcon_core.package_identification:_identify(install) by extensions ['ignore', 'ignore_ament_install']
[0.259s] Level 1:colcon.colcon_core.package_identification:_identify(install) by extension 'ignore'
[0.259s] Level 1:colcon.colcon_core.package_identification:_identify(install) ignored
[0.259s] Level 1:colcon.colcon_core.package_identification:_identify(log) by extensions ['ignore', 'ignore_ament_install']
[0.259s] Level 1:colcon.colcon_core.package_identification:_identify(log) by extension 'ignore'
[0.259s] Level 1:colcon.colcon_core.package_identification:_identify(log) ignored
[0.259s] Level 1:colcon.colcon_core.package_discovery:discover_packages(recursive) using defaults
[0.259s] Level 1:colcon.colcon_core.package_discovery:discover_packages(ignore) discover
[0.259s] Level 1:colcon.colcon_core.package_discovery:discover_packages(ignore) using defaults
[0.259s] Level 1:colcon.colcon_core.package_discovery:discover_packages(path) discover
[0.259s] Level 1:colcon.colcon_core.package_discovery:discover_packages(path) using defaults
[0.269s] Level 1:colcon.colcon_core.package_discovery:discover_packages(prefix_path) check parameters
[0.269s] Level 1:colcon.colcon_core.package_discovery:discover_packages(prefix_path) discover
[0.270s] DEBUG:colcon.colcon_installed_package_information.package_discovery:Found 3 installed packages in /home/alexander/ros2_foxy/install
[0.271s] DEBUG:colcon.colcon_installed_package_information.package_discovery:Found 256 installed packages in /opt/ros/foxy
[0.272s] Level 1:colcon.colcon_core.package_discovery:discover_packages(prefix_path) using defaults
[0.305s] Level 5:colcon.colcon_core.verb:set package 'dynamixel_sdk' build argument 'cmake_args' from command line to 'None'
[0.306s] Level 5:colcon.colcon_core.verb:set package 'dynamixel_sdk' build argument 'cmake_target' from command line to 'None'
[0.306s] Level 5:colcon.colcon_core.verb:set package 'dynamixel_sdk' build argument 'cmake_target_skip_unavailable' from command line to 'False'
[0.306s] Level 5:colcon.colcon_core.verb:set package 'dynamixel_sdk' build argument 'cmake_clean_cache' from command line to 'False'
[0.306s] Level 5:colcon.colcon_core.verb:set package 'dynamixel_sdk' build argument 'cmake_clean_first' from command line to 'False'
[0.306s] Level 5:colcon.colcon_core.verb:set package 'dynamixel_sdk' build argument 'cmake_force_configure' from command line to 'False'
[0.306s] Level 5:colcon.colcon_core.verb:set package 'dynamixel_sdk' build argument 'ament_cmake_args' from command line to 'None'
[0.306s] Level 5:colcon.colcon_core.verb:set package 'dynamixel_sdk' build argument 'catkin_cmake_args' from command line to 'None'
[0.306s] Level 5:colcon.colcon_core.verb:set package 'dynamixel_sdk' build argument 'catkin_skip_building_tests' from command line to 'False'
[0.306s] DEBUG:colcon.colcon_core.verb:Building package 'dynamixel_sdk' with the following arguments: {'ament_cmake_args': None, 'build_base': '/home/alexander/ros2_foxy/src/build/dynamixel_sdk', 'catkin_cmake_args': None, 'catkin_skip_building_tests': False, 'cmake_args': None, 'cmake_clean_cache': False, 'cmake_clean_first': False, 'cmake_force_configure': False, 'cmake_target': None, 'cmake_target_skip_unavailable': False, 'install_base': '/home/alexander/ros2_foxy/src/install/dynamixel_sdk', 'merge_install': False, 'path': '/home/alexander/ros2_foxy/src/DynamixelSDK/dynamixel_sdk', 'symlink_install': False, 'test_result_base': None}
[0.306s] Level 5:colcon.colcon_core.verb:set package 'dynamixel_sdk_custom_interfaces' build argument 'cmake_args' from command line to 'None'
[0.306s] Level 5:colcon.colcon_core.verb:set package 'dynamixel_sdk_custom_interfaces' build argument 'cmake_target' from command line to 'None'
[0.306s] Level 5:colcon.colcon_core.verb:set package 'dynamixel_sdk_custom_interfaces' build argument 'cmake_target_skip_unavailable' from command line to 'False'
[0.306s] Level 5:colcon.colcon_core.verb:set package 'dynamixel_sdk_custom_interfaces' build argument 'cmake_clean_cache' from command line to 'False'
[0.306s] Level 5:colcon.colcon_core.verb:set package 'dynamixel_sdk_custom_interfaces' build argument 'cmake_clean_first' from command line to 'False'
[0.306s] Level 5:colcon.colcon_core.verb:set package 'dynamixel_sdk_custom_interfaces' build argument 'cmake_force_configure' from command line to 'False'
[0.306s] Level 5:colcon.colcon_core.verb:set package 'dynamixel_sdk_custom_interfaces' build argument 'ament_cmake_args' from command line to 'None'
[0.306s] Level 5:colcon.colcon_core.verb:set package 'dynamixel_sdk_custom_interfaces' build argument 'catkin_cmake_args' from command line to 'None'
[0.306s] Level 5:colcon.colcon_core.verb:set package 'dynamixel_sdk_custom_interfaces' build argument 'catkin_skip_building_tests' from command line to 'False'
[0.306s] DEBUG:colcon.colcon_core.verb:Building package 'dynamixel_sdk_custom_interfaces' with the following arguments: {'ament_cmake_args': None, 'build_base': '/home/alexander/ros2_foxy/src/build/dynamixel_sdk_custom_interfaces', 'catkin_cmake_args': None, 'catkin_skip_building_tests': False, 'cmake_args': None, 'cmake_clean_cache': False, 'cmake_clean_first': False, 'cmake_force_configure': False, 'cmake_target': None, 'cmake_target_skip_unavailable': False, 'install_base': '/home/alexander/ros2_foxy/src/install/dynamixel_sdk_custom_interfaces', 'merge_install': False, 'path': '/home/alexander/ros2_foxy/src/DynamixelSDK/dynamixel_sdk_custom_interfaces', 'symlink_install': False, 'test_result_base': None}
[0.306s] Level 5:colcon.colcon_core.verb:set package 'dynamixel_sdk_examples' build argument 'cmake_args' from command line to 'None'
[0.306s] Level 5:colcon.colcon_core.verb:set package 'dynamixel_sdk_examples' build argument 'cmake_target' from command line to 'None'
[0.306s] Level 5:colcon.colcon_core.verb:set package 'dynamixel_sdk_examples' build argument 'cmake_target_skip_unavailable' from command line to 'False'
[0.306s] Level 5:colcon.colcon_core.verb:set package 'dynamixel_sdk_examples' build argument 'cmake_clean_cache' from command line to 'False'
[0.306s] Level 5:colcon.colcon_core.verb:set package 'dynamixel_sdk_examples' build argument 'cmake_clean_first' from command line to 'False'
[0.306s] Level 5:colcon.colcon_core.verb:set package 'dynamixel_sdk_examples' build argument 'cmake_force_configure' from command line to 'False'
[0.306s] Level 5:colcon.colcon_core.verb:set package 'dynamixel_sdk_examples' build argument 'ament_cmake_args' from command line to 'None'
[0.306s] Level 5:colcon.colcon_core.verb:set package 'dynamixel_sdk_examples' build argument 'catkin_cmake_args' from command line to 'None'
[0.306s] Level 5:colcon.colcon_core.verb:set package 'dynamixel_sdk_examples' build argument 'catkin_skip_building_tests' from command line to 'False'
[0.306s] DEBUG:colcon.colcon_core.verb:Building package 'dynamixel_sdk_examples' with the following arguments: {'ament_cmake_args': None, 'build_base': '/home/alexander/ros2_foxy/src/build/dynamixel_sdk_examples', 'catkin_cmake_args': None, 'catkin_skip_building_tests': False, 'cmake_args': None, 'cmake_clean_cache': False, 'cmake_clean_first': False, 'cmake_force_configure': False, 'cmake_target': None, 'cmake_target_skip_unavailable': False, 'install_base': '/home/alexander/ros2_foxy/src/install/dynamixel_sdk_examples', 'merge_install': False, 'path': '/home/alexander/ros2_foxy/src/DynamixelSDK/dynamixel_sdk_examples', 'symlink_install': False, 'test_result_base': None}
[0.306s] INFO:colcon.colcon_core.executor:Executing jobs using 'parallel' executor
[0.307s] DEBUG:colcon.colcon_parallel_executor.executor.parallel:run_until_complete
[0.307s] INFO:colcon.colcon_ros.task.ament_cmake.build:Building ROS package in '/home/alexander/ros2_foxy/src/DynamixelSDK/dynamixel_sdk' with build type 'ament_cmake'
[0.307s] INFO:colcon.colcon_cmake.task.cmake.build:Building CMake package in '/home/alexander/ros2_foxy/src/DynamixelSDK/dynamixel_sdk'
[0.308s] INFO:colcon.colcon_core.plugin_system:Skipping extension 'colcon_core.shell.bat': Not used on non-Windows systems
[0.309s] INFO:colcon.colcon_core.shell:Skip shell extension 'powershell' for command environment: Not usable outside of PowerShell
[0.309s] DEBUG:colcon.colcon_core.shell:Skip shell extension 'dsv' for command environment
[0.312s] INFO:colcon.colcon_ros.task.ament_cmake.build:Building ROS package in '/home/alexander/ros2_foxy/src/DynamixelSDK/dynamixel_sdk_custom_interfaces' with build type 'ament_cmake'
[0.312s] INFO:colcon.colcon_cmake.task.cmake.build:Building CMake package in '/home/alexander/ros2_foxy/src/DynamixelSDK/dynamixel_sdk_custom_interfaces'
[0.313s] INFO:colcon.colcon_core.shell:Skip shell extension 'powershell' for command environment: Not usable outside of PowerShell
[0.313s] DEBUG:colcon.colcon_core.shell:Skip shell extension 'dsv' for command environment
[0.323s] DEBUG:colcon.colcon_core.event_handler.log_command:Invoking command in '/home/alexander/ros2_foxy/src/build/dynamixel_sdk': CMAKE_PREFIX_PATH=${CMAKE_PREFIX_PATH}:/opt/ros/foxy /usr/bin/cmake /home/alexander/ros2_foxy/src/DynamixelSDK/dynamixel_sdk -DCMAKE_INSTALL_PREFIX=/home/alexander/ros2_foxy/src/install/dynamixel_sdk
[0.331s] DEBUG:colcon.colcon_core.event_handler.log_command:Invoking command in '/home/alexander/ros2_foxy/src/build/dynamixel_sdk_custom_interfaces': CMAKE_PREFIX_PATH=${CMAKE_PREFIX_PATH}:/opt/ros/foxy /usr/bin/cmake /home/alexander/ros2_foxy/src/DynamixelSDK/dynamixel_sdk_custom_interfaces -DCMAKE_INSTALL_PREFIX=/home/alexander/ros2_foxy/src/install/dynamixel_sdk_custom_interfaces
[0.566s] DEBUG:colcon.colcon_core.event_handler.log_command:Invoked command in '/home/alexander/ros2_foxy/src/build/dynamixel_sdk' returned '0': CMAKE_PREFIX_PATH=${CMAKE_PREFIX_PATH}:/opt/ros/foxy /usr/bin/cmake /home/alexander/ros2_foxy/src/DynamixelSDK/dynamixel_sdk -DCMAKE_INSTALL_PREFIX=/home/alexander/ros2_foxy/src/install/dynamixel_sdk
[0.567s] DEBUG:colcon.colcon_core.event_handler.log_command:Invoking command in '/home/alexander/ros2_foxy/src/build/dynamixel_sdk': CMAKE_PREFIX_PATH=${CMAKE_PREFIX_PATH}:/opt/ros/foxy /usr/bin/cmake --build /home/alexander/ros2_foxy/src/build/dynamixel_sdk -- -j16 -l16
[0.639s] DEBUG:colcon.colcon_core.event_handler.log_command:Invoked command in '/home/alexander/ros2_foxy/src/build/dynamixel_sdk' returned '0': CMAKE_PREFIX_PATH=${CMAKE_PREFIX_PATH}:/opt/ros/foxy /usr/bin/cmake --build /home/alexander/ros2_foxy/src/build/dynamixel_sdk -- -j16 -l16
[0.654s] DEBUG:colcon.colcon_core.event_handler.log_command:Invoking command in '/home/alexander/ros2_foxy/src/build/dynamixel_sdk': CMAKE_PREFIX_PATH=${CMAKE_PREFIX_PATH}:/opt/ros/foxy /usr/bin/cmake --install /home/alexander/ros2_foxy/src/build/dynamixel_sdk
[0.673s] Level 1:colcon.colcon_core.environment:create_environment_scripts_only(dynamixel_sdk)
[0.673s] DEBUG:colcon.colcon_core.event_handler.log_command:Invoked command in '/home/alexander/ros2_foxy/src/build/dynamixel_sdk' returned '0': CMAKE_PREFIX_PATH=${CMAKE_PREFIX_PATH}:/opt/ros/foxy /usr/bin/cmake --install /home/alexander/ros2_foxy/src/build/dynamixel_sdk
[0.678s] Level 1:colcon.colcon_core.environment:checking '/home/alexander/ros2_foxy/src/install/dynamixel_sdk' for CMake module files
[0.679s] Level 1:colcon.colcon_core.environment:checking '/home/alexander/ros2_foxy/src/install/dynamixel_sdk' for CMake config files
[0.679s] Level 1:colcon.colcon_core.shell:create_environment_hook('dynamixel_sdk', 'cmake_prefix_path')
[0.679s] INFO:colcon.colcon_core.shell:Creating environment hook '/home/alexander/ros2_foxy/src/install/dynamixel_sdk/share/dynamixel_sdk/hook/cmake_prefix_path.ps1'
[0.680s] INFO:colcon.colcon_core.shell:Creating environment descriptor '/home/alexander/ros2_foxy/src/install/dynamixel_sdk/share/dynamixel_sdk/hook/cmake_prefix_path.dsv'
[0.681s] INFO:colcon.colcon_core.shell:Creating environment hook '/home/alexander/ros2_foxy/src/install/dynamixel_sdk/share/dynamixel_sdk/hook/cmake_prefix_path.sh'
[0.682s] Level 1:colcon.colcon_core.environment:checking '/home/alexander/ros2_foxy/src/install/dynamixel_sdk/lib'
[0.683s] Level 1:colcon.colcon_core.shell:create_environment_hook('dynamixel_sdk', 'ld_library_path_lib')
[0.683s] INFO:colcon.colcon_core.shell:Creating environment hook '/home/alexander/ros2_foxy/src/install/dynamixel_sdk/share/dynamixel_sdk/hook/ld_library_path_lib.ps1'
[0.684s] INFO:colcon.colcon_core.shell:Creating environment descriptor '/home/alexander/ros2_foxy/src/install/dynamixel_sdk/share/dynamixel_sdk/hook/ld_library_path_lib.dsv'
[0.684s] INFO:colcon.colcon_core.shell:Creating environment hook '/home/alexander/ros2_foxy/src/install/dynamixel_sdk/share/dynamixel_sdk/hook/ld_library_path_lib.sh'
[0.684s] Level 1:colcon.colcon_core.environment:checking '/home/alexander/ros2_foxy/src/install/dynamixel_sdk/bin'
[0.684s] Level 1:colcon.colcon_core.environment:checking '/home/alexander/ros2_foxy/src/install/dynamixel_sdk/lib/pkgconfig/dynamixel_sdk.pc'
[0.684s] Level 1:colcon.colcon_core.environment:checking '/home/alexander/ros2_foxy/src/install/dynamixel_sdk/lib/python3.8/site-packages'
[0.684s] Level 1:colcon.colcon_core.environment:checking '/home/alexander/ros2_foxy/src/install/dynamixel_sdk/bin'
[0.685s] INFO:colcon.colcon_core.shell:Creating package script '/home/alexander/ros2_foxy/src/install/dynamixel_sdk/share/dynamixel_sdk/package.ps1'
[0.685s] INFO:colcon.colcon_core.shell:Creating package descriptor '/home/alexander/ros2_foxy/src/install/dynamixel_sdk/share/dynamixel_sdk/package.dsv'
[0.685s] INFO:colcon.colcon_core.shell:Creating package script '/home/alexander/ros2_foxy/src/install/dynamixel_sdk/share/dynamixel_sdk/package.sh'
[0.686s] INFO:colcon.colcon_core.shell:Creating package script '/home/alexander/ros2_foxy/src/install/dynamixel_sdk/share/dynamixel_sdk/package.bash'
[0.686s] INFO:colcon.colcon_core.shell:Creating package script '/home/alexander/ros2_foxy/src/install/dynamixel_sdk/share/dynamixel_sdk/package.zsh'
[0.687s] Level 1:colcon.colcon_core.environment:create_file_with_runtime_dependencies(/home/alexander/ros2_foxy/src/install/dynamixel_sdk/share/colcon-core/packages/dynamixel_sdk)
[0.687s] Level 1:colcon.colcon_core.environment:create_environment_scripts_only(dynamixel_sdk)
[0.687s] Level 1:colcon.colcon_core.environment:checking '/home/alexander/ros2_foxy/src/install/dynamixel_sdk' for CMake module files
[0.687s] Level 1:colcon.colcon_core.environment:checking '/home/alexander/ros2_foxy/src/install/dynamixel_sdk' for CMake config files
[0.688s] Level 1:colcon.colcon_core.shell:create_environment_hook('dynamixel_sdk', 'cmake_prefix_path')
[0.688s] INFO:colcon.colcon_core.shell:Creating environment hook '/home/alexander/ros2_foxy/src/install/dynamixel_sdk/share/dynamixel_sdk/hook/cmake_prefix_path.ps1'
[0.688s] INFO:colcon.colcon_core.shell:Creating environment descriptor '/home/alexander/ros2_foxy/src/install/dynamixel_sdk/share/dynamixel_sdk/hook/cmake_prefix_path.dsv'
[0.688s] INFO:colcon.colcon_core.shell:Creating environment hook '/home/alexander/ros2_foxy/src/install/dynamixel_sdk/share/dynamixel_sdk/hook/cmake_prefix_path.sh'
[0.688s] Level 1:colcon.colcon_core.environment:checking '/home/alexander/ros2_foxy/src/install/dynamixel_sdk/lib'
[0.689s] Level 1:colcon.colcon_core.shell:create_environment_hook('dynamixel_sdk', 'ld_library_path_lib')
[0.689s] INFO:colcon.colcon_core.shell:Creating environment hook '/home/alexander/ros2_foxy/src/install/dynamixel_sdk/share/dynamixel_sdk/hook/ld_library_path_lib.ps1'
[0.689s] INFO:colcon.colcon_core.shell:Creating environment descriptor '/home/alexander/ros2_foxy/src/install/dynamixel_sdk/share/dynamixel_sdk/hook/ld_library_path_lib.dsv'
[0.689s] INFO:colcon.colcon_core.shell:Creating environment hook '/home/alexander/ros2_foxy/src/install/dynamixel_sdk/share/dynamixel_sdk/hook/ld_library_path_lib.sh'
[0.689s] Level 1:colcon.colcon_core.environment:checking '/home/alexander/ros2_foxy/src/install/dynamixel_sdk/bin'
[0.689s] Level 1:colcon.colcon_core.environment:checking '/home/alexander/ros2_foxy/src/install/dynamixel_sdk/lib/pkgconfig/dynamixel_sdk.pc'
[0.689s] Level 1:colcon.colcon_core.environment:checking '/home/alexander/ros2_foxy/src/install/dynamixel_sdk/lib/python3.8/site-packages'
[0.690s] Level 1:colcon.colcon_core.environment:checking '/home/alexander/ros2_foxy/src/install/dynamixel_sdk/bin'
[0.690s] INFO:colcon.colcon_core.shell:Creating package script '/home/alexander/ros2_foxy/src/install/dynamixel_sdk/share/dynamixel_sdk/package.ps1'
[0.690s] INFO:colcon.colcon_core.shell:Creating package descriptor '/home/alexander/ros2_foxy/src/install/dynamixel_sdk/share/dynamixel_sdk/package.dsv'
[0.690s] INFO:colcon.colcon_core.shell:Creating package script '/home/alexander/ros2_foxy/src/install/dynamixel_sdk/share/dynamixel_sdk/package.sh'
[0.691s] INFO:colcon.colcon_core.shell:Creating package script '/home/alexander/ros2_foxy/src/install/dynamixel_sdk/share/dynamixel_sdk/package.bash'
[0.691s] INFO:colcon.colcon_core.shell:Creating package script '/home/alexander/ros2_foxy/src/install/dynamixel_sdk/share/dynamixel_sdk/package.zsh'
[0.691s] Level 1:colcon.colcon_core.environment:create_file_with_runtime_dependencies(/home/alexander/ros2_foxy/src/install/dynamixel_sdk/share/colcon-core/packages/dynamixel_sdk)
[0.936s] DEBUG:colcon.colcon_core.event_handler.log_command:Invoked command in '/home/alexander/ros2_foxy/src/build/dynamixel_sdk_custom_interfaces' returned '0': CMAKE_PREFIX_PATH=${CMAKE_PREFIX_PATH}:/opt/ros/foxy /usr/bin/cmake /home/alexander/ros2_foxy/src/DynamixelSDK/dynamixel_sdk_custom_interfaces -DCMAKE_INSTALL_PREFIX=/home/alexander/ros2_foxy/src/install/dynamixel_sdk_custom_interfaces
[0.940s] DEBUG:colcon.colcon_core.event_handler.log_command:Invoking command in '/home/alexander/ros2_foxy/src/build/dynamixel_sdk_custom_interfaces': CMAKE_PREFIX_PATH=${CMAKE_PREFIX_PATH}:/opt/ros/foxy /usr/bin/cmake --build /home/alexander/ros2_foxy/src/build/dynamixel_sdk_custom_interfaces -- -j16 -l16
[1.168s] DEBUG:colcon.colcon_core.event_handler.log_command:Invoked command in '/home/alexander/ros2_foxy/src/build/dynamixel_sdk_custom_interfaces' returned '0': CMAKE_PREFIX_PATH=${CMAKE_PREFIX_PATH}:/opt/ros/foxy /usr/bin/cmake --build /home/alexander/ros2_foxy/src/build/dynamixel_sdk_custom_interfaces -- -j16 -l16
[1.172s] DEBUG:colcon.colcon_core.event_handler.log_command:Invoking command in '/home/alexander/ros2_foxy/src/build/dynamixel_sdk_custom_interfaces': CMAKE_PREFIX_PATH=${CMAKE_PREFIX_PATH}:/opt/ros/foxy /usr/bin/cmake --install /home/alexander/ros2_foxy/src/build/dynamixel_sdk_custom_interfaces
[1.242s] Level 1:colcon.colcon_core.environment:create_environment_scripts_only(dynamixel_sdk_custom_interfaces)
[1.243s] Level 1:colcon.colcon_core.environment:checking '/home/alexander/ros2_foxy/src/install/dynamixel_sdk_custom_interfaces' for CMake module files
[1.244s] DEBUG:colcon.colcon_core.event_handler.log_command:Invoked command in '/home/alexander/ros2_foxy/src/build/dynamixel_sdk_custom_interfaces' returned '0': CMAKE_PREFIX_PATH=${CMAKE_PREFIX_PATH}:/opt/ros/foxy /usr/bin/cmake --install /home/alexander/ros2_foxy/src/build/dynamixel_sdk_custom_interfaces
[1.245s] Level 1:colcon.colcon_core.environment:checking '/home/alexander/ros2_foxy/src/install/dynamixel_sdk_custom_interfaces' for CMake config files
[1.246s] Level 1:colcon.colcon_core.shell:create_environment_hook('dynamixel_sdk_custom_interfaces', 'cmake_prefix_path')
[1.246s] INFO:colcon.colcon_core.shell:Creating environment hook '/home/alexander/ros2_foxy/src/install/dynamixel_sdk_custom_interfaces/share/dynamixel_sdk_custom_interfaces/hook/cmake_prefix_path.ps1'
[1.247s] INFO:colcon.colcon_core.shell:Creating environment descriptor '/home/alexander/ros2_foxy/src/install/dynamixel_sdk_custom_interfaces/share/dynamixel_sdk_custom_interfaces/hook/cmake_prefix_path.dsv'
[1.248s] INFO:colcon.colcon_core.shell:Creating environment hook '/home/alexander/ros2_foxy/src/install/dynamixel_sdk_custom_interfaces/share/dynamixel_sdk_custom_interfaces/hook/cmake_prefix_path.sh'
[1.249s] Level 1:colcon.colcon_core.environment:checking '/home/alexander/ros2_foxy/src/install/dynamixel_sdk_custom_interfaces/lib'
[1.249s] Level 1:colcon.colcon_core.shell:create_environment_hook('dynamixel_sdk_custom_interfaces', 'ld_library_path_lib')
[1.249s] INFO:colcon.colcon_core.shell:Creating environment hook '/home/alexander/ros2_foxy/src/install/dynamixel_sdk_custom_interfaces/share/dynamixel_sdk_custom_interfaces/hook/ld_library_path_lib.ps1'
[1.250s] INFO:colcon.colcon_core.shell:Creating environment descriptor '/home/alexander/ros2_foxy/src/install/dynamixel_sdk_custom_interfaces/share/dynamixel_sdk_custom_interfaces/hook/ld_library_path_lib.dsv'
[1.251s] INFO:colcon.colcon_core.shell:Creating environment hook '/home/alexander/ros2_foxy/src/install/dynamixel_sdk_custom_interfaces/share/dynamixel_sdk_custom_interfaces/hook/ld_library_path_lib.sh'
[1.252s] Level 1:colcon.colcon_core.environment:checking '/home/alexander/ros2_foxy/src/install/dynamixel_sdk_custom_interfaces/bin'
[1.252s] Level 1:colcon.colcon_core.environment:checking '/home/alexander/ros2_foxy/src/install/dynamixel_sdk_custom_interfaces/lib/pkgconfig/dynamixel_sdk_custom_interfaces.pc'
[1.252s] Level 1:colcon.colcon_core.environment:checking '/home/alexander/ros2_foxy/src/install/dynamixel_sdk_custom_interfaces/lib/python3.8/site-packages'
[1.252s] Level 1:colcon.colcon_core.shell:create_environment_hook('dynamixel_sdk_custom_interfaces', 'pythonpath')
[1.252s] INFO:colcon.colcon_core.shell:Creating environment hook '/home/alexander/ros2_foxy/src/install/dynamixel_sdk_custom_interfaces/share/dynamixel_sdk_custom_interfaces/hook/pythonpath.ps1'
[1.252s] INFO:colcon.colcon_core.shell:Creating environment descriptor '/home/alexander/ros2_foxy/src/install/dynamixel_sdk_custom_interfaces/share/dynamixel_sdk_custom_interfaces/hook/pythonpath.dsv'
[1.253s] INFO:colcon.colcon_core.shell:Creating environment hook '/home/alexander/ros2_foxy/src/install/dynamixel_sdk_custom_interfaces/share/dynamixel_sdk_custom_interfaces/hook/pythonpath.sh'
[1.253s] Level 1:colcon.colcon_core.environment:checking '/home/alexander/ros2_foxy/src/install/dynamixel_sdk_custom_interfaces/bin'
[1.253s] INFO:colcon.colcon_core.shell:Creating package script '/home/alexander/ros2_foxy/src/install/dynamixel_sdk_custom_interfaces/share/dynamixel_sdk_custom_interfaces/package.ps1'
[1.253s] INFO:colcon.colcon_core.shell:Creating package descriptor '/home/alexander/ros2_foxy/src/install/dynamixel_sdk_custom_interfaces/share/dynamixel_sdk_custom_interfaces/package.dsv'
[1.254s] INFO:colcon.colcon_core.shell:Creating package script '/home/alexander/ros2_foxy/src/install/dynamixel_sdk_custom_interfaces/share/dynamixel_sdk_custom_interfaces/package.sh'
[1.254s] INFO:colcon.colcon_core.shell:Creating package script '/home/alexander/ros2_foxy/src/install/dynamixel_sdk_custom_interfaces/share/dynamixel_sdk_custom_interfaces/package.bash'
[1.254s] INFO:colcon.colcon_core.shell:Creating package script '/home/alexander/ros2_foxy/src/install/dynamixel_sdk_custom_interfaces/share/dynamixel_sdk_custom_interfaces/package.zsh'
[1.254s] Level 1:colcon.colcon_core.environment:create_file_with_runtime_dependencies(/home/alexander/ros2_foxy/src/install/dynamixel_sdk_custom_interfaces/share/colcon-core/packages/dynamixel_sdk_custom_interfaces)
[1.255s] Level 1:colcon.colcon_core.environment:create_environment_scripts_only(dynamixel_sdk_custom_interfaces)
[1.255s] Level 1:colcon.colcon_core.environment:checking '/home/alexander/ros2_foxy/src/install/dynamixel_sdk_custom_interfaces' for CMake module files
[1.255s] Level 1:colcon.colcon_core.environment:checking '/home/alexander/ros2_foxy/src/install/dynamixel_sdk_custom_interfaces' for CMake config files
[1.256s] Level 1:colcon.colcon_core.shell:create_environment_hook('dynamixel_sdk_custom_interfaces', 'cmake_prefix_path')
[1.256s] INFO:colcon.colcon_core.shell:Creating environment hook '/home/alexander/ros2_foxy/src/install/dynamixel_sdk_custom_interfaces/share/dynamixel_sdk_custom_interfaces/hook/cmake_prefix_path.ps1'
[1.256s] INFO:colcon.colcon_core.shell:Creating environment descriptor '/home/alexander/ros2_foxy/src/install/dynamixel_sdk_custom_interfaces/share/dynamixel_sdk_custom_interfaces/hook/cmake_prefix_path.dsv'
[1.256s] INFO:colcon.colcon_core.shell:Creating environment hook '/home/alexander/ros2_foxy/src/install/dynamixel_sdk_custom_interfaces/share/dynamixel_sdk_custom_interfaces/hook/cmake_prefix_path.sh'
[1.256s] Level 1:colcon.colcon_core.environment:checking '/home/alexander/ros2_foxy/src/install/dynamixel_sdk_custom_interfaces/lib'
[1.256s] Level 1:colcon.colcon_core.shell:create_environment_hook('dynamixel_sdk_custom_interfaces', 'ld_library_path_lib')
[1.257s] INFO:colcon.colcon_core.shell:Creating environment hook '/home/alexander/ros2_foxy/src/install/dynamixel_sdk_custom_interfaces/share/dynamixel_sdk_custom_interfaces/hook/ld_library_path_lib.ps1'
[1.257s] INFO:colcon.colcon_core.shell:Creating environment descriptor '/home/alexander/ros2_foxy/src/install/dynamixel_sdk_custom_interfaces/share/dynamixel_sdk_custom_interfaces/hook/ld_library_path_lib.dsv'
[1.257s] INFO:colcon.colcon_core.shell:Creating environment hook '/home/alexander/ros2_foxy/src/install/dynamixel_sdk_custom_interfaces/share/dynamixel_sdk_custom_interfaces/hook/ld_library_path_lib.sh'
[1.258s] Level 1:colcon.colcon_core.environment:checking '/home/alexander/ros2_foxy/src/install/dynamixel_sdk_custom_interfaces/bin'
[1.258s] Level 1:colcon.colcon_core.environment:checking '/home/alexander/ros2_foxy/src/install/dynamixel_sdk_custom_interfaces/lib/pkgconfig/dynamixel_sdk_custom_interfaces.pc'
[1.258s] Level 1:colcon.colcon_core.environment:checking '/home/alexander/ros2_foxy/src/install/dynamixel_sdk_custom_interfaces/lib/python3.8/site-packages'
[1.258s] Level 1:colcon.colcon_core.shell:create_environment_hook('dynamixel_sdk_custom_interfaces', 'pythonpath')
[1.258s] INFO:colcon.colcon_core.shell:Creating environment hook '/home/alexander/ros2_foxy/src/install/dynamixel_sdk_custom_interfaces/share/dynamixel_sdk_custom_interfaces/hook/pythonpath.ps1'
[1.258s] INFO:colcon.colcon_core.shell:Creating environment descriptor '/home/alexander/ros2_foxy/src/install/dynamixel_sdk_custom_interfaces/share/dynamixel_sdk_custom_interfaces/hook/pythonpath.dsv'
[1.258s] INFO:colcon.colcon_core.shell:Creating environment hook '/home/alexander/ros2_foxy/src/install/dynamixel_sdk_custom_interfaces/share/dynamixel_sdk_custom_interfaces/hook/pythonpath.sh'
[1.259s] Level 1:colcon.colcon_core.environment:checking '/home/alexander/ros2_foxy/src/install/dynamixel_sdk_custom_interfaces/bin'
[1.259s] INFO:colcon.colcon_core.shell:Creating package script '/home/alexander/ros2_foxy/src/install/dynamixel_sdk_custom_interfaces/share/dynamixel_sdk_custom_interfaces/package.ps1'
[1.259s] INFO:colcon.colcon_core.shell:Creating package descriptor '/home/alexander/ros2_foxy/src/install/dynamixel_sdk_custom_interfaces/share/dynamixel_sdk_custom_interfaces/package.dsv'
[1.260s] INFO:colcon.colcon_core.shell:Creating package script '/home/alexander/ros2_foxy/src/install/dynamixel_sdk_custom_interfaces/share/dynamixel_sdk_custom_interfaces/package.sh'
[1.260s] INFO:colcon.colcon_core.shell:Creating package script '/home/alexander/ros2_foxy/src/install/dynamixel_sdk_custom_interfaces/share/dynamixel_sdk_custom_interfaces/package.bash'
[1.260s] INFO:colcon.colcon_core.shell:Creating package script '/home/alexander/ros2_foxy/src/install/dynamixel_sdk_custom_interfaces/share/dynamixel_sdk_custom_interfaces/package.zsh'
[1.261s] Level 1:colcon.colcon_core.environment:create_file_with_runtime_dependencies(/home/alexander/ros2_foxy/src/install/dynamixel_sdk_custom_interfaces/share/colcon-core/packages/dynamixel_sdk_custom_interfaces)
[1.261s] INFO:colcon.colcon_ros.task.ament_cmake.build:Building ROS package in '/home/alexander/ros2_foxy/src/DynamixelSDK/dynamixel_sdk_examples' with build type 'ament_cmake'
[1.261s] INFO:colcon.colcon_cmake.task.cmake.build:Building CMake package in '/home/alexander/ros2_foxy/src/DynamixelSDK/dynamixel_sdk_examples'
[1.261s] INFO:colcon.colcon_core.shell:Skip shell extension 'powershell' for command environment: Not usable outside of PowerShell
[1.261s] DEBUG:colcon.colcon_core.shell:Skip shell extension 'dsv' for command environment
[1.282s] DEBUG:colcon.colcon_core.event_handler.log_command:Invoking command in '/home/alexander/ros2_foxy/src/build/dynamixel_sdk_examples': AMENT_PREFIX_PATH=/home/alexander/ros2_foxy/src/install/dynamixel_sdk_custom_interfaces:/home/alexander/ros2_foxy/src/install/dynamixel_sdk:${AMENT_PREFIX_PATH} CMAKE_PREFIX_PATH=/home/alexander/ros2_foxy/src/install/dynamixel_sdk_custom_interfaces:/home/alexander/ros2_foxy/src/install/dynamixel_sdk:/home/alexander/ros2_foxy/install/dynamixel_sdk_examples:/home/alexander/ros2_foxy/install/dynamixel_sdk_custom_interfaces:/home/alexander/ros2_foxy/install/dynamixel_sdk:/opt/ros/foxy LD_LIBRARY_PATH=/home/alexander/ros2_foxy/src/install/dynamixel_sdk_custom_interfaces/lib:/home/alexander/ros2_foxy/src/install/dynamixel_sdk/lib:${LD_LIBRARY_PATH} PYTHONPATH=/home/alexander/ros2_foxy/src/install/dynamixel_sdk_custom_interfaces/lib/python3.8/site-packages:${PYTHONPATH} /usr/bin/cmake /home/alexander/ros2_foxy/src/DynamixelSDK/dynamixel_sdk_examples -DCMAKE_INSTALL_PREFIX=/home/alexander/ros2_foxy/src/install/dynamixel_sdk_examples
[1.793s] DEBUG:colcon.colcon_core.event_handler.log_command:Invoked command in '/home/alexander/ros2_foxy/src/build/dynamixel_sdk_examples' returned '0': AMENT_PREFIX_PATH=/home/alexander/ros2_foxy/src/install/dynamixel_sdk_custom_interfaces:/home/alexander/ros2_foxy/src/install/dynamixel_sdk:${AMENT_PREFIX_PATH} CMAKE_PREFIX_PATH=/home/alexander/ros2_foxy/src/install/dynamixel_sdk_custom_interfaces:/home/alexander/ros2_foxy/src/install/dynamixel_sdk:/home/alexander/ros2_foxy/install/dynamixel_sdk_examples:/home/alexander/ros2_foxy/install/dynamixel_sdk_custom_interfaces:/home/alexander/ros2_foxy/install/dynamixel_sdk:/opt/ros/foxy LD_LIBRARY_PATH=/home/alexander/ros2_foxy/src/install/dynamixel_sdk_custom_interfaces/lib:/home/alexander/ros2_foxy/src/install/dynamixel_sdk/lib:${LD_LIBRARY_PATH} PYTHONPATH=/home/alexander/ros2_foxy/src/install/dynamixel_sdk_custom_interfaces/lib/python3.8/site-packages:${PYTHONPATH} /usr/bin/cmake /home/alexander/ros2_foxy/src/DynamixelSDK/dynamixel_sdk_examples -DCMAKE_INSTALL_PREFIX=/home/alexander/ros2_foxy/src/install/dynamixel_sdk_examples
[1.794s] DEBUG:colcon.colcon_core.event_handler.log_command:Invoking command in '/home/alexander/ros2_foxy/src/build/dynamixel_sdk_examples': AMENT_PREFIX_PATH=/home/alexander/ros2_foxy/src/install/dynamixel_sdk_custom_interfaces:/home/alexander/ros2_foxy/src/install/dynamixel_sdk:${AMENT_PREFIX_PATH} CMAKE_PREFIX_PATH=/home/alexander/ros2_foxy/src/install/dynamixel_sdk_custom_interfaces:/home/alexander/ros2_foxy/src/install/dynamixel_sdk:/home/alexander/ros2_foxy/install/dynamixel_sdk_examples:/home/alexander/ros2_foxy/install/dynamixel_sdk_custom_interfaces:/home/alexander/ros2_foxy/install/dynamixel_sdk:/opt/ros/foxy LD_LIBRARY_PATH=/home/alexander/ros2_foxy/src/install/dynamixel_sdk_custom_interfaces/lib:/home/alexander/ros2_foxy/src/install/dynamixel_sdk/lib:${LD_LIBRARY_PATH} PYTHONPATH=/home/alexander/ros2_foxy/src/install/dynamixel_sdk_custom_interfaces/lib/python3.8/site-packages:${PYTHONPATH} /usr/bin/cmake --build /home/alexander/ros2_foxy/src/build/dynamixel_sdk_examples -- -j16 -l16
[6.894s] DEBUG:colcon.colcon_core.event_handler.log_command:Invoked command in '/home/alexander/ros2_foxy/src/build/dynamixel_sdk_examples' returned '0': AMENT_PREFIX_PATH=/home/alexander/ros2_foxy/src/install/dynamixel_sdk_custom_interfaces:/home/alexander/ros2_foxy/src/install/dynamixel_sdk:${AMENT_PREFIX_PATH} CMAKE_PREFIX_PATH=/home/alexander/ros2_foxy/src/install/dynamixel_sdk_custom_interfaces:/home/alexander/ros2_foxy/src/install/dynamixel_sdk:/home/alexander/ros2_foxy/install/dynamixel_sdk_examples:/home/alexander/ros2_foxy/install/dynamixel_sdk_custom_interfaces:/home/alexander/ros2_foxy/install/dynamixel_sdk:/opt/ros/foxy LD_LIBRARY_PATH=/home/alexander/ros2_foxy/src/install/dynamixel_sdk_custom_interfaces/lib:/home/alexander/ros2_foxy/src/install/dynamixel_sdk/lib:${LD_LIBRARY_PATH} PYTHONPATH=/home/alexander/ros2_foxy/src/install/dynamixel_sdk_custom_interfaces/lib/python3.8/site-packages:${PYTHONPATH} /usr/bin/cmake --build /home/alexander/ros2_foxy/src/build/dynamixel_sdk_examples -- -j16 -l16
[6.900s] DEBUG:colcon.colcon_core.event_handler.log_command:Invoking command in '/home/alexander/ros2_foxy/src/build/dynamixel_sdk_examples': AMENT_PREFIX_PATH=/home/alexander/ros2_foxy/src/install/dynamixel_sdk_custom_interfaces:/home/alexander/ros2_foxy/src/install/dynamixel_sdk:${AMENT_PREFIX_PATH} CMAKE_PREFIX_PATH=/home/alexander/ros2_foxy/src/install/dynamixel_sdk_custom_interfaces:/home/alexander/ros2_foxy/src/install/dynamixel_sdk:/home/alexander/ros2_foxy/install/dynamixel_sdk_examples:/home/alexander/ros2_foxy/install/dynamixel_sdk_custom_interfaces:/home/alexander/ros2_foxy/install/dynamixel_sdk:/opt/ros/foxy LD_LIBRARY_PATH=/home/alexander/ros2_foxy/src/install/dynamixel_sdk_custom_interfaces/lib:/home/alexander/ros2_foxy/src/install/dynamixel_sdk/lib:${LD_LIBRARY_PATH} PYTHONPATH=/home/alexander/ros2_foxy/src/install/dynamixel_sdk_custom_interfaces/lib/python3.8/site-packages:${PYTHONPATH} /usr/bin/cmake --install /home/alexander/ros2_foxy/src/build/dynamixel_sdk_examples
[7.073s] Level 1:colcon.colcon_core.environment:create_environment_scripts_only(dynamixel_sdk_examples)
[7.073s] Level 1:colcon.colcon_core.environment:checking '/home/alexander/ros2_foxy/src/install/dynamixel_sdk_examples' for CMake module files
[7.074s] DEBUG:colcon.colcon_core.event_handler.log_command:Invoked command in '/home/alexander/ros2_foxy/src/build/dynamixel_sdk_examples' returned '0': AMENT_PREFIX_PATH=/home/alexander/ros2_foxy/src/install/dynamixel_sdk_custom_interfaces:/home/alexander/ros2_foxy/src/install/dynamixel_sdk:${AMENT_PREFIX_PATH} CMAKE_PREFIX_PATH=/home/alexander/ros2_foxy/src/install/dynamixel_sdk_custom_interfaces:/home/alexander/ros2_foxy/src/install/dynamixel_sdk:/home/alexander/ros2_foxy/install/dynamixel_sdk_examples:/home/alexander/ros2_foxy/install/dynamixel_sdk_custom_interfaces:/home/alexander/ros2_foxy/install/dynamixel_sdk:/opt/ros/foxy LD_LIBRARY_PATH=/home/alexander/ros2_foxy/src/install/dynamixel_sdk_custom_interfaces/lib:/home/alexander/ros2_foxy/src/install/dynamixel_sdk/lib:${LD_LIBRARY_PATH} PYTHONPATH=/home/alexander/ros2_foxy/src/install/dynamixel_sdk_custom_interfaces/lib/python3.8/site-packages:${PYTHONPATH} /usr/bin/cmake --install /home/alexander/ros2_foxy/src/build/dynamixel_sdk_examples
[7.075s] Level 1:colcon.colcon_core.environment:checking '/home/alexander/ros2_foxy/src/install/dynamixel_sdk_examples' for CMake config files
[7.075s] Level 1:colcon.colcon_core.shell:create_environment_hook('dynamixel_sdk_examples', 'cmake_prefix_path')
[7.075s] INFO:colcon.colcon_core.shell:Creating environment hook '/home/alexander/ros2_foxy/src/install/dynamixel_sdk_examples/share/dynamixel_sdk_examples/hook/cmake_prefix_path.ps1'
[7.075s] INFO:colcon.colcon_core.shell:Creating environment descriptor '/home/alexander/ros2_foxy/src/install/dynamixel_sdk_examples/share/dynamixel_sdk_examples/hook/cmake_prefix_path.dsv'
[7.075s] INFO:colcon.colcon_core.shell:Creating environment hook '/home/alexander/ros2_foxy/src/install/dynamixel_sdk_examples/share/dynamixel_sdk_examples/hook/cmake_prefix_path.sh'
[7.076s] Level 1:colcon.colcon_core.environment:checking '/home/alexander/ros2_foxy/src/install/dynamixel_sdk_examples/lib'
[7.076s] Level 1:colcon.colcon_core.environment:checking '/home/alexander/ros2_foxy/src/install/dynamixel_sdk_examples/bin'
[7.076s] Level 1:colcon.colcon_core.environment:checking '/home/alexander/ros2_foxy/src/install/dynamixel_sdk_examples/lib/pkgconfig/dynamixel_sdk_examples.pc'
[7.076s] Level 1:colcon.colcon_core.environment:checking '/home/alexander/ros2_foxy/src/install/dynamixel_sdk_examples/lib/python3.8/site-packages'
[7.076s] Level 1:colcon.colcon_core.environment:checking '/home/alexander/ros2_foxy/src/install/dynamixel_sdk_examples/bin'
[7.077s] INFO:colcon.colcon_core.shell:Creating package script '/home/alexander/ros2_foxy/src/install/dynamixel_sdk_examples/share/dynamixel_sdk_examples/package.ps1'
[7.077s] INFO:colcon.colcon_core.shell:Creating package descriptor '/home/alexander/ros2_foxy/src/install/dynamixel_sdk_examples/share/dynamixel_sdk_examples/package.dsv'
[7.077s] INFO:colcon.colcon_core.shell:Creating package script '/home/alexander/ros2_foxy/src/install/dynamixel_sdk_examples/share/dynamixel_sdk_examples/package.sh'
[7.078s] INFO:colcon.colcon_core.shell:Creating package script '/home/alexander/ros2_foxy/src/install/dynamixel_sdk_examples/share/dynamixel_sdk_examples/package.bash'
[7.078s] INFO:colcon.colcon_core.shell:Creating package script '/home/alexander/ros2_foxy/src/install/dynamixel_sdk_examples/share/dynamixel_sdk_examples/package.zsh'
[7.078s] Level 1:colcon.colcon_core.environment:create_file_with_runtime_dependencies(/home/alexander/ros2_foxy/src/install/dynamixel_sdk_examples/share/colcon-core/packages/dynamixel_sdk_examples)
[7.079s] Level 1:colcon.colcon_core.environment:create_environment_scripts_only(dynamixel_sdk_examples)
[7.079s] Level 1:colcon.colcon_core.environment:checking '/home/alexander/ros2_foxy/src/install/dynamixel_sdk_examples' for CMake module files
[7.079s] Level 1:colcon.colcon_core.environment:checking '/home/alexander/ros2_foxy/src/install/dynamixel_sdk_examples' for CMake config files
[7.079s] Level 1:colcon.colcon_core.shell:create_environment_hook('dynamixel_sdk_examples', 'cmake_prefix_path')
[7.079s] INFO:colcon.colcon_core.shell:Creating environment hook '/home/alexander/ros2_foxy/src/install/dynamixel_sdk_examples/share/dynamixel_sdk_examples/hook/cmake_prefix_path.ps1'
[7.079s] INFO:colcon.colcon_core.shell:Creating environment descriptor '/home/alexander/ros2_foxy/src/install/dynamixel_sdk_examples/share/dynamixel_sdk_examples/hook/cmake_prefix_path.dsv'
[7.080s] INFO:colcon.colcon_core.shell:Creating environment hook '/home/alexander/ros2_foxy/src/install/dynamixel_sdk_examples/share/dynamixel_sdk_examples/hook/cmake_prefix_path.sh'
[7.080s] Level 1:colcon.colcon_core.environment:checking '/home/alexander/ros2_foxy/src/install/dynamixel_sdk_examples/lib'
[7.080s] Level 1:colcon.colcon_core.environment:checking '/home/alexander/ros2_foxy/src/install/dynamixel_sdk_examples/bin'
[7.080s] Level 1:colcon.colcon_core.environment:checking '/home/alexander/ros2_foxy/src/install/dynamixel_sdk_examples/lib/pkgconfig/dynamixel_sdk_examples.pc'
[7.080s] Level 1:colcon.colcon_core.environment:checking '/home/alexander/ros2_foxy/src/install/dynamixel_sdk_examples/lib/python3.8/site-packages'
[7.080s] Level 1:colcon.colcon_core.environment:checking '/home/alexander/ros2_foxy/src/install/dynamixel_sdk_examples/bin'
[7.081s] INFO:colcon.colcon_core.shell:Creating package script '/home/alexander/ros2_foxy/src/install/dynamixel_sdk_examples/share/dynamixel_sdk_examples/package.ps1'
[7.081s] INFO:colcon.colcon_core.shell:Creating package descriptor '/home/alexander/ros2_foxy/src/install/dynamixel_sdk_examples/share/dynamixel_sdk_examples/package.dsv'
[7.081s] INFO:colcon.colcon_core.shell:Creating package script '/home/alexander/ros2_foxy/src/install/dynamixel_sdk_examples/share/dynamixel_sdk_examples/package.sh'
[7.081s] INFO:colcon.colcon_core.shell:Creating package script '/home/alexander/ros2_foxy/src/install/dynamixel_sdk_examples/share/dynamixel_sdk_examples/package.bash'
[7.082s] INFO:colcon.colcon_core.shell:Creating package script '/home/alexander/ros2_foxy/src/install/dynamixel_sdk_examples/share/dynamixel_sdk_examples/package.zsh'
[7.082s] Level 1:colcon.colcon_core.environment:create_file_with_runtime_dependencies(/home/alexander/ros2_foxy/src/install/dynamixel_sdk_examples/share/colcon-core/packages/dynamixel_sdk_examples)
[7.082s] DEBUG:colcon.colcon_parallel_executor.executor.parallel:closing loop
[7.083s] DEBUG:colcon.colcon_parallel_executor.executor.parallel:loop closed
[7.083s] DEBUG:colcon.colcon_parallel_executor.executor.parallel:run_until_complete finished with '0'
[7.083s] DEBUG:colcon.colcon_core.event_reactor:joining thread
[7.092s] INFO:colcon.colcon_core.plugin_system:Skipping extension 'colcon_notification.desktop_notification.terminal_notifier': Not used on non-Darwin systems
[7.092s] INFO:colcon.colcon_core.plugin_system:Skipping extension 'colcon_notification.desktop_notification.win32': Not used on non-Windows systems
[7.092s] INFO:colcon.colcon_notification.desktop_notification:Sending desktop notification using 'notify2'
[7.110s] DEBUG:colcon.colcon_core.event_reactor:joined thread
[7.111s] INFO:colcon.colcon_core.shell:Creating prefix script '/home/alexander/ros2_foxy/src/install/local_setup.ps1'
[7.113s] INFO:colcon.colcon_core.shell:Creating prefix util module '/home/alexander/ros2_foxy/src/install/_local_setup_util_ps1.py'
[7.116s] INFO:colcon.colcon_core.shell:Creating prefix chain script '/home/alexander/ros2_foxy/src/install/setup.ps1'
[7.118s] INFO:colcon.colcon_core.shell:Creating prefix script '/home/alexander/ros2_foxy/src/install/local_setup.sh'
[7.118s] INFO:colcon.colcon_core.shell:Creating prefix util module '/home/alexander/ros2_foxy/src/install/_local_setup_util_sh.py'
[7.118s] INFO:colcon.colcon_core.shell:Creating prefix chain script '/home/alexander/ros2_foxy/src/install/setup.sh'
[7.119s] INFO:colcon.colcon_core.shell:Creating prefix script '/home/alexander/ros2_foxy/src/install/local_setup.bash'
[7.119s] INFO:colcon.colcon_core.shell:Creating prefix chain script '/home/alexander/ros2_foxy/src/install/setup.bash'
[7.120s] INFO:colcon.colcon_core.shell:Creating prefix script '/home/alexander/ros2_foxy/src/install/local_setup.zsh'
[7.120s] INFO:colcon.colcon_core.shell:Creating prefix chain script '/home/alexander/ros2_foxy/src/install/setup.zsh'
