[0.129s] Invoking command in '/home/mp4d/ros2_ws/build/image_processor': /usr/bin/cmake --build /home/mp4d/ros2_ws/build/image_processor -- -j4 -l4
[0.567s] [35m[1mScanning dependencies of target image_processor_node[0m
[0.932s] [ 50%] [32mBuilding CXX object CMakeFiles/image_processor_node.dir/src/image_processor_node.cpp.o[0m
[61.875s] [100%] [32m[1mLinking CXX executable image_processor_node[0m
[70.729s] [100%] Built target image_processor_node
[70.829s] Invoked command in '/home/mp4d/ros2_ws/build/image_processor' returned '0': /usr/bin/cmake --build /home/mp4d/ros2_ws/build/image_processor -- -j4 -l4
[71.101s] Invoking command in '/home/mp4d/ros2_ws/build/image_processor': /usr/bin/cmake --install /home/mp4d/ros2_ws/build/image_processor
[71.176s] -- Install configuration: ""
[71.178s] -- Installing: /home/mp4d/ros2_ws/install/image_processor/lib/image_processor/image_processor_node
[71.197s] -- Set runtime path of "/home/mp4d/ros2_ws/install/image_processor/lib/image_processor/image_processor_node" to ""
[71.199s] -- Up-to-date: /home/mp4d/ros2_ws/install/image_processor/share/ament_index/resource_index/package_run_dependencies/image_processor
[71.201s] -- Up-to-date: /home/mp4d/ros2_ws/install/image_processor/share/ament_index/resource_index/parent_prefix_path/image_processor
[71.201s] -- Up-to-date: /home/mp4d/ros2_ws/install/image_processor/share/image_processor/environment/ament_prefix_path.sh
[71.202s] -- Up-to-date: /home/mp4d/ros2_ws/install/image_processor/share/image_processor/environment/ament_prefix_path.dsv
[71.203s] -- Up-to-date: /home/mp4d/ros2_ws/install/image_processor/share/image_processor/environment/path.sh
[71.204s] -- Up-to-date: /home/mp4d/ros2_ws/install/image_processor/share/image_processor/environment/path.dsv
[71.205s] -- Up-to-date: /home/mp4d/ros2_ws/install/image_processor/share/image_processor/local_setup.bash
[71.206s] -- Up-to-date: /home/mp4d/ros2_ws/install/image_processor/share/image_processor/local_setup.sh
[71.207s] -- Up-to-date: /home/mp4d/ros2_ws/install/image_processor/share/image_processor/local_setup.zsh
[71.207s] -- Up-to-date: /home/mp4d/ros2_ws/install/image_processor/share/image_processor/local_setup.dsv
[71.208s] -- Installing: /home/mp4d/ros2_ws/install/image_processor/share/image_processor/package.dsv
[71.210s] -- Up-to-date: /home/mp4d/ros2_ws/install/image_processor/share/ament_index/resource_index/packages/image_processor
[71.211s] -- Up-to-date: /home/mp4d/ros2_ws/install/image_processor/share/image_processor/cmake/image_processorConfig.cmake
[71.212s] -- Up-to-date: /home/mp4d/ros2_ws/install/image_processor/share/image_processor/cmake/image_processorConfig-version.cmake
[71.213s] -- Up-to-date: /home/mp4d/ros2_ws/install/image_processor/share/image_processor/package.xml
[71.232s] Invoked command in '/home/mp4d/ros2_ws/build/image_processor' returned '0': /usr/bin/cmake --install /home/mp4d/ros2_ws/build/image_processor
