[0.012s] Invoking command in '/home/alexander/ros2_foxy/build/dynamixel_sdk': CMAKE_PREFIX_PATH=${CMAKE_PREFIX_PATH}:/opt/ros/foxy /usr/bin/cmake /home/alexander/ros2_foxy/src/DynamixelSDK/dynamixel_sdk -DCMAKE_INSTALL_PREFIX=/home/alexander/ros2_foxy/install/dynamixel_sdk
[0.071s] -- The C compiler identification is GNU 9.4.0
[0.117s] -- The CXX compiler identification is GNU 9.4.0
[0.121s] -- Check for working C compiler: /usr/bin/cc
[0.191s] -- Check for working C compiler: /usr/bin/cc -- works
[0.193s] -- Detecting C compiler ABI info
[0.255s] -- Detecting C compiler ABI info - done
[0.267s] -- Detecting C compile features
[0.267s] -- Detecting C compile features - done
[0.269s] -- Check for working CXX compiler: /usr/bin/c++
[0.339s] -- Check for working CXX compiler: /usr/bin/c++ -- works
[0.341s] -- Detecting CXX compiler ABI info
[0.416s] -- Detecting CXX compiler ABI info - done
[0.425s] -- Detecting CXX compile features
[0.426s] -- Detecting CXX compile features - done
[0.427s] -- Found ament_cmake: 0.9.12 (/opt/ros/foxy/share/ament_cmake/cmake)
[0.449s] -- Found PythonInterp: /usr/bin/python3 (found suitable version "3.8.10", minimum required is "3") 
[0.449s] -- Using PYTHON_EXECUTABLE: /usr/bin/python3
[0.653s] -- Configuring done
[0.657s] -- Generating done
[0.658s] -- Build files have been written to: /home/alexander/ros2_foxy/build/dynamixel_sdk
[0.664s] Invoked command in '/home/alexander/ros2_foxy/build/dynamixel_sdk' returned '0': CMAKE_PREFIX_PATH=${CMAKE_PREFIX_PATH}:/opt/ros/foxy /usr/bin/cmake /home/alexander/ros2_foxy/src/DynamixelSDK/dynamixel_sdk -DCMAKE_INSTALL_PREFIX=/home/alexander/ros2_foxy/install/dynamixel_sdk
[0.665s] Invoking command in '/home/alexander/ros2_foxy/build/dynamixel_sdk': CMAKE_PREFIX_PATH=${CMAKE_PREFIX_PATH}:/opt/ros/foxy /usr/bin/cmake --build /home/alexander/ros2_foxy/build/dynamixel_sdk -- -j16 -l16
[0.708s] [35m[1mScanning dependencies of target dynamixel_sdk[0m
[0.720s] [ 10%] [32mBuilding CXX object CMakeFiles/dynamixel_sdk.dir/src/dynamixel_sdk/group_bulk_write.cpp.o[0m
[0.723s] [ 20%] [32mBuilding CXX object CMakeFiles/dynamixel_sdk.dir/src/dynamixel_sdk/group_sync_write.cpp.o[0m
[0.724s] [ 30%] [32mBuilding CXX object CMakeFiles/dynamixel_sdk.dir/src/dynamixel_sdk/port_handler.cpp.o[0m
[0.724s] [ 40%] [32mBuilding CXX object CMakeFiles/dynamixel_sdk.dir/src/dynamixel_sdk/packet_handler.cpp.o[0m
[0.725s] [ 50%] [32mBuilding CXX object CMakeFiles/dynamixel_sdk.dir/src/dynamixel_sdk/group_bulk_read.cpp.o[0m
[0.725s] [ 60%] [32mBuilding CXX object CMakeFiles/dynamixel_sdk.dir/src/dynamixel_sdk/group_sync_read.cpp.o[0m
[0.725s] [ 70%] [32mBuilding CXX object CMakeFiles/dynamixel_sdk.dir/src/dynamixel_sdk/protocol2_packet_handler.cpp.o[0m
[0.726s] [ 80%] [32mBuilding CXX object CMakeFiles/dynamixel_sdk.dir/src/dynamixel_sdk/protocol1_packet_handler.cpp.o[0m
[0.727s] [ 90%] [32mBuilding CXX object CMakeFiles/dynamixel_sdk.dir/src/dynamixel_sdk/port_handler_linux.cpp.o[0m
[1.305s] [100%] [32m[1mLinking CXX shared library libdynamixel_sdk.so[0m
[1.372s] [100%] Built target dynamixel_sdk
[1.378s] Invoked command in '/home/alexander/ros2_foxy/build/dynamixel_sdk' returned '0': CMAKE_PREFIX_PATH=${CMAKE_PREFIX_PATH}:/opt/ros/foxy /usr/bin/cmake --build /home/alexander/ros2_foxy/build/dynamixel_sdk -- -j16 -l16
[1.394s] Invoking command in '/home/alexander/ros2_foxy/build/dynamixel_sdk': CMAKE_PREFIX_PATH=${CMAKE_PREFIX_PATH}:/opt/ros/foxy /usr/bin/cmake --install /home/alexander/ros2_foxy/build/dynamixel_sdk
[1.403s] -- Install configuration: ""
[1.403s] -- Installing: /home/alexander/ros2_foxy/install/dynamixel_sdk/include/
[1.404s] -- Installing: /home/alexander/ros2_foxy/install/dynamixel_sdk/include//dynamixel_sdk
[1.404s] -- Installing: /home/alexander/ros2_foxy/install/dynamixel_sdk/include//dynamixel_sdk/port_handler_windows.h
[1.404s] -- Installing: /home/alexander/ros2_foxy/install/dynamixel_sdk/include//dynamixel_sdk/port_handler_arduino.h
[1.404s] -- Installing: /home/alexander/ros2_foxy/install/dynamixel_sdk/include//dynamixel_sdk/group_bulk_read.h
[1.404s] -- Installing: /home/alexander/ros2_foxy/install/dynamixel_sdk/include//dynamixel_sdk/dynamixel_sdk.h
[1.404s] -- Installing: /home/alexander/ros2_foxy/install/dynamixel_sdk/include//dynamixel_sdk/port_handler.h
[1.404s] -- Installing: /home/alexander/ros2_foxy/install/dynamixel_sdk/include//dynamixel_sdk/group_sync_read.h
[1.404s] -- Installing: /home/alexander/ros2_foxy/install/dynamixel_sdk/include//dynamixel_sdk/protocol1_packet_handler.h
[1.405s] -- Installing: /home/alexander/ros2_foxy/install/dynamixel_sdk/include//dynamixel_sdk/protocol2_packet_handler.h
[1.405s] -- Installing: /home/alexander/ros2_foxy/install/dynamixel_sdk/include//dynamixel_sdk/group_sync_write.h
[1.405s] -- Installing: /home/alexander/ros2_foxy/install/dynamixel_sdk/include//dynamixel_sdk/port_handler_linux.h
[1.405s] -- Installing: /home/alexander/ros2_foxy/install/dynamixel_sdk/include//dynamixel_sdk/packet_handler.h
[1.405s] -- Installing: /home/alexander/ros2_foxy/install/dynamixel_sdk/include//dynamixel_sdk/group_bulk_write.h
[1.405s] -- Installing: /home/alexander/ros2_foxy/install/dynamixel_sdk/include//dynamixel_sdk/port_handler_mac.h
[1.405s] -- Installing: /home/alexander/ros2_foxy/install/dynamixel_sdk/lib/libdynamixel_sdk.so
[1.405s] -- Installing: /home/alexander/ros2_foxy/install/dynamixel_sdk/share/dynamixel_sdk/environment/library_path.sh
[1.406s] -- Installing: /home/alexander/ros2_foxy/install/dynamixel_sdk/share/dynamixel_sdk/environment/library_path.dsv
[1.406s] -- Installing: /home/alexander/ros2_foxy/install/dynamixel_sdk/share/ament_index/resource_index/package_run_dependencies/dynamixel_sdk
[1.406s] -- Installing: /home/alexander/ros2_foxy/install/dynamixel_sdk/share/ament_index/resource_index/parent_prefix_path/dynamixel_sdk
[1.406s] -- Installing: /home/alexander/ros2_foxy/install/dynamixel_sdk/share/dynamixel_sdk/environment/ament_prefix_path.sh
[1.406s] -- Installing: /home/alexander/ros2_foxy/install/dynamixel_sdk/share/dynamixel_sdk/environment/ament_prefix_path.dsv
[1.406s] -- Installing: /home/alexander/ros2_foxy/install/dynamixel_sdk/share/dynamixel_sdk/environment/path.sh
[1.406s] -- Installing: /home/alexander/ros2_foxy/install/dynamixel_sdk/share/dynamixel_sdk/environment/path.dsv
[1.406s] -- Installing: /home/alexander/ros2_foxy/install/dynamixel_sdk/share/dynamixel_sdk/local_setup.bash
[1.406s] -- Installing: /home/alexander/ros2_foxy/install/dynamixel_sdk/share/dynamixel_sdk/local_setup.sh
[1.407s] -- Installing: /home/alexander/ros2_foxy/install/dynamixel_sdk/share/dynamixel_sdk/local_setup.zsh
[1.407s] -- Installing: /home/alexander/ros2_foxy/install/dynamixel_sdk/share/dynamixel_sdk/local_setup.dsv
[1.407s] -- Installing: /home/alexander/ros2_foxy/install/dynamixel_sdk/share/dynamixel_sdk/package.dsv
[1.407s] -- Installing: /home/alexander/ros2_foxy/install/dynamixel_sdk/share/ament_index/resource_index/packages/dynamixel_sdk
[1.407s] -- Installing: /home/alexander/ros2_foxy/install/dynamixel_sdk/share/dynamixel_sdk/cmake/ament_cmake_export_include_directories-extras.cmake
[1.407s] -- Installing: /home/alexander/ros2_foxy/install/dynamixel_sdk/share/dynamixel_sdk/cmake/ament_cmake_export_libraries-extras.cmake
[1.407s] -- Installing: /home/alexander/ros2_foxy/install/dynamixel_sdk/share/dynamixel_sdk/cmake/dynamixel_sdkConfig.cmake
[1.407s] -- Installing: /home/alexander/ros2_foxy/install/dynamixel_sdk/share/dynamixel_sdk/cmake/dynamixel_sdkConfig-version.cmake
[1.407s] -- Installing: /home/alexander/ros2_foxy/install/dynamixel_sdk/share/dynamixel_sdk/package.xml
[1.409s] Invoked command in '/home/alexander/ros2_foxy/build/dynamixel_sdk' returned '0': CMAKE_PREFIX_PATH=${CMAKE_PREFIX_PATH}:/opt/ros/foxy /usr/bin/cmake --install /home/alexander/ros2_foxy/build/dynamixel_sdk
