[0.085s] Invoking command in '/home/mp4d/ros2_ws/build/image_processor': /usr/bin/cmake /home/mp4d/ros2_ws/src/image_processor -DCATKIN_INSTALL_INTO_PREFIX_ROOT=0 -DCMAKE_INSTALL_PREFIX=/home/mp4d/ros2_ws/install/image_processor
[0.759s] -- The C compiler identification is GNU 9.4.0
[1.333s] -- The CXX compiler identification is GNU 9.4.0
[1.365s] -- Check for working C compiler: /usr/bin/cc
[2.035s] -- Check for working C compiler: /usr/bin/cc -- works
[2.041s] -- Detecting C compiler ABI info
[2.637s] -- Detecting C compiler ABI info - done
[2.732s] -- Detecting C compile features
[2.734s] -- Detecting C compile features - done
[2.755s] -- Check for working CXX compiler: /usr/bin/c++
[3.426s] -- Check for working CXX compiler: /usr/bin/c++ -- works
[3.446s] -- Detecting CXX compiler ABI info
[4.163s] -- Detecting CXX compiler ABI info - done
[4.272s] -- Detecting CXX compile features
[4.279s] -- Detecting CXX compile features - done
[4.304s] -- Found ament_cmake: 0.9.12 (/opt/ros/foxy/share/ament_cmake/cmake)
[4.444s] -- Found PythonInterp: /usr/bin/python3 (found suitable version "3.8.10", minimum required is "3") 
[4.445s] -- Using PYTHON_EXECUTABLE: /usr/bin/python3
[6.218s] -- Found rclcpp: 2.4.3 (/opt/ros/foxy/share/rclcpp/cmake)
[6.524s] -- Using all available rosidl_typesupport_c: rosidl_typesupport_fastrtps_c;rosidl_typesupport_introspection_c
[6.568s] -- Found rosidl_adapter: 1.3.1 (/opt/ros/foxy/share/rosidl_adapter/cmake)
[7.043s] -- Found OpenSSL: /usr/lib/aarch64-linux-gnu/libcrypto.so (found version "1.1.1f")  
[7.193s] -- Found FastRTPS: /opt/ros/foxy/include  
[7.786s] -- Using all available rosidl_typesupport_cpp: rosidl_typesupport_fastrtps_cpp;rosidl_typesupport_introspection_cpp
[8.308s] -- Found rmw_implementation_cmake: 1.0.4 (/opt/ros/foxy/share/rmw_implementation_cmake/cmake)
[8.324s] -- Using RMW implementation 'rmw_fastrtps_cpp' as default
[8.331s] -- Looking for pthread.h
[9.037s] -- Looking for pthread.h - found
[9.038s] -- Performing Test CMAKE_HAVE_LIBC_PTHREAD
[9.776s] -- Performing Test CMAKE_HAVE_LIBC_PTHREAD - Failed
[9.778s] -- Looking for pthread_create in pthreads
[10.320s] -- Looking for pthread_create in pthreads - not found
[10.321s] -- Looking for pthread_create in pthread
[11.112s] -- Looking for pthread_create in pthread - found
[11.137s] -- Found Threads: TRUE  
[12.665s] -- Found sensor_msgs: 2.0.5 (/opt/ros/foxy/share/sensor_msgs/cmake)
[13.823s] -- Found cv_bridge: 3.0.7 (/opt/ros/foxy/share/cv_bridge/cmake)
[14.904s] -- Configuring done
[15.053s] -- Generating done
[15.062s] CMake Warning:
[15.063s]   Manually-specified variables were not used by the project:
[15.073s] 
[15.080s]     CATKIN_INSTALL_INTO_PREFIX_ROOT
[15.084s] 
[15.088s] -- Build files have been written to: /home/mp4d/ros2_ws/build/image_processor
[15.094s] 
[15.184s] Invoked command in '/home/mp4d/ros2_ws/build/image_processor' returned '0': /usr/bin/cmake /home/mp4d/ros2_ws/src/image_processor -DCATKIN_INSTALL_INTO_PREFIX_ROOT=0 -DCMAKE_INSTALL_PREFIX=/home/mp4d/ros2_ws/install/image_processor
[15.198s] Invoking command in '/home/mp4d/ros2_ws/build/image_processor': /usr/bin/cmake --build /home/mp4d/ros2_ws/build/image_processor -- -j4 -l4
[15.580s] [35m[1mScanning dependencies of target image_processor_node[0m
[16.154s] [ 50%] [32mBuilding CXX object CMakeFiles/image_processor_node.dir/src/image_processor_node.cpp.o[0m
[71.946s] [100%] [32m[1mLinking CXX executable image_processor_node[0m
[80.101s] [100%] Built target image_processor_node
[80.184s] Invoked command in '/home/mp4d/ros2_ws/build/image_processor' returned '0': /usr/bin/cmake --build /home/mp4d/ros2_ws/build/image_processor -- -j4 -l4
[80.567s] Invoking command in '/home/mp4d/ros2_ws/build/image_processor': /usr/bin/cmake --install /home/mp4d/ros2_ws/build/image_processor
[80.627s] -- Install configuration: ""
[80.628s] -- Installing: /home/mp4d/ros2_ws/install/image_processor/lib/image_processor/image_processor_node
[80.642s] -- Set runtime path of "/home/mp4d/ros2_ws/install/image_processor/lib/image_processor/image_processor_node" to ""
[80.644s] -- Installing: /home/mp4d/ros2_ws/install/image_processor/share/ament_index/resource_index/package_run_dependencies/image_processor
[80.645s] -- Installing: /home/mp4d/ros2_ws/install/image_processor/share/ament_index/resource_index/parent_prefix_path/image_processor
[80.646s] -- Installing: /home/mp4d/ros2_ws/install/image_processor/share/image_processor/environment/ament_prefix_path.sh
[80.647s] -- Installing: /home/mp4d/ros2_ws/install/image_processor/share/image_processor/environment/ament_prefix_path.dsv
[80.648s] -- Installing: /home/mp4d/ros2_ws/install/image_processor/share/image_processor/environment/path.sh
[80.660s] -- Installing: /home/mp4d/ros2_ws/install/image_processor/share/image_processor/environment/path.dsv
[80.661s] -- Installing: /home/mp4d/ros2_ws/install/image_processor/share/image_processor/local_setup.bash
[80.662s] -- Installing: /home/mp4d/ros2_ws/install/image_processor/share/image_processor/local_setup.sh
[80.662s] -- Installing: /home/mp4d/ros2_ws/install/image_processor/share/image_processor/local_setup.zsh
[80.663s] -- Installing: /home/mp4d/ros2_ws/install/image_processor/share/image_processor/local_setup.dsv
[80.664s] -- Installing: /home/mp4d/ros2_ws/install/image_processor/share/image_processor/package.dsv
[80.667s] -- Installing: /home/mp4d/ros2_ws/install/image_processor/share/ament_index/resource_index/packages/image_processor
[80.668s] -- Installing: /home/mp4d/ros2_ws/install/image_processor/share/image_processor/cmake/image_processorConfig.cmake
[80.671s] -- Installing: /home/mp4d/ros2_ws/install/image_processor/share/image_processor/cmake/image_processorConfig-version.cmake
[80.682s] -- Installing: /home/mp4d/ros2_ws/install/image_processor/share/image_processor/package.xml
[80.684s] Invoked command in '/home/mp4d/ros2_ws/build/image_processor' returned '0': /usr/bin/cmake --install /home/mp4d/ros2_ws/build/image_processor
