[0.018s] Invoking command in '/home/alexander/ros2_foxy/build/dynamixel_sdk_examples': CMAKE_PREFIX_PATH=/home/alexander/ros2_foxy/install/dynamixel_sdk_custom_interfaces:/home/alexander/ros2_foxy/install/dynamixel_sdk:/home/alexander/ros2_foxy/install/dynamixel_sdk_examples:/opt/ros/foxy /usr/bin/cmake --build /home/alexander/ros2_foxy/build/dynamixel_sdk_examples -- -j16 -l16
[0.070s] -- Found ament_cmake: 0.9.12 (/opt/ros/foxy/share/ament_cmake/cmake)
[0.097s] -- Using PYTHON_EXECUTABLE: /usr/bin/python3
[0.229s] -- Override CMake install command with custom implementation using symlinks instead of copying resources
[0.255s] -- Found dynamixel_sdk: 3.7.40 (/home/alexander/ros2_foxy/install/dynamixel_sdk/share/dynamixel_sdk/cmake)
[0.257s] -- Found dynamixel_sdk_custom_interfaces: 3.7.40 (/home/alexander/ros2_foxy/install/dynamixel_sdk_custom_interfaces/share/dynamixel_sdk_custom_interfaces/cmake)
[0.286s] -- Using all available rosidl_typesupport_c: rosidl_typesupport_fastrtps_c;rosidl_typesupport_introspection_c
[0.291s] -- Found rosidl_adapter: 1.3.1 (/opt/ros/foxy/share/rosidl_adapter/cmake)
[0.406s] -- Using all available rosidl_typesupport_cpp: rosidl_typesupport_fastrtps_cpp;rosidl_typesupport_introspection_cpp
[0.448s] -- Found rclcpp: 2.4.3 (/opt/ros/foxy/share/rclcpp/cmake)
[0.492s] -- Found rmw_implementation_cmake: 1.0.4 (/opt/ros/foxy/share/rmw_implementation_cmake/cmake)
[0.494s] -- Using RMW implementation 'rmw_fastrtps_cpp' as default
[0.610s] -- Found rclpy: 1.0.13 (/opt/ros/foxy/share/rclpy/cmake)
[0.614s] -- Found ament_lint_auto: 0.9.8 (/opt/ros/foxy/share/ament_lint_auto/cmake)
[0.694s] -- Added test 'copyright' to check source files copyright and LICENSE
[0.694s] -- Added test 'cppcheck' to perform static code analysis on C / C++ code
[0.695s] -- Configured cppcheck include dirs: /home/alexander/ros2_foxy/src/DynamixelSDK/dynamixel_sdk_examples/include
[0.695s] -- Configured cppcheck exclude dirs and/or files: 
[0.696s] -- Added test 'cpplint' to check C / C++ code against the Google style
[0.696s] -- Configured cpplint exclude dirs and/or files: 
[0.696s] -- Added test 'flake8' to check Python code syntax and style conventions
[0.697s] -- Added test 'lint_cmake' to check CMake code style
[0.697s] -- Added test 'pep257' to check Python code against some of the style conventions in PEP 257
[0.698s] -- Added test 'uncrustify' to check C / C++ code style
[0.698s] -- Configured uncrustify additional arguments: 
[0.699s] -- Added test 'xmllint' to check XML markup files
[0.702s] -- Configuring done
[0.731s] -- Generating done
[0.740s] -- Build files have been written to: /home/alexander/ros2_foxy/build/dynamixel_sdk_examples
[0.801s] [ 20%] Built target read_write_node
[0.801s] [ 40%] Built target cross_drawer
[0.802s] [ 60%] Built target motor_controller
[0.805s] [ 80%] Built target draw_digit
[0.807s] [100%] Built target digit_publisher
[0.816s] Invoked command in '/home/alexander/ros2_foxy/build/dynamixel_sdk_examples' returned '0': CMAKE_PREFIX_PATH=/home/alexander/ros2_foxy/install/dynamixel_sdk_custom_interfaces:/home/alexander/ros2_foxy/install/dynamixel_sdk:/home/alexander/ros2_foxy/install/dynamixel_sdk_examples:/opt/ros/foxy /usr/bin/cmake --build /home/alexander/ros2_foxy/build/dynamixel_sdk_examples -- -j16 -l16
[0.821s] Invoking command in '/home/alexander/ros2_foxy/build/dynamixel_sdk_examples': CMAKE_PREFIX_PATH=/home/alexander/ros2_foxy/install/dynamixel_sdk_custom_interfaces:/home/alexander/ros2_foxy/install/dynamixel_sdk:/home/alexander/ros2_foxy/install/dynamixel_sdk_examples:/opt/ros/foxy /usr/bin/cmake --install /home/alexander/ros2_foxy/build/dynamixel_sdk_examples
[0.826s] -- Install configuration: ""
[0.826s] -- Execute custom install script
[0.826s] -- Symlinking: /home/alexander/ros2_foxy/install/dynamixel_sdk_examples/lib/dynamixel_sdk_examples/scripts/pythonpublisher.py
[0.834s] -- Up-to-date symlink: /home/alexander/ros2_foxy/install/dynamixel_sdk_examples/lib/dynamixel_sdk_examples/read_write_node
[0.834s] -- Up-to-date symlink: /home/alexander/ros2_foxy/install/dynamixel_sdk_examples/lib/dynamixel_sdk_examples/motor_controller
[0.835s] -- Up-to-date symlink: /home/alexander/ros2_foxy/install/dynamixel_sdk_examples/lib/dynamixel_sdk_examples/draw_digit
[0.835s] -- Up-to-date symlink: /home/alexander/ros2_foxy/install/dynamixel_sdk_examples/lib/dynamixel_sdk_examples/digit_publisher
[0.836s] -- Up-to-date symlink: /home/alexander/ros2_foxy/install/dynamixel_sdk_examples/lib/dynamixel_sdk_examples/cross_drawer
[0.837s] -- Up-to-date symlink: /home/alexander/ros2_foxy/install/dynamixel_sdk_examples/include//read_write_node.hpp
[0.837s] -- Up-to-date symlink: /home/alexander/ros2_foxy/install/dynamixel_sdk_examples/share/ament_index/resource_index/package_run_dependencies/dynamixel_sdk_examples
[0.838s] -- Up-to-date symlink: /home/alexander/ros2_foxy/install/dynamixel_sdk_examples/share/ament_index/resource_index/parent_prefix_path/dynamixel_sdk_examples
[0.839s] -- Up-to-date symlink: /home/alexander/ros2_foxy/install/dynamixel_sdk_examples/share/dynamixel_sdk_examples/environment/ament_prefix_path.sh
[0.839s] -- Up-to-date symlink: /home/alexander/ros2_foxy/install/dynamixel_sdk_examples/share/dynamixel_sdk_examples/environment/ament_prefix_path.dsv
[0.840s] -- Up-to-date symlink: /home/alexander/ros2_foxy/install/dynamixel_sdk_examples/share/dynamixel_sdk_examples/environment/path.sh
[0.841s] -- Up-to-date symlink: /home/alexander/ros2_foxy/install/dynamixel_sdk_examples/share/dynamixel_sdk_examples/environment/path.dsv
[0.842s] -- Up-to-date symlink: /home/alexander/ros2_foxy/install/dynamixel_sdk_examples/share/dynamixel_sdk_examples/local_setup.bash
[0.842s] -- Up-to-date symlink: /home/alexander/ros2_foxy/install/dynamixel_sdk_examples/share/dynamixel_sdk_examples/local_setup.sh
[0.843s] -- Up-to-date symlink: /home/alexander/ros2_foxy/install/dynamixel_sdk_examples/share/dynamixel_sdk_examples/local_setup.zsh
[0.843s] -- Up-to-date symlink: /home/alexander/ros2_foxy/install/dynamixel_sdk_examples/share/dynamixel_sdk_examples/local_setup.dsv
[0.844s] -- Symlinking: /home/alexander/ros2_foxy/install/dynamixel_sdk_examples/share/dynamixel_sdk_examples/package.dsv
[0.855s] -- Up-to-date symlink: /home/alexander/ros2_foxy/install/dynamixel_sdk_examples/share/ament_index/resource_index/packages/dynamixel_sdk_examples
[0.855s] -- Up-to-date symlink: /home/alexander/ros2_foxy/install/dynamixel_sdk_examples/share/dynamixel_sdk_examples/cmake/dynamixel_sdk_examplesConfig.cmake
[0.856s] -- Up-to-date symlink: /home/alexander/ros2_foxy/install/dynamixel_sdk_examples/share/dynamixel_sdk_examples/cmake/dynamixel_sdk_examplesConfig-version.cmake
[0.856s] -- Up-to-date symlink: /home/alexander/ros2_foxy/install/dynamixel_sdk_examples/share/dynamixel_sdk_examples/package.xml
[0.859s] Invoked command in '/home/alexander/ros2_foxy/build/dynamixel_sdk_examples' returned '0': CMAKE_PREFIX_PATH=/home/alexander/ros2_foxy/install/dynamixel_sdk_custom_interfaces:/home/alexander/ros2_foxy/install/dynamixel_sdk:/home/alexander/ros2_foxy/install/dynamixel_sdk_examples:/opt/ros/foxy /usr/bin/cmake --install /home/alexander/ros2_foxy/build/dynamixel_sdk_examples
