[0.019s] Invoking command in '/home/alexander/ros2_foxy/build/dynamixel_sdk_examples': CMAKE_PREFIX_PATH=/home/alexander/ros2_foxy/install/dynamixel_sdk_custom_interfaces:/home/alexander/ros2_foxy/install/dynamixel_sdk:/home/alexander/ros2_foxy/install/dynamixel_sdk_examples:/opt/ros/foxy /usr/bin/cmake --build /home/alexander/ros2_foxy/build/dynamixel_sdk_examples -- -j16 -l16
[0.066s] -- Found ament_cmake: 0.9.12 (/opt/ros/foxy/share/ament_cmake/cmake)
[0.096s] -- Using PYTHON_EXECUTABLE: /usr/bin/python3
[0.228s] -- Override CMake install command with custom implementation using symlinks instead of copying resources
[0.252s] -- Found dynamixel_sdk: 3.7.40 (/home/alexander/ros2_foxy/install/dynamixel_sdk/share/dynamixel_sdk/cmake)
[0.254s] -- Found dynamixel_sdk_custom_interfaces: 3.7.40 (/home/alexander/ros2_foxy/install/dynamixel_sdk_custom_interfaces/share/dynamixel_sdk_custom_interfaces/cmake)
[0.291s] -- Using all available rosidl_typesupport_c: rosidl_typesupport_fastrtps_c;rosidl_typesupport_introspection_c
[0.296s] -- Found rosidl_adapter: 1.3.1 (/opt/ros/foxy/share/rosidl_adapter/cmake)
[0.412s] -- Using all available rosidl_typesupport_cpp: rosidl_typesupport_fastrtps_cpp;rosidl_typesupport_introspection_cpp
[0.458s] -- Found rclcpp: 2.4.3 (/opt/ros/foxy/share/rclcpp/cmake)
[0.505s] -- Found rmw_implementation_cmake: 1.0.4 (/opt/ros/foxy/share/rmw_implementation_cmake/cmake)
[0.508s] -- Using RMW implementation 'rmw_fastrtps_cpp' as default
[0.637s] -- Found rclpy: 1.0.13 (/opt/ros/foxy/share/rclpy/cmake)
[0.643s] -- Found ament_lint_auto: 0.9.8 (/opt/ros/foxy/share/ament_lint_auto/cmake)
[0.726s] -- Added test 'copyright' to check source files copyright and LICENSE
[0.729s] -- Added test 'cppcheck' to perform static code analysis on C / C++ code
[0.729s] -- Configured cppcheck include dirs: /home/alexander/ros2_foxy/src/DynamixelSDK/dynamixel_sdk_examples/include
[0.729s] -- Configured cppcheck exclude dirs and/or files: 
[0.730s] -- Added test 'cpplint' to check C / C++ code against the Google style
[0.730s] -- Configured cpplint exclude dirs and/or files: 
[0.730s] -- Added test 'flake8' to check Python code syntax and style conventions
[0.731s] -- Added test 'lint_cmake' to check CMake code style
[0.732s] -- Added test 'pep257' to check Python code against some of the style conventions in PEP 257
[0.732s] -- Added test 'uncrustify' to check C / C++ code style
[0.733s] -- Configured uncrustify additional arguments: 
[0.733s] -- Added test 'xmllint' to check XML markup files
[0.737s] -- Configuring done
[0.766s] -- Generating done
[0.773s] -- Build files have been written to: /home/alexander/ros2_foxy/build/dynamixel_sdk_examples
[0.831s] [ 20%] Built target motor_controller
[0.831s] [ 60%] Built target cross_drawer
[0.831s] [ 60%] Built target draw_digit
[0.834s] [ 80%] Built target digit_publisher
[0.835s] [100%] Built target read_write_node
[0.842s] Invoked command in '/home/alexander/ros2_foxy/build/dynamixel_sdk_examples' returned '0': CMAKE_PREFIX_PATH=/home/alexander/ros2_foxy/install/dynamixel_sdk_custom_interfaces:/home/alexander/ros2_foxy/install/dynamixel_sdk:/home/alexander/ros2_foxy/install/dynamixel_sdk_examples:/opt/ros/foxy /usr/bin/cmake --build /home/alexander/ros2_foxy/build/dynamixel_sdk_examples -- -j16 -l16
[0.844s] Invoking command in '/home/alexander/ros2_foxy/build/dynamixel_sdk_examples': CMAKE_PREFIX_PATH=/home/alexander/ros2_foxy/install/dynamixel_sdk_custom_interfaces:/home/alexander/ros2_foxy/install/dynamixel_sdk:/home/alexander/ros2_foxy/install/dynamixel_sdk_examples:/opt/ros/foxy /usr/bin/cmake --install /home/alexander/ros2_foxy/build/dynamixel_sdk_examples
[0.853s] -- Install configuration: ""
[0.853s] -- Execute custom install script
[0.855s] -- Up-to-date symlink: /home/alexander/ros2_foxy/install/dynamixel_sdk_examples/lib/dynamixel_sdk_examples/scripts/pythonpublisher.py
[0.855s] -- Up-to-date symlink: /home/alexander/ros2_foxy/install/dynamixel_sdk_examples/lib/dynamixel_sdk_examples/read_write_node
[0.856s] -- Up-to-date symlink: /home/alexander/ros2_foxy/install/dynamixel_sdk_examples/lib/dynamixel_sdk_examples/motor_controller
[0.856s] -- Up-to-date symlink: /home/alexander/ros2_foxy/install/dynamixel_sdk_examples/lib/dynamixel_sdk_examples/draw_digit
[0.857s] -- Up-to-date symlink: /home/alexander/ros2_foxy/install/dynamixel_sdk_examples/lib/dynamixel_sdk_examples/digit_publisher
[0.857s] -- Up-to-date symlink: /home/alexander/ros2_foxy/install/dynamixel_sdk_examples/lib/dynamixel_sdk_examples/cross_drawer
[0.858s] -- Up-to-date symlink: /home/alexander/ros2_foxy/install/dynamixel_sdk_examples/include//read_write_node.hpp
[0.858s] -- Up-to-date symlink: /home/alexander/ros2_foxy/install/dynamixel_sdk_examples/share/ament_index/resource_index/package_run_dependencies/dynamixel_sdk_examples
[0.859s] -- Up-to-date symlink: /home/alexander/ros2_foxy/install/dynamixel_sdk_examples/share/ament_index/resource_index/parent_prefix_path/dynamixel_sdk_examples
[0.859s] -- Up-to-date symlink: /home/alexander/ros2_foxy/install/dynamixel_sdk_examples/share/dynamixel_sdk_examples/environment/ament_prefix_path.sh
[0.859s] -- Up-to-date symlink: /home/alexander/ros2_foxy/install/dynamixel_sdk_examples/share/dynamixel_sdk_examples/environment/ament_prefix_path.dsv
[0.860s] -- Up-to-date symlink: /home/alexander/ros2_foxy/install/dynamixel_sdk_examples/share/dynamixel_sdk_examples/environment/path.sh
[0.860s] -- Up-to-date symlink: /home/alexander/ros2_foxy/install/dynamixel_sdk_examples/share/dynamixel_sdk_examples/environment/path.dsv
[0.860s] -- Up-to-date symlink: /home/alexander/ros2_foxy/install/dynamixel_sdk_examples/share/dynamixel_sdk_examples/local_setup.bash
[0.861s] -- Up-to-date symlink: /home/alexander/ros2_foxy/install/dynamixel_sdk_examples/share/dynamixel_sdk_examples/local_setup.sh
[0.861s] -- Up-to-date symlink: /home/alexander/ros2_foxy/install/dynamixel_sdk_examples/share/dynamixel_sdk_examples/local_setup.zsh
[0.861s] -- Up-to-date symlink: /home/alexander/ros2_foxy/install/dynamixel_sdk_examples/share/dynamixel_sdk_examples/local_setup.dsv
[0.861s] -- Symlinking: /home/alexander/ros2_foxy/install/dynamixel_sdk_examples/share/dynamixel_sdk_examples/package.dsv
[0.874s] -- Up-to-date symlink: /home/alexander/ros2_foxy/install/dynamixel_sdk_examples/share/ament_index/resource_index/packages/dynamixel_sdk_examples
[0.875s] -- Up-to-date symlink: /home/alexander/ros2_foxy/install/dynamixel_sdk_examples/share/dynamixel_sdk_examples/cmake/dynamixel_sdk_examplesConfig.cmake
[0.875s] -- Up-to-date symlink: /home/alexander/ros2_foxy/install/dynamixel_sdk_examples/share/dynamixel_sdk_examples/cmake/dynamixel_sdk_examplesConfig-version.cmake
[0.876s] -- Up-to-date symlink: /home/alexander/ros2_foxy/install/dynamixel_sdk_examples/share/dynamixel_sdk_examples/package.xml
[0.880s] Invoked command in '/home/alexander/ros2_foxy/build/dynamixel_sdk_examples' returned '0': CMAKE_PREFIX_PATH=/home/alexander/ros2_foxy/install/dynamixel_sdk_custom_interfaces:/home/alexander/ros2_foxy/install/dynamixel_sdk:/home/alexander/ros2_foxy/install/dynamixel_sdk_examples:/opt/ros/foxy /usr/bin/cmake --install /home/alexander/ros2_foxy/build/dynamixel_sdk_examples
