[1.404s] DEBUG:colcon:Command line arguments: ['/usr/bin/colcon', 'build']
[1.405s] DEBUG:colcon:Parsed command line arguments: Namespace(allow_overriding=[], ament_cmake_args=None, base_paths=['.'], build_base='build', catkin_cmake_args=None, catkin_skip_building_tests=False, cmake_args=None, cmake_clean_cache=False, cmake_clean_first=False, cmake_force_configure=False, cmake_target=None, cmake_target_skip_unavailable=False, continue_on_error=False, event_handlers=None, executor='parallel', ignore_user_meta=False, install_base='install', log_base=None, log_level=None, main=<bound method BuildVerb.main of <colcon_core.verb.build.BuildVerb object at 0xffffa1d010d0>>, merge_install=False, metas=['./colcon.meta'], packages_above=None, packages_above_and_dependencies=None, packages_above_depth=None, packages_end=None, packages_ignore=None, packages_ignore_regex=None, packages_select=None, packages_select_build_failed=False, packages_select_by_dep=None, packages_select_regex=None, packages_select_test_failures=False, packages_skip=None, packages_skip_build_finished=False, packages_skip_by_dep=None, packages_skip_regex=None, packages_skip_test_passed=False, packages_skip_up_to=None, packages_start=None, packages_up_to=None, packages_up_to_regex=None, parallel_workers=4, paths=None, symlink_install=False, test_result_base=None, verb_extension=<colcon_core.verb.build.BuildVerb object at 0xffffa1d010d0>, verb_name='build', verb_parser=<colcon_defaults.argument_parser.defaults.DefaultArgumentsDecorator object at 0xffffa1d01550>)
[2.006s] Level 1:colcon.colcon_core.package_discovery:discover_packages(colcon_meta) check parameters
[2.007s] Level 1:colcon.colcon_core.package_discovery:discover_packages(recursive) check parameters
[2.007s] Level 1:colcon.colcon_core.package_discovery:discover_packages(ignore) check parameters
[2.007s] Level 1:colcon.colcon_core.package_discovery:discover_packages(path) check parameters
[2.008s] Level 1:colcon.colcon_core.package_discovery:discover_packages(colcon_meta) discover
[2.008s] Level 1:colcon.colcon_core.package_discovery:discover_packages(recursive) discover
[2.009s] INFO:colcon.colcon_core.package_discovery:Crawling recursively for packages in '/home/mp4d/ros2_ws'
[2.009s] Level 1:colcon.colcon_core.package_identification:_identify(.) by extensions ['ignore', 'ignore_ament_install']
[2.010s] Level 1:colcon.colcon_core.package_identification:_identify(.) by extension 'ignore'
[2.011s] Level 1:colcon.colcon_core.package_identification:_identify(.) by extension 'ignore_ament_install'
[2.011s] Level 1:colcon.colcon_core.package_identification:_identify(.) by extensions ['colcon_pkg']
[2.011s] Level 1:colcon.colcon_core.package_identification:_identify(.) by extension 'colcon_pkg'
[2.012s] Level 1:colcon.colcon_core.package_identification:_identify(.) by extensions ['colcon_meta']
[2.012s] Level 1:colcon.colcon_core.package_identification:_identify(.) by extension 'colcon_meta'
[2.012s] Level 1:colcon.colcon_core.package_identification:_identify(.) by extensions ['ros']
[2.012s] Level 1:colcon.colcon_core.package_identification:_identify(.) by extension 'ros'
[2.039s] Level 1:colcon.colcon_core.package_identification:_identify(.) by extensions ['cmake', 'python']
[2.040s] Level 1:colcon.colcon_core.package_identification:_identify(.) by extension 'cmake'
[2.040s] Level 1:colcon.colcon_core.package_identification:_identify(.) by extension 'python'
[2.040s] Level 1:colcon.colcon_core.package_identification:_identify(.) by extensions ['python_setup_py']
[2.041s] Level 1:colcon.colcon_core.package_identification:_identify(.) by extension 'python_setup_py'
[2.042s] Level 1:colcon.colcon_core.package_identification:_identify(build) by extensions ['ignore', 'ignore_ament_install']
[2.042s] Level 1:colcon.colcon_core.package_identification:_identify(build) by extension 'ignore'
[2.043s] Level 1:colcon.colcon_core.package_identification:_identify(build) ignored
[2.043s] Level 1:colcon.colcon_core.package_identification:_identify(install) by extensions ['ignore', 'ignore_ament_install']
[2.044s] Level 1:colcon.colcon_core.package_identification:_identify(install) by extension 'ignore'
[2.044s] Level 1:colcon.colcon_core.package_identification:_identify(install) ignored
[2.045s] Level 1:colcon.colcon_core.package_identification:_identify(log) by extensions ['ignore', 'ignore_ament_install']
[2.046s] Level 1:colcon.colcon_core.package_identification:_identify(log) by extension 'ignore'
[2.046s] Level 1:colcon.colcon_core.package_identification:_identify(log) ignored
[2.047s] Level 1:colcon.colcon_core.package_identification:_identify(src) by extensions ['ignore', 'ignore_ament_install']
[2.047s] Level 1:colcon.colcon_core.package_identification:_identify(src) by extension 'ignore'
[2.048s] Level 1:colcon.colcon_core.package_identification:_identify(src) by extension 'ignore_ament_install'
[2.048s] Level 1:colcon.colcon_core.package_identification:_identify(src) by extensions ['colcon_pkg']
[2.049s] Level 1:colcon.colcon_core.package_identification:_identify(src) by extension 'colcon_pkg'
[2.049s] Level 1:colcon.colcon_core.package_identification:_identify(src) by extensions ['colcon_meta']
[2.049s] Level 1:colcon.colcon_core.package_identification:_identify(src) by extension 'colcon_meta'
[2.049s] Level 1:colcon.colcon_core.package_identification:_identify(src) by extensions ['ros']
[2.050s] Level 1:colcon.colcon_core.package_identification:_identify(src) by extension 'ros'
[2.050s] Level 1:colcon.colcon_core.package_identification:_identify(src) by extensions ['cmake', 'python']
[2.051s] Level 1:colcon.colcon_core.package_identification:_identify(src) by extension 'cmake'
[2.051s] Level 1:colcon.colcon_core.package_identification:_identify(src) by extension 'python'
[2.051s] Level 1:colcon.colcon_core.package_identification:_identify(src) by extensions ['python_setup_py']
[2.051s] Level 1:colcon.colcon_core.package_identification:_identify(src) by extension 'python_setup_py'
[2.052s] Level 1:colcon.colcon_core.package_identification:_identify(src/image_processor) by extensions ['ignore', 'ignore_ament_install']
[2.053s] Level 1:colcon.colcon_core.package_identification:_identify(src/image_processor) by extension 'ignore'
[2.053s] Level 1:colcon.colcon_core.package_identification:_identify(src/image_processor) by extension 'ignore_ament_install'
[2.054s] Level 1:colcon.colcon_core.package_identification:_identify(src/image_processor) by extensions ['colcon_pkg']
[2.054s] Level 1:colcon.colcon_core.package_identification:_identify(src/image_processor) by extension 'colcon_pkg'
[2.054s] Level 1:colcon.colcon_core.package_identification:_identify(src/image_processor) by extensions ['colcon_meta']
[2.054s] Level 1:colcon.colcon_core.package_identification:_identify(src/image_processor) by extension 'colcon_meta'
[2.055s] Level 1:colcon.colcon_core.package_identification:_identify(src/image_processor) by extensions ['ros']
[2.055s] Level 1:colcon.colcon_core.package_identification:_identify(src/image_processor) by extension 'ros'
[2.075s] DEBUG:colcon.colcon_core.package_identification:Package 'src/image_processor' with type 'ros.catkin' and name 'image_processor'
[2.077s] Level 1:colcon.colcon_core.package_identification:_identify(src/project_ros2_pkg) by extensions ['ignore', 'ignore_ament_install']
[2.078s] Level 1:colcon.colcon_core.package_identification:_identify(src/project_ros2_pkg) by extension 'ignore'
[2.078s] Level 1:colcon.colcon_core.package_identification:_identify(src/project_ros2_pkg) by extension 'ignore_ament_install'
[2.079s] Level 1:colcon.colcon_core.package_identification:_identify(src/project_ros2_pkg) by extensions ['colcon_pkg']
[2.079s] Level 1:colcon.colcon_core.package_identification:_identify(src/project_ros2_pkg) by extension 'colcon_pkg'
[2.079s] Level 1:colcon.colcon_core.package_identification:_identify(src/project_ros2_pkg) by extensions ['colcon_meta']
[2.079s] Level 1:colcon.colcon_core.package_identification:_identify(src/project_ros2_pkg) by extension 'colcon_meta'
[2.080s] Level 1:colcon.colcon_core.package_identification:_identify(src/project_ros2_pkg) by extensions ['ros']
[2.080s] Level 1:colcon.colcon_core.package_identification:_identify(src/project_ros2_pkg) by extension 'ros'
[2.088s] DEBUG:colcon.colcon_core.package_identification:Package 'src/project_ros2_pkg' with type 'ros.ament_cmake' and name 'project_ros2_pkg'
[2.090s] Level 1:colcon.colcon_core.package_identification:_identify(src/ros2) by extensions ['ignore', 'ignore_ament_install']
[2.091s] Level 1:colcon.colcon_core.package_identification:_identify(src/ros2) by extension 'ignore'
[2.091s] Level 1:colcon.colcon_core.package_identification:_identify(src/ros2) by extension 'ignore_ament_install'
[2.091s] Level 1:colcon.colcon_core.package_identification:_identify(src/ros2) by extensions ['colcon_pkg']
[2.092s] Level 1:colcon.colcon_core.package_identification:_identify(src/ros2) by extension 'colcon_pkg'
[2.092s] Level 1:colcon.colcon_core.package_identification:_identify(src/ros2) by extensions ['colcon_meta']
[2.092s] Level 1:colcon.colcon_core.package_identification:_identify(src/ros2) by extension 'colcon_meta'
[2.093s] Level 1:colcon.colcon_core.package_identification:_identify(src/ros2) by extensions ['ros']
[2.093s] Level 1:colcon.colcon_core.package_identification:_identify(src/ros2) by extension 'ros'
[2.093s] Level 1:colcon.colcon_core.package_identification:_identify(src/ros2) by extensions ['cmake', 'python']
[2.094s] Level 1:colcon.colcon_core.package_identification:_identify(src/ros2) by extension 'cmake'
[2.094s] Level 1:colcon.colcon_core.package_identification:_identify(src/ros2) by extension 'python'
[2.094s] Level 1:colcon.colcon_core.package_identification:_identify(src/ros2) by extensions ['python_setup_py']
[2.094s] Level 1:colcon.colcon_core.package_identification:_identify(src/ros2) by extension 'python_setup_py'
[2.095s] Level 1:colcon.colcon_core.package_identification:_identify(src/ros2/cross_compile) by extensions ['ignore', 'ignore_ament_install']
[2.096s] Level 1:colcon.colcon_core.package_identification:_identify(src/ros2/cross_compile) by extension 'ignore'
[2.096s] Level 1:colcon.colcon_core.package_identification:_identify(src/ros2/cross_compile) by extension 'ignore_ament_install'
[2.097s] Level 1:colcon.colcon_core.package_identification:_identify(src/ros2/cross_compile) by extensions ['colcon_pkg']
[2.097s] Level 1:colcon.colcon_core.package_identification:_identify(src/ros2/cross_compile) by extension 'colcon_pkg'
[2.097s] Level 1:colcon.colcon_core.package_identification:_identify(src/ros2/cross_compile) by extensions ['colcon_meta']
[2.097s] Level 1:colcon.colcon_core.package_identification:_identify(src/ros2/cross_compile) by extension 'colcon_meta'
[2.098s] Level 1:colcon.colcon_core.package_identification:_identify(src/ros2/cross_compile) by extensions ['ros']
[2.098s] Level 1:colcon.colcon_core.package_identification:_identify(src/ros2/cross_compile) by extension 'ros'
[2.099s] Level 1:colcon.colcon_core.package_identification:_identify(src/ros2/cross_compile) by extensions ['cmake', 'python']
[2.099s] Level 1:colcon.colcon_core.package_identification:_identify(src/ros2/cross_compile) by extension 'cmake'
[2.099s] Level 1:colcon.colcon_core.package_identification:_identify(src/ros2/cross_compile) by extension 'python'
[2.099s] Level 1:colcon.colcon_core.package_identification:_identify(src/ros2/cross_compile) by extensions ['python_setup_py']
[2.100s] Level 1:colcon.colcon_core.package_identification:_identify(src/ros2/cross_compile) by extension 'python_setup_py'
[2.100s] Level 1:colcon.colcon_core.package_identification:_identify(src/ros2/cross_compile/cmake-toolchains) by extensions ['ignore', 'ignore_ament_install']
[2.101s] Level 1:colcon.colcon_core.package_identification:_identify(src/ros2/cross_compile/cmake-toolchains) by extension 'ignore'
[2.101s] Level 1:colcon.colcon_core.package_identification:_identify(src/ros2/cross_compile/cmake-toolchains) by extension 'ignore_ament_install'
[2.102s] Level 1:colcon.colcon_core.package_identification:_identify(src/ros2/cross_compile/cmake-toolchains) by extensions ['colcon_pkg']
[2.102s] Level 1:colcon.colcon_core.package_identification:_identify(src/ros2/cross_compile/cmake-toolchains) by extension 'colcon_pkg'
[2.102s] Level 1:colcon.colcon_core.package_identification:_identify(src/ros2/cross_compile/cmake-toolchains) by extensions ['colcon_meta']
[2.103s] Level 1:colcon.colcon_core.package_identification:_identify(src/ros2/cross_compile/cmake-toolchains) by extension 'colcon_meta'
[2.103s] Level 1:colcon.colcon_core.package_identification:_identify(src/ros2/cross_compile/cmake-toolchains) by extensions ['ros']
[2.103s] Level 1:colcon.colcon_core.package_identification:_identify(src/ros2/cross_compile/cmake-toolchains) by extension 'ros'
[2.104s] Level 1:colcon.colcon_core.package_identification:_identify(src/ros2/cross_compile/cmake-toolchains) by extensions ['cmake', 'python']
[2.104s] Level 1:colcon.colcon_core.package_identification:_identify(src/ros2/cross_compile/cmake-toolchains) by extension 'cmake'
[2.104s] Level 1:colcon.colcon_core.package_identification:_identify(src/ros2/cross_compile/cmake-toolchains) by extension 'python'
[2.105s] Level 1:colcon.colcon_core.package_identification:_identify(src/ros2/cross_compile/cmake-toolchains) by extensions ['python_setup_py']
[2.105s] Level 1:colcon.colcon_core.package_identification:_identify(src/ros2/cross_compile/cmake-toolchains) by extension 'python_setup_py'
[2.106s] Level 1:colcon.colcon_core.package_identification:_identify(src/ros2/cross_compile/sysroot) by extensions ['ignore', 'ignore_ament_install']
[2.106s] Level 1:colcon.colcon_core.package_identification:_identify(src/ros2/cross_compile/sysroot) by extension 'ignore'
[2.107s] Level 1:colcon.colcon_core.package_identification:_identify(src/ros2/cross_compile/sysroot) by extension 'ignore_ament_install'
[2.107s] Level 1:colcon.colcon_core.package_identification:_identify(src/ros2/cross_compile/sysroot) by extensions ['colcon_pkg']
[2.107s] Level 1:colcon.colcon_core.package_identification:_identify(src/ros2/cross_compile/sysroot) by extension 'colcon_pkg'
[2.108s] Level 1:colcon.colcon_core.package_identification:_identify(src/ros2/cross_compile/sysroot) by extensions ['colcon_meta']
[2.108s] Level 1:colcon.colcon_core.package_identification:_identify(src/ros2/cross_compile/sysroot) by extension 'colcon_meta'
[2.108s] Level 1:colcon.colcon_core.package_identification:_identify(src/ros2/cross_compile/sysroot) by extensions ['ros']
[2.108s] Level 1:colcon.colcon_core.package_identification:_identify(src/ros2/cross_compile/sysroot) by extension 'ros'
[2.109s] Level 1:colcon.colcon_core.package_identification:_identify(src/ros2/cross_compile/sysroot) by extensions ['cmake', 'python']
[2.109s] Level 1:colcon.colcon_core.package_identification:_identify(src/ros2/cross_compile/sysroot) by extension 'cmake'
[2.110s] Level 1:colcon.colcon_core.package_identification:_identify(src/ros2/cross_compile/sysroot) by extension 'python'
[2.110s] Level 1:colcon.colcon_core.package_identification:_identify(src/ros2/cross_compile/sysroot) by extensions ['python_setup_py']
[2.110s] Level 1:colcon.colcon_core.package_identification:_identify(src/ros2/cross_compile/sysroot) by extension 'python_setup_py'
[2.110s] Level 1:colcon.colcon_core.package_discovery:discover_packages(recursive) using defaults
[2.111s] Level 1:colcon.colcon_core.package_discovery:discover_packages(ignore) discover
[2.111s] Level 1:colcon.colcon_core.package_discovery:discover_packages(ignore) using defaults
[2.111s] Level 1:colcon.colcon_core.package_discovery:discover_packages(path) discover
[2.111s] Level 1:colcon.colcon_core.package_discovery:discover_packages(path) using defaults
[2.308s] Level 1:colcon.colcon_core.package_discovery:discover_packages(prefix_path) check parameters
[2.309s] Level 1:colcon.colcon_core.package_discovery:discover_packages(prefix_path) discover
[2.325s] DEBUG:colcon.colcon_installed_package_information.package_discovery:Found 2 installed packages in /home/mp4d/ros2_ws/install
[2.337s] DEBUG:colcon.colcon_installed_package_information.package_discovery:Found 188 installed packages in /opt/ros/foxy
[2.349s] Level 1:colcon.colcon_core.package_discovery:discover_packages(prefix_path) using defaults
[2.659s] Level 5:colcon.colcon_core.verb:set package 'image_processor' build argument 'cmake_args' from command line to 'None'
[2.660s] Level 5:colcon.colcon_core.verb:set package 'image_processor' build argument 'cmake_target' from command line to 'None'
[2.660s] Level 5:colcon.colcon_core.verb:set package 'image_processor' build argument 'cmake_target_skip_unavailable' from command line to 'False'
[2.660s] Level 5:colcon.colcon_core.verb:set package 'image_processor' build argument 'cmake_clean_cache' from command line to 'False'
[2.661s] Level 5:colcon.colcon_core.verb:set package 'image_processor' build argument 'cmake_clean_first' from command line to 'False'
[2.661s] Level 5:colcon.colcon_core.verb:set package 'image_processor' build argument 'cmake_force_configure' from command line to 'False'
[2.661s] Level 5:colcon.colcon_core.verb:set package 'image_processor' build argument 'ament_cmake_args' from command line to 'None'
[2.661s] Level 5:colcon.colcon_core.verb:set package 'image_processor' build argument 'catkin_cmake_args' from command line to 'None'
[2.661s] Level 5:colcon.colcon_core.verb:set package 'image_processor' build argument 'catkin_skip_building_tests' from command line to 'False'
[2.662s] DEBUG:colcon.colcon_core.verb:Building package 'image_processor' with the following arguments: {'ament_cmake_args': None, 'build_base': '/home/mp4d/ros2_ws/build/image_processor', 'catkin_cmake_args': None, 'catkin_skip_building_tests': False, 'cmake_args': None, 'cmake_clean_cache': False, 'cmake_clean_first': False, 'cmake_force_configure': False, 'cmake_target': None, 'cmake_target_skip_unavailable': False, 'install_base': '/home/mp4d/ros2_ws/install/image_processor', 'merge_install': False, 'path': '/home/mp4d/ros2_ws/src/image_processor', 'symlink_install': False, 'test_result_base': None}
[2.665s] Level 5:colcon.colcon_core.verb:set package 'project_ros2_pkg' build argument 'cmake_args' from command line to 'None'
[2.665s] Level 5:colcon.colcon_core.verb:set package 'project_ros2_pkg' build argument 'cmake_target' from command line to 'None'
[2.666s] Level 5:colcon.colcon_core.verb:set package 'project_ros2_pkg' build argument 'cmake_target_skip_unavailable' from command line to 'False'
[2.666s] Level 5:colcon.colcon_core.verb:set package 'project_ros2_pkg' build argument 'cmake_clean_cache' from command line to 'False'
[2.666s] Level 5:colcon.colcon_core.verb:set package 'project_ros2_pkg' build argument 'cmake_clean_first' from command line to 'False'
[2.666s] Level 5:colcon.colcon_core.verb:set package 'project_ros2_pkg' build argument 'cmake_force_configure' from command line to 'False'
[2.666s] Level 5:colcon.colcon_core.verb:set package 'project_ros2_pkg' build argument 'ament_cmake_args' from command line to 'None'
[2.667s] Level 5:colcon.colcon_core.verb:set package 'project_ros2_pkg' build argument 'catkin_cmake_args' from command line to 'None'
[2.667s] Level 5:colcon.colcon_core.verb:set package 'project_ros2_pkg' build argument 'catkin_skip_building_tests' from command line to 'False'
[2.667s] DEBUG:colcon.colcon_core.verb:Building package 'project_ros2_pkg' with the following arguments: {'ament_cmake_args': None, 'build_base': '/home/mp4d/ros2_ws/build/project_ros2_pkg', 'catkin_cmake_args': None, 'catkin_skip_building_tests': False, 'cmake_args': None, 'cmake_clean_cache': False, 'cmake_clean_first': False, 'cmake_force_configure': False, 'cmake_target': None, 'cmake_target_skip_unavailable': False, 'install_base': '/home/mp4d/ros2_ws/install/project_ros2_pkg', 'merge_install': False, 'path': '/home/mp4d/ros2_ws/src/project_ros2_pkg', 'symlink_install': False, 'test_result_base': None}
[2.668s] INFO:colcon.colcon_core.executor:Executing jobs using 'parallel' executor
[2.676s] DEBUG:colcon.colcon_parallel_executor.executor.parallel:run_until_complete
[2.679s] INFO:colcon.colcon_ros.task.catkin.build:Building ROS package in '/home/mp4d/ros2_ws/src/image_processor' with build type 'catkin'
[2.680s] INFO:colcon.colcon_cmake.task.cmake.build:Building CMake package in '/home/mp4d/ros2_ws/src/image_processor'
[2.694s] INFO:colcon.colcon_core.plugin_system:Skipping extension 'colcon_core.shell.bat': Not used on non-Windows systems
[2.696s] INFO:colcon.colcon_core.shell:Skip shell extension 'powershell' for command environment: Not usable outside of PowerShell
[2.696s] DEBUG:colcon.colcon_core.shell:Skip shell extension 'dsv' for command environment
[2.735s] INFO:colcon.colcon_ros.task.ament_cmake.build:Building ROS package in '/home/mp4d/ros2_ws/src/project_ros2_pkg' with build type 'ament_cmake'
[2.737s] INFO:colcon.colcon_cmake.task.cmake.build:Building CMake package in '/home/mp4d/ros2_ws/src/project_ros2_pkg'
[2.741s] INFO:colcon.colcon_core.shell:Skip shell extension 'powershell' for command environment: Not usable outside of PowerShell
[2.742s] DEBUG:colcon.colcon_core.shell:Skip shell extension 'dsv' for command environment
[2.810s] DEBUG:colcon.colcon_core.event_handler.log_command:Invoking command in '/home/mp4d/ros2_ws/build/image_processor': /usr/bin/cmake --build /home/mp4d/ros2_ws/build/image_processor -- -j4 -l4
[2.869s] DEBUG:colcon.colcon_core.event_handler.log_command:Invoking command in '/home/mp4d/ros2_ws/build/project_ros2_pkg': CMAKE_PREFIX_PATH=/home/mp4d/ros2_ws/install/image_processor:/opt/ros/foxy /usr/bin/cmake --build /home/mp4d/ros2_ws/build/project_ros2_pkg -- -j4 -l4
[3.483s] DEBUG:colcon.colcon_core.event_handler.log_command:Invoked command in '/home/mp4d/ros2_ws/build/project_ros2_pkg' returned '0': CMAKE_PREFIX_PATH=/home/mp4d/ros2_ws/install/image_processor:/opt/ros/foxy /usr/bin/cmake --build /home/mp4d/ros2_ws/build/project_ros2_pkg -- -j4 -l4
[3.872s] DEBUG:colcon.colcon_core.event_handler.log_command:Invoking command in '/home/mp4d/ros2_ws/build/project_ros2_pkg': CMAKE_PREFIX_PATH=/home/mp4d/ros2_ws/install/image_processor:/opt/ros/foxy /usr/bin/cmake --install /home/mp4d/ros2_ws/build/project_ros2_pkg
[3.972s] Level 1:colcon.colcon_core.environment:create_environment_scripts_only(project_ros2_pkg)
[4.039s] DEBUG:colcon.colcon_core.event_handler.log_command:Invoked command in '/home/mp4d/ros2_ws/build/project_ros2_pkg' returned '0': CMAKE_PREFIX_PATH=/home/mp4d/ros2_ws/install/image_processor:/opt/ros/foxy /usr/bin/cmake --install /home/mp4d/ros2_ws/build/project_ros2_pkg
[4.051s] Level 1:colcon.colcon_core.environment:checking '/home/mp4d/ros2_ws/install/project_ros2_pkg' for CMake module files
[4.057s] Level 1:colcon.colcon_core.environment:checking '/home/mp4d/ros2_ws/install/project_ros2_pkg' for CMake config files
[4.058s] Level 1:colcon.colcon_core.shell:create_environment_hook('project_ros2_pkg', 'cmake_prefix_path')
[4.062s] INFO:colcon.colcon_core.shell:Creating environment hook '/home/mp4d/ros2_ws/install/project_ros2_pkg/share/project_ros2_pkg/hook/cmake_prefix_path.ps1'
[4.076s] INFO:colcon.colcon_core.shell:Creating environment descriptor '/home/mp4d/ros2_ws/install/project_ros2_pkg/share/project_ros2_pkg/hook/cmake_prefix_path.dsv'
[4.087s] INFO:colcon.colcon_core.shell:Creating environment hook '/home/mp4d/ros2_ws/install/project_ros2_pkg/share/project_ros2_pkg/hook/cmake_prefix_path.sh'
[4.106s] Level 1:colcon.colcon_core.environment:checking '/home/mp4d/ros2_ws/install/project_ros2_pkg/lib'
[4.114s] Level 1:colcon.colcon_core.environment:checking '/home/mp4d/ros2_ws/install/project_ros2_pkg/bin'
[4.115s] Level 1:colcon.colcon_core.environment:checking '/home/mp4d/ros2_ws/install/project_ros2_pkg/lib/pkgconfig/project_ros2_pkg.pc'
[4.118s] Level 1:colcon.colcon_core.environment:checking '/home/mp4d/ros2_ws/install/project_ros2_pkg/lib/python3.8/site-packages'
[4.121s] Level 1:colcon.colcon_core.environment:checking '/home/mp4d/ros2_ws/install/project_ros2_pkg/bin'
[4.126s] INFO:colcon.colcon_core.shell:Creating package script '/home/mp4d/ros2_ws/install/project_ros2_pkg/share/project_ros2_pkg/package.ps1'
[4.145s] INFO:colcon.colcon_core.shell:Creating package descriptor '/home/mp4d/ros2_ws/install/project_ros2_pkg/share/project_ros2_pkg/package.dsv'
[4.156s] INFO:colcon.colcon_core.shell:Creating package script '/home/mp4d/ros2_ws/install/project_ros2_pkg/share/project_ros2_pkg/package.sh'
[4.170s] INFO:colcon.colcon_core.shell:Creating package script '/home/mp4d/ros2_ws/install/project_ros2_pkg/share/project_ros2_pkg/package.bash'
[4.190s] INFO:colcon.colcon_core.shell:Creating package script '/home/mp4d/ros2_ws/install/project_ros2_pkg/share/project_ros2_pkg/package.zsh'
[4.206s] Level 1:colcon.colcon_core.environment:create_file_with_runtime_dependencies(/home/mp4d/ros2_ws/install/project_ros2_pkg/share/colcon-core/packages/project_ros2_pkg)
[4.375s] Level 1:colcon.colcon_core.environment:create_environment_scripts_only(project_ros2_pkg)
[4.380s] Level 1:colcon.colcon_core.environment:checking '/home/mp4d/ros2_ws/install/project_ros2_pkg' for CMake module files
[4.387s] Level 1:colcon.colcon_core.environment:checking '/home/mp4d/ros2_ws/install/project_ros2_pkg' for CMake config files
[4.390s] Level 1:colcon.colcon_core.shell:create_environment_hook('project_ros2_pkg', 'cmake_prefix_path')
[4.394s] INFO:colcon.colcon_core.shell:Creating environment hook '/home/mp4d/ros2_ws/install/project_ros2_pkg/share/project_ros2_pkg/hook/cmake_prefix_path.ps1'
[4.414s] INFO:colcon.colcon_core.shell:Creating environment descriptor '/home/mp4d/ros2_ws/install/project_ros2_pkg/share/project_ros2_pkg/hook/cmake_prefix_path.dsv'
[4.443s] INFO:colcon.colcon_core.shell:Creating environment hook '/home/mp4d/ros2_ws/install/project_ros2_pkg/share/project_ros2_pkg/hook/cmake_prefix_path.sh'
[4.480s] Level 1:colcon.colcon_core.environment:checking '/home/mp4d/ros2_ws/install/project_ros2_pkg/lib'
[4.481s] Level 1:colcon.colcon_core.environment:checking '/home/mp4d/ros2_ws/install/project_ros2_pkg/bin'
[4.482s] Level 1:colcon.colcon_core.environment:checking '/home/mp4d/ros2_ws/install/project_ros2_pkg/lib/pkgconfig/project_ros2_pkg.pc'
[4.484s] Level 1:colcon.colcon_core.environment:checking '/home/mp4d/ros2_ws/install/project_ros2_pkg/lib/python3.8/site-packages'
[4.487s] Level 1:colcon.colcon_core.environment:checking '/home/mp4d/ros2_ws/install/project_ros2_pkg/bin'
[4.491s] INFO:colcon.colcon_core.shell:Creating package script '/home/mp4d/ros2_ws/install/project_ros2_pkg/share/project_ros2_pkg/package.ps1'
[4.501s] INFO:colcon.colcon_core.shell:Creating package descriptor '/home/mp4d/ros2_ws/install/project_ros2_pkg/share/project_ros2_pkg/package.dsv'
[4.520s] INFO:colcon.colcon_core.shell:Creating package script '/home/mp4d/ros2_ws/install/project_ros2_pkg/share/project_ros2_pkg/package.sh'
[4.546s] INFO:colcon.colcon_core.shell:Creating package script '/home/mp4d/ros2_ws/install/project_ros2_pkg/share/project_ros2_pkg/package.bash'
[4.558s] INFO:colcon.colcon_core.shell:Creating package script '/home/mp4d/ros2_ws/install/project_ros2_pkg/share/project_ros2_pkg/package.zsh'
[4.568s] Level 1:colcon.colcon_core.environment:create_file_with_runtime_dependencies(/home/mp4d/ros2_ws/install/project_ros2_pkg/share/colcon-core/packages/project_ros2_pkg)
[73.510s] DEBUG:colcon.colcon_core.event_handler.log_command:Invoked command in '/home/mp4d/ros2_ws/build/image_processor' returned '0': /usr/bin/cmake --build /home/mp4d/ros2_ws/build/image_processor -- -j4 -l4
[73.786s] DEBUG:colcon.colcon_core.event_handler.log_command:Invoking command in '/home/mp4d/ros2_ws/build/image_processor': /usr/bin/cmake --install /home/mp4d/ros2_ws/build/image_processor
[73.914s] DEBUG:colcon.colcon_core.event_handler.log_command:Invoked command in '/home/mp4d/ros2_ws/build/image_processor' returned '0': /usr/bin/cmake --install /home/mp4d/ros2_ws/build/image_processor
[74.098s] Level 1:colcon.colcon_core.shell:create_environment_hook('image_processor', 'ros_package_path')
[74.101s] INFO:colcon.colcon_core.shell:Creating environment hook '/home/mp4d/ros2_ws/install/image_processor/share/image_processor/hook/ros_package_path.ps1'
[74.108s] INFO:colcon.colcon_core.shell:Creating environment descriptor '/home/mp4d/ros2_ws/install/image_processor/share/image_processor/hook/ros_package_path.dsv'
[74.114s] INFO:colcon.colcon_core.shell:Creating environment hook '/home/mp4d/ros2_ws/install/image_processor/share/image_processor/hook/ros_package_path.sh'
[74.128s] Level 1:colcon.colcon_core.shell:create_environment_hook('image_processor', 'pkg_config_path')
[74.131s] INFO:colcon.colcon_core.shell:Creating environment hook '/home/mp4d/ros2_ws/install/image_processor/share/image_processor/hook/pkg_config_path.ps1'
[74.138s] INFO:colcon.colcon_core.shell:Creating environment descriptor '/home/mp4d/ros2_ws/install/image_processor/share/image_processor/hook/pkg_config_path.dsv'
[74.145s] INFO:colcon.colcon_core.shell:Creating environment hook '/home/mp4d/ros2_ws/install/image_processor/share/image_processor/hook/pkg_config_path.sh'
[74.173s] Level 1:colcon.colcon_core.shell:create_environment_hook('image_processor', 'pkg_config_path_multiarch')
[74.177s] INFO:colcon.colcon_core.shell:Creating environment hook '/home/mp4d/ros2_ws/install/image_processor/share/image_processor/hook/pkg_config_path_multiarch.ps1'
[74.184s] INFO:colcon.colcon_core.shell:Creating environment descriptor '/home/mp4d/ros2_ws/install/image_processor/share/image_processor/hook/pkg_config_path_multiarch.dsv'
[74.189s] INFO:colcon.colcon_core.shell:Creating environment hook '/home/mp4d/ros2_ws/install/image_processor/share/image_processor/hook/pkg_config_path_multiarch.sh'
[74.204s] Level 1:colcon.colcon_core.environment:create_environment_scripts_only(image_processor)
[74.207s] Level 1:colcon.colcon_core.environment:checking '/home/mp4d/ros2_ws/install/image_processor' for CMake module files
[74.211s] Level 1:colcon.colcon_core.environment:checking '/home/mp4d/ros2_ws/install/image_processor' for CMake config files
[74.212s] Level 1:colcon.colcon_core.shell:create_environment_hook('image_processor', 'cmake_prefix_path')
[74.214s] INFO:colcon.colcon_core.shell:Creating environment hook '/home/mp4d/ros2_ws/install/image_processor/share/image_processor/hook/cmake_prefix_path.ps1'
[74.220s] INFO:colcon.colcon_core.shell:Creating environment descriptor '/home/mp4d/ros2_ws/install/image_processor/share/image_processor/hook/cmake_prefix_path.dsv'
[74.226s] INFO:colcon.colcon_core.shell:Creating environment hook '/home/mp4d/ros2_ws/install/image_processor/share/image_processor/hook/cmake_prefix_path.sh'
[74.237s] Level 1:colcon.colcon_core.environment:checking '/home/mp4d/ros2_ws/install/image_processor/lib'
[74.238s] Level 1:colcon.colcon_core.environment:checking '/home/mp4d/ros2_ws/install/image_processor/bin'
[74.238s] Level 1:colcon.colcon_core.environment:checking '/home/mp4d/ros2_ws/install/image_processor/lib/pkgconfig/image_processor.pc'
[74.240s] Level 1:colcon.colcon_core.environment:checking '/home/mp4d/ros2_ws/install/image_processor/lib/python3.8/site-packages'
[74.242s] Level 1:colcon.colcon_core.environment:checking '/home/mp4d/ros2_ws/install/image_processor/bin'
[74.246s] INFO:colcon.colcon_core.shell:Creating package script '/home/mp4d/ros2_ws/install/image_processor/share/image_processor/package.ps1'
[74.256s] INFO:colcon.colcon_core.shell:Creating package descriptor '/home/mp4d/ros2_ws/install/image_processor/share/image_processor/package.dsv'
[74.265s] INFO:colcon.colcon_core.shell:Creating package script '/home/mp4d/ros2_ws/install/image_processor/share/image_processor/package.sh'
[74.272s] INFO:colcon.colcon_core.shell:Creating package script '/home/mp4d/ros2_ws/install/image_processor/share/image_processor/package.bash'
[74.279s] INFO:colcon.colcon_core.shell:Creating package script '/home/mp4d/ros2_ws/install/image_processor/share/image_processor/package.zsh'
[74.285s] Level 1:colcon.colcon_core.environment:create_file_with_runtime_dependencies(/home/mp4d/ros2_ws/install/image_processor/share/colcon-core/packages/image_processor)
[74.290s] DEBUG:colcon.colcon_parallel_executor.executor.parallel:closing loop
[74.293s] DEBUG:colcon.colcon_parallel_executor.executor.parallel:loop closed
[74.295s] DEBUG:colcon.colcon_parallel_executor.executor.parallel:run_until_complete finished with '0'
[74.299s] DEBUG:colcon.colcon_core.event_reactor:joining thread
[74.352s] INFO:colcon.colcon_core.plugin_system:Skipping extension 'colcon_notification.desktop_notification.notify_send': Could not find 'notify-send'
[74.353s] INFO:colcon.colcon_core.plugin_system:Skipping extension 'colcon_notification.desktop_notification.terminal_notifier': Not used on non-Darwin systems
[74.353s] INFO:colcon.colcon_core.plugin_system:Skipping extension 'colcon_notification.desktop_notification.win32': Not used on non-Windows systems
[74.354s] INFO:colcon.colcon_notification.desktop_notification:Sending desktop notification using 'notify2'
[74.358s] DEBUG:colcon.colcon_notification.desktop_notification.notify2:Failed to initialize notify2: org.freedesktop.DBus.Error.ServiceUnknown: The name org.freedesktop.Notifications was not provided by any .service files
[74.359s] DEBUG:colcon.colcon_core.event_reactor:joined thread
[74.363s] INFO:colcon.colcon_core.shell:Creating prefix script '/home/mp4d/ros2_ws/install/local_setup.ps1'
[74.378s] INFO:colcon.colcon_core.shell:Creating prefix util module '/home/mp4d/ros2_ws/install/_local_setup_util_ps1.py'
[74.407s] INFO:colcon.colcon_core.shell:Creating prefix chain script '/home/mp4d/ros2_ws/install/setup.ps1'
[74.424s] INFO:colcon.colcon_core.shell:Creating prefix script '/home/mp4d/ros2_ws/install/local_setup.sh'
[74.437s] INFO:colcon.colcon_core.shell:Creating prefix util module '/home/mp4d/ros2_ws/install/_local_setup_util_sh.py'
[74.446s] INFO:colcon.colcon_core.shell:Creating prefix chain script '/home/mp4d/ros2_ws/install/setup.sh'
[74.464s] INFO:colcon.colcon_core.shell:Creating prefix script '/home/mp4d/ros2_ws/install/local_setup.bash'
[74.472s] INFO:colcon.colcon_core.shell:Creating prefix chain script '/home/mp4d/ros2_ws/install/setup.bash'
[74.485s] INFO:colcon.colcon_core.shell:Creating prefix script '/home/mp4d/ros2_ws/install/local_setup.zsh'
[74.494s] INFO:colcon.colcon_core.shell:Creating prefix chain script '/home/mp4d/ros2_ws/install/setup.zsh'
