[0.015s] Invoking command in '/home/alexander/ros2_foxy/src/build/dynamixel_sdk': CMAKE_PREFIX_PATH=${CMAKE_PREFIX_PATH}:/opt/ros/foxy /usr/bin/cmake /home/alexander/ros2_foxy/src/DynamixelSDK/dynamixel_sdk -DCMAKE_INSTALL_PREFIX=/home/alexander/ros2_foxy/src/install/dynamixel_sdk
[0.030s] -- Found ament_cmake: 0.9.12 (/opt/ros/foxy/share/ament_cmake/cmake)
[0.047s] -- Using PYTHON_EXECUTABLE: /usr/bin/python3
[0.175s] -- Override CMake install command with custom implementation using symlinks instead of copying resources
[0.246s] -- Configuring done
[0.251s] -- Generating done
[0.253s] -- Build files have been written to: /home/alexander/ros2_foxy/src/build/dynamixel_sdk
[0.258s] Invoked command in '/home/alexander/ros2_foxy/src/build/dynamixel_sdk' returned '0': CMAKE_PREFIX_PATH=${CMAKE_PREFIX_PATH}:/opt/ros/foxy /usr/bin/cmake /home/alexander/ros2_foxy/src/DynamixelSDK/dynamixel_sdk -DCMAKE_INSTALL_PREFIX=/home/alexander/ros2_foxy/src/install/dynamixel_sdk
[0.259s] Invoking command in '/home/alexander/ros2_foxy/src/build/dynamixel_sdk': CMAKE_PREFIX_PATH=${CMAKE_PREFIX_PATH}:/opt/ros/foxy /usr/bin/cmake --build /home/alexander/ros2_foxy/src/build/dynamixel_sdk -- -j16 -l16
[0.317s] [100%] Built target dynamixel_sdk
[0.331s] Invoked command in '/home/alexander/ros2_foxy/src/build/dynamixel_sdk' returned '0': CMAKE_PREFIX_PATH=${CMAKE_PREFIX_PATH}:/opt/ros/foxy /usr/bin/cmake --build /home/alexander/ros2_foxy/src/build/dynamixel_sdk -- -j16 -l16
[0.346s] Invoking command in '/home/alexander/ros2_foxy/src/build/dynamixel_sdk': CMAKE_PREFIX_PATH=${CMAKE_PREFIX_PATH}:/opt/ros/foxy /usr/bin/cmake --install /home/alexander/ros2_foxy/src/build/dynamixel_sdk
[0.350s] -- Install configuration: ""
[0.350s] -- Execute custom install script
[0.351s] -- Up-to-date symlink: /home/alexander/ros2_foxy/src/install/dynamixel_sdk/include//dynamixel_sdk/dynamixel_sdk.h
[0.351s] -- Up-to-date symlink: /home/alexander/ros2_foxy/src/install/dynamixel_sdk/include//dynamixel_sdk/group_bulk_read.h
[0.351s] -- Up-to-date symlink: /home/alexander/ros2_foxy/src/install/dynamixel_sdk/include//dynamixel_sdk/group_bulk_write.h
[0.351s] -- Up-to-date symlink: /home/alexander/ros2_foxy/src/install/dynamixel_sdk/include//dynamixel_sdk/group_sync_read.h
[0.351s] -- Up-to-date symlink: /home/alexander/ros2_foxy/src/install/dynamixel_sdk/include//dynamixel_sdk/group_sync_write.h
[0.351s] -- Up-to-date symlink: /home/alexander/ros2_foxy/src/install/dynamixel_sdk/include//dynamixel_sdk/packet_handler.h
[0.351s] -- Up-to-date symlink: /home/alexander/ros2_foxy/src/install/dynamixel_sdk/include//dynamixel_sdk/port_handler.h
[0.352s] -- Up-to-date symlink: /home/alexander/ros2_foxy/src/install/dynamixel_sdk/include//dynamixel_sdk/port_handler_arduino.h
[0.352s] -- Up-to-date symlink: /home/alexander/ros2_foxy/src/install/dynamixel_sdk/include//dynamixel_sdk/port_handler_linux.h
[0.352s] -- Up-to-date symlink: /home/alexander/ros2_foxy/src/install/dynamixel_sdk/include//dynamixel_sdk/port_handler_mac.h
[0.352s] -- Up-to-date symlink: /home/alexander/ros2_foxy/src/install/dynamixel_sdk/include//dynamixel_sdk/port_handler_windows.h
[0.352s] -- Up-to-date symlink: /home/alexander/ros2_foxy/src/install/dynamixel_sdk/include//dynamixel_sdk/protocol1_packet_handler.h
[0.352s] -- Up-to-date symlink: /home/alexander/ros2_foxy/src/install/dynamixel_sdk/include//dynamixel_sdk/protocol2_packet_handler.h
[0.352s] -- Up-to-date symlink: /home/alexander/ros2_foxy/src/install/dynamixel_sdk/lib/libdynamixel_sdk.so
[0.353s] -- Up-to-date symlink: /home/alexander/ros2_foxy/src/install/dynamixel_sdk/share/dynamixel_sdk/environment/library_path.sh
[0.353s] -- Up-to-date symlink: /home/alexander/ros2_foxy/src/install/dynamixel_sdk/share/dynamixel_sdk/environment/library_path.dsv
[0.353s] -- Up-to-date symlink: /home/alexander/ros2_foxy/src/install/dynamixel_sdk/share/ament_index/resource_index/package_run_dependencies/dynamixel_sdk
[0.353s] -- Up-to-date symlink: /home/alexander/ros2_foxy/src/install/dynamixel_sdk/share/ament_index/resource_index/parent_prefix_path/dynamixel_sdk
[0.353s] -- Up-to-date symlink: /home/alexander/ros2_foxy/src/install/dynamixel_sdk/share/dynamixel_sdk/environment/ament_prefix_path.sh
[0.353s] -- Up-to-date symlink: /home/alexander/ros2_foxy/src/install/dynamixel_sdk/share/dynamixel_sdk/environment/ament_prefix_path.dsv
[0.353s] -- Up-to-date symlink: /home/alexander/ros2_foxy/src/install/dynamixel_sdk/share/dynamixel_sdk/environment/path.sh
[0.354s] -- Up-to-date symlink: /home/alexander/ros2_foxy/src/install/dynamixel_sdk/share/dynamixel_sdk/environment/path.dsv
[0.354s] -- Up-to-date symlink: /home/alexander/ros2_foxy/src/install/dynamixel_sdk/share/dynamixel_sdk/local_setup.bash
[0.354s] -- Up-to-date symlink: /home/alexander/ros2_foxy/src/install/dynamixel_sdk/share/dynamixel_sdk/local_setup.sh
[0.354s] -- Up-to-date symlink: /home/alexander/ros2_foxy/src/install/dynamixel_sdk/share/dynamixel_sdk/local_setup.zsh
[0.354s] -- Up-to-date symlink: /home/alexander/ros2_foxy/src/install/dynamixel_sdk/share/dynamixel_sdk/local_setup.dsv
[0.354s] -- Symlinking: /home/alexander/ros2_foxy/src/install/dynamixel_sdk/share/dynamixel_sdk/package.dsv
[0.363s] -- Up-to-date symlink: /home/alexander/ros2_foxy/src/install/dynamixel_sdk/share/ament_index/resource_index/packages/dynamixel_sdk
[0.363s] -- Up-to-date symlink: /home/alexander/ros2_foxy/src/install/dynamixel_sdk/share/dynamixel_sdk/cmake/ament_cmake_export_include_directories-extras.cmake
[0.363s] -- Up-to-date symlink: /home/alexander/ros2_foxy/src/install/dynamixel_sdk/share/dynamixel_sdk/cmake/ament_cmake_export_libraries-extras.cmake
[0.363s] -- Up-to-date symlink: /home/alexander/ros2_foxy/src/install/dynamixel_sdk/share/dynamixel_sdk/cmake/dynamixel_sdkConfig.cmake
[0.363s] -- Up-to-date symlink: /home/alexander/ros2_foxy/src/install/dynamixel_sdk/share/dynamixel_sdk/cmake/dynamixel_sdkConfig-version.cmake
[0.364s] -- Up-to-date symlink: /home/alexander/ros2_foxy/src/install/dynamixel_sdk/share/dynamixel_sdk/package.xml
[0.365s] Invoked command in '/home/alexander/ros2_foxy/src/build/dynamixel_sdk' returned '0': CMAKE_PREFIX_PATH=${CMAKE_PREFIX_PATH}:/opt/ros/foxy /usr/bin/cmake --install /home/alexander/ros2_foxy/src/build/dynamixel_sdk
