[0.135s] Invoking command in '/home/mp4d/ros2_ws/build/project_ros2_pkg': CMAKE_PREFIX_PATH=/opt/ros/foxy /usr/bin/cmake /home/mp4d/ros2_ws/src/project_ros2_pkg -DCMAKE_INSTALL_PREFIX=/home/mp4d/ros2_ws/install/project_ros2_pkg
[2.562s] -- The C compiler identification is GNU 9.4.0
[3.633s] -- The CXX compiler identification is GNU 9.4.0
[3.786s] -- Check for working C compiler: /usr/bin/cc
[4.479s] -- Check for working C compiler: /usr/bin/cc -- works
[4.502s] -- Detecting C compiler ABI info
[5.330s] -- Detecting C compiler ABI info - done
[5.441s] -- Detecting C compile features
[5.449s] -- Detecting C compile features - done
[5.479s] -- Check for working CXX compiler: /usr/bin/c++
[6.575s] -- Check for working CXX compiler: /usr/bin/c++ -- works
[6.588s] -- Detecting CXX compiler ABI info
[7.403s] -- Detecting CXX compiler ABI info - done
[7.515s] -- Detecting CXX compile features
[7.522s] -- Detecting CXX compile features - done
[7.553s] -- Found ament_cmake: 0.9.12 (/opt/ros/foxy/share/ament_cmake/cmake)
[7.815s] -- Found PythonInterp: /usr/bin/python3 (found suitable version "3.8.10", minimum required is "3") 
[7.819s] -- Using PYTHON_EXECUTABLE: /usr/bin/python3
[11.137s] -- Found rclcpp: 2.4.3 (/opt/ros/foxy/share/rclcpp/cmake)
[11.759s] -- Using all available rosidl_typesupport_c: rosidl_typesupport_fastrtps_c;rosidl_typesupport_introspection_c
[11.988s] -- Found rosidl_adapter: 1.3.1 (/opt/ros/foxy/share/rosidl_adapter/cmake)
[13.379s] -- Found OpenSSL: /usr/lib/aarch64-linux-gnu/libcrypto.so (found version "1.1.1f")  
[13.643s] -- Found FastRTPS: /opt/ros/foxy/include  
[15.341s] -- Using all available rosidl_typesupport_cpp: rosidl_typesupport_fastrtps_cpp;rosidl_typesupport_introspection_cpp
[17.837s] -- Found rmw_implementation_cmake: 1.0.4 (/opt/ros/foxy/share/rmw_implementation_cmake/cmake)
[17.900s] -- Using RMW implementation 'rmw_fastrtps_cpp' as default
[17.946s] -- Looking for pthread.h
[19.209s] -- Looking for pthread.h - found
[19.227s] -- Performing Test CMAKE_HAVE_LIBC_PTHREAD
[22.385s] -- Performing Test CMAKE_HAVE_LIBC_PTHREAD - Failed
[22.387s] -- Looking for pthread_create in pthreads
[23.449s] -- Looking for pthread_create in pthreads - not found
[23.451s] -- Looking for pthread_create in pthread
[24.564s] -- Looking for pthread_create in pthread - found
[24.600s] -- Found Threads: TRUE  
[27.935s] -- Found sensor_msgs: 2.0.5 (/opt/ros/foxy/share/sensor_msgs/cmake)
[29.694s] -- Found cv_bridge: 3.0.7 (/opt/ros/foxy/share/cv_bridge/cmake)
[30.275s] -- Found OpenCV: /usr (found version "4.2.0") 
[32.014s] -- Configuring done
[32.516s] -- Generating done
[32.530s] -- Build files have been written to: /home/mp4d/ros2_ws/build/project_ros2_pkg
[32.667s] Invoked command in '/home/mp4d/ros2_ws/build/project_ros2_pkg' returned '0': CMAKE_PREFIX_PATH=/opt/ros/foxy /usr/bin/cmake /home/mp4d/ros2_ws/src/project_ros2_pkg -DCMAKE_INSTALL_PREFIX=/home/mp4d/ros2_ws/install/project_ros2_pkg
[32.700s] Invoking command in '/home/mp4d/ros2_ws/build/project_ros2_pkg': CMAKE_PREFIX_PATH=/opt/ros/foxy /usr/bin/cmake --build /home/mp4d/ros2_ws/build/project_ros2_pkg -- -j4 -l4
[33.193s] [35m[1mScanning dependencies of target image_subscriber[0m
[37.023s] [ 50%] [32mBuilding CXX object CMakeFiles/image_subscriber.dir/src/image_subscriber.cpp.o[0m
[111.059s] [100%] [32m[1mLinking CXX executable image_subscriber[0m
[120.021s] [100%] Built target image_subscriber
[120.104s] Invoked command in '/home/mp4d/ros2_ws/build/project_ros2_pkg' returned '0': CMAKE_PREFIX_PATH=/opt/ros/foxy /usr/bin/cmake --build /home/mp4d/ros2_ws/build/project_ros2_pkg -- -j4 -l4
[120.262s] Invoking command in '/home/mp4d/ros2_ws/build/project_ros2_pkg': CMAKE_PREFIX_PATH=/opt/ros/foxy /usr/bin/cmake --install /home/mp4d/ros2_ws/build/project_ros2_pkg
[120.339s] -- Install configuration: ""
[120.341s] -- Installing: /home/mp4d/ros2_ws/install/project_ros2_pkg/lib/project_ros2_pkg/image_subscriber
[120.359s] -- Installing: /home/mp4d/ros2_ws/install/project_ros2_pkg/share/ament_index/resource_index/package_run_dependencies/project_ros2_pkg
[120.362s] -- Installing: /home/mp4d/ros2_ws/install/project_ros2_pkg/share/ament_index/resource_index/parent_prefix_path/project_ros2_pkg
[120.365s] -- Installing: /home/mp4d/ros2_ws/install/project_ros2_pkg/share/project_ros2_pkg/environment/ament_prefix_path.sh
[120.369s] -- Installing: /home/mp4d/ros2_ws/install/project_ros2_pkg/share/project_ros2_pkg/environment/ament_prefix_path.dsv
[120.371s] -- Installing: /home/mp4d/ros2_ws/install/project_ros2_pkg/share/project_ros2_pkg/environment/path.sh
[120.373s] -- Installing: /home/mp4d/ros2_ws/install/project_ros2_pkg/share/project_ros2_pkg/environment/path.dsv
[120.375s] -- Installing: /home/mp4d/ros2_ws/install/project_ros2_pkg/share/project_ros2_pkg/local_setup.bash
[120.377s] -- Installing: /home/mp4d/ros2_ws/install/project_ros2_pkg/share/project_ros2_pkg/local_setup.sh
[120.379s] -- Installing: /home/mp4d/ros2_ws/install/project_ros2_pkg/share/project_ros2_pkg/local_setup.zsh
[120.381s] -- Installing: /home/mp4d/ros2_ws/install/project_ros2_pkg/share/project_ros2_pkg/local_setup.dsv
[120.383s] -- Installing: /home/mp4d/ros2_ws/install/project_ros2_pkg/share/project_ros2_pkg/package.dsv
[120.388s] -- Installing: /home/mp4d/ros2_ws/install/project_ros2_pkg/share/ament_index/resource_index/packages/project_ros2_pkg
[120.389s] -- Installing: /home/mp4d/ros2_ws/install/project_ros2_pkg/share/project_ros2_pkg/cmake/project_ros2_pkgConfig.cmake
[120.390s] -- Installing: /home/mp4d/ros2_ws/install/project_ros2_pkg/share/project_ros2_pkg/cmake/project_ros2_pkgConfig-version.cmake
[120.396s] -- Installing: /home/mp4d/ros2_ws/install/project_ros2_pkg/share/project_ros2_pkg/package.xml
[120.426s] Invoked command in '/home/mp4d/ros2_ws/build/project_ros2_pkg' returned '0': CMAKE_PREFIX_PATH=/opt/ros/foxy /usr/bin/cmake --install /home/mp4d/ros2_ws/build/project_ros2_pkg
